[1.777s] Invoking command in '/home/udito/OneDrive/UDITO/udito/ROS/ros2_ws/src/examples/rclpy/executors': PYTHONPATH=/home/udito/OneDrive/UDITO/udito/ROS/ros2_ws/build/examples_rclpy_executors/prefix_override:/usr/lib/python3/dist-packages/colcon_core/task/python/colcon_distutils_commands:/home/udito/OneDrive/UDITO/udito/ROS/ros2_ws/install/examples_rclpy_executors/lib/python3.10/site-packages:${PYTHONPATH} /usr/bin/python3 -W ignore:setup.py install is deprecated -W ignore:easy_install command is deprecated setup.py egg_info --egg-base ../../../../build/examples_rclpy_executors build --build-base /home/udito/OneDrive/UDITO/udito/ROS/ros2_ws/build/examples_rclpy_executors/build install --record /home/udito/OneDrive/UDITO/udito/ROS/ros2_ws/build/examples_rclpy_executors/install.log --single-version-externally-managed install_data
[2.231s] running egg_info
[2.234s] writing ../../../../build/examples_rclpy_executors/examples_rclpy_executors.egg-info/PKG-INFO
[2.234s] writing dependency_links to ../../../../build/examples_rclpy_executors/examples_rclpy_executors.egg-info/dependency_links.txt
[2.234s] writing entry points to ../../../../build/examples_rclpy_executors/examples_rclpy_executors.egg-info/entry_points.txt
[2.234s] writing requirements to ../../../../build/examples_rclpy_executors/examples_rclpy_executors.egg-info/requires.txt
[2.234s] writing top-level names to ../../../../build/examples_rclpy_executors/examples_rclpy_executors.egg-info/top_level.txt
[2.236s] reading manifest file '../../../../build/examples_rclpy_executors/examples_rclpy_executors.egg-info/SOURCES.txt'
[2.239s] writing manifest file '../../../../build/examples_rclpy_executors/examples_rclpy_executors.egg-info/SOURCES.txt'
[2.239s] running build
[2.240s] running build_py
[2.240s] running install
[2.240s] running install_lib
[2.245s] running install_data
[2.246s] running install_egg_info
[2.246s] removing '/home/udito/OneDrive/UDITO/udito/ROS/ros2_ws/install/examples_rclpy_executors/lib/python3.10/site-packages/examples_rclpy_executors-0.15.3-py3.10.egg-info' (and everything under it)
[2.246s] Copying ../../../../build/examples_rclpy_executors/examples_rclpy_executors.egg-info to /home/udito/OneDrive/UDITO/udito/ROS/ros2_ws/install/examples_rclpy_executors/lib/python3.10/site-packages/examples_rclpy_executors-0.15.3-py3.10.egg-info
[2.247s] running install_scripts
[2.276s] Installing callback_group script to /home/udito/OneDrive/UDITO/udito/ROS/ros2_ws/install/examples_rclpy_executors/lib/examples_rclpy_executors
[2.277s] Installing composed script to /home/udito/OneDrive/UDITO/udito/ROS/ros2_ws/install/examples_rclpy_executors/lib/examples_rclpy_executors
[2.277s] Installing custom_callback_group script to /home/udito/OneDrive/UDITO/udito/ROS/ros2_ws/install/examples_rclpy_executors/lib/examples_rclpy_executors
[2.277s] Installing custom_executor script to /home/udito/OneDrive/UDITO/udito/ROS/ros2_ws/install/examples_rclpy_executors/lib/examples_rclpy_executors
[2.278s] Installing listener script to /home/udito/OneDrive/UDITO/udito/ROS/ros2_ws/install/examples_rclpy_executors/lib/examples_rclpy_executors
[2.278s] Installing talker script to /home/udito/OneDrive/UDITO/udito/ROS/ros2_ws/install/examples_rclpy_executors/lib/examples_rclpy_executors
[2.279s] writing list of installed files to '/home/udito/OneDrive/UDITO/udito/ROS/ros2_ws/build/examples_rclpy_executors/install.log'
[2.438s] Invoked command in '/home/udito/OneDrive/UDITO/udito/ROS/ros2_ws/src/examples/rclpy/executors' returned '0': PYTHONPATH=/home/udito/OneDrive/UDITO/udito/ROS/ros2_ws/build/examples_rclpy_executors/prefix_override:/usr/lib/python3/dist-packages/colcon_core/task/python/colcon_distutils_commands:/home/udito/OneDrive/UDITO/udito/ROS/ros2_ws/install/examples_rclpy_executors/lib/python3.10/site-packages:${PYTHONPATH} /usr/bin/python3 -W ignore:setup.py install is deprecated -W ignore:easy_install command is deprecated setup.py egg_info --egg-base ../../../../build/examples_rclpy_executors build --build-base /home/udito/OneDrive/UDITO/udito/ROS/ros2_ws/build/examples_rclpy_executors/build install --record /home/udito/OneDrive/UDITO/udito/ROS/ros2_ws/build/examples_rclpy_executors/install.log --single-version-externally-managed install_data
