[0.088s] DEBUG:colcon:Command line arguments: ['/usr/bin/colcon', 'build', '--cmake-clean-cache']
[0.088s] DEBUG:colcon:Parsed command line arguments: Namespace(log_base=None, log_level=None, verb_name='build', build_base='build', install_base='install', merge_install=False, symlink_install=False, test_result_base=None, continue_on_error=False, executor='parallel', parallel_workers=3, event_handlers=None, ignore_user_meta=False, metas=['./colcon.meta'], base_paths=['.'], packages_ignore=None, packages_ignore_regex=None, paths=None, packages_up_to=None, packages_up_to_regex=None, packages_above=None, packages_above_and_dependencies=None, packages_above_depth=None, packages_select_by_dep=None, packages_skip_by_dep=None, packages_skip_up_to=None, packages_select_build_failed=False, packages_skip_build_finished=False, packages_select_test_failures=False, packages_skip_test_passed=False, packages_select=None, packages_skip=None, packages_select_regex=None, packages_skip_regex=None, packages_start=None, packages_end=None, allow_overriding=[], cmake_args=None, cmake_target=None, cmake_target_skip_unavailable=False, cmake_clean_cache=True, cmake_clean_first=False, cmake_force_configure=False, ament_cmake_args=None, catkin_cmake_args=None, catkin_skip_building_tests=False, mixin_files=None, mixin=None, verb_parser=<colcon_mixin.mixin.mixin_argument.MixinArgumentDecorator object at 0x755c47c693f0>, verb_extension=<colcon_core.verb.build.BuildVerb object at 0x755c47d722f0>, main=<bound method BuildVerb.main of <colcon_core.verb.build.BuildVerb object at 0x755c47d722f0>>, mixin_verb=('build',))
[0.210s] Level 1:colcon.colcon_core.package_discovery:discover_packages(colcon_meta) check parameters
[0.210s] Level 1:colcon.colcon_core.package_discovery:discover_packages(recursive) check parameters
[0.210s] Level 1:colcon.colcon_core.package_discovery:discover_packages(ignore) check parameters
[0.210s] Level 1:colcon.colcon_core.package_discovery:discover_packages(path) check parameters
[0.211s] Level 1:colcon.colcon_core.package_discovery:discover_packages(colcon_meta) discover
[0.211s] Level 1:colcon.colcon_core.package_discovery:discover_packages(recursive) discover
[0.211s] INFO:colcon.colcon_core.package_discovery:Crawling recursively for packages in '/home/vboxuser/OneDrive/UDITO/udito/ros2_ws'
[0.211s] Level 1:colcon.colcon_core.package_identification:_identify(.) by extensions ['ignore', 'ignore_ament_install']
[0.211s] Level 1:colcon.colcon_core.package_identification:_identify(.) by extension 'ignore'
[0.211s] Level 1:colcon.colcon_core.package_identification:_identify(.) by extension 'ignore_ament_install'
[0.211s] Level 1:colcon.colcon_core.package_identification:_identify(.) by extensions ['colcon_pkg']
[0.211s] Level 1:colcon.colcon_core.package_identification:_identify(.) by extension 'colcon_pkg'
[0.211s] Level 1:colcon.colcon_core.package_identification:_identify(.) by extensions ['colcon_meta']
[0.211s] Level 1:colcon.colcon_core.package_identification:_identify(.) by extension 'colcon_meta'
[0.211s] Level 1:colcon.colcon_core.package_identification:_identify(.) by extensions ['ros']
[0.211s] Level 1:colcon.colcon_core.package_identification:_identify(.) by extension 'ros'
[0.220s] Level 1:colcon.colcon_core.package_identification:_identify(.) by extensions ['cmake', 'python']
[0.220s] Level 1:colcon.colcon_core.package_identification:_identify(.) by extension 'cmake'
[0.221s] Level 1:colcon.colcon_core.package_identification:_identify(.) by extension 'python'
[0.221s] Level 1:colcon.colcon_core.package_identification:_identify(.) by extensions ['python_setup_py']
[0.221s] Level 1:colcon.colcon_core.package_identification:_identify(.) by extension 'python_setup_py'
[0.221s] Level 1:colcon.colcon_core.package_identification:_identify(build) by extensions ['ignore', 'ignore_ament_install']
[0.221s] Level 1:colcon.colcon_core.package_identification:_identify(build) by extension 'ignore'
[0.221s] Level 1:colcon.colcon_core.package_identification:_identify(build) ignored
[0.221s] Level 1:colcon.colcon_core.package_identification:_identify(install) by extensions ['ignore', 'ignore_ament_install']
[0.221s] Level 1:colcon.colcon_core.package_identification:_identify(install) by extension 'ignore'
[0.221s] Level 1:colcon.colcon_core.package_identification:_identify(install) ignored
[0.221s] Level 1:colcon.colcon_core.package_identification:_identify(log) by extensions ['ignore', 'ignore_ament_install']
[0.222s] Level 1:colcon.colcon_core.package_identification:_identify(log) by extension 'ignore'
[0.222s] Level 1:colcon.colcon_core.package_identification:_identify(log) ignored
[0.222s] Level 1:colcon.colcon_core.package_identification:_identify(src) by extensions ['ignore', 'ignore_ament_install']
[0.222s] Level 1:colcon.colcon_core.package_identification:_identify(src) by extension 'ignore'
[0.222s] Level 1:colcon.colcon_core.package_identification:_identify(src) by extension 'ignore_ament_install'
[0.222s] Level 1:colcon.colcon_core.package_identification:_identify(src) by extensions ['colcon_pkg']
[0.222s] Level 1:colcon.colcon_core.package_identification:_identify(src) by extension 'colcon_pkg'
[0.222s] Level 1:colcon.colcon_core.package_identification:_identify(src) by extensions ['colcon_meta']
[0.222s] Level 1:colcon.colcon_core.package_identification:_identify(src) by extension 'colcon_meta'
[0.222s] Level 1:colcon.colcon_core.package_identification:_identify(src) by extensions ['ros']
[0.222s] Level 1:colcon.colcon_core.package_identification:_identify(src) by extension 'ros'
[0.222s] Level 1:colcon.colcon_core.package_identification:_identify(src) by extensions ['cmake', 'python']
[0.222s] Level 1:colcon.colcon_core.package_identification:_identify(src) by extension 'cmake'
[0.222s] Level 1:colcon.colcon_core.package_identification:_identify(src) by extension 'python'
[0.222s] Level 1:colcon.colcon_core.package_identification:_identify(src) by extensions ['python_setup_py']
[0.222s] Level 1:colcon.colcon_core.package_identification:_identify(src) by extension 'python_setup_py'
[0.223s] Level 1:colcon.colcon_core.package_identification:_identify(src/head_package) by extensions ['ignore', 'ignore_ament_install']
[0.223s] Level 1:colcon.colcon_core.package_identification:_identify(src/head_package) by extension 'ignore'
[0.223s] Level 1:colcon.colcon_core.package_identification:_identify(src/head_package) by extension 'ignore_ament_install'
[0.223s] Level 1:colcon.colcon_core.package_identification:_identify(src/head_package) by extensions ['colcon_pkg']
[0.223s] Level 1:colcon.colcon_core.package_identification:_identify(src/head_package) by extension 'colcon_pkg'
[0.223s] Level 1:colcon.colcon_core.package_identification:_identify(src/head_package) by extensions ['colcon_meta']
[0.223s] Level 1:colcon.colcon_core.package_identification:_identify(src/head_package) by extension 'colcon_meta'
[0.223s] Level 1:colcon.colcon_core.package_identification:_identify(src/head_package) by extensions ['ros']
[0.223s] Level 1:colcon.colcon_core.package_identification:_identify(src/head_package) by extension 'ros'
[0.225s] DEBUG:colcon.colcon_core.package_identification:Package 'src/head_package' with type 'ros.ament_python' and name 'head_package'
[0.225s] Level 1:colcon.colcon_core.package_identification:_identify(src/ldrobot-lidar-ros2) by extensions ['ignore', 'ignore_ament_install']
[0.225s] Level 1:colcon.colcon_core.package_identification:_identify(src/ldrobot-lidar-ros2) by extension 'ignore'
[0.226s] Level 1:colcon.colcon_core.package_identification:_identify(src/ldrobot-lidar-ros2) ignored
[0.226s] Level 1:colcon.colcon_core.package_identification:_identify(src/respeaker_ros) by extensions ['ignore', 'ignore_ament_install']
[0.226s] Level 1:colcon.colcon_core.package_identification:_identify(src/respeaker_ros) by extension 'ignore'
[0.226s] Level 1:colcon.colcon_core.package_identification:_identify(src/respeaker_ros) ignored
[0.226s] Level 1:colcon.colcon_core.package_identification:_identify(src/tutorial_interfaces) by extensions ['ignore', 'ignore_ament_install']
[0.226s] Level 1:colcon.colcon_core.package_identification:_identify(src/tutorial_interfaces) by extension 'ignore'
[0.226s] Level 1:colcon.colcon_core.package_identification:_identify(src/tutorial_interfaces) by extension 'ignore_ament_install'
[0.226s] Level 1:colcon.colcon_core.package_identification:_identify(src/tutorial_interfaces) by extensions ['colcon_pkg']
[0.226s] Level 1:colcon.colcon_core.package_identification:_identify(src/tutorial_interfaces) by extension 'colcon_pkg'
[0.226s] Level 1:colcon.colcon_core.package_identification:_identify(src/tutorial_interfaces) by extensions ['colcon_meta']
[0.226s] Level 1:colcon.colcon_core.package_identification:_identify(src/tutorial_interfaces) by extension 'colcon_meta'
[0.226s] Level 1:colcon.colcon_core.package_identification:_identify(src/tutorial_interfaces) by extensions ['ros']
[0.226s] Level 1:colcon.colcon_core.package_identification:_identify(src/tutorial_interfaces) by extension 'ros'
[0.227s] DEBUG:colcon.colcon_core.package_identification:Package 'src/tutorial_interfaces' with type 'ros.ament_cmake' and name 'tutorial_interfaces'
[0.227s] Level 1:colcon.colcon_core.package_discovery:discover_packages(recursive) using defaults
[0.227s] Level 1:colcon.colcon_core.package_discovery:discover_packages(ignore) discover
[0.227s] Level 1:colcon.colcon_core.package_discovery:discover_packages(ignore) using defaults
[0.227s] Level 1:colcon.colcon_core.package_discovery:discover_packages(path) discover
[0.227s] Level 1:colcon.colcon_core.package_discovery:discover_packages(path) using defaults
[0.258s] Level 1:colcon.colcon_core.package_discovery:discover_packages(prefix_path) check parameters
[0.258s] Level 1:colcon.colcon_core.package_discovery:discover_packages(prefix_path) discover
[0.259s] WARNING:colcon.colcon_ros.prefix_path.ament:The path '/home/vboxuser/OneDrive/UDITO/udito/ros2_ws/install/head_package' in the environment variable AMENT_PREFIX_PATH doesn't exist
[0.260s] DEBUG:colcon.colcon_installed_package_information.package_discovery:Found 1 installed packages in /home/vboxuser/OneDrive/UDITO/udito/ros2_ws/install
[0.261s] DEBUG:colcon.colcon_installed_package_information.package_discovery:Found 271 installed packages in /opt/ros/humble
[0.262s] Level 1:colcon.colcon_core.package_discovery:discover_packages(prefix_path) using defaults
[0.294s] Level 5:colcon.colcon_core.verb:set package 'tutorial_interfaces' build argument 'cmake_args' from command line to 'None'
[0.294s] Level 5:colcon.colcon_core.verb:set package 'tutorial_interfaces' build argument 'cmake_target' from command line to 'None'
[0.295s] Level 5:colcon.colcon_core.verb:set package 'tutorial_interfaces' build argument 'cmake_target_skip_unavailable' from command line to 'False'
[0.295s] Level 5:colcon.colcon_core.verb:set package 'tutorial_interfaces' build argument 'cmake_clean_cache' from command line to 'True'
[0.295s] Level 5:colcon.colcon_core.verb:set package 'tutorial_interfaces' build argument 'cmake_clean_first' from command line to 'False'
[0.295s] Level 5:colcon.colcon_core.verb:set package 'tutorial_interfaces' build argument 'cmake_force_configure' from command line to 'False'
[0.295s] Level 5:colcon.colcon_core.verb:set package 'tutorial_interfaces' build argument 'ament_cmake_args' from command line to 'None'
[0.295s] Level 5:colcon.colcon_core.verb:set package 'tutorial_interfaces' build argument 'catkin_cmake_args' from command line to 'None'
[0.295s] Level 5:colcon.colcon_core.verb:set package 'tutorial_interfaces' build argument 'catkin_skip_building_tests' from command line to 'False'
[0.295s] DEBUG:colcon.colcon_core.verb:Building package 'tutorial_interfaces' with the following arguments: {'ament_cmake_args': None, 'build_base': '/home/vboxuser/OneDrive/UDITO/udito/ros2_ws/build/tutorial_interfaces', 'catkin_cmake_args': None, 'catkin_skip_building_tests': False, 'cmake_args': None, 'cmake_clean_cache': True, 'cmake_clean_first': False, 'cmake_force_configure': False, 'cmake_target': None, 'cmake_target_skip_unavailable': False, 'install_base': '/home/vboxuser/OneDrive/UDITO/udito/ros2_ws/install/tutorial_interfaces', 'merge_install': False, 'path': '/home/vboxuser/OneDrive/UDITO/udito/ros2_ws/src/tutorial_interfaces', 'symlink_install': False, 'test_result_base': None}
[0.295s] Level 5:colcon.colcon_core.verb:set package 'head_package' build argument 'cmake_args' from command line to 'None'
[0.295s] Level 5:colcon.colcon_core.verb:set package 'head_package' build argument 'cmake_target' from command line to 'None'
[0.295s] Level 5:colcon.colcon_core.verb:set package 'head_package' build argument 'cmake_target_skip_unavailable' from command line to 'False'
[0.295s] Level 5:colcon.colcon_core.verb:set package 'head_package' build argument 'cmake_clean_cache' from command line to 'True'
[0.295s] Level 5:colcon.colcon_core.verb:set package 'head_package' build argument 'cmake_clean_first' from command line to 'False'
[0.295s] Level 5:colcon.colcon_core.verb:set package 'head_package' build argument 'cmake_force_configure' from command line to 'False'
[0.295s] Level 5:colcon.colcon_core.verb:set package 'head_package' build argument 'ament_cmake_args' from command line to 'None'
[0.295s] Level 5:colcon.colcon_core.verb:set package 'head_package' build argument 'catkin_cmake_args' from command line to 'None'
[0.295s] Level 5:colcon.colcon_core.verb:set package 'head_package' build argument 'catkin_skip_building_tests' from command line to 'False'
[0.295s] DEBUG:colcon.colcon_core.verb:Building package 'head_package' with the following arguments: {'ament_cmake_args': None, 'build_base': '/home/vboxuser/OneDrive/UDITO/udito/ros2_ws/build/head_package', 'catkin_cmake_args': None, 'catkin_skip_building_tests': False, 'cmake_args': None, 'cmake_clean_cache': True, 'cmake_clean_first': False, 'cmake_force_configure': False, 'cmake_target': None, 'cmake_target_skip_unavailable': False, 'install_base': '/home/vboxuser/OneDrive/UDITO/udito/ros2_ws/install/head_package', 'merge_install': False, 'path': '/home/vboxuser/OneDrive/UDITO/udito/ros2_ws/src/head_package', 'symlink_install': False, 'test_result_base': None}
[0.295s] INFO:colcon.colcon_core.executor:Executing jobs using 'parallel' executor
[0.297s] DEBUG:colcon.colcon_parallel_executor.executor.parallel:run_until_complete
[0.297s] INFO:colcon.colcon_ros.task.ament_cmake.build:Building ROS package in '/home/vboxuser/OneDrive/UDITO/udito/ros2_ws/src/tutorial_interfaces' with build type 'ament_cmake'
[0.297s] INFO:colcon.colcon_cmake.task.cmake.build:Building CMake package in '/home/vboxuser/OneDrive/UDITO/udito/ros2_ws/src/tutorial_interfaces'
[0.300s] INFO:colcon.colcon_core.plugin_system:Skipping extension 'colcon_core.shell.bat': Not used on non-Windows systems
[0.300s] INFO:colcon.colcon_core.shell:Skip shell extension 'powershell' for command environment: Not usable outside of PowerShell
[0.300s] DEBUG:colcon.colcon_core.shell:Skip shell extension 'dsv' for command environment
[0.311s] DEBUG:colcon.colcon_core.event_handler.log_command:Invoking command in '/home/vboxuser/OneDrive/UDITO/udito/ros2_ws/build/tutorial_interfaces': CMAKE_PREFIX_PATH=${CMAKE_PREFIX_PATH}:/home/vboxuser/OneDrive/UDITO/udito/ros2_ws/install/head_package:/opt/ros/humble /usr/bin/cmake /home/vboxuser/OneDrive/UDITO/udito/ros2_ws/src/tutorial_interfaces -DCMAKE_INSTALL_PREFIX=/home/vboxuser/OneDrive/UDITO/udito/ros2_ws/install/tutorial_interfaces
[1.229s] DEBUG:colcon.colcon_core.event_handler.log_command:Invoked command in '/home/vboxuser/OneDrive/UDITO/udito/ros2_ws/build/tutorial_interfaces' returned '1': CMAKE_PREFIX_PATH=${CMAKE_PREFIX_PATH}:/home/vboxuser/OneDrive/UDITO/udito/ros2_ws/install/head_package:/opt/ros/humble /usr/bin/cmake /home/vboxuser/OneDrive/UDITO/udito/ros2_ws/src/tutorial_interfaces -DCMAKE_INSTALL_PREFIX=/home/vboxuser/OneDrive/UDITO/udito/ros2_ws/install/tutorial_interfaces
[1.248s] Level 1:colcon.colcon_core.environment:create_environment_scripts_only(tutorial_interfaces)
[1.251s] Level 1:colcon.colcon_core.environment:checking '/home/vboxuser/OneDrive/UDITO/udito/ros2_ws/install/tutorial_interfaces' for CMake module files
[1.253s] Level 1:colcon.colcon_core.environment:checking '/home/vboxuser/OneDrive/UDITO/udito/ros2_ws/install/tutorial_interfaces' for CMake config files
[1.254s] Level 1:colcon.colcon_core.environment:checking '/home/vboxuser/OneDrive/UDITO/udito/ros2_ws/install/tutorial_interfaces/bin'
[1.254s] Level 1:colcon.colcon_core.environment:checking '/home/vboxuser/OneDrive/UDITO/udito/ros2_ws/install/tutorial_interfaces/lib/pkgconfig/tutorial_interfaces.pc'
[1.254s] Level 1:colcon.colcon_core.environment:checking '/home/vboxuser/OneDrive/UDITO/udito/ros2_ws/install/tutorial_interfaces/lib/python3.10/site-packages'
[1.254s] Level 1:colcon.colcon_core.environment:checking '/home/vboxuser/OneDrive/UDITO/udito/ros2_ws/install/tutorial_interfaces/bin'
[1.254s] INFO:colcon.colcon_core.shell:Creating package script '/home/vboxuser/OneDrive/UDITO/udito/ros2_ws/install/tutorial_interfaces/share/tutorial_interfaces/package.ps1'
[1.255s] INFO:colcon.colcon_core.shell:Creating package descriptor '/home/vboxuser/OneDrive/UDITO/udito/ros2_ws/install/tutorial_interfaces/share/tutorial_interfaces/package.dsv'
[1.256s] INFO:colcon.colcon_core.shell:Creating package script '/home/vboxuser/OneDrive/UDITO/udito/ros2_ws/install/tutorial_interfaces/share/tutorial_interfaces/package.sh'
[1.256s] INFO:colcon.colcon_core.shell:Creating package script '/home/vboxuser/OneDrive/UDITO/udito/ros2_ws/install/tutorial_interfaces/share/tutorial_interfaces/package.bash'
[1.257s] INFO:colcon.colcon_core.shell:Creating package script '/home/vboxuser/OneDrive/UDITO/udito/ros2_ws/install/tutorial_interfaces/share/tutorial_interfaces/package.zsh'
[1.259s] Level 1:colcon.colcon_core.environment:create_file_with_runtime_dependencies(/home/vboxuser/OneDrive/UDITO/udito/ros2_ws/install/tutorial_interfaces/share/colcon-core/packages/tutorial_interfaces)
[1.270s] DEBUG:colcon.colcon_parallel_executor.executor.parallel:closing loop
[1.271s] DEBUG:colcon.colcon_parallel_executor.executor.parallel:loop closed
[1.271s] DEBUG:colcon.colcon_parallel_executor.executor.parallel:run_until_complete finished with '1'
[1.271s] DEBUG:colcon.colcon_core.event_reactor:joining thread
[1.286s] INFO:colcon.colcon_core.plugin_system:Skipping extension 'colcon_notification.desktop_notification.terminal_notifier': Not used on non-Darwin systems
[1.287s] INFO:colcon.colcon_core.plugin_system:Skipping extension 'colcon_notification.desktop_notification.win32': Not used on non-Windows systems
[1.287s] INFO:colcon.colcon_notification.desktop_notification:Sending desktop notification using 'notify2'
[1.586s] DEBUG:colcon.colcon_core.event_reactor:joined thread
[1.586s] INFO:colcon.colcon_core.shell:Creating prefix script '/home/vboxuser/OneDrive/UDITO/udito/ros2_ws/install/local_setup.ps1'
[1.588s] INFO:colcon.colcon_core.shell:Creating prefix util module '/home/vboxuser/OneDrive/UDITO/udito/ros2_ws/install/_local_setup_util_ps1.py'
[1.590s] INFO:colcon.colcon_core.shell:Creating prefix chain script '/home/vboxuser/OneDrive/UDITO/udito/ros2_ws/install/setup.ps1'
[1.593s] INFO:colcon.colcon_core.shell:Creating prefix script '/home/vboxuser/OneDrive/UDITO/udito/ros2_ws/install/local_setup.sh'
[1.594s] INFO:colcon.colcon_core.shell:Creating prefix util module '/home/vboxuser/OneDrive/UDITO/udito/ros2_ws/install/_local_setup_util_sh.py'
[1.594s] INFO:colcon.colcon_core.shell:Creating prefix chain script '/home/vboxuser/OneDrive/UDITO/udito/ros2_ws/install/setup.sh'
[1.598s] INFO:colcon.colcon_core.shell:Creating prefix script '/home/vboxuser/OneDrive/UDITO/udito/ros2_ws/install/local_setup.bash'
[1.599s] INFO:colcon.colcon_core.shell:Creating prefix chain script '/home/vboxuser/OneDrive/UDITO/udito/ros2_ws/install/setup.bash'
[1.600s] INFO:colcon.colcon_core.shell:Creating prefix script '/home/vboxuser/OneDrive/UDITO/udito/ros2_ws/install/local_setup.zsh'
[1.602s] INFO:colcon.colcon_core.shell:Creating prefix chain script '/home/vboxuser/OneDrive/UDITO/udito/ros2_ws/install/setup.zsh'
