[0.014s] Invoking command in '/home/vboxuser/OneDrive/UDITO/udito/ros2_ws/build/tutorial_interfaces': CMAKE_PREFIX_PATH=${CMAKE_PREFIX_PATH}:/home/vboxuser/OneDrive/UDITO/udito/ros2_ws/install/head_package:/opt/ros/humble /usr/bin/cmake /home/vboxuser/OneDrive/UDITO/udito/ros2_ws/src/tutorial_interfaces -DCMAKE_INSTALL_PREFIX=/home/vboxuser/OneDrive/UDITO/udito/ros2_ws/install/tutorial_interfaces
[0.085s] -- The C compiler identification is GNU 11.4.0
[0.151s] -- The CXX compiler identification is GNU 11.4.0
[0.159s] -- Detecting C compiler ABI info
[0.253s] -- Detecting C compiler ABI info - done
[0.263s] -- Check for working C compiler: /usr/bin/cc - skipped
[0.263s] -- Detecting C compile features
[0.263s] -- Detecting C compile features - done
[0.265s] -- Detecting CXX compiler ABI info
[0.363s] -- Detecting CXX compiler ABI info - done
[0.369s] -- Check for working CXX compiler: /usr/bin/c++ - skipped
[0.370s] -- Detecting CXX compile features
[0.370s] -- Detecting CXX compile features - done
[0.372s] -- Found ament_cmake: 1.3.11 (/opt/ros/humble/share/ament_cmake/cmake)
[0.535s] -- Found Python3: /usr/local/bin/python3 (found version "3.9.21") found components: Interpreter 
[0.637s] -- Found geometry_msgs: 4.2.4 (/opt/ros/humble/share/geometry_msgs/cmake)
[0.671s] -- Found rosidl_generator_c: 3.1.6 (/opt/ros/humble/share/rosidl_generator_c/cmake)
[0.674s] -- Found rosidl_adapter: 3.1.6 (/opt/ros/humble/share/rosidl_adapter/cmake)
[0.680s] -- Found rosidl_generator_cpp: 3.1.6 (/opt/ros/humble/share/rosidl_generator_cpp/cmake)
[0.689s] -- Using all available rosidl_typesupport_c: rosidl_typesupport_fastrtps_c;rosidl_typesupport_introspection_c
[0.703s] -- Using all available rosidl_typesupport_cpp: rosidl_typesupport_fastrtps_cpp;rosidl_typesupport_introspection_cpp
[0.740s] -- Found rosidl_default_generators: 1.2.0 (/opt/ros/humble/share/rosidl_default_generators/cmake)
[1.059s] -- Found ament_cmake_ros: 0.10.0 (/opt/ros/humble/share/ament_cmake_ros/cmake)
[1.410s] -- Using all available rosidl_typesupport_c: rosidl_typesupport_fastrtps_c;rosidl_typesupport_introspection_c
[1.554s] -- Using all available rosidl_typesupport_cpp: rosidl_typesupport_fastrtps_cpp;rosidl_typesupport_introspection_cpp
[1.574s] -- Found PythonInterp: /usr/local/bin/python3 (found suitable version "3.9.21", minimum required is "3.6") 
[1.577s] -- Found python_cmake_module: 0.10.0 (/opt/ros/humble/share/python_cmake_module/cmake)
[1.595s] -- Found PythonLibs: /usr/local/lib/libpython3.9.so (found suitable version "3.9.21", minimum required is "3.5") 
[1.595s] -- Using PYTHON_EXECUTABLE: /usr/local/bin/python3
[1.595s] -- Using PYTHON_INCLUDE_DIRS: /usr/local/include/python3.9
[1.595s] -- Using PYTHON_LIBRARIES: /usr/local/lib/libpython3.9.so
[1.613s] -- Found PythonExtra: .so  
[1.660s] Traceback (most recent call last):
[1.660s]   File "<string>", line 1, in <module>
[1.660s] ModuleNotFoundError: No module named 'numpy'
[1.662s] [31mCMake Error at /opt/ros/humble/share/rosidl_generator_py/cmake/rosidl_generator_py_generate_interfaces.cmake:204 (message):
[1.662s]   execute_process(/usr/local/bin/python3 -c 'import
[1.662s]   numpy;print(numpy.get_include())') returned error code 1
[1.662s] Call Stack (most recent call first):
[1.662s]   /opt/ros/humble/share/ament_cmake_core/cmake/core/ament_execute_extensions.cmake:48 (include)
[1.662s]   /opt/ros/humble/share/rosidl_cmake/cmake/rosidl_generate_interfaces.cmake:286 (ament_execute_extensions)
[1.662s]   CMakeLists.txt:16 (rosidl_generate_interfaces)
[1.663s] 
[1.663s] [0m
[1.663s] -- Configuring incomplete, errors occurred!
[1.663s] See also "/home/vboxuser/OneDrive/UDITO/udito/ros2_ws/build/tutorial_interfaces/CMakeFiles/CMakeOutput.log".
[1.677s] Invoked command in '/home/vboxuser/OneDrive/UDITO/udito/ros2_ws/build/tutorial_interfaces' returned '1': CMAKE_PREFIX_PATH=${CMAKE_PREFIX_PATH}:/home/vboxuser/OneDrive/UDITO/udito/ros2_ws/install/head_package:/opt/ros/humble /usr/bin/cmake /home/vboxuser/OneDrive/UDITO/udito/ros2_ws/src/tutorial_interfaces -DCMAKE_INSTALL_PREFIX=/home/vboxuser/OneDrive/UDITO/udito/ros2_ws/install/tutorial_interfaces
