[1.455s] Invoking command in '/home/udito/OneDrive/UDITO/udito/ROS/ros2_ws/src/examples/rclpy/topics/pointcloud_publisher': PYTHONPATH=/home/udito/OneDrive/UDITO/udito/ROS/ros2_ws/build/examples_rclpy_pointcloud_publisher/prefix_override:/usr/lib/python3/dist-packages/colcon_core/task/python/colcon_distutils_commands:/home/udito/OneDrive/UDITO/udito/ROS/ros2_ws/install/examples_rclpy_pointcloud_publisher/lib/python3.10/site-packages:${PYTHONPATH} /usr/bin/python3 -W ignore:setup.py install is deprecated -W ignore:easy_install command is deprecated setup.py egg_info --egg-base ../../../../../build/examples_rclpy_pointcloud_publisher build --build-base /home/udito/OneDrive/UDITO/udito/ROS/ros2_ws/build/examples_rclpy_pointcloud_publisher/build install --record /home/udito/OneDrive/UDITO/udito/ROS/ros2_ws/build/examples_rclpy_pointcloud_publisher/install.log --single-version-externally-managed install_data
[1.856s] running egg_info
[1.859s] writing ../../../../../build/examples_rclpy_pointcloud_publisher/examples_rclpy_pointcloud_publisher.egg-info/PKG-INFO
[1.860s] writing dependency_links to ../../../../../build/examples_rclpy_pointcloud_publisher/examples_rclpy_pointcloud_publisher.egg-info/dependency_links.txt
[1.860s] writing entry points to ../../../../../build/examples_rclpy_pointcloud_publisher/examples_rclpy_pointcloud_publisher.egg-info/entry_points.txt
[1.860s] writing requirements to ../../../../../build/examples_rclpy_pointcloud_publisher/examples_rclpy_pointcloud_publisher.egg-info/requires.txt
[1.860s] writing top-level names to ../../../../../build/examples_rclpy_pointcloud_publisher/examples_rclpy_pointcloud_publisher.egg-info/top_level.txt
[1.861s] reading manifest file '../../../../../build/examples_rclpy_pointcloud_publisher/examples_rclpy_pointcloud_publisher.egg-info/SOURCES.txt'
[1.862s] writing manifest file '../../../../../build/examples_rclpy_pointcloud_publisher/examples_rclpy_pointcloud_publisher.egg-info/SOURCES.txt'
[1.862s] running build
[1.862s] running build_py
[1.862s] running install
[1.864s] running install_lib
[1.864s] running install_data
[1.865s] running install_egg_info
[1.875s] removing '/home/udito/OneDrive/UDITO/udito/ROS/ros2_ws/install/examples_rclpy_pointcloud_publisher/lib/python3.10/site-packages/examples_rclpy_pointcloud_publisher-0.15.3-py3.10.egg-info' (and everything under it)
[1.875s] Copying ../../../../../build/examples_rclpy_pointcloud_publisher/examples_rclpy_pointcloud_publisher.egg-info to /home/udito/OneDrive/UDITO/udito/ROS/ros2_ws/install/examples_rclpy_pointcloud_publisher/lib/python3.10/site-packages/examples_rclpy_pointcloud_publisher-0.15.3-py3.10.egg-info
[1.875s] running install_scripts
[1.900s] Installing pointcloud_publisher script to /home/udito/OneDrive/UDITO/udito/ROS/ros2_ws/install/examples_rclpy_pointcloud_publisher/lib/examples_rclpy_pointcloud_publisher
[1.902s] writing list of installed files to '/home/udito/OneDrive/UDITO/udito/ROS/ros2_ws/build/examples_rclpy_pointcloud_publisher/install.log'
[1.955s] Invoked command in '/home/udito/OneDrive/UDITO/udito/ROS/ros2_ws/src/examples/rclpy/topics/pointcloud_publisher' returned '0': PYTHONPATH=/home/udito/OneDrive/UDITO/udito/ROS/ros2_ws/build/examples_rclpy_pointcloud_publisher/prefix_override:/usr/lib/python3/dist-packages/colcon_core/task/python/colcon_distutils_commands:/home/udito/OneDrive/UDITO/udito/ROS/ros2_ws/install/examples_rclpy_pointcloud_publisher/lib/python3.10/site-packages:${PYTHONPATH} /usr/bin/python3 -W ignore:setup.py install is deprecated -W ignore:easy_install command is deprecated setup.py egg_info --egg-base ../../../../../build/examples_rclpy_pointcloud_publisher build --build-base /home/udito/OneDrive/UDITO/udito/ROS/ros2_ws/build/examples_rclpy_pointcloud_publisher/build install --record /home/udito/OneDrive/UDITO/udito/ROS/ros2_ws/build/examples_rclpy_pointcloud_publisher/install.log --single-version-externally-managed install_data
