running egg_info
writing ../../build/head_package/head_package.egg-info/PKG-INFO
writing dependency_links to ../../build/head_package/head_package.egg-info/dependency_links.txt
writing entry points to ../../build/head_package/head_package.egg-info/entry_points.txt
writing requirements to ../../build/head_package/head_package.egg-info/requires.txt
writing top-level names to ../../build/head_package/head_package.egg-info/top_level.txt
reading manifest file '../../build/head_package/head_package.egg-info/SOURCES.txt'
adding license file 'LICENSE'
writing manifest file '../../build/head_package/head_package.egg-info/SOURCES.txt'
running build
running build_py
running install
running install_lib
running install_data
running install_egg_info
removing '/home/vboxuser/OneDrive/UDITO/udito/ros2_ws/install/head_package/lib/python3.10/site-packages/head_package-0.0.0-py3.10.egg-info' (and everything under it)
Copying ../../build/head_package/head_package.egg-info to /home/vboxuser/OneDrive/UDITO/udito/ros2_ws/install/head_package/lib/python3.10/site-packages/head_package-0.0.0-py3.10.egg-info
running install_scripts
Installing head_node script to /home/vboxuser/OneDrive/UDITO/udito/ros2_ws/install/head_package/lib/head_package
Installing listener script to /home/vboxuser/OneDrive/UDITO/udito/ros2_ws/install/head_package/lib/head_package
Installing talker script to /home/vboxuser/OneDrive/UDITO/udito/ros2_ws/install/head_package/lib/head_package
writing list of installed files to '/home/vboxuser/OneDrive/UDITO/udito/ros2_ws/build/head_package/install.log'
