[0.021s] Invoking command in '/home/udito/OneDrive/UDITO/udito/ros2_ws/build/ldlidar_component': CMAKE_PREFIX_PATH=${CMAKE_PREFIX_PATH}:/home/udito/OneDrive/UDITO/udito/ROS/ros2_ws/install/py_test_package:/home/udito/OneDrive/UDITO/udito/ROS/ros2_ws/install/launch_testing_examples:/home/udito/OneDrive/UDITO/udito/ROS/ros2_ws/install/examples_rclpy_pointcloud_publisher:/home/udito/OneDrive/UDITO/udito/ROS/ros2_ws/install/examples_rclpy_minimal_subscriber:/home/udito/OneDrive/UDITO/udito/ROS/ros2_ws/install/examples_rclpy_minimal_service:/home/udito/OneDrive/UDITO/udito/ROS/ros2_ws/install/examples_rclpy_minimal_publisher:/home/udito/OneDrive/UDITO/udito/ROS/ros2_ws/install/examples_rclpy_minimal_client:/home/udito/OneDrive/UDITO/udito/ROS/ros2_ws/install/examples_rclpy_minimal_action_server:/home/udito/OneDrive/UDITO/udito/ROS/ros2_ws/install/examples_rclpy_minimal_action_client:/home/udito/OneDrive/UDITO/udito/ROS/ros2_ws/install/examples_rclpy_guard_conditions:/home/udito/OneDrive/UDITO/udito/ROS/ros2_ws/install/examples_rclpy_executors:/opt/ros/humble PS1=(python-3.9.21) \[\e]0;\u@\h: \w\a\]${debian_chroot:+($debian_chroot)}\u@\h:\w\$ VIRTUAL_ENV_PROMPT=(python-3.9.21) /usr/bin/cmake --build /home/udito/OneDrive/UDITO/udito/ros2_ws/build/ldlidar_component -- -j2 -l2
[0.039s] [0mCMake Error: The current CMakeCache.txt directory /home/udito/OneDrive/UDITO/udito/ros2_ws/build/ldlidar_component/CMakeCache.txt is different than the directory /home/udito/OneDrive/UDITO/udito/ROS/ros2_ws/build/ldlidar_component where CMakeCache.txt was created. This may result in binaries being created in the wrong place. If you are not sure, reedit the CMakeCache.txt[0m
[0.074s] --  * Release Mode
[0.075s] -- * Found ROS2 humble
[0.075s] -- * ROS2 humble is officially supported by this package.
[0.075s] -- Found ament_cmake: 1.3.11 (/opt/ros/humble/share/ament_cmake/cmake)
[0.248s] -- Override CMake install command with custom implementation using symlinks instead of copying resources
[0.263s] -- Found rclcpp_lifecycle: 16.0.11 (/opt/ros/humble/share/rclcpp_lifecycle/cmake)
[0.324s] -- Found rosidl_generator_c: 3.1.6 (/opt/ros/humble/share/rosidl_generator_c/cmake)
[0.328s] -- Found rosidl_adapter: 3.1.6 (/opt/ros/humble/share/rosidl_adapter/cmake)
[0.336s] -- Found rosidl_generator_cpp: 3.1.6 (/opt/ros/humble/share/rosidl_generator_cpp/cmake)
[0.351s] -- Using all available rosidl_typesupport_c: rosidl_typesupport_fastrtps_c;rosidl_typesupport_introspection_c
[0.370s] -- Using all available rosidl_typesupport_cpp: rosidl_typesupport_fastrtps_cpp;rosidl_typesupport_introspection_cpp
[0.417s] -- Found rmw_implementation_cmake: 6.1.2 (/opt/ros/humble/share/rmw_implementation_cmake/cmake)
[0.420s] -- Found rmw_fastrtps_cpp: 6.2.7 (/opt/ros/humble/share/rmw_fastrtps_cpp/cmake)
[0.560s] -- Using RMW implementation 'rmw_fastrtps_cpp' as default
[0.650s] -- Found rclcpp_components: 16.0.11 (/opt/ros/humble/share/rclcpp_components/cmake)
[0.677s] -- Found nav2_util: 1.1.17 (/opt/ros/humble/share/nav2_util/cmake)
[0.851s] -- Found eigen3_cmake_module: 0.1.1 (/opt/ros/humble/share/eigen3_cmake_module/cmake)
[0.853s] -- Ensuring Eigen3 include directory is part of orocos-kdl CMake target
[0.894s] -- Found sensor_msgs: 4.2.4 (/opt/ros/humble/share/sensor_msgs/cmake)
[0.918s] -- Found diagnostic_msgs: 4.2.4 (/opt/ros/humble/share/diagnostic_msgs/cmake)
[0.936s] -- Found diagnostic_updater: 4.0.0 (/opt/ros/humble/share/diagnostic_updater/cmake)
[0.996s] -- Found ament_lint_auto: 0.12.11 (/opt/ros/humble/share/ament_lint_auto/cmake)
[1.135s] -- Added test 'copyright' to check source files copyright and LICENSE
[1.139s] -- Added test 'cppcheck' to perform static code analysis on C / C++ code
[1.141s] -- Configured cppcheck include dirs: /home/udito/OneDrive/UDITO/udito/ROS/ros2_ws/src/ldrobot-lidar-ros2/ldlidar_component/include;/home/udito/OneDrive/UDITO/udito/ROS/ros2_ws/src/ldrobot-lidar-ros2/ldlidar_component/tools/include;/home/udito/OneDrive/UDITO/udito/ROS/ros2_ws/src/ldrobot-lidar-ros2/ldlidar_component/component/include;/home/udito/OneDrive/UDITO/udito/ROS/ros2_ws/src/ldrobot-lidar-ros2/ldlidar_component/ldlidar_driver/include/core;/home/udito/OneDrive/UDITO/udito/ROS/ros2_ws/src/ldrobot-lidar-ros2/ldlidar_component/ldlidar_driver/include/dataprocess;/home/udito/OneDrive/UDITO/udito/ROS/ros2_ws/src/ldrobot-lidar-ros2/ldlidar_component/ldlidar_driver/include/filter;/home/udito/OneDrive/UDITO/udito/ROS/ros2_ws/src/ldrobot-lidar-ros2/ldlidar_component/ldlidar_driver/include/logger;/home/udito/OneDrive/UDITO/udito/ROS/ros2_ws/src/ldrobot-lidar-ros2/ldlidar_component/ldlidar_driver/include/networkcom;/home/udito/OneDrive/UDITO/udito/ROS/ros2_ws/src/ldrobot-lidar-ros2/ldlidar_component/ldlidar_driver/include/serialcom
[1.141s] -- Configured cppcheck exclude dirs and/or files: 
[1.145s] -- Added test 'cpplint' to check C / C++ code against the Google style
[1.145s] -- Configured cpplint exclude dirs and/or files: 
[1.146s] -- Added test 'lint_cmake' to check CMake code style
[1.150s] -- Added test 'uncrustify' to check C / C++ code style
[1.151s] -- Configured uncrustify additional arguments: 
[1.151s] -- Added test 'xmllint' to check XML markup files
[1.155s] -- Added test 'clang_format' to check C / C++ code style
[1.158s] -- Configuring done
[1.210s] -- Generating done
[1.220s] -- Build files have been written to: /home/udito/OneDrive/UDITO/udito/ROS/ros2_ws/build/ldlidar_component
[1.260s] [35m[1mConsolidate compiler generated dependencies of target ldlidar[0m
[1.278s] [ 70%] Built target ldlidar
[1.294s] [35m[1mConsolidate compiler generated dependencies of target ldlidar_component[0m
[1.314s] [100%] Built target ldlidar_component
