[0.011s] Invoking command in '/home/udito/OneDrive/UDITO/udito/ROS/ros2_ws/build/examples_rclcpp_multithreaded_executor': CMAKE_PREFIX_PATH=/opt/ros/humble /usr/bin/cmake /home/udito/OneDrive/UDITO/udito/ROS/ros2_ws/src/examples/rclcpp/executors/multithreaded_executor -DAMENT_CMAKE_SYMLINK_INSTALL=1 -DCMAKE_INSTALL_PREFIX=/home/udito/OneDrive/UDITO/udito/ROS/ros2_ws/install/examples_rclcpp_multithreaded_executor
[0.140s] -- The C compiler identification is GNU 11.4.0
[0.237s] -- The CXX compiler identification is GNU 11.4.0
[0.250s] -- Detecting C compiler ABI info
[0.427s] -- Detecting C compiler ABI info - done
[0.439s] -- Check for working C compiler: /usr/bin/cc - skipped
[0.440s] -- Detecting C compile features
[0.440s] -- Detecting C compile features - done
[0.448s] -- Detecting CXX compiler ABI info
[0.619s] -- Detecting CXX compiler ABI info - done
[0.634s] -- Check for working CXX compiler: /usr/bin/c++ - skipped
[0.636s] -- Detecting CXX compile features
[0.637s] -- Detecting CXX compile features - done
[0.637s] -- Found ament_cmake: 1.3.11 (/opt/ros/humble/share/ament_cmake/cmake)
[1.228s] -- Found Python3: /usr/local/bin/python3 (found version "3.9.21") found components: Interpreter 
[1.337s] -- Override CMake install command with custom implementation using symlinks instead of copying resources
[1.370s] -- Found rclcpp: 16.0.11 (/opt/ros/humble/share/rclcpp/cmake)
[1.428s] -- Found rosidl_generator_c: 3.1.6 (/opt/ros/humble/share/rosidl_generator_c/cmake)
[1.434s] -- Found rosidl_adapter: 3.1.6 (/opt/ros/humble/share/rosidl_adapter/cmake)
[1.445s] -- Found rosidl_generator_cpp: 3.1.6 (/opt/ros/humble/share/rosidl_generator_cpp/cmake)
[1.464s] -- Using all available rosidl_typesupport_c: rosidl_typesupport_fastrtps_c;rosidl_typesupport_introspection_c
[1.489s] -- Using all available rosidl_typesupport_cpp: rosidl_typesupport_fastrtps_cpp;rosidl_typesupport_introspection_cpp
[1.551s] -- Found rmw_implementation_cmake: 6.1.2 (/opt/ros/humble/share/rmw_implementation_cmake/cmake)
[1.555s] -- Found rmw_fastrtps_cpp: 6.2.7 (/opt/ros/humble/share/rmw_fastrtps_cpp/cmake)
[1.681s] -- Found OpenSSL: /usr/lib/x86_64-linux-gnu/libcrypto.so (found version "3.0.2")  
[1.717s] -- Found FastRTPS: /opt/ros/humble/include  
[1.779s] -- Using RMW implementation 'rmw_fastrtps_cpp' as default
[1.795s] -- Looking for pthread.h
[1.926s] -- Looking for pthread.h - found
[1.927s] -- Performing Test CMAKE_HAVE_LIBC_PTHREAD
[2.078s] -- Performing Test CMAKE_HAVE_LIBC_PTHREAD - Success
[2.088s] -- Found Threads: TRUE  
[2.179s] -- Found ament_lint_auto: 0.12.11 (/opt/ros/humble/share/ament_lint_auto/cmake)
[2.365s] -- Added test 'copyright' to check source files copyright and LICENSE
[2.367s] -- Added test 'cppcheck' to perform static code analysis on C / C++ code
[2.369s] -- Configured cppcheck include dirs: 
[2.369s] -- Configured cppcheck exclude dirs and/or files: 
[2.370s] -- Added test 'cpplint' to check C / C++ code against the Google style
[2.370s] -- Configured cpplint exclude dirs and/or files: 
[2.373s] -- Added test 'lint_cmake' to check CMake code style
[2.379s] -- Added test 'uncrustify' to check C / C++ code style
[2.379s] -- Configured uncrustify additional arguments: 
[2.380s] -- Added test 'xmllint' to check XML markup files
[2.388s] -- Configuring done
[2.414s] -- Generating done
[2.429s] -- Build files have been written to: /home/udito/OneDrive/UDITO/udito/ROS/ros2_ws/build/examples_rclcpp_multithreaded_executor
[2.449s] Invoked command in '/home/udito/OneDrive/UDITO/udito/ROS/ros2_ws/build/examples_rclcpp_multithreaded_executor' returned '0': CMAKE_PREFIX_PATH=/opt/ros/humble /usr/bin/cmake /home/udito/OneDrive/UDITO/udito/ROS/ros2_ws/src/examples/rclcpp/executors/multithreaded_executor -DAMENT_CMAKE_SYMLINK_INSTALL=1 -DCMAKE_INSTALL_PREFIX=/home/udito/OneDrive/UDITO/udito/ROS/ros2_ws/install/examples_rclcpp_multithreaded_executor
[2.451s] Invoking command in '/home/udito/OneDrive/UDITO/udito/ROS/ros2_ws/build/examples_rclcpp_multithreaded_executor': CMAKE_PREFIX_PATH=/opt/ros/humble /usr/bin/cmake --build /home/udito/OneDrive/UDITO/udito/ROS/ros2_ws/build/examples_rclcpp_multithreaded_executor -- -j2 -l2
[2.529s] [ 50%] [32mBuilding CXX object CMakeFiles/multithreaded_executor.dir/multithreaded_executor.cpp.o[0m
[18.510s] [100%] [32m[1mLinking CXX executable multithreaded_executor[0m
[19.650s] [100%] Built target multithreaded_executor
[19.677s] Invoked command in '/home/udito/OneDrive/UDITO/udito/ROS/ros2_ws/build/examples_rclcpp_multithreaded_executor' returned '0': CMAKE_PREFIX_PATH=/opt/ros/humble /usr/bin/cmake --build /home/udito/OneDrive/UDITO/udito/ROS/ros2_ws/build/examples_rclcpp_multithreaded_executor -- -j2 -l2
[19.681s] Invoking command in '/home/udito/OneDrive/UDITO/udito/ROS/ros2_ws/build/examples_rclcpp_multithreaded_executor': CMAKE_PREFIX_PATH=/opt/ros/humble /usr/bin/cmake --install /home/udito/OneDrive/UDITO/udito/ROS/ros2_ws/build/examples_rclcpp_multithreaded_executor
[19.691s] -- Install configuration: ""
[19.692s] -- Execute custom install script
[19.693s] -- Symlinking: /home/udito/OneDrive/UDITO/udito/ROS/ros2_ws/install/examples_rclcpp_multithreaded_executor/lib/examples_rclcpp_multithreaded_executor/multithreaded_executor
[19.709s] -- Symlinking: /home/udito/OneDrive/UDITO/udito/ROS/ros2_ws/install/examples_rclcpp_multithreaded_executor/share/ament_index/resource_index/package_run_dependencies/examples_rclcpp_multithreaded_executor
[19.722s] -- Symlinking: /home/udito/OneDrive/UDITO/udito/ROS/ros2_ws/install/examples_rclcpp_multithreaded_executor/share/ament_index/resource_index/parent_prefix_path/examples_rclcpp_multithreaded_executor
[19.739s] -- Symlinking: /home/udito/OneDrive/UDITO/udito/ROS/ros2_ws/install/examples_rclcpp_multithreaded_executor/share/examples_rclcpp_multithreaded_executor/environment/ament_prefix_path.sh
[19.761s] -- Symlinking: /home/udito/OneDrive/UDITO/udito/ROS/ros2_ws/install/examples_rclcpp_multithreaded_executor/share/examples_rclcpp_multithreaded_executor/environment/ament_prefix_path.dsv
[19.792s] -- Symlinking: /home/udito/OneDrive/UDITO/udito/ROS/ros2_ws/install/examples_rclcpp_multithreaded_executor/share/examples_rclcpp_multithreaded_executor/environment/path.sh
[19.809s] -- Symlinking: /home/udito/OneDrive/UDITO/udito/ROS/ros2_ws/install/examples_rclcpp_multithreaded_executor/share/examples_rclcpp_multithreaded_executor/environment/path.dsv
[19.832s] -- Symlinking: /home/udito/OneDrive/UDITO/udito/ROS/ros2_ws/install/examples_rclcpp_multithreaded_executor/share/examples_rclcpp_multithreaded_executor/local_setup.bash
[19.863s] -- Symlinking: /home/udito/OneDrive/UDITO/udito/ROS/ros2_ws/install/examples_rclcpp_multithreaded_executor/share/examples_rclcpp_multithreaded_executor/local_setup.sh
[19.896s] -- Symlinking: /home/udito/OneDrive/UDITO/udito/ROS/ros2_ws/install/examples_rclcpp_multithreaded_executor/share/examples_rclcpp_multithreaded_executor/local_setup.zsh
[19.951s] -- Symlinking: /home/udito/OneDrive/UDITO/udito/ROS/ros2_ws/install/examples_rclcpp_multithreaded_executor/share/examples_rclcpp_multithreaded_executor/local_setup.dsv
[19.994s] -- Symlinking: /home/udito/OneDrive/UDITO/udito/ROS/ros2_ws/install/examples_rclcpp_multithreaded_executor/share/examples_rclcpp_multithreaded_executor/package.dsv
[20.029s] -- Symlinking: /home/udito/OneDrive/UDITO/udito/ROS/ros2_ws/install/examples_rclcpp_multithreaded_executor/share/ament_index/resource_index/packages/examples_rclcpp_multithreaded_executor
[20.063s] -- Symlinking: /home/udito/OneDrive/UDITO/udito/ROS/ros2_ws/install/examples_rclcpp_multithreaded_executor/share/examples_rclcpp_multithreaded_executor/cmake/examples_rclcpp_multithreaded_executorConfig.cmake
[20.093s] -- Symlinking: /home/udito/OneDrive/UDITO/udito/ROS/ros2_ws/install/examples_rclcpp_multithreaded_executor/share/examples_rclcpp_multithreaded_executor/cmake/examples_rclcpp_multithreaded_executorConfig-version.cmake
[20.122s] -- Symlinking: /home/udito/OneDrive/UDITO/udito/ROS/ros2_ws/install/examples_rclcpp_multithreaded_executor/share/examples_rclcpp_multithreaded_executor/package.xml
[20.150s] Invoked command in '/home/udito/OneDrive/UDITO/udito/ROS/ros2_ws/build/examples_rclcpp_multithreaded_executor' returned '0': CMAKE_PREFIX_PATH=/opt/ros/humble /usr/bin/cmake --install /home/udito/OneDrive/UDITO/udito/ROS/ros2_ws/build/examples_rclcpp_multithreaded_executor
