[0.099s] DEBUG:colcon:Command line arguments: ['/usr/bin/colcon', 'build', '--packages-select', 'head_package']
[0.099s] DEBUG:colcon:Parsed command line arguments: Namespace(log_base=None, log_level=None, verb_name='build', build_base='build', install_base='install', merge_install=False, symlink_install=False, test_result_base=None, continue_on_error=False, executor='parallel', parallel_workers=3, event_handlers=None, ignore_user_meta=False, metas=['./colcon.meta'], base_paths=['.'], packages_ignore=None, packages_ignore_regex=None, paths=None, packages_up_to=None, packages_up_to_regex=None, packages_above=None, packages_above_and_dependencies=None, packages_above_depth=None, packages_select_by_dep=None, packages_skip_by_dep=None, packages_skip_up_to=None, packages_select_build_failed=False, packages_skip_build_finished=False, packages_select_test_failures=False, packages_skip_test_passed=False, packages_select=['head_package'], packages_skip=None, packages_select_regex=None, packages_skip_regex=None, packages_start=None, packages_end=None, allow_overriding=[], cmake_args=None, cmake_target=None, cmake_target_skip_unavailable=False, cmake_clean_cache=False, cmake_clean_first=False, cmake_force_configure=False, ament_cmake_args=None, catkin_cmake_args=None, catkin_skip_building_tests=False, verb_parser=<colcon_defaults.argument_parser.defaults.DefaultArgumentsDecorator object at 0x72d7e81d7130>, verb_extension=<colcon_core.verb.build.BuildVerb object at 0x72d7e837c550>, main=<bound method BuildVerb.main of <colcon_core.verb.build.BuildVerb object at 0x72d7e837c550>>)
[0.205s] Level 1:colcon.colcon_core.package_discovery:discover_packages(colcon_meta) check parameters
[0.206s] Level 1:colcon.colcon_core.package_discovery:discover_packages(recursive) check parameters
[0.206s] Level 1:colcon.colcon_core.package_discovery:discover_packages(ignore) check parameters
[0.206s] Level 1:colcon.colcon_core.package_discovery:discover_packages(path) check parameters
[0.206s] Level 1:colcon.colcon_core.package_discovery:discover_packages(colcon_meta) discover
[0.206s] Level 1:colcon.colcon_core.package_discovery:discover_packages(recursive) discover
[0.206s] INFO:colcon.colcon_core.package_discovery:Crawling recursively for packages in '/home/vboxuser/OneDrive/UDITO/udito/ros2_ws'
[0.206s] Level 1:colcon.colcon_core.package_identification:_identify(.) by extensions ['ignore', 'ignore_ament_install']
[0.206s] Level 1:colcon.colcon_core.package_identification:_identify(.) by extension 'ignore'
[0.206s] Level 1:colcon.colcon_core.package_identification:_identify(.) by extension 'ignore_ament_install'
[0.206s] Level 1:colcon.colcon_core.package_identification:_identify(.) by extensions ['colcon_pkg']
[0.206s] Level 1:colcon.colcon_core.package_identification:_identify(.) by extension 'colcon_pkg'
[0.206s] Level 1:colcon.colcon_core.package_identification:_identify(.) by extensions ['colcon_meta']
[0.206s] Level 1:colcon.colcon_core.package_identification:_identify(.) by extension 'colcon_meta'
[0.206s] Level 1:colcon.colcon_core.package_identification:_identify(.) by extensions ['ros']
[0.206s] Level 1:colcon.colcon_core.package_identification:_identify(.) by extension 'ros'
[0.213s] Level 1:colcon.colcon_core.package_identification:_identify(.) by extensions ['cmake', 'python']
[0.213s] Level 1:colcon.colcon_core.package_identification:_identify(.) by extension 'cmake'
[0.213s] Level 1:colcon.colcon_core.package_identification:_identify(.) by extension 'python'
[0.213s] Level 1:colcon.colcon_core.package_identification:_identify(.) by extensions ['python_setup_py']
[0.213s] Level 1:colcon.colcon_core.package_identification:_identify(.) by extension 'python_setup_py'
[0.214s] Level 1:colcon.colcon_core.package_identification:_identify(build) by extensions ['ignore', 'ignore_ament_install']
[0.214s] Level 1:colcon.colcon_core.package_identification:_identify(build) by extension 'ignore'
[0.214s] Level 1:colcon.colcon_core.package_identification:_identify(build) ignored
[0.214s] Level 1:colcon.colcon_core.package_identification:_identify(install) by extensions ['ignore', 'ignore_ament_install']
[0.214s] Level 1:colcon.colcon_core.package_identification:_identify(install) by extension 'ignore'
[0.214s] Level 1:colcon.colcon_core.package_identification:_identify(install) ignored
[0.214s] Level 1:colcon.colcon_core.package_identification:_identify(log) by extensions ['ignore', 'ignore_ament_install']
[0.214s] Level 1:colcon.colcon_core.package_identification:_identify(log) by extension 'ignore'
[0.214s] Level 1:colcon.colcon_core.package_identification:_identify(log) ignored
[0.214s] Level 1:colcon.colcon_core.package_identification:_identify(src) by extensions ['ignore', 'ignore_ament_install']
[0.214s] Level 1:colcon.colcon_core.package_identification:_identify(src) by extension 'ignore'
[0.214s] Level 1:colcon.colcon_core.package_identification:_identify(src) by extension 'ignore_ament_install'
[0.214s] Level 1:colcon.colcon_core.package_identification:_identify(src) by extensions ['colcon_pkg']
[0.214s] Level 1:colcon.colcon_core.package_identification:_identify(src) by extension 'colcon_pkg'
[0.214s] Level 1:colcon.colcon_core.package_identification:_identify(src) by extensions ['colcon_meta']
[0.214s] Level 1:colcon.colcon_core.package_identification:_identify(src) by extension 'colcon_meta'
[0.214s] Level 1:colcon.colcon_core.package_identification:_identify(src) by extensions ['ros']
[0.214s] Level 1:colcon.colcon_core.package_identification:_identify(src) by extension 'ros'
[0.214s] Level 1:colcon.colcon_core.package_identification:_identify(src) by extensions ['cmake', 'python']
[0.214s] Level 1:colcon.colcon_core.package_identification:_identify(src) by extension 'cmake'
[0.214s] Level 1:colcon.colcon_core.package_identification:_identify(src) by extension 'python'
[0.214s] Level 1:colcon.colcon_core.package_identification:_identify(src) by extensions ['python_setup_py']
[0.214s] Level 1:colcon.colcon_core.package_identification:_identify(src) by extension 'python_setup_py'
[0.214s] Level 1:colcon.colcon_core.package_identification:_identify(src/head_package) by extensions ['ignore', 'ignore_ament_install']
[0.214s] Level 1:colcon.colcon_core.package_identification:_identify(src/head_package) by extension 'ignore'
[0.214s] Level 1:colcon.colcon_core.package_identification:_identify(src/head_package) by extension 'ignore_ament_install'
[0.214s] Level 1:colcon.colcon_core.package_identification:_identify(src/head_package) by extensions ['colcon_pkg']
[0.214s] Level 1:colcon.colcon_core.package_identification:_identify(src/head_package) by extension 'colcon_pkg'
[0.214s] Level 1:colcon.colcon_core.package_identification:_identify(src/head_package) by extensions ['colcon_meta']
[0.214s] Level 1:colcon.colcon_core.package_identification:_identify(src/head_package) by extension 'colcon_meta'
[0.215s] Level 1:colcon.colcon_core.package_identification:_identify(src/head_package) by extensions ['ros']
[0.215s] Level 1:colcon.colcon_core.package_identification:_identify(src/head_package) by extension 'ros'
[0.216s] DEBUG:colcon.colcon_core.package_identification:Package 'src/head_package' with type 'ros.ament_python' and name 'head_package'
[0.216s] Level 1:colcon.colcon_core.package_identification:_identify(src/ldrobot-lidar-ros2) by extensions ['ignore', 'ignore_ament_install']
[0.216s] Level 1:colcon.colcon_core.package_identification:_identify(src/ldrobot-lidar-ros2) by extension 'ignore'
[0.216s] Level 1:colcon.colcon_core.package_identification:_identify(src/ldrobot-lidar-ros2) ignored
[0.216s] Level 1:colcon.colcon_core.package_identification:_identify(src/respeaker_ros) by extensions ['ignore', 'ignore_ament_install']
[0.216s] Level 1:colcon.colcon_core.package_identification:_identify(src/respeaker_ros) by extension 'ignore'
[0.216s] Level 1:colcon.colcon_core.package_identification:_identify(src/respeaker_ros) ignored
[0.216s] Level 1:colcon.colcon_core.package_discovery:discover_packages(recursive) using defaults
[0.216s] Level 1:colcon.colcon_core.package_discovery:discover_packages(ignore) discover
[0.216s] Level 1:colcon.colcon_core.package_discovery:discover_packages(ignore) using defaults
[0.216s] Level 1:colcon.colcon_core.package_discovery:discover_packages(path) discover
[0.216s] Level 1:colcon.colcon_core.package_discovery:discover_packages(path) using defaults
[0.233s] Level 1:colcon.colcon_core.package_discovery:discover_packages(prefix_path) check parameters
[0.233s] Level 1:colcon.colcon_core.package_discovery:discover_packages(prefix_path) discover
[0.242s] DEBUG:colcon.colcon_installed_package_information.package_discovery:Found 0 installed packages in /home/vboxuser/OneDrive/UDITO/udito/ros2_ws/install
[0.243s] DEBUG:colcon.colcon_installed_package_information.package_discovery:Found 280 installed packages in /opt/ros/humble
[0.244s] Level 1:colcon.colcon_core.package_discovery:discover_packages(prefix_path) using defaults
[0.266s] Level 5:colcon.colcon_core.verb:set package 'head_package' build argument 'cmake_args' from command line to 'None'
[0.266s] Level 5:colcon.colcon_core.verb:set package 'head_package' build argument 'cmake_target' from command line to 'None'
[0.266s] Level 5:colcon.colcon_core.verb:set package 'head_package' build argument 'cmake_target_skip_unavailable' from command line to 'False'
[0.266s] Level 5:colcon.colcon_core.verb:set package 'head_package' build argument 'cmake_clean_cache' from command line to 'False'
[0.266s] Level 5:colcon.colcon_core.verb:set package 'head_package' build argument 'cmake_clean_first' from command line to 'False'
[0.266s] Level 5:colcon.colcon_core.verb:set package 'head_package' build argument 'cmake_force_configure' from command line to 'False'
[0.266s] Level 5:colcon.colcon_core.verb:set package 'head_package' build argument 'ament_cmake_args' from command line to 'None'
[0.266s] Level 5:colcon.colcon_core.verb:set package 'head_package' build argument 'catkin_cmake_args' from command line to 'None'
[0.266s] Level 5:colcon.colcon_core.verb:set package 'head_package' build argument 'catkin_skip_building_tests' from command line to 'False'
[0.266s] DEBUG:colcon.colcon_core.verb:Building package 'head_package' with the following arguments: {'ament_cmake_args': None, 'build_base': '/home/vboxuser/OneDrive/UDITO/udito/ros2_ws/build/head_package', 'catkin_cmake_args': None, 'catkin_skip_building_tests': False, 'cmake_args': None, 'cmake_clean_cache': False, 'cmake_clean_first': False, 'cmake_force_configure': False, 'cmake_target': None, 'cmake_target_skip_unavailable': False, 'install_base': '/home/vboxuser/OneDrive/UDITO/udito/ros2_ws/install/head_package', 'merge_install': False, 'path': '/home/vboxuser/OneDrive/UDITO/udito/ros2_ws/src/head_package', 'symlink_install': False, 'test_result_base': None}
[0.266s] INFO:colcon.colcon_core.executor:Executing jobs using 'parallel' executor
[0.267s] DEBUG:colcon.colcon_parallel_executor.executor.parallel:run_until_complete
[0.267s] INFO:colcon.colcon_ros.task.ament_python.build:Building ROS package in '/home/vboxuser/OneDrive/UDITO/udito/ros2_ws/src/head_package' with build type 'ament_python'
[0.267s] Level 1:colcon.colcon_core.shell:create_environment_hook('head_package', 'ament_prefix_path')
[0.269s] INFO:colcon.colcon_core.plugin_system:Skipping extension 'colcon_core.shell.bat': Not used on non-Windows systems
[0.269s] INFO:colcon.colcon_core.shell:Creating environment hook '/home/vboxuser/OneDrive/UDITO/udito/ros2_ws/install/head_package/share/head_package/hook/ament_prefix_path.ps1'
[0.270s] INFO:colcon.colcon_core.shell:Creating environment descriptor '/home/vboxuser/OneDrive/UDITO/udito/ros2_ws/install/head_package/share/head_package/hook/ament_prefix_path.dsv'
[0.270s] INFO:colcon.colcon_core.shell:Creating environment hook '/home/vboxuser/OneDrive/UDITO/udito/ros2_ws/install/head_package/share/head_package/hook/ament_prefix_path.sh'
[0.270s] INFO:colcon.colcon_core.shell:Skip shell extension 'powershell' for command environment: Not usable outside of PowerShell
[0.270s] DEBUG:colcon.colcon_core.shell:Skip shell extension 'dsv' for command environment
[0.465s] INFO:colcon.colcon_core.task.python.build:Building Python package in '/home/vboxuser/OneDrive/UDITO/udito/ros2_ws/src/head_package'
[0.466s] INFO:colcon.colcon_core.shell:Skip shell extension 'powershell' for command environment: Not usable outside of PowerShell
[0.466s] DEBUG:colcon.colcon_core.shell:Skip shell extension 'dsv' for command environment
[0.706s] DEBUG:colcon.colcon_core.event_handler.log_command:Invoking command in '/home/vboxuser/OneDrive/UDITO/udito/ros2_ws/src/head_package': PYTHONPATH=/home/vboxuser/OneDrive/UDITO/udito/ros2_ws/build/head_package/prefix_override:/usr/lib/python3/dist-packages/colcon_core/task/python/colcon_distutils_commands:/home/vboxuser/OneDrive/UDITO/udito/ros2_ws/install/head_package/lib/python3.10/site-packages:${PYTHONPATH} /usr/bin/python3 -W ignore:setup.py install is deprecated -W ignore:easy_install command is deprecated setup.py egg_info --egg-base ../../build/head_package build --build-base /home/vboxuser/OneDrive/UDITO/udito/ros2_ws/build/head_package/build install --record /home/vboxuser/OneDrive/UDITO/udito/ros2_ws/build/head_package/install.log --single-version-externally-managed install_data
[0.956s] Level 1:colcon.colcon_core.environment:checking '/home/vboxuser/OneDrive/UDITO/udito/ros2_ws/install/head_package' for CMake module files
[0.956s] DEBUG:colcon.colcon_core.event_handler.log_command:Invoked command in '/home/vboxuser/OneDrive/UDITO/udito/ros2_ws/src/head_package' returned '0': PYTHONPATH=/home/vboxuser/OneDrive/UDITO/udito/ros2_ws/build/head_package/prefix_override:/usr/lib/python3/dist-packages/colcon_core/task/python/colcon_distutils_commands:/home/vboxuser/OneDrive/UDITO/udito/ros2_ws/install/head_package/lib/python3.10/site-packages:${PYTHONPATH} /usr/bin/python3 -W ignore:setup.py install is deprecated -W ignore:easy_install command is deprecated setup.py egg_info --egg-base ../../build/head_package build --build-base /home/vboxuser/OneDrive/UDITO/udito/ros2_ws/build/head_package/build install --record /home/vboxuser/OneDrive/UDITO/udito/ros2_ws/build/head_package/install.log --single-version-externally-managed install_data
[0.957s] Level 1:colcon.colcon_core.environment:checking '/home/vboxuser/OneDrive/UDITO/udito/ros2_ws/install/head_package' for CMake config files
[0.957s] Level 1:colcon.colcon_core.environment:checking '/home/vboxuser/OneDrive/UDITO/udito/ros2_ws/install/head_package/lib'
[0.957s] Level 1:colcon.colcon_core.environment:checking '/home/vboxuser/OneDrive/UDITO/udito/ros2_ws/install/head_package/bin'
[0.957s] Level 1:colcon.colcon_core.environment:checking '/home/vboxuser/OneDrive/UDITO/udito/ros2_ws/install/head_package/lib/pkgconfig/head_package.pc'
[0.958s] Level 1:colcon.colcon_core.environment:checking '/home/vboxuser/OneDrive/UDITO/udito/ros2_ws/install/head_package/lib/python3.10/site-packages'
[0.958s] Level 1:colcon.colcon_core.shell:create_environment_hook('head_package', 'pythonpath')
[0.958s] INFO:colcon.colcon_core.shell:Creating environment hook '/home/vboxuser/OneDrive/UDITO/udito/ros2_ws/install/head_package/share/head_package/hook/pythonpath.ps1'
[0.958s] INFO:colcon.colcon_core.shell:Creating environment descriptor '/home/vboxuser/OneDrive/UDITO/udito/ros2_ws/install/head_package/share/head_package/hook/pythonpath.dsv'
[0.958s] INFO:colcon.colcon_core.shell:Creating environment hook '/home/vboxuser/OneDrive/UDITO/udito/ros2_ws/install/head_package/share/head_package/hook/pythonpath.sh'
[0.959s] Level 1:colcon.colcon_core.environment:checking '/home/vboxuser/OneDrive/UDITO/udito/ros2_ws/install/head_package/bin'
[0.959s] Level 1:colcon.colcon_core.environment:create_environment_scripts_only(head_package)
[0.959s] INFO:colcon.colcon_core.shell:Creating package script '/home/vboxuser/OneDrive/UDITO/udito/ros2_ws/install/head_package/share/head_package/package.ps1'
[0.960s] INFO:colcon.colcon_core.shell:Creating package descriptor '/home/vboxuser/OneDrive/UDITO/udito/ros2_ws/install/head_package/share/head_package/package.dsv'
[0.961s] INFO:colcon.colcon_core.shell:Creating package script '/home/vboxuser/OneDrive/UDITO/udito/ros2_ws/install/head_package/share/head_package/package.sh'
[0.962s] INFO:colcon.colcon_core.shell:Creating package script '/home/vboxuser/OneDrive/UDITO/udito/ros2_ws/install/head_package/share/head_package/package.bash'
[0.963s] INFO:colcon.colcon_core.shell:Creating package script '/home/vboxuser/OneDrive/UDITO/udito/ros2_ws/install/head_package/share/head_package/package.zsh'
[0.964s] Level 1:colcon.colcon_core.environment:create_file_with_runtime_dependencies(/home/vboxuser/OneDrive/UDITO/udito/ros2_ws/install/head_package/share/colcon-core/packages/head_package)
[0.964s] DEBUG:colcon.colcon_parallel_executor.executor.parallel:closing loop
[0.965s] DEBUG:colcon.colcon_parallel_executor.executor.parallel:loop closed
[0.965s] DEBUG:colcon.colcon_parallel_executor.executor.parallel:run_until_complete finished with '0'
[0.965s] DEBUG:colcon.colcon_core.event_reactor:joining thread
[0.969s] INFO:colcon.colcon_core.plugin_system:Skipping extension 'colcon_notification.desktop_notification.terminal_notifier': Not used on non-Darwin systems
[0.969s] INFO:colcon.colcon_core.plugin_system:Skipping extension 'colcon_notification.desktop_notification.win32': Not used on non-Windows systems
[0.970s] INFO:colcon.colcon_notification.desktop_notification:Sending desktop notification using 'notify2'
[1.122s] DEBUG:colcon.colcon_core.event_reactor:joined thread
[1.122s] INFO:colcon.colcon_core.shell:Creating prefix script '/home/vboxuser/OneDrive/UDITO/udito/ros2_ws/install/local_setup.ps1'
[1.123s] INFO:colcon.colcon_core.shell:Creating prefix util module '/home/vboxuser/OneDrive/UDITO/udito/ros2_ws/install/_local_setup_util_ps1.py'
[1.124s] INFO:colcon.colcon_core.shell:Creating prefix chain script '/home/vboxuser/OneDrive/UDITO/udito/ros2_ws/install/setup.ps1'
[1.124s] INFO:colcon.colcon_core.shell:Creating prefix script '/home/vboxuser/OneDrive/UDITO/udito/ros2_ws/install/local_setup.sh'
[1.125s] INFO:colcon.colcon_core.shell:Creating prefix util module '/home/vboxuser/OneDrive/UDITO/udito/ros2_ws/install/_local_setup_util_sh.py'
[1.125s] INFO:colcon.colcon_core.shell:Creating prefix chain script '/home/vboxuser/OneDrive/UDITO/udito/ros2_ws/install/setup.sh'
[1.126s] INFO:colcon.colcon_core.shell:Creating prefix script '/home/vboxuser/OneDrive/UDITO/udito/ros2_ws/install/local_setup.bash'
[1.126s] INFO:colcon.colcon_core.shell:Creating prefix chain script '/home/vboxuser/OneDrive/UDITO/udito/ros2_ws/install/setup.bash'
[1.126s] INFO:colcon.colcon_core.shell:Creating prefix script '/home/vboxuser/OneDrive/UDITO/udito/ros2_ws/install/local_setup.zsh'
[1.127s] INFO:colcon.colcon_core.shell:Creating prefix chain script '/home/vboxuser/OneDrive/UDITO/udito/ros2_ws/install/setup.zsh'
