[0.060s] Invoking command in '/home/udito/OneDrive/UDITO/udito/ROS/ros2_ws/build/ldlidar_component': CMAKE_PREFIX_PATH=/opt/ros/humble PS1=(python-3.9.21) \[\e]0;\u@\h: \w\a\]${debian_chroot:+($debian_chroot)}\[\033[01;32m\]\u@\h\[\033[00m\]:\[\033[01;34m\]\w\[\033[00m\]\$ VIRTUAL_ENV_PROMPT=(python-3.9.21) /usr/bin/cmake /home/udito/OneDrive/UDITO/udito/ROS/ros2_ws/src/ldrobot-lidar-ros2/ldlidar_component -DCMAKE_BUILD_TYPE=Release -DAMENT_CMAKE_SYMLINK_INSTALL=1 -DCMAKE_INSTALL_PREFIX=/home/udito/OneDrive/UDITO/udito/ROS/ros2_ws/install/ldlidar_component
[2.012s] -- The C compiler identification is GNU 11.4.0
[3.913s] -- The CXX compiler identification is GNU 11.4.0
[3.958s] -- Detecting C compiler ABI info
[4.348s] -- Detecting C compiler ABI info - done
[4.359s] -- Check for working C compiler: /usr/bin/cc - skipped
[4.360s] -- Detecting C compile features
[4.384s] -- Detecting C compile features - done
[4.399s] -- Detecting CXX compiler ABI info
[4.582s] -- Detecting CXX compiler ABI info - done
[4.594s] -- Check for working CXX compiler: /usr/bin/c++ - skipped
[4.594s] -- Detecting CXX compile features
[4.594s] -- Detecting CXX compile features - done
[4.595s] --  * Release Mode
[4.595s] -- * Found ROS2 humble
[4.596s] -- * ROS2 humble is officially supported by this package.
[4.611s] -- Found ament_cmake: 1.3.11 (/opt/ros/humble/share/ament_cmake/cmake)
[5.169s] -- Found Python3: /usr/local/bin/python3 (found version "3.9.21") found components: Interpreter 
[5.264s] -- Override CMake install command with custom implementation using symlinks instead of copying resources
[5.344s] -- Found rclcpp_lifecycle: 16.0.11 (/opt/ros/humble/share/rclcpp_lifecycle/cmake)
[5.448s] -- Found rosidl_generator_c: 3.1.6 (/opt/ros/humble/share/rosidl_generator_c/cmake)
[5.456s] -- Found rosidl_adapter: 3.1.6 (/opt/ros/humble/share/rosidl_adapter/cmake)
[5.472s] -- Found rosidl_generator_cpp: 3.1.6 (/opt/ros/humble/share/rosidl_generator_cpp/cmake)
[5.491s] -- Using all available rosidl_typesupport_c: rosidl_typesupport_fastrtps_c;rosidl_typesupport_introspection_c
[5.517s] -- Using all available rosidl_typesupport_cpp: rosidl_typesupport_fastrtps_cpp;rosidl_typesupport_introspection_cpp
[5.574s] -- Found rmw_implementation_cmake: 6.1.2 (/opt/ros/humble/share/rmw_implementation_cmake/cmake)
[5.577s] -- Found rmw_fastrtps_cpp: 6.2.7 (/opt/ros/humble/share/rmw_fastrtps_cpp/cmake)
[5.871s] -- Found OpenSSL: /usr/lib/x86_64-linux-gnu/libcrypto.so (found version "3.0.2")  
[5.910s] -- Found FastRTPS: /opt/ros/humble/include  
[5.965s] -- Using RMW implementation 'rmw_fastrtps_cpp' as default
[5.975s] -- Looking for pthread.h
[6.090s] -- Looking for pthread.h - found
[6.090s] -- Performing Test CMAKE_HAVE_LIBC_PTHREAD
[6.314s] -- Performing Test CMAKE_HAVE_LIBC_PTHREAD - Success
[6.314s] -- Found Threads: TRUE  
[6.494s] -- Found rclcpp_components: 16.0.11 (/opt/ros/humble/share/rclcpp_components/cmake)
[6.750s] [31mCMake Error at CMakeLists.txt:99 (find_package):
[6.750s]   By not providing "Findnav2_util.cmake" in CMAKE_MODULE_PATH this project
[6.750s]   has asked CMake to find a package configuration file provided by
[6.750s]   "nav2_util", but CMake did not find one.
[6.750s] 
[6.750s]   Could not find a package configuration file provided by "nav2_util" with
[6.750s]   any of the following names:
[6.750s] 
[6.750s]     nav2_utilConfig.cmake
[6.750s]     nav2_util-config.cmake
[6.751s] 
[6.751s]   Add the installation prefix of "nav2_util" to CMAKE_PREFIX_PATH or set
[6.751s]   "nav2_util_DIR" to a directory containing one of the above files.  If
[6.751s]   "nav2_util" provides a separate development package or SDK, be sure it has
[6.751s]   been installed.
[6.751s] 
[6.751s] -- Configuring incomplete, errors occurred!
[6.751s] See also "/home/udito/OneDrive/UDITO/udito/ROS/ros2_ws/build/ldlidar_component/CMakeFiles/CMakeOutput.log".
[6.751s] [0m
[6.764s] Invoked command in '/home/udito/OneDrive/UDITO/udito/ROS/ros2_ws/build/ldlidar_component' returned '1': CMAKE_PREFIX_PATH=/opt/ros/humble PS1=(python-3.9.21) \[\e]0;\u@\h: \w\a\]${debian_chroot:+($debian_chroot)}\[\033[01;32m\]\u@\h\[\033[00m\]:\[\033[01;34m\]\w\[\033[00m\]\$ VIRTUAL_ENV_PROMPT=(python-3.9.21) /usr/bin/cmake /home/udito/OneDrive/UDITO/udito/ROS/ros2_ws/src/ldrobot-lidar-ros2/ldlidar_component -DCMAKE_BUILD_TYPE=Release -DAMENT_CMAKE_SYMLINK_INSTALL=1 -DCMAKE_INSTALL_PREFIX=/home/udito/OneDrive/UDITO/udito/ROS/ros2_ws/install/ldlidar_component
