[2.112s] Invoking command in '/home/udito/OneDrive/UDITO/udito/ROS/ros2_ws/build/examples_rclpy_minimal_action_client': PYTHONPATH=/home/udito/OneDrive/UDITO/udito/ROS/ros2_ws/build/examples_rclpy_minimal_action_client/prefix_override:/usr/lib/python3/dist-packages/colcon_core/task/python/colcon_distutils_commands:/home/udito/OneDrive/UDITO/udito/ROS/ros2_ws/install/examples_rclpy_minimal_action_client/lib/python3.10/site-packages:${PYTHONPATH} /usr/bin/python3 -W ignore:setup.py install is deprecated -W ignore:easy_install command is deprecated setup.py develop --editable --build-directory /home/udito/OneDrive/UDITO/udito/ROS/ros2_ws/build/examples_rclpy_minimal_action_client/build --no-deps symlink_data
[2.645s] running develop
[2.995s] running egg_info
[2.996s] creating examples_rclpy_minimal_action_client.egg-info
[2.996s] writing examples_rclpy_minimal_action_client.egg-info/PKG-INFO
[2.996s] writing dependency_links to examples_rclpy_minimal_action_client.egg-info/dependency_links.txt
[2.996s] writing entry points to examples_rclpy_minimal_action_client.egg-info/entry_points.txt
[2.996s] writing requirements to examples_rclpy_minimal_action_client.egg-info/requires.txt
[2.996s] writing top-level names to examples_rclpy_minimal_action_client.egg-info/top_level.txt
[2.996s] writing manifest file 'examples_rclpy_minimal_action_client.egg-info/SOURCES.txt'
[3.000s] reading manifest file 'examples_rclpy_minimal_action_client.egg-info/SOURCES.txt'
[3.000s] writing manifest file 'examples_rclpy_minimal_action_client.egg-info/SOURCES.txt'
[3.084s] running build_ext
[3.084s] Creating /home/udito/OneDrive/UDITO/udito/ROS/ros2_ws/install/examples_rclpy_minimal_action_client/lib/python3.10/site-packages/examples-rclpy-minimal-action-client.egg-link (link to .)
[3.084s] Installing client script to /home/udito/OneDrive/UDITO/udito/ROS/ros2_ws/install/examples_rclpy_minimal_action_client/lib/examples_rclpy_minimal_action_client
[3.084s] Installing client_asyncio script to /home/udito/OneDrive/UDITO/udito/ROS/ros2_ws/install/examples_rclpy_minimal_action_client/lib/examples_rclpy_minimal_action_client
[3.084s] Installing client_cancel script to /home/udito/OneDrive/UDITO/udito/ROS/ros2_ws/install/examples_rclpy_minimal_action_client/lib/examples_rclpy_minimal_action_client
[3.084s] Installing client_not_composable script to /home/udito/OneDrive/UDITO/udito/ROS/ros2_ws/install/examples_rclpy_minimal_action_client/lib/examples_rclpy_minimal_action_client
[3.084s] 
[3.084s] Installed /home/udito/OneDrive/UDITO/udito/ROS/ros2_ws/build/examples_rclpy_minimal_action_client
[3.084s] running symlink_data
[3.085s] creating /home/udito/OneDrive/UDITO/udito/ROS/ros2_ws/install/examples_rclpy_minimal_action_client/share/ament_index
[3.085s] creating /home/udito/OneDrive/UDITO/udito/ROS/ros2_ws/install/examples_rclpy_minimal_action_client/share/ament_index/resource_index
[3.085s] creating /home/udito/OneDrive/UDITO/udito/ROS/ros2_ws/install/examples_rclpy_minimal_action_client/share/ament_index/resource_index/packages
[3.085s] symbolically linking /home/udito/OneDrive/UDITO/udito/ROS/ros2_ws/build/examples_rclpy_minimal_action_client/resource/examples_rclpy_minimal_action_client -> /home/udito/OneDrive/UDITO/udito/ROS/ros2_ws/install/examples_rclpy_minimal_action_client/share/ament_index/resource_index/packages
[3.085s] symbolically linking /home/udito/OneDrive/UDITO/udito/ROS/ros2_ws/build/examples_rclpy_minimal_action_client/package.xml -> /home/udito/OneDrive/UDITO/udito/ROS/ros2_ws/install/examples_rclpy_minimal_action_client/share/examples_rclpy_minimal_action_client
[3.163s] Invoked command in '/home/udito/OneDrive/UDITO/udito/ROS/ros2_ws/build/examples_rclpy_minimal_action_client' returned '0': PYTHONPATH=/home/udito/OneDrive/UDITO/udito/ROS/ros2_ws/build/examples_rclpy_minimal_action_client/prefix_override:/usr/lib/python3/dist-packages/colcon_core/task/python/colcon_distutils_commands:/home/udito/OneDrive/UDITO/udito/ROS/ros2_ws/install/examples_rclpy_minimal_action_client/lib/python3.10/site-packages:${PYTHONPATH} /usr/bin/python3 -W ignore:setup.py install is deprecated -W ignore:easy_install command is deprecated setup.py develop --editable --build-directory /home/udito/OneDrive/UDITO/udito/ROS/ros2_ws/build/examples_rclpy_minimal_action_client/build --no-deps symlink_data
