[0.033s] Invoking command in '/home/udito/OneDrive/UDITO/udito/ROS/ros2_ws/build/examples_rclcpp_minimal_timer': CMAKE_PREFIX_PATH=/opt/ros/humble /usr/bin/cmake /home/udito/OneDrive/UDITO/udito/ROS/ros2_ws/src/examples/rclcpp/timers/minimal_timer -DCMAKE_INSTALL_PREFIX=/home/udito/OneDrive/UDITO/udito/ROS/ros2_ws/install/examples_rclcpp_minimal_timer
[0.062s] -- Found ament_cmake: 1.3.11 (/opt/ros/humble/share/ament_cmake/cmake)
[0.241s] -- Override CMake install command with custom implementation using symlinks instead of copying resources
[0.258s] -- Found rclcpp: 16.0.11 (/opt/ros/humble/share/rclcpp/cmake)
[0.310s] -- Found rosidl_generator_c: 3.1.6 (/opt/ros/humble/share/rosidl_generator_c/cmake)
[0.315s] -- Found rosidl_adapter: 3.1.6 (/opt/ros/humble/share/rosidl_adapter/cmake)
[0.323s] -- Found rosidl_generator_cpp: 3.1.6 (/opt/ros/humble/share/rosidl_generator_cpp/cmake)
[0.339s] -- Using all available rosidl_typesupport_c: rosidl_typesupport_fastrtps_c;rosidl_typesupport_introspection_c
[0.358s] -- Using all available rosidl_typesupport_cpp: rosidl_typesupport_fastrtps_cpp;rosidl_typesupport_introspection_cpp
[0.407s] -- Found rmw_implementation_cmake: 6.1.2 (/opt/ros/humble/share/rmw_implementation_cmake/cmake)
[0.412s] -- Found rmw_fastrtps_cpp: 6.2.7 (/opt/ros/humble/share/rmw_fastrtps_cpp/cmake)
[0.651s] -- Using RMW implementation 'rmw_fastrtps_cpp' as default
[0.856s] -- Found ament_lint_auto: 0.12.11 (/opt/ros/humble/share/ament_lint_auto/cmake)
[1.102s] -- Added test 'copyright' to check source files copyright and LICENSE
[1.102s] -- Added test 'cppcheck' to perform static code analysis on C / C++ code
[1.103s] -- Configured cppcheck include dirs: 
[1.103s] -- Configured cppcheck exclude dirs and/or files: 
[1.104s] -- Added test 'cpplint' to check C / C++ code against the Google style
[1.104s] -- Configured cpplint exclude dirs and/or files: 
[1.106s] -- Added test 'lint_cmake' to check CMake code style
[1.109s] -- Added test 'uncrustify' to check C / C++ code style
[1.109s] -- Configured uncrustify additional arguments: 
[1.109s] -- Added test 'xmllint' to check XML markup files
[1.114s] -- Configuring done
[1.150s] -- Generating done
[1.162s] -- Build files have been written to: /home/udito/OneDrive/UDITO/udito/ROS/ros2_ws/build/examples_rclcpp_minimal_timer
[1.175s] Invoked command in '/home/udito/OneDrive/UDITO/udito/ROS/ros2_ws/build/examples_rclcpp_minimal_timer' returned '0': CMAKE_PREFIX_PATH=/opt/ros/humble /usr/bin/cmake /home/udito/OneDrive/UDITO/udito/ROS/ros2_ws/src/examples/rclcpp/timers/minimal_timer -DCMAKE_INSTALL_PREFIX=/home/udito/OneDrive/UDITO/udito/ROS/ros2_ws/install/examples_rclcpp_minimal_timer
[1.180s] Invoking command in '/home/udito/OneDrive/UDITO/udito/ROS/ros2_ws/build/examples_rclcpp_minimal_timer': CMAKE_PREFIX_PATH=/opt/ros/humble /usr/bin/cmake --build /home/udito/OneDrive/UDITO/udito/ROS/ros2_ws/build/examples_rclcpp_minimal_timer -- -j2 -l2
[1.243s] [35m[1mConsolidate compiler generated dependencies of target timer_lambda[0m
[1.263s] [ 50%] Built target timer_lambda
[1.279s] [35m[1mConsolidate compiler generated dependencies of target timer_member_function[0m
[1.303s] [100%] Built target timer_member_function
[1.324s] Invoked command in '/home/udito/OneDrive/UDITO/udito/ROS/ros2_ws/build/examples_rclcpp_minimal_timer' returned '0': CMAKE_PREFIX_PATH=/opt/ros/humble /usr/bin/cmake --build /home/udito/OneDrive/UDITO/udito/ROS/ros2_ws/build/examples_rclcpp_minimal_timer -- -j2 -l2
[1.324s] Invoking command in '/home/udito/OneDrive/UDITO/udito/ROS/ros2_ws/build/examples_rclcpp_minimal_timer': CMAKE_PREFIX_PATH=/opt/ros/humble /usr/bin/cmake --install /home/udito/OneDrive/UDITO/udito/ROS/ros2_ws/build/examples_rclcpp_minimal_timer
[1.340s] -- Install configuration: ""
[1.340s] -- Execute custom install script
[1.342s] -- Up-to-date symlink: /home/udito/OneDrive/UDITO/udito/ROS/ros2_ws/install/examples_rclcpp_minimal_timer/lib/examples_rclcpp_minimal_timer/timer_lambda
[1.343s] -- Up-to-date symlink: /home/udito/OneDrive/UDITO/udito/ROS/ros2_ws/install/examples_rclcpp_minimal_timer/lib/examples_rclcpp_minimal_timer/timer_member_function
[1.343s] -- Up-to-date symlink: /home/udito/OneDrive/UDITO/udito/ROS/ros2_ws/install/examples_rclcpp_minimal_timer/share/ament_index/resource_index/package_run_dependencies/examples_rclcpp_minimal_timer
[1.344s] -- Up-to-date symlink: /home/udito/OneDrive/UDITO/udito/ROS/ros2_ws/install/examples_rclcpp_minimal_timer/share/ament_index/resource_index/parent_prefix_path/examples_rclcpp_minimal_timer
[1.345s] -- Up-to-date symlink: /home/udito/OneDrive/UDITO/udito/ROS/ros2_ws/install/examples_rclcpp_minimal_timer/share/examples_rclcpp_minimal_timer/environment/ament_prefix_path.sh
[1.346s] -- Up-to-date symlink: /home/udito/OneDrive/UDITO/udito/ROS/ros2_ws/install/examples_rclcpp_minimal_timer/share/examples_rclcpp_minimal_timer/environment/ament_prefix_path.dsv
[1.346s] -- Up-to-date symlink: /home/udito/OneDrive/UDITO/udito/ROS/ros2_ws/install/examples_rclcpp_minimal_timer/share/examples_rclcpp_minimal_timer/environment/path.sh
[1.347s] -- Up-to-date symlink: /home/udito/OneDrive/UDITO/udito/ROS/ros2_ws/install/examples_rclcpp_minimal_timer/share/examples_rclcpp_minimal_timer/environment/path.dsv
[1.347s] -- Up-to-date symlink: /home/udito/OneDrive/UDITO/udito/ROS/ros2_ws/install/examples_rclcpp_minimal_timer/share/examples_rclcpp_minimal_timer/local_setup.bash
[1.348s] -- Up-to-date symlink: /home/udito/OneDrive/UDITO/udito/ROS/ros2_ws/install/examples_rclcpp_minimal_timer/share/examples_rclcpp_minimal_timer/local_setup.sh
[1.349s] -- Up-to-date symlink: /home/udito/OneDrive/UDITO/udito/ROS/ros2_ws/install/examples_rclcpp_minimal_timer/share/examples_rclcpp_minimal_timer/local_setup.zsh
[1.349s] -- Up-to-date symlink: /home/udito/OneDrive/UDITO/udito/ROS/ros2_ws/install/examples_rclcpp_minimal_timer/share/examples_rclcpp_minimal_timer/local_setup.dsv
[1.350s] -- Symlinking: /home/udito/OneDrive/UDITO/udito/ROS/ros2_ws/install/examples_rclcpp_minimal_timer/share/examples_rclcpp_minimal_timer/package.dsv
[1.368s] -- Up-to-date symlink: /home/udito/OneDrive/UDITO/udito/ROS/ros2_ws/install/examples_rclcpp_minimal_timer/share/ament_index/resource_index/packages/examples_rclcpp_minimal_timer
[1.372s] -- Up-to-date symlink: /home/udito/OneDrive/UDITO/udito/ROS/ros2_ws/install/examples_rclcpp_minimal_timer/share/examples_rclcpp_minimal_timer/cmake/examples_rclcpp_minimal_timerConfig.cmake
[1.372s] -- Up-to-date symlink: /home/udito/OneDrive/UDITO/udito/ROS/ros2_ws/install/examples_rclcpp_minimal_timer/share/examples_rclcpp_minimal_timer/cmake/examples_rclcpp_minimal_timerConfig-version.cmake
[1.372s] -- Up-to-date symlink: /home/udito/OneDrive/UDITO/udito/ROS/ros2_ws/install/examples_rclcpp_minimal_timer/share/examples_rclcpp_minimal_timer/package.xml
[1.376s] Invoked command in '/home/udito/OneDrive/UDITO/udito/ROS/ros2_ws/build/examples_rclcpp_minimal_timer' returned '0': CMAKE_PREFIX_PATH=/opt/ros/humble /usr/bin/cmake --install /home/udito/OneDrive/UDITO/udito/ROS/ros2_ws/build/examples_rclcpp_minimal_timer
