[0.492s] Invoking command in '/home/vboxuser/OneDrive/UDITO/udito/ros2_ws/src/head_package': PYTHONPATH=/home/vboxuser/OneDrive/UDITO/udito/ros2_ws/build/head_package/prefix_override:/usr/lib/python3/dist-packages/colcon_core/task/python/colcon_distutils_commands:/home/vboxuser/OneDrive/UDITO/udito/ros2_ws/install/head_package/lib/python3.10/site-packages:${PYTHONPATH} /usr/bin/python3 -W ignore:setup.py install is deprecated -W ignore:easy_install command is deprecated setup.py egg_info --egg-base ../../build/head_package build --build-base /home/vboxuser/OneDrive/UDITO/udito/ros2_ws/build/head_package/build install --record /home/vboxuser/OneDrive/UDITO/udito/ros2_ws/build/head_package/install.log --single-version-externally-managed install_data
[0.671s] running egg_info
[0.672s] writing ../../build/head_package/head_package.egg-info/PKG-INFO
[0.672s] writing dependency_links to ../../build/head_package/head_package.egg-info/dependency_links.txt
[0.672s] writing entry points to ../../build/head_package/head_package.egg-info/entry_points.txt
[0.672s] writing requirements to ../../build/head_package/head_package.egg-info/requires.txt
[0.672s] writing top-level names to ../../build/head_package/head_package.egg-info/top_level.txt
[0.674s] reading manifest file '../../build/head_package/head_package.egg-info/SOURCES.txt'
[0.674s] adding license file 'LICENSE'
[0.674s] writing manifest file '../../build/head_package/head_package.egg-info/SOURCES.txt'
[0.674s] running build
[0.674s] running build_py
[0.675s] running install
[0.675s] running install_lib
[0.676s] running install_data
[0.676s] copying package.xml -> /home/vboxuser/OneDrive/UDITO/udito/ros2_ws/install/head_package/share/head_package
[0.676s] running install_egg_info
[0.678s] removing '/home/vboxuser/OneDrive/UDITO/udito/ros2_ws/install/head_package/lib/python3.10/site-packages/head_package-0.0.0-py3.10.egg-info' (and everything under it)
[0.678s] Copying ../../build/head_package/head_package.egg-info to /home/vboxuser/OneDrive/UDITO/udito/ros2_ws/install/head_package/lib/python3.10/site-packages/head_package-0.0.0-py3.10.egg-info
[0.678s] running install_scripts
[0.696s] Installing head_node script to /home/vboxuser/OneDrive/UDITO/udito/ros2_ws/install/head_package/lib/head_package
[0.696s] Installing listener script to /home/vboxuser/OneDrive/UDITO/udito/ros2_ws/install/head_package/lib/head_package
[0.696s] Installing talker script to /home/vboxuser/OneDrive/UDITO/udito/ros2_ws/install/head_package/lib/head_package
[0.696s] writing list of installed files to '/home/vboxuser/OneDrive/UDITO/udito/ros2_ws/build/head_package/install.log'
[0.720s] Invoked command in '/home/vboxuser/OneDrive/UDITO/udito/ros2_ws/src/head_package' returned '0': PYTHONPATH=/home/vboxuser/OneDrive/UDITO/udito/ros2_ws/build/head_package/prefix_override:/usr/lib/python3/dist-packages/colcon_core/task/python/colcon_distutils_commands:/home/vboxuser/OneDrive/UDITO/udito/ros2_ws/install/head_package/lib/python3.10/site-packages:${PYTHONPATH} /usr/bin/python3 -W ignore:setup.py install is deprecated -W ignore:easy_install command is deprecated setup.py egg_info --egg-base ../../build/head_package build --build-base /home/vboxuser/OneDrive/UDITO/udito/ros2_ws/build/head_package/build install --record /home/vboxuser/OneDrive/UDITO/udito/ros2_ws/build/head_package/install.log --single-version-externally-managed install_data
