[1.593s] Invoking command in '/home/udito/OneDrive/UDITO/udito/ROS/ros2_ws/src/examples/rclpy/actions/minimal_action_server': PYTHONPATH=/home/udito/OneDrive/UDITO/udito/ROS/ros2_ws/build/examples_rclpy_minimal_action_server/prefix_override:/usr/lib/python3/dist-packages/colcon_core/task/python/colcon_distutils_commands:/home/udito/OneDrive/UDITO/udito/ROS/ros2_ws/install/examples_rclpy_minimal_action_server/lib/python3.10/site-packages:${PYTHONPATH} /usr/bin/python3 -W ignore:setup.py install is deprecated -W ignore:easy_install command is deprecated setup.py egg_info --egg-base ../../../../../build/examples_rclpy_minimal_action_server build --build-base /home/udito/OneDrive/UDITO/udito/ROS/ros2_ws/build/examples_rclpy_minimal_action_server/build install --record /home/udito/OneDrive/UDITO/udito/ROS/ros2_ws/build/examples_rclpy_minimal_action_server/install.log --single-version-externally-managed install_data
[2.009s] running egg_info
[2.012s] writing ../../../../../build/examples_rclpy_minimal_action_server/examples_rclpy_minimal_action_server.egg-info/PKG-INFO
[2.013s] writing dependency_links to ../../../../../build/examples_rclpy_minimal_action_server/examples_rclpy_minimal_action_server.egg-info/dependency_links.txt
[2.014s] writing entry points to ../../../../../build/examples_rclpy_minimal_action_server/examples_rclpy_minimal_action_server.egg-info/entry_points.txt
[2.014s] writing requirements to ../../../../../build/examples_rclpy_minimal_action_server/examples_rclpy_minimal_action_server.egg-info/requires.txt
[2.014s] writing top-level names to ../../../../../build/examples_rclpy_minimal_action_server/examples_rclpy_minimal_action_server.egg-info/top_level.txt
[2.020s] reading manifest file '../../../../../build/examples_rclpy_minimal_action_server/examples_rclpy_minimal_action_server.egg-info/SOURCES.txt'
[2.023s] writing manifest file '../../../../../build/examples_rclpy_minimal_action_server/examples_rclpy_minimal_action_server.egg-info/SOURCES.txt'
[2.023s] running build
[2.023s] running build_py
[2.025s] running install
[2.026s] running install_lib
[2.029s] running install_data
[2.030s] running install_egg_info
[2.034s] removing '/home/udito/OneDrive/UDITO/udito/ROS/ros2_ws/install/examples_rclpy_minimal_action_server/lib/python3.10/site-packages/examples_rclpy_minimal_action_server-0.15.3-py3.10.egg-info' (and everything under it)
[2.034s] Copying ../../../../../build/examples_rclpy_minimal_action_server/examples_rclpy_minimal_action_server.egg-info to /home/udito/OneDrive/UDITO/udito/ROS/ros2_ws/install/examples_rclpy_minimal_action_server/lib/python3.10/site-packages/examples_rclpy_minimal_action_server-0.15.3-py3.10.egg-info
[2.038s] running install_scripts
[2.077s] Installing server script to /home/udito/OneDrive/UDITO/udito/ROS/ros2_ws/install/examples_rclpy_minimal_action_server/lib/examples_rclpy_minimal_action_server
[2.079s] Installing server_defer script to /home/udito/OneDrive/UDITO/udito/ROS/ros2_ws/install/examples_rclpy_minimal_action_server/lib/examples_rclpy_minimal_action_server
[2.079s] Installing server_not_composable script to /home/udito/OneDrive/UDITO/udito/ROS/ros2_ws/install/examples_rclpy_minimal_action_server/lib/examples_rclpy_minimal_action_server
[2.079s] Installing server_queue_goals script to /home/udito/OneDrive/UDITO/udito/ROS/ros2_ws/install/examples_rclpy_minimal_action_server/lib/examples_rclpy_minimal_action_server
[2.079s] Installing server_single_goal script to /home/udito/OneDrive/UDITO/udito/ROS/ros2_ws/install/examples_rclpy_minimal_action_server/lib/examples_rclpy_minimal_action_server
[2.080s] writing list of installed files to '/home/udito/OneDrive/UDITO/udito/ROS/ros2_ws/build/examples_rclpy_minimal_action_server/install.log'
[2.133s] Invoked command in '/home/udito/OneDrive/UDITO/udito/ROS/ros2_ws/src/examples/rclpy/actions/minimal_action_server' returned '0': PYTHONPATH=/home/udito/OneDrive/UDITO/udito/ROS/ros2_ws/build/examples_rclpy_minimal_action_server/prefix_override:/usr/lib/python3/dist-packages/colcon_core/task/python/colcon_distutils_commands:/home/udito/OneDrive/UDITO/udito/ROS/ros2_ws/install/examples_rclpy_minimal_action_server/lib/python3.10/site-packages:${PYTHONPATH} /usr/bin/python3 -W ignore:setup.py install is deprecated -W ignore:easy_install command is deprecated setup.py egg_info --egg-base ../../../../../build/examples_rclpy_minimal_action_server build --build-base /home/udito/OneDrive/UDITO/udito/ROS/ros2_ws/build/examples_rclpy_minimal_action_server/build install --record /home/udito/OneDrive/UDITO/udito/ROS/ros2_ws/build/examples_rclpy_minimal_action_server/install.log --single-version-externally-managed install_data
