[1.510s] Invoking command in '/home/udito/OneDrive/UDITO/udito/ROS/ros2_ws/src/examples/rclpy/services/minimal_client': PYTHONPATH=/home/udito/OneDrive/UDITO/udito/ROS/ros2_ws/build/examples_rclpy_minimal_client/prefix_override:/usr/lib/python3/dist-packages/colcon_core/task/python/colcon_distutils_commands:/home/udito/OneDrive/UDITO/udito/ROS/ros2_ws/install/examples_rclpy_minimal_client/lib/python3.10/site-packages:${PYTHONPATH} /usr/bin/python3 -W ignore:setup.py install is deprecated -W ignore:easy_install command is deprecated setup.py egg_info --egg-base ../../../../../build/examples_rclpy_minimal_client build --build-base /home/udito/OneDrive/UDITO/udito/ROS/ros2_ws/build/examples_rclpy_minimal_client/build install --record /home/udito/OneDrive/UDITO/udito/ROS/ros2_ws/build/examples_rclpy_minimal_client/install.log --single-version-externally-managed install_data
[1.911s] running egg_info
[1.913s] writing ../../../../../build/examples_rclpy_minimal_client/examples_rclpy_minimal_client.egg-info/PKG-INFO
[1.914s] writing dependency_links to ../../../../../build/examples_rclpy_minimal_client/examples_rclpy_minimal_client.egg-info/dependency_links.txt
[1.915s] writing entry points to ../../../../../build/examples_rclpy_minimal_client/examples_rclpy_minimal_client.egg-info/entry_points.txt
[1.915s] writing requirements to ../../../../../build/examples_rclpy_minimal_client/examples_rclpy_minimal_client.egg-info/requires.txt
[1.915s] writing top-level names to ../../../../../build/examples_rclpy_minimal_client/examples_rclpy_minimal_client.egg-info/top_level.txt
[1.922s] reading manifest file '../../../../../build/examples_rclpy_minimal_client/examples_rclpy_minimal_client.egg-info/SOURCES.txt'
[1.924s] writing manifest file '../../../../../build/examples_rclpy_minimal_client/examples_rclpy_minimal_client.egg-info/SOURCES.txt'
[1.924s] running build
[1.924s] running build_py
[1.926s] running install
[1.927s] running install_lib
[1.933s] running install_data
[1.933s] running install_egg_info
[1.935s] removing '/home/udito/OneDrive/UDITO/udito/ROS/ros2_ws/install/examples_rclpy_minimal_client/lib/python3.10/site-packages/examples_rclpy_minimal_client-0.15.3-py3.10.egg-info' (and everything under it)
[1.935s] Copying ../../../../../build/examples_rclpy_minimal_client/examples_rclpy_minimal_client.egg-info to /home/udito/OneDrive/UDITO/udito/ROS/ros2_ws/install/examples_rclpy_minimal_client/lib/python3.10/site-packages/examples_rclpy_minimal_client-0.15.3-py3.10.egg-info
[1.939s] running install_scripts
[1.979s] Installing client script to /home/udito/OneDrive/UDITO/udito/ROS/ros2_ws/install/examples_rclpy_minimal_client/lib/examples_rclpy_minimal_client
[1.980s] Installing client_async script to /home/udito/OneDrive/UDITO/udito/ROS/ros2_ws/install/examples_rclpy_minimal_client/lib/examples_rclpy_minimal_client
[1.982s] Installing client_async_callback script to /home/udito/OneDrive/UDITO/udito/ROS/ros2_ws/install/examples_rclpy_minimal_client/lib/examples_rclpy_minimal_client
[1.983s] Installing client_async_member_function script to /home/udito/OneDrive/UDITO/udito/ROS/ros2_ws/install/examples_rclpy_minimal_client/lib/examples_rclpy_minimal_client
[1.985s] writing list of installed files to '/home/udito/OneDrive/UDITO/udito/ROS/ros2_ws/build/examples_rclpy_minimal_client/install.log'
[2.036s] Invoked command in '/home/udito/OneDrive/UDITO/udito/ROS/ros2_ws/src/examples/rclpy/services/minimal_client' returned '0': PYTHONPATH=/home/udito/OneDrive/UDITO/udito/ROS/ros2_ws/build/examples_rclpy_minimal_client/prefix_override:/usr/lib/python3/dist-packages/colcon_core/task/python/colcon_distutils_commands:/home/udito/OneDrive/UDITO/udito/ROS/ros2_ws/install/examples_rclpy_minimal_client/lib/python3.10/site-packages:${PYTHONPATH} /usr/bin/python3 -W ignore:setup.py install is deprecated -W ignore:easy_install command is deprecated setup.py egg_info --egg-base ../../../../../build/examples_rclpy_minimal_client build --build-base /home/udito/OneDrive/UDITO/udito/ROS/ros2_ws/build/examples_rclpy_minimal_client/build install --record /home/udito/OneDrive/UDITO/udito/ROS/ros2_ws/build/examples_rclpy_minimal_client/install.log --single-version-externally-managed install_data
