[0.027s] Invoking command in '/home/udito/OneDrive/UDITO/udito/ROS/ros2_ws/build/turtlesim': CMAKE_PREFIX_PATH=/opt/ros/humble PS1=(python-3.9.21) \[\e]0;\u@\h: \w\a\]${debian_chroot:+($debian_chroot)}\[\033[01;32m\]\u@\h\[\033[00m\]:\[\033[01;34m\]\w\[\033[00m\]\$ VIRTUAL_ENV_PROMPT=(python-3.9.21) /usr/bin/cmake /home/udito/OneDrive/UDITO/udito/ROS/ros2_ws/src/ros_tutorials/turtlesim -DCMAKE_INSTALL_PREFIX=/home/udito/OneDrive/UDITO/udito/ROS/ros2_ws/install/turtlesim
[0.057s] -- Found ament_cmake: 1.3.11 (/opt/ros/humble/share/ament_cmake/cmake)
[0.326s] -- Found ament_index_cpp: 1.4.0 (/opt/ros/humble/share/ament_index_cpp/cmake)
[0.329s] -- Found geometry_msgs: 4.2.4 (/opt/ros/humble/share/geometry_msgs/cmake)
[0.363s] -- Found rosidl_generator_c: 3.1.6 (/opt/ros/humble/share/rosidl_generator_c/cmake)
[0.367s] -- Found rosidl_adapter: 3.1.6 (/opt/ros/humble/share/rosidl_adapter/cmake)
[0.375s] -- Found rosidl_generator_cpp: 3.1.6 (/opt/ros/humble/share/rosidl_generator_cpp/cmake)
[0.390s] -- Using all available rosidl_typesupport_c: rosidl_typesupport_fastrtps_c;rosidl_typesupport_introspection_c
[0.416s] -- Using all available rosidl_typesupport_cpp: rosidl_typesupport_fastrtps_cpp;rosidl_typesupport_introspection_cpp
[0.483s] -- Found rclcpp: 16.0.11 (/opt/ros/humble/share/rclcpp/cmake)
[0.527s] -- Found rmw_implementation_cmake: 6.1.2 (/opt/ros/humble/share/rmw_implementation_cmake/cmake)
[0.528s] -- Found rmw_fastrtps_cpp: 6.2.7 (/opt/ros/humble/share/rmw_fastrtps_cpp/cmake)
[0.678s] -- Using RMW implementation 'rmw_fastrtps_cpp' as default
[0.861s] -- Found rclcpp_action: 16.0.11 (/opt/ros/humble/share/rclcpp_action/cmake)
[0.969s] -- Found rosidl_default_generators: 1.2.0 (/opt/ros/humble/share/rosidl_default_generators/cmake)
[0.989s] -- Found std_srvs: 4.2.4 (/opt/ros/humble/share/std_srvs/cmake)
[1.198s] [31mCMake Error at /opt/ros/humble/share/rosidl_adapter/cmake/rosidl_adapt_interfaces.cmake:59 (message):
[1.198s]   execute_process(/usr/local/bin/python3 -m rosidl_adapter --package-name
[1.198s]   turtlesim --arguments-file
[1.198s]   /home/udito/OneDrive/UDITO/udito/ROS/ros2_ws/build/turtlesim/rosidl_adapter__arguments__turtlesim.json
[1.198s]   --output-dir
[1.198s]   /home/udito/OneDrive/UDITO/udito/ROS/ros2_ws/build/turtlesim/rosidl_adapter/turtlesim
[1.198s]   --output-file
[1.198s]   /home/udito/OneDrive/UDITO/udito/ROS/ros2_ws/build/turtlesim/rosidl_adapter/turtlesim.idls)
[1.198s]   returned error code 1:
[1.198s] 
[1.198s]   Traceback (most recent call last):
[1.199s] 
[1.199s]     File "/usr/local/lib/python3.9/runpy.py", line 197, in _run_module_as_main
[1.199s]       return _run_code(code, main_globals, None,
[1.199s]     File "/usr/local/lib/python3.9/runpy.py", line 87, in _run_code
[1.199s]       exec(code, run_globals)
[1.199s]     File "/opt/ros/humble/local/lib/python3.10/dist-packages/rosidl_adapter/__main__.py", line 19, in <module>
[1.199s]       sys.exit(main())
[1.199s]     File "/opt/ros/humble/local/lib/python3.10/dist-packages/rosidl_adapter/main.py", line 53, in main
[1.199s]       abs_idl_file = convert_to_idl(
[1.199s]     File "/opt/ros/humble/local/lib/python3.10/dist-packages/rosidl_adapter/__init__.py", line 28, in convert_to_idl
[1.199s]       from rosidl_adapter.action import convert_action_to_idl
[1.199s]     File "/opt/ros/humble/local/lib/python3.10/dist-packages/rosidl_adapter/action/__init__.py", line 16, in <module>
[1.199s]       from rosidl_adapter.resource import expand_template
[1.200s]     File "/opt/ros/humble/local/lib/python3.10/dist-packages/rosidl_adapter/resource/__init__.py", line 19, in <module>
[1.200s]       import em
[1.200s] 
[1.200s]   ModuleNotFoundError: No module named 'em'
[1.200s] 
[1.203s] -- Configuring incomplete, errors occurred!
[1.203s] Call Stack (most recent call first):
[1.203s]   /opt/ros/humble/share/rosidl_cmake/cmake/rosidl_generate_interfaces.cmake:130 (rosidl_adapt_interfaces)
[1.203s]   CMakeLists.txt:24 (rosidl_generate_interfaces)
[1.203s] 
[1.203s] [0m
[1.203s] See also "/home/udito/OneDrive/UDITO/udito/ROS/ros2_ws/build/turtlesim/CMakeFiles/CMakeOutput.log".
[1.213s] Invoked command in '/home/udito/OneDrive/UDITO/udito/ROS/ros2_ws/build/turtlesim' returned '1': CMAKE_PREFIX_PATH=/opt/ros/humble PS1=(python-3.9.21) \[\e]0;\u@\h: \w\a\]${debian_chroot:+($debian_chroot)}\[\033[01;32m\]\u@\h\[\033[00m\]:\[\033[01;34m\]\w\[\033[00m\]\$ VIRTUAL_ENV_PROMPT=(python-3.9.21) /usr/bin/cmake /home/udito/OneDrive/UDITO/udito/ROS/ros2_ws/src/ros_tutorials/turtlesim -DCMAKE_INSTALL_PREFIX=/home/udito/OneDrive/UDITO/udito/ROS/ros2_ws/install/turtlesim
