[0.201s] Invoking command in '/home/vboxuser/OneDrive/UDITO/udito/ros2_ws/build/respeaker_ros': /usr/bin/cmake /home/vboxuser/OneDrive/UDITO/udito/ros2_ws/src/respeaker_ros -DCATKIN_INSTALL_INTO_PREFIX_ROOT=0 -DCMAKE_INSTALL_PREFIX=/home/vboxuser/OneDrive/UDITO/udito/ros2_ws/install/respeaker_ros
[0.218s] [0mCMake Deprecation Warning at CMakeLists.txt:1 (cmake_minimum_required):
[0.219s]   Compatibility with CMake < 2.8.12 will be removed from a future version of
[0.219s]   CMake.
[0.219s] 
[0.219s]   Update the VERSION argument <min> value or use a ...<max> suffix to tell
[0.220s]   CMake that the project does not need compatibility with older versions.
[0.220s] 
[0.220s] [0m
[0.326s] -- The C compiler identification is GNU 11.4.0
[0.533s] -- The CXX compiler identification is GNU 11.4.0
[0.570s] -- Detecting C compiler ABI info
[0.699s] -- Detecting C compiler ABI info - done
[0.710s] -- Check for working C compiler: /usr/bin/cc - skipped
[0.713s] -- Detecting C compile features
[0.713s] -- Detecting C compile features - done
[0.717s] -- Detecting CXX compiler ABI info
[0.851s] -- Detecting CXX compiler ABI info - done
[0.858s] -- Check for working CXX compiler: /usr/bin/c++ - skipped
[0.858s] -- Detecting CXX compile features
[0.859s] -- Detecting CXX compile features - done
[0.880s] [31mCMake Error at CMakeLists.txt:4 (find_package):
[0.880s]   By not providing "Findcatkin.cmake" in CMAKE_MODULE_PATH this project has
[0.880s]   asked CMake to find a package configuration file provided by "catkin", but
[0.880s]   CMake did not find one.
[0.880s] 
[0.880s]   Could not find a package configuration file provided by "catkin" with any
[0.880s]   of the following names:
[0.880s] 
[0.880s] -- Configuring incomplete, errors occurred!
[0.880s] See also "/home/vboxuser/OneDrive/UDITO/udito/ros2_ws/build/respeaker_ros/CMakeFiles/CMakeOutput.log".
[0.881s]     catkinConfig.cmake
[0.881s]     catkin-config.cmake
[0.881s] 
[0.881s]   Add the installation prefix of "catkin" to CMAKE_PREFIX_PATH or set
[0.881s]   "catkin_DIR" to a directory containing one of the above files.  If "catkin"
[0.881s]   provides a separate development package or SDK, be sure it has been
[0.881s]   installed.
[0.881s] 
[0.882s] [0m
[0.886s] Invoked command in '/home/vboxuser/OneDrive/UDITO/udito/ros2_ws/build/respeaker_ros' returned '1': /usr/bin/cmake /home/vboxuser/OneDrive/UDITO/udito/ros2_ws/src/respeaker_ros -DCATKIN_INSTALL_INTO_PREFIX_ROOT=0 -DCMAKE_INSTALL_PREFIX=/home/vboxuser/OneDrive/UDITO/udito/ros2_ws/install/respeaker_ros
