[1.412s] Invoking command in '/home/udito/OneDrive/UDITO/udito/ROS/ros2_ws/build/examples_rclpy_minimal_publisher': PYTHONPATH=/home/udito/OneDrive/UDITO/udito/ROS/ros2_ws/build/examples_rclpy_minimal_publisher/prefix_override:/usr/lib/python3/dist-packages/colcon_core/task/python/colcon_distutils_commands:/home/udito/OneDrive/UDITO/udito/ROS/ros2_ws/install/examples_rclpy_minimal_publisher/lib/python3.10/site-packages:${PYTHONPATH} /usr/bin/python3 -W ignore:setup.py install is deprecated -W ignore:easy_install command is deprecated setup.py develop --editable --build-directory /home/udito/OneDrive/UDITO/udito/ROS/ros2_ws/build/examples_rclpy_minimal_publisher/build --no-deps symlink_data
[1.989s] running develop
[2.400s] running egg_info
[2.400s] creating examples_rclpy_minimal_publisher.egg-info
[2.400s] writing examples_rclpy_minimal_publisher.egg-info/PKG-INFO
[2.400s] writing dependency_links to examples_rclpy_minimal_publisher.egg-info/dependency_links.txt
[2.401s] writing entry points to examples_rclpy_minimal_publisher.egg-info/entry_points.txt
[2.401s] writing requirements to examples_rclpy_minimal_publisher.egg-info/requires.txt
[2.401s] writing top-level names to examples_rclpy_minimal_publisher.egg-info/top_level.txt
[2.402s] writing manifest file 'examples_rclpy_minimal_publisher.egg-info/SOURCES.txt'
[2.405s] reading manifest file 'examples_rclpy_minimal_publisher.egg-info/SOURCES.txt'
[2.406s] writing manifest file 'examples_rclpy_minimal_publisher.egg-info/SOURCES.txt'
[2.479s] running build_ext
[2.481s] Creating /home/udito/OneDrive/UDITO/udito/ROS/ros2_ws/install/examples_rclpy_minimal_publisher/lib/python3.10/site-packages/examples-rclpy-minimal-publisher.egg-link (link to .)
[2.482s] Installing publisher_local_function script to /home/udito/OneDrive/UDITO/udito/ROS/ros2_ws/install/examples_rclpy_minimal_publisher/lib/examples_rclpy_minimal_publisher
[2.482s] Installing publisher_member_function script to /home/udito/OneDrive/UDITO/udito/ROS/ros2_ws/install/examples_rclpy_minimal_publisher/lib/examples_rclpy_minimal_publisher
[2.483s] Installing publisher_old_school script to /home/udito/OneDrive/UDITO/udito/ROS/ros2_ws/install/examples_rclpy_minimal_publisher/lib/examples_rclpy_minimal_publisher
[2.483s] 
[2.483s] Installed /home/udito/OneDrive/UDITO/udito/ROS/ros2_ws/build/examples_rclpy_minimal_publisher
[2.484s] running symlink_data
[2.484s] creating /home/udito/OneDrive/UDITO/udito/ROS/ros2_ws/install/examples_rclpy_minimal_publisher/share/ament_index
[2.484s] creating /home/udito/OneDrive/UDITO/udito/ROS/ros2_ws/install/examples_rclpy_minimal_publisher/share/ament_index/resource_index
[2.485s] creating /home/udito/OneDrive/UDITO/udito/ROS/ros2_ws/install/examples_rclpy_minimal_publisher/share/ament_index/resource_index/packages
[2.485s] symbolically linking /home/udito/OneDrive/UDITO/udito/ROS/ros2_ws/build/examples_rclpy_minimal_publisher/resource/examples_rclpy_minimal_publisher -> /home/udito/OneDrive/UDITO/udito/ROS/ros2_ws/install/examples_rclpy_minimal_publisher/share/ament_index/resource_index/packages
[2.486s] symbolically linking /home/udito/OneDrive/UDITO/udito/ROS/ros2_ws/build/examples_rclpy_minimal_publisher/package.xml -> /home/udito/OneDrive/UDITO/udito/ROS/ros2_ws/install/examples_rclpy_minimal_publisher/share/examples_rclpy_minimal_publisher
[2.579s] Invoked command in '/home/udito/OneDrive/UDITO/udito/ROS/ros2_ws/build/examples_rclpy_minimal_publisher' returned '0': PYTHONPATH=/home/udito/OneDrive/UDITO/udito/ROS/ros2_ws/build/examples_rclpy_minimal_publisher/prefix_override:/usr/lib/python3/dist-packages/colcon_core/task/python/colcon_distutils_commands:/home/udito/OneDrive/UDITO/udito/ROS/ros2_ws/install/examples_rclpy_minimal_publisher/lib/python3.10/site-packages:${PYTHONPATH} /usr/bin/python3 -W ignore:setup.py install is deprecated -W ignore:easy_install command is deprecated setup.py develop --editable --build-directory /home/udito/OneDrive/UDITO/udito/ROS/ros2_ws/build/examples_rclpy_minimal_publisher/build --no-deps symlink_data
