[0.010s] Invoking command in '/home/udito/OneDrive/UDITO/udito/ROS/ros2_ws/build/ldlidar': AMENT_PREFIX_PATH=/home/udito/OneDrive/UDITO/udito/ROS/ros2_ws/install/ldlidar_node:/home/udito/OneDrive/UDITO/udito/ROS/ros2_ws/install/ldlidar_component:${AMENT_PREFIX_PATH} CMAKE_PREFIX_PATH=/home/udito/OneDrive/UDITO/udito/ROS/ros2_ws/install/ldlidar_node:/home/udito/OneDrive/UDITO/udito/ROS/ros2_ws/install/ldlidar_component:/opt/ros/humble LD_LIBRARY_PATH=/home/udito/OneDrive/UDITO/udito/ROS/ros2_ws/install/ldlidar_component/lib:${LD_LIBRARY_PATH} PS1=(python-3.9.21) \[\e]0;\u@\h: \w\a\]${debian_chroot:+($debian_chroot)}\[\033[01;32m\]\u@\h\[\033[00m\]:\[\033[01;34m\]\w\[\033[00m\]\$ VIRTUAL_ENV_PROMPT=(python-3.9.21) /usr/bin/cmake /home/udito/OneDrive/UDITO/udito/ROS/ros2_ws/src/ldrobot-lidar-ros2/ldlidar -DCMAKE_BUILD_TYPE=Release -DAMENT_CMAKE_SYMLINK_INSTALL=1 -DCMAKE_INSTALL_PREFIX=/home/udito/OneDrive/UDITO/udito/ROS/ros2_ws/install/ldlidar
[0.029s] -- Found ament_cmake: 1.3.11 (/opt/ros/humble/share/ament_cmake/cmake)
[0.523s] -- Found Python3: /usr/local/bin/python3 (found version "3.9.21") found components: Interpreter 
[0.611s] -- Override CMake install command with custom implementation using symlinks instead of copying resources
[0.774s] -- Configuring done
[0.777s] -- Generating done
[0.781s] -- Build files have been written to: /home/udito/OneDrive/UDITO/udito/ROS/ros2_ws/build/ldlidar
[0.784s] Invoked command in '/home/udito/OneDrive/UDITO/udito/ROS/ros2_ws/build/ldlidar' returned '0': AMENT_PREFIX_PATH=/home/udito/OneDrive/UDITO/udito/ROS/ros2_ws/install/ldlidar_node:/home/udito/OneDrive/UDITO/udito/ROS/ros2_ws/install/ldlidar_component:${AMENT_PREFIX_PATH} CMAKE_PREFIX_PATH=/home/udito/OneDrive/UDITO/udito/ROS/ros2_ws/install/ldlidar_node:/home/udito/OneDrive/UDITO/udito/ROS/ros2_ws/install/ldlidar_component:/opt/ros/humble LD_LIBRARY_PATH=/home/udito/OneDrive/UDITO/udito/ROS/ros2_ws/install/ldlidar_component/lib:${LD_LIBRARY_PATH} PS1=(python-3.9.21) \[\e]0;\u@\h: \w\a\]${debian_chroot:+($debian_chroot)}\[\033[01;32m\]\u@\h\[\033[00m\]:\[\033[01;34m\]\w\[\033[00m\]\$ VIRTUAL_ENV_PROMPT=(python-3.9.21) /usr/bin/cmake /home/udito/OneDrive/UDITO/udito/ROS/ros2_ws/src/ldrobot-lidar-ros2/ldlidar -DCMAKE_BUILD_TYPE=Release -DAMENT_CMAKE_SYMLINK_INSTALL=1 -DCMAKE_INSTALL_PREFIX=/home/udito/OneDrive/UDITO/udito/ROS/ros2_ws/install/ldlidar
[0.786s] Invoking command in '/home/udito/OneDrive/UDITO/udito/ROS/ros2_ws/build/ldlidar': AMENT_PREFIX_PATH=/home/udito/OneDrive/UDITO/udito/ROS/ros2_ws/install/ldlidar_node:/home/udito/OneDrive/UDITO/udito/ROS/ros2_ws/install/ldlidar_component:${AMENT_PREFIX_PATH} CMAKE_PREFIX_PATH=/home/udito/OneDrive/UDITO/udito/ROS/ros2_ws/install/ldlidar_node:/home/udito/OneDrive/UDITO/udito/ROS/ros2_ws/install/ldlidar_component:/opt/ros/humble LD_LIBRARY_PATH=/home/udito/OneDrive/UDITO/udito/ROS/ros2_ws/install/ldlidar_component/lib:${LD_LIBRARY_PATH} PS1=(python-3.9.21) \[\e]0;\u@\h: \w\a\]${debian_chroot:+($debian_chroot)}\[\033[01;32m\]\u@\h\[\033[00m\]:\[\033[01;34m\]\w\[\033[00m\]\$ VIRTUAL_ENV_PROMPT=(python-3.9.21) /usr/bin/cmake --build /home/udito/OneDrive/UDITO/udito/ROS/ros2_ws/build/ldlidar -- -j2 -l2
[0.835s] Invoked command in '/home/udito/OneDrive/UDITO/udito/ROS/ros2_ws/build/ldlidar' returned '0': AMENT_PREFIX_PATH=/home/udito/OneDrive/UDITO/udito/ROS/ros2_ws/install/ldlidar_node:/home/udito/OneDrive/UDITO/udito/ROS/ros2_ws/install/ldlidar_component:${AMENT_PREFIX_PATH} CMAKE_PREFIX_PATH=/home/udito/OneDrive/UDITO/udito/ROS/ros2_ws/install/ldlidar_node:/home/udito/OneDrive/UDITO/udito/ROS/ros2_ws/install/ldlidar_component:/opt/ros/humble LD_LIBRARY_PATH=/home/udito/OneDrive/UDITO/udito/ROS/ros2_ws/install/ldlidar_component/lib:${LD_LIBRARY_PATH} PS1=(python-3.9.21) \[\e]0;\u@\h: \w\a\]${debian_chroot:+($debian_chroot)}\[\033[01;32m\]\u@\h\[\033[00m\]:\[\033[01;34m\]\w\[\033[00m\]\$ VIRTUAL_ENV_PROMPT=(python-3.9.21) /usr/bin/cmake --build /home/udito/OneDrive/UDITO/udito/ROS/ros2_ws/build/ldlidar -- -j2 -l2
[0.836s] Invoking command in '/home/udito/OneDrive/UDITO/udito/ROS/ros2_ws/build/ldlidar': AMENT_PREFIX_PATH=/home/udito/OneDrive/UDITO/udito/ROS/ros2_ws/install/ldlidar_node:/home/udito/OneDrive/UDITO/udito/ROS/ros2_ws/install/ldlidar_component:${AMENT_PREFIX_PATH} CMAKE_PREFIX_PATH=/home/udito/OneDrive/UDITO/udito/ROS/ros2_ws/install/ldlidar_node:/home/udito/OneDrive/UDITO/udito/ROS/ros2_ws/install/ldlidar_component:/opt/ros/humble LD_LIBRARY_PATH=/home/udito/OneDrive/UDITO/udito/ROS/ros2_ws/install/ldlidar_component/lib:${LD_LIBRARY_PATH} PS1=(python-3.9.21) \[\e]0;\u@\h: \w\a\]${debian_chroot:+($debian_chroot)}\[\033[01;32m\]\u@\h\[\033[00m\]:\[\033[01;34m\]\w\[\033[00m\]\$ VIRTUAL_ENV_PROMPT=(python-3.9.21) /usr/bin/cmake --install /home/udito/OneDrive/UDITO/udito/ROS/ros2_ws/build/ldlidar
[0.848s] -- Install configuration: "Release"
[0.849s] -- Execute custom install script
[0.849s] -- Symlinking: /home/udito/OneDrive/UDITO/udito/ROS/ros2_ws/install/ldlidar/share/ament_index/resource_index/package_run_dependencies/ldlidar
[0.861s] -- Symlinking: /home/udito/OneDrive/UDITO/udito/ROS/ros2_ws/install/ldlidar/share/ament_index/resource_index/parent_prefix_path/ldlidar
[0.872s] -- Symlinking: /home/udito/OneDrive/UDITO/udito/ROS/ros2_ws/install/ldlidar/share/ldlidar/environment/ament_prefix_path.sh
[0.883s] -- Symlinking: /home/udito/OneDrive/UDITO/udito/ROS/ros2_ws/install/ldlidar/share/ldlidar/environment/ament_prefix_path.dsv
[0.894s] -- Symlinking: /home/udito/OneDrive/UDITO/udito/ROS/ros2_ws/install/ldlidar/share/ldlidar/environment/path.sh
[0.905s] -- Symlinking: /home/udito/OneDrive/UDITO/udito/ROS/ros2_ws/install/ldlidar/share/ldlidar/environment/path.dsv
[0.916s] -- Symlinking: /home/udito/OneDrive/UDITO/udito/ROS/ros2_ws/install/ldlidar/share/ldlidar/local_setup.bash
[0.927s] -- Symlinking: /home/udito/OneDrive/UDITO/udito/ROS/ros2_ws/install/ldlidar/share/ldlidar/local_setup.sh
[0.938s] -- Symlinking: /home/udito/OneDrive/UDITO/udito/ROS/ros2_ws/install/ldlidar/share/ldlidar/local_setup.zsh
[0.949s] -- Symlinking: /home/udito/OneDrive/UDITO/udito/ROS/ros2_ws/install/ldlidar/share/ldlidar/local_setup.dsv
[0.960s] -- Symlinking: /home/udito/OneDrive/UDITO/udito/ROS/ros2_ws/install/ldlidar/share/ldlidar/package.dsv
[0.971s] -- Symlinking: /home/udito/OneDrive/UDITO/udito/ROS/ros2_ws/install/ldlidar/share/ament_index/resource_index/packages/ldlidar
[0.982s] -- Symlinking: /home/udito/OneDrive/UDITO/udito/ROS/ros2_ws/install/ldlidar/share/ldlidar/cmake/ldlidarConfig.cmake
[0.993s] -- Symlinking: /home/udito/OneDrive/UDITO/udito/ROS/ros2_ws/install/ldlidar/share/ldlidar/cmake/ldlidarConfig-version.cmake
[1.004s] -- Symlinking: /home/udito/OneDrive/UDITO/udito/ROS/ros2_ws/install/ldlidar/share/ldlidar/package.xml
[1.017s] Invoked command in '/home/udito/OneDrive/UDITO/udito/ROS/ros2_ws/build/ldlidar' returned '0': AMENT_PREFIX_PATH=/home/udito/OneDrive/UDITO/udito/ROS/ros2_ws/install/ldlidar_node:/home/udito/OneDrive/UDITO/udito/ROS/ros2_ws/install/ldlidar_component:${AMENT_PREFIX_PATH} CMAKE_PREFIX_PATH=/home/udito/OneDrive/UDITO/udito/ROS/ros2_ws/install/ldlidar_node:/home/udito/OneDrive/UDITO/udito/ROS/ros2_ws/install/ldlidar_component:/opt/ros/humble LD_LIBRARY_PATH=/home/udito/OneDrive/UDITO/udito/ROS/ros2_ws/install/ldlidar_component/lib:${LD_LIBRARY_PATH} PS1=(python-3.9.21) \[\e]0;\u@\h: \w\a\]${debian_chroot:+($debian_chroot)}\[\033[01;32m\]\u@\h\[\033[00m\]:\[\033[01;34m\]\w\[\033[00m\]\$ VIRTUAL_ENV_PROMPT=(python-3.9.21) /usr/bin/cmake --install /home/udito/OneDrive/UDITO/udito/ROS/ros2_ws/build/ldlidar
