[0.215s] Invoking command in '/home/vboxuser/OneDrive/UDITO/udito/ros2_ws/build/respeaker_ros': /usr/bin/cmake /home/vboxuser/OneDrive/UDITO/udito/ros2_ws/src/respeaker_ros -DCATKIN_INSTALL_INTO_PREFIX_ROOT=0 -DCMAKE_INSTALL_PREFIX=/home/vboxuser/OneDrive/UDITO/udito/ros2_ws/install/respeaker_ros
[0.232s] [0mCMake Deprecation Warning at CMakeLists.txt:1 (cmake_minimum_required):
[0.233s]   Compatibility with CMake < 2.8.12 will be removed from a future version of
[0.233s]   CMake.
[0.233s] 
[0.233s]   Update the VERSION argument <min> value or use a ...<max> suffix to tell
[0.233s]   CMake that the project does not need compatibility with older versions.
[0.233s] 
[0.233s] [0m
[0.247s] [31mCMake Error at CMakeLists.txt:4 (find_package):
[0.247s]   By not providing "Findcatkin.cmake" in CMAKE_MODULE_PATH this project has
[0.248s]   asked CMake to find a package configuration file provided by "catkin", but
[0.248s]   CMake did not find one.
[0.248s] 
[0.248s]   Could not find a package configuration file provided by "catkin" with any
[0.248s]   of the following names:
[0.248s] 
[0.248s]     catkinConfig.cmake
[0.248s]     catkin-config.cmake
[0.248s] 
[0.250s]   Add the installation prefix of "catkin" to CMAKE_PREFIX_PATH or set
[0.250s]   "catkin_DIR" to a directory containing one of the above files.  If "catkin"
[0.250s]   provides a separate development package or SDK, be sure it has been
[0.250s]   installed.
[0.251s] 
[0.251s] [0m
[0.251s] -- Configuring incomplete, errors occurred!
[0.251s] See also "/home/vboxuser/OneDrive/UDITO/udito/ros2_ws/build/respeaker_ros/CMakeFiles/CMakeOutput.log".
[0.252s] Invoked command in '/home/vboxuser/OneDrive/UDITO/udito/ros2_ws/build/respeaker_ros' returned '1': /usr/bin/cmake /home/vboxuser/OneDrive/UDITO/udito/ros2_ws/src/respeaker_ros -DCATKIN_INSTALL_INTO_PREFIX_ROOT=0 -DCMAKE_INSTALL_PREFIX=/home/vboxuser/OneDrive/UDITO/udito/ros2_ws/install/respeaker_ros
