[0.000000] (-) TimerEvent: {}
[0.000766] (examples_rclcpp_async_client) JobQueued: {'identifier': 'examples_rclcpp_async_client', 'dependencies': OrderedDict()}
[0.000826] (examples_rclcpp_cbg_executor) JobQueued: {'identifier': 'examples_rclcpp_cbg_executor', 'dependencies': OrderedDict()}
[0.001273] (examples_rclcpp_minimal_action_client) JobQueued: {'identifier': 'examples_rclcpp_minimal_action_client', 'dependencies': OrderedDict()}
[0.001314] (examples_rclcpp_minimal_action_server) JobQueued: {'identifier': 'examples_rclcpp_minimal_action_server', 'dependencies': OrderedDict()}
[0.001511] (examples_rclcpp_minimal_client) JobQueued: {'identifier': 'examples_rclcpp_minimal_client', 'dependencies': OrderedDict()}
[0.001798] (examples_rclcpp_minimal_composition) JobQueued: {'identifier': 'examples_rclcpp_minimal_composition', 'dependencies': OrderedDict()}
[0.001972] (examples_rclcpp_minimal_publisher) JobQueued: {'identifier': 'examples_rclcpp_minimal_publisher', 'dependencies': OrderedDict()}
[0.002298] (examples_rclcpp_minimal_service) JobQueued: {'identifier': 'examples_rclcpp_minimal_service', 'dependencies': OrderedDict()}
[0.002334] (examples_rclcpp_minimal_subscriber) JobQueued: {'identifier': 'examples_rclcpp_minimal_subscriber', 'dependencies': OrderedDict()}
[0.002361] (examples_rclcpp_minimal_timer) JobQueued: {'identifier': 'examples_rclcpp_minimal_timer', 'dependencies': OrderedDict()}
[0.002387] (examples_rclcpp_multithreaded_executor) JobQueued: {'identifier': 'examples_rclcpp_multithreaded_executor', 'dependencies': OrderedDict()}
[0.002483] (examples_rclcpp_wait_set) JobQueued: {'identifier': 'examples_rclcpp_wait_set', 'dependencies': OrderedDict()}
[0.002523] (turtlesim) JobQueued: {'identifier': 'turtlesim', 'dependencies': OrderedDict()}
[0.002551] (examples_rclcpp_async_client) JobStarted: {'identifier': 'examples_rclcpp_async_client'}
[0.038955] (examples_rclcpp_async_client) JobEnded: {'identifier': 'examples_rclcpp_async_client', 'rc': 1}
[0.040937] (examples_rclcpp_cbg_executor) JobStarted: {'identifier': 'examples_rclcpp_cbg_executor'}
[0.071574] (examples_rclcpp_cbg_executor) JobEnded: {'identifier': 'examples_rclcpp_cbg_executor', 'rc': 1}
[0.085676] (examples_rclcpp_minimal_action_client) JobSkipped: {'identifier': 'examples_rclcpp_minimal_action_client'}
[0.085752] (examples_rclcpp_minimal_action_server) JobSkipped: {'identifier': 'examples_rclcpp_minimal_action_server'}
[0.085791] (examples_rclcpp_minimal_client) JobSkipped: {'identifier': 'examples_rclcpp_minimal_client'}
[0.085821] (examples_rclcpp_minimal_composition) JobSkipped: {'identifier': 'examples_rclcpp_minimal_composition'}
[0.085850] (examples_rclcpp_minimal_publisher) JobSkipped: {'identifier': 'examples_rclcpp_minimal_publisher'}
[0.085876] (examples_rclcpp_minimal_service) JobSkipped: {'identifier': 'examples_rclcpp_minimal_service'}
[0.085902] (examples_rclcpp_minimal_subscriber) JobSkipped: {'identifier': 'examples_rclcpp_minimal_subscriber'}
[0.085926] (examples_rclcpp_minimal_timer) JobSkipped: {'identifier': 'examples_rclcpp_minimal_timer'}
[0.085950] (examples_rclcpp_multithreaded_executor) JobSkipped: {'identifier': 'examples_rclcpp_multithreaded_executor'}
[0.085974] (examples_rclcpp_wait_set) JobSkipped: {'identifier': 'examples_rclcpp_wait_set'}
[0.085997] (turtlesim) JobSkipped: {'identifier': 'turtlesim'}
[0.086021] (-) EventReactorShutdown: {}
