[1.161s] Invoking command in '/home/udito/OneDrive/UDITO/udito/ros2_ws/src/head_package': PS1=(python-3.9.21) \[\e]0;\u@\h: \w\a\]${debian_chroot:+($debian_chroot)}\u@\h:\w\$ PYTHONPATH=/home/udito/OneDrive/UDITO/udito/ros2_ws/build/head_package/prefix_override:/usr/lib/python3/dist-packages/colcon_core/task/python/colcon_distutils_commands:/home/udito/OneDrive/UDITO/udito/ros2_ws/install/head_package/lib/python3.10/site-packages:${PYTHONPATH} VIRTUAL_ENV_PROMPT=(python-3.9.21) /usr/bin/python3 -W ignore:setup.py install is deprecated -W ignore:easy_install command is deprecated setup.py egg_info --egg-base ../../build/head_package build --build-base /home/udito/OneDrive/UDITO/udito/ros2_ws/build/head_package/build install --record /home/udito/OneDrive/UDITO/udito/ros2_ws/build/head_package/install.log --single-version-externally-managed install_data
[1.564s] running egg_info
[1.565s] creating ../../build/head_package/head_package.egg-info
[1.565s] writing ../../build/head_package/head_package.egg-info/PKG-INFO
[1.565s] writing dependency_links to ../../build/head_package/head_package.egg-info/dependency_links.txt
[1.565s] writing entry points to ../../build/head_package/head_package.egg-info/entry_points.txt
[1.566s] writing requirements to ../../build/head_package/head_package.egg-info/requires.txt
[1.566s] writing top-level names to ../../build/head_package/head_package.egg-info/top_level.txt
[1.566s] writing manifest file '../../build/head_package/head_package.egg-info/SOURCES.txt'
[1.568s] reading manifest file '../../build/head_package/head_package.egg-info/SOURCES.txt'
[1.568s] adding license file 'LICENSE'
[1.569s] writing manifest file '../../build/head_package/head_package.egg-info/SOURCES.txt'
[1.569s] running build
[1.569s] running build_py
[1.570s] creating /home/udito/OneDrive/UDITO/udito/ros2_ws/build/head_package/build
[1.570s] creating /home/udito/OneDrive/UDITO/udito/ros2_ws/build/head_package/build/lib
[1.570s] creating /home/udito/OneDrive/UDITO/udito/ros2_ws/build/head_package/build/lib/head_package
[1.570s] copying head_package/head_node.py -> /home/udito/OneDrive/UDITO/udito/ros2_ws/build/head_package/build/lib/head_package
[1.570s] copying head_package/__init__.py -> /home/udito/OneDrive/UDITO/udito/ros2_ws/build/head_package/build/lib/head_package
[1.570s] running install
[1.570s] running install_lib
[1.572s] creating /home/udito/OneDrive/UDITO/udito/ros2_ws/install/head_package/lib/python3.10/site-packages/head_package
[1.572s] copying /home/udito/OneDrive/UDITO/udito/ros2_ws/build/head_package/build/lib/head_package/head_node.py -> /home/udito/OneDrive/UDITO/udito/ros2_ws/install/head_package/lib/python3.10/site-packages/head_package
[1.572s] copying /home/udito/OneDrive/UDITO/udito/ros2_ws/build/head_package/build/lib/head_package/__init__.py -> /home/udito/OneDrive/UDITO/udito/ros2_ws/install/head_package/lib/python3.10/site-packages/head_package
[1.573s] byte-compiling /home/udito/OneDrive/UDITO/udito/ros2_ws/install/head_package/lib/python3.10/site-packages/head_package/head_node.py to head_node.cpython-310.pyc
[1.573s] byte-compiling /home/udito/OneDrive/UDITO/udito/ros2_ws/install/head_package/lib/python3.10/site-packages/head_package/__init__.py to __init__.cpython-310.pyc
[1.573s] running install_data
[1.574s] creating /home/udito/OneDrive/UDITO/udito/ros2_ws/install/head_package/share/ament_index
[1.574s] creating /home/udito/OneDrive/UDITO/udito/ros2_ws/install/head_package/share/ament_index/resource_index
[1.574s] creating /home/udito/OneDrive/UDITO/udito/ros2_ws/install/head_package/share/ament_index/resource_index/packages
[1.574s] copying resource/head_package -> /home/udito/OneDrive/UDITO/udito/ros2_ws/install/head_package/share/ament_index/resource_index/packages
[1.574s] copying package.xml -> /home/udito/OneDrive/UDITO/udito/ros2_ws/install/head_package/share/head_package
[1.574s] running install_egg_info
[1.577s] Copying ../../build/head_package/head_package.egg-info to /home/udito/OneDrive/UDITO/udito/ros2_ws/install/head_package/lib/python3.10/site-packages/head_package-0.0.0-py3.10.egg-info
[1.578s] running install_scripts
[1.608s] Installing head_node script to /home/udito/OneDrive/UDITO/udito/ros2_ws/install/head_package/lib/head_package
[1.609s] writing list of installed files to '/home/udito/OneDrive/UDITO/udito/ros2_ws/build/head_package/install.log'
[1.649s] Invoked command in '/home/udito/OneDrive/UDITO/udito/ros2_ws/src/head_package' returned '0': PS1=(python-3.9.21) \[\e]0;\u@\h: \w\a\]${debian_chroot:+($debian_chroot)}\u@\h:\w\$ PYTHONPATH=/home/udito/OneDrive/UDITO/udito/ros2_ws/build/head_package/prefix_override:/usr/lib/python3/dist-packages/colcon_core/task/python/colcon_distutils_commands:/home/udito/OneDrive/UDITO/udito/ros2_ws/install/head_package/lib/python3.10/site-packages:${PYTHONPATH} VIRTUAL_ENV_PROMPT=(python-3.9.21) /usr/bin/python3 -W ignore:setup.py install is deprecated -W ignore:easy_install command is deprecated setup.py egg_info --egg-base ../../build/head_package build --build-base /home/udito/OneDrive/UDITO/udito/ros2_ws/build/head_package/build install --record /home/udito/OneDrive/UDITO/udito/ros2_ws/build/head_package/install.log --single-version-externally-managed install_data
