[0.013s] Invoking command in '/home/udito/OneDrive/UDITO/udito/ROS/ros2_ws/build/ldlidar_component': CMAKE_PREFIX_PATH=/opt/ros/humble PS1=(python-3.9.21) \[\e]0;\u@\h: \w\a\]${debian_chroot:+($debian_chroot)}\[\033[01;32m\]\u@\h\[\033[00m\]:\[\033[01;34m\]\w\[\033[00m\]\$ VIRTUAL_ENV_PROMPT=(python-3.9.21) /usr/bin/cmake /home/udito/OneDrive/UDITO/udito/ROS/ros2_ws/src/ldrobot-lidar-ros2/ldlidar_component -DCMAKE_BUILD_TYPE=Release -DAMENT_CMAKE_SYMLINK_INSTALL=1 -DCMAKE_INSTALL_PREFIX=/home/udito/OneDrive/UDITO/udito/ROS/ros2_ws/install/ldlidar_component
[0.028s] --  * Release Mode
[0.029s] -- * Found ROS2 humble
[0.029s] -- * ROS2 humble is officially supported by this package.
[0.029s] -- Found ament_cmake: 1.3.11 (/opt/ros/humble/share/ament_cmake/cmake)
[0.185s] -- Override CMake install command with custom implementation using symlinks instead of copying resources
[0.200s] -- Found rclcpp_lifecycle: 16.0.11 (/opt/ros/humble/share/rclcpp_lifecycle/cmake)
[0.241s] -- Found rosidl_generator_c: 3.1.6 (/opt/ros/humble/share/rosidl_generator_c/cmake)
[0.245s] -- Found rosidl_adapter: 3.1.6 (/opt/ros/humble/share/rosidl_adapter/cmake)
[0.253s] -- Found rosidl_generator_cpp: 3.1.6 (/opt/ros/humble/share/rosidl_generator_cpp/cmake)
[0.266s] -- Using all available rosidl_typesupport_c: rosidl_typesupport_fastrtps_c;rosidl_typesupport_introspection_c
[0.284s] -- Using all available rosidl_typesupport_cpp: rosidl_typesupport_fastrtps_cpp;rosidl_typesupport_introspection_cpp
[0.329s] -- Found rmw_implementation_cmake: 6.1.2 (/opt/ros/humble/share/rmw_implementation_cmake/cmake)
[0.331s] -- Found rmw_fastrtps_cpp: 6.2.7 (/opt/ros/humble/share/rmw_fastrtps_cpp/cmake)
[0.454s] -- Using RMW implementation 'rmw_fastrtps_cpp' as default
[0.545s] -- Found rclcpp_components: 16.0.11 (/opt/ros/humble/share/rclcpp_components/cmake)
[0.572s] -- Found nav2_util: 1.1.17 (/opt/ros/humble/share/nav2_util/cmake)
[1.064s] -- Found eigen3_cmake_module: 0.1.1 (/opt/ros/humble/share/eigen3_cmake_module/cmake)
[1.079s] -- Found Eigen3: TRUE (found version "3.4.0") 
[1.079s] -- Ensuring Eigen3 include directory is part of orocos-kdl CMake target
[1.146s] -- Found sensor_msgs: 4.2.4 (/opt/ros/humble/share/sensor_msgs/cmake)
[1.218s] -- Found diagnostic_msgs: 4.2.4 (/opt/ros/humble/share/diagnostic_msgs/cmake)
[1.253s] -- Found diagnostic_updater: 4.0.0 (/opt/ros/humble/share/diagnostic_updater/cmake)
[1.317s] -- Found ament_lint_auto: 0.12.11 (/opt/ros/humble/share/ament_lint_auto/cmake)
[1.493s] -- Added test 'copyright' to check source files copyright and LICENSE
[1.498s] -- Added test 'cppcheck' to perform static code analysis on C / C++ code
[1.501s] -- Configured cppcheck include dirs: /home/udito/OneDrive/UDITO/udito/ROS/ros2_ws/src/ldrobot-lidar-ros2/ldlidar_component/include;/home/udito/OneDrive/UDITO/udito/ROS/ros2_ws/src/ldrobot-lidar-ros2/ldlidar_component/tools/include;/home/udito/OneDrive/UDITO/udito/ROS/ros2_ws/src/ldrobot-lidar-ros2/ldlidar_component/component/include;/home/udito/OneDrive/UDITO/udito/ROS/ros2_ws/src/ldrobot-lidar-ros2/ldlidar_component/ldlidar_driver/include/core;/home/udito/OneDrive/UDITO/udito/ROS/ros2_ws/src/ldrobot-lidar-ros2/ldlidar_component/ldlidar_driver/include/dataprocess;/home/udito/OneDrive/UDITO/udito/ROS/ros2_ws/src/ldrobot-lidar-ros2/ldlidar_component/ldlidar_driver/include/filter;/home/udito/OneDrive/UDITO/udito/ROS/ros2_ws/src/ldrobot-lidar-ros2/ldlidar_component/ldlidar_driver/include/logger;/home/udito/OneDrive/UDITO/udito/ROS/ros2_ws/src/ldrobot-lidar-ros2/ldlidar_component/ldlidar_driver/include/networkcom;/home/udito/OneDrive/UDITO/udito/ROS/ros2_ws/src/ldrobot-lidar-ros2/ldlidar_component/ldlidar_driver/include/serialcom
[1.501s] -- Configured cppcheck exclude dirs and/or files: 
[1.505s] -- Added test 'cpplint' to check C / C++ code against the Google style
[1.506s] -- Configured cpplint exclude dirs and/or files: 
[1.507s] -- Added test 'lint_cmake' to check CMake code style
[1.512s] -- Added test 'uncrustify' to check C / C++ code style
[1.512s] -- Configured uncrustify additional arguments: 
[1.513s] -- Added test 'xmllint' to check XML markup files
[1.517s] -- Added test 'clang_format' to check C / C++ code style
[1.552s] -- Configuring done
[2.017s] -- Generating done
[2.037s] -- Build files have been written to: /home/udito/OneDrive/UDITO/udito/ROS/ros2_ws/build/ldlidar_component
[2.059s] Invoked command in '/home/udito/OneDrive/UDITO/udito/ROS/ros2_ws/build/ldlidar_component' returned '0': CMAKE_PREFIX_PATH=/opt/ros/humble PS1=(python-3.9.21) \[\e]0;\u@\h: \w\a\]${debian_chroot:+($debian_chroot)}\[\033[01;32m\]\u@\h\[\033[00m\]:\[\033[01;34m\]\w\[\033[00m\]\$ VIRTUAL_ENV_PROMPT=(python-3.9.21) /usr/bin/cmake /home/udito/OneDrive/UDITO/udito/ROS/ros2_ws/src/ldrobot-lidar-ros2/ldlidar_component -DCMAKE_BUILD_TYPE=Release -DAMENT_CMAKE_SYMLINK_INSTALL=1 -DCMAKE_INSTALL_PREFIX=/home/udito/OneDrive/UDITO/udito/ROS/ros2_ws/install/ldlidar_component
[2.062s] Invoking command in '/home/udito/OneDrive/UDITO/udito/ROS/ros2_ws/build/ldlidar_component': CMAKE_PREFIX_PATH=/opt/ros/humble PS1=(python-3.9.21) \[\e]0;\u@\h: \w\a\]${debian_chroot:+($debian_chroot)}\[\033[01;32m\]\u@\h\[\033[00m\]:\[\033[01;34m\]\w\[\033[00m\]\$ VIRTUAL_ENV_PROMPT=(python-3.9.21) /usr/bin/cmake --build /home/udito/OneDrive/UDITO/udito/ROS/ros2_ws/build/ldlidar_component -- -j2 -l2
[2.128s] [ 20%] [32mBuilding CXX object ldlidar_driver/CMakeFiles/ldlidar.dir/src/dataprocess/lipkg.cpp.o[0m
[2.128s] [ 20%] [32mBuilding CXX object ldlidar_driver/CMakeFiles/ldlidar.dir/src/core/ldlidar_driver.cpp.o[0m
[3.047s] [ 30%] [32mBuilding CXX object ldlidar_driver/CMakeFiles/ldlidar.dir/src/filter/tofbf.cpp.o[0m
[3.322s] [ 40%] [32mBuilding CXX object ldlidar_driver/CMakeFiles/ldlidar.dir/src/logger/log_module.cpp.o[0m
[3.814s] [ 50%] [32mBuilding CXX object ldlidar_driver/CMakeFiles/ldlidar.dir/src/networkcom/network_socket_interface_linux.cpp.o[0m
[4.106s] [ 60%] [32mBuilding CXX object ldlidar_driver/CMakeFiles/ldlidar.dir/src/serialcom/serial_interface_linux.cpp.o[0m
[4.800s] [ 70%] [32m[1mLinking CXX static library libldlidar.a[0m
[6.496s] [ 70%] Built target ldlidar
[6.527s] [ 90%] [32mBuilding CXX object CMakeFiles/ldlidar_component.dir/component/src/ldlidar_component.cpp.o[0m
[6.527s] [ 90%] [32mBuilding CXX object CMakeFiles/ldlidar_component.dir/tools/src/ldlidar_tools.cpp.o[0m
[19.461s] [100%] [32m[1mLinking CXX shared library libldlidar_component.so[0m
[20.162s] [100%] Built target ldlidar_component
[20.177s] Invoked command in '/home/udito/OneDrive/UDITO/udito/ROS/ros2_ws/build/ldlidar_component' returned '0': CMAKE_PREFIX_PATH=/opt/ros/humble PS1=(python-3.9.21) \[\e]0;\u@\h: \w\a\]${debian_chroot:+($debian_chroot)}\[\033[01;32m\]\u@\h\[\033[00m\]:\[\033[01;34m\]\w\[\033[00m\]\$ VIRTUAL_ENV_PROMPT=(python-3.9.21) /usr/bin/cmake --build /home/udito/OneDrive/UDITO/udito/ROS/ros2_ws/build/ldlidar_component -- -j2 -l2
[20.191s] Invoking command in '/home/udito/OneDrive/UDITO/udito/ROS/ros2_ws/build/ldlidar_component': CMAKE_PREFIX_PATH=/opt/ros/humble PS1=(python-3.9.21) \[\e]0;\u@\h: \w\a\]${debian_chroot:+($debian_chroot)}\[\033[01;32m\]\u@\h\[\033[00m\]:\[\033[01;34m\]\w\[\033[00m\]\$ VIRTUAL_ENV_PROMPT=(python-3.9.21) /usr/bin/cmake --install /home/udito/OneDrive/UDITO/udito/ROS/ros2_ws/build/ldlidar_component
[20.202s] -- Install configuration: "Release"
[20.203s] -- Execute custom install script
[20.204s] -- Symlinking: /home/udito/OneDrive/UDITO/udito/ROS/ros2_ws/install/ldlidar_component/lib/libldlidar_component.so
[20.215s] -- Symlinking: /home/udito/OneDrive/UDITO/udito/ROS/ros2_ws/install/ldlidar_component/include/ldlidar_component//defines.hpp
[20.226s] -- Symlinking: /home/udito/OneDrive/UDITO/udito/ROS/ros2_ws/install/ldlidar_component/include/ldlidar_component//ldlidar_component.hpp
[20.237s] -- Symlinking: /home/udito/OneDrive/UDITO/udito/ROS/ros2_ws/install/ldlidar_component/include/ldlidar_component//ldlidar_tools.hpp
[20.248s] -- Symlinking: /home/udito/OneDrive/UDITO/udito/ROS/ros2_ws/install/ldlidar_component/include/ldlidar_component//visibility_control.hpp
[20.259s] -- Symlinking: /home/udito/OneDrive/UDITO/udito/ROS/ros2_ws/install/ldlidar_component/include/ldlidar_component//ldlidar_datatype.h
[20.269s] -- Symlinking: /home/udito/OneDrive/UDITO/udito/ROS/ros2_ws/install/ldlidar_component/include/ldlidar_component//ldlidar_driver.h
[20.280s] -- Symlinking: /home/udito/OneDrive/UDITO/udito/ROS/ros2_ws/install/ldlidar_component/include/ldlidar_component//lipkg.h
[20.291s] -- Symlinking: /home/udito/OneDrive/UDITO/udito/ROS/ros2_ws/install/ldlidar_component/include/ldlidar_component//tofbf.h
[20.302s] -- Symlinking: /home/udito/OneDrive/UDITO/udito/ROS/ros2_ws/install/ldlidar_component/include/ldlidar_component//log_module.h
[20.313s] -- Symlinking: /home/udito/OneDrive/UDITO/udito/ROS/ros2_ws/install/ldlidar_component/include/ldlidar_component//network_socket_interface_linux.h
[20.324s] -- Symlinking: /home/udito/OneDrive/UDITO/udito/ROS/ros2_ws/install/ldlidar_component/include/ldlidar_component//serial_interface_linux.h
[20.335s] -- Symlinking: /home/udito/OneDrive/UDITO/udito/ROS/ros2_ws/install/ldlidar_component/share/ldlidar_component/environment/library_path.sh
[20.346s] -- Symlinking: /home/udito/OneDrive/UDITO/udito/ROS/ros2_ws/install/ldlidar_component/share/ldlidar_component/environment/library_path.dsv
[20.357s] -- Symlinking: /home/udito/OneDrive/UDITO/udito/ROS/ros2_ws/install/ldlidar_component/share/ament_index/resource_index/package_run_dependencies/ldlidar_component
[20.368s] -- Symlinking: /home/udito/OneDrive/UDITO/udito/ROS/ros2_ws/install/ldlidar_component/share/ament_index/resource_index/parent_prefix_path/ldlidar_component
[20.379s] -- Symlinking: /home/udito/OneDrive/UDITO/udito/ROS/ros2_ws/install/ldlidar_component/share/ldlidar_component/environment/ament_prefix_path.sh
[20.389s] -- Symlinking: /home/udito/OneDrive/UDITO/udito/ROS/ros2_ws/install/ldlidar_component/share/ldlidar_component/environment/ament_prefix_path.dsv
[20.400s] -- Symlinking: /home/udito/OneDrive/UDITO/udito/ROS/ros2_ws/install/ldlidar_component/share/ldlidar_component/environment/path.sh
[20.411s] -- Symlinking: /home/udito/OneDrive/UDITO/udito/ROS/ros2_ws/install/ldlidar_component/share/ldlidar_component/environment/path.dsv
[20.422s] -- Symlinking: /home/udito/OneDrive/UDITO/udito/ROS/ros2_ws/install/ldlidar_component/share/ldlidar_component/local_setup.bash
[20.433s] -- Symlinking: /home/udito/OneDrive/UDITO/udito/ROS/ros2_ws/install/ldlidar_component/share/ldlidar_component/local_setup.sh
[20.444s] -- Symlinking: /home/udito/OneDrive/UDITO/udito/ROS/ros2_ws/install/ldlidar_component/share/ldlidar_component/local_setup.zsh
[20.454s] -- Symlinking: /home/udito/OneDrive/UDITO/udito/ROS/ros2_ws/install/ldlidar_component/share/ldlidar_component/local_setup.dsv
[20.465s] -- Symlinking: /home/udito/OneDrive/UDITO/udito/ROS/ros2_ws/install/ldlidar_component/share/ldlidar_component/package.dsv
[20.476s] -- Symlinking: /home/udito/OneDrive/UDITO/udito/ROS/ros2_ws/install/ldlidar_component/share/ament_index/resource_index/packages/ldlidar_component
[20.487s] -- Symlinking: /home/udito/OneDrive/UDITO/udito/ROS/ros2_ws/install/ldlidar_component/share/ament_index/resource_index/rclcpp_components/ldlidar_component
[20.498s] -- Symlinking: /home/udito/OneDrive/UDITO/udito/ROS/ros2_ws/install/ldlidar_component/share/ldlidar_component/cmake/ament_cmake_export_include_directories-extras.cmake
[20.509s] -- Symlinking: /home/udito/OneDrive/UDITO/udito/ROS/ros2_ws/install/ldlidar_component/share/ldlidar_component/cmake/ament_cmake_export_libraries-extras.cmake
[20.520s] -- Symlinking: /home/udito/OneDrive/UDITO/udito/ROS/ros2_ws/install/ldlidar_component/share/ldlidar_component/cmake/ament_cmake_export_dependencies-extras.cmake
[20.530s] -- Symlinking: /home/udito/OneDrive/UDITO/udito/ROS/ros2_ws/install/ldlidar_component/share/ldlidar_component/cmake/ldlidar_componentConfig.cmake
[20.541s] -- Symlinking: /home/udito/OneDrive/UDITO/udito/ROS/ros2_ws/install/ldlidar_component/share/ldlidar_component/cmake/ldlidar_componentConfig-version.cmake
[20.552s] -- Symlinking: /home/udito/OneDrive/UDITO/udito/ROS/ros2_ws/install/ldlidar_component/share/ldlidar_component/package.xml
[20.565s] Invoked command in '/home/udito/OneDrive/UDITO/udito/ROS/ros2_ws/build/ldlidar_component' returned '0': CMAKE_PREFIX_PATH=/opt/ros/humble PS1=(python-3.9.21) \[\e]0;\u@\h: \w\a\]${debian_chroot:+($debian_chroot)}\[\033[01;32m\]\u@\h\[\033[00m\]:\[\033[01;34m\]\w\[\033[00m\]\$ VIRTUAL_ENV_PROMPT=(python-3.9.21) /usr/bin/cmake --install /home/udito/OneDrive/UDITO/udito/ROS/ros2_ws/build/ldlidar_component
