[0.014s] Invoking command in '/home/vboxuser/OneDrive/UDITO/udito/ros2_ws/build/tutorial_interfaces': CMAKE_PREFIX_PATH=${CMAKE_PREFIX_PATH}:/home/vboxuser/OneDrive/UDITO/udito/ros2_ws/install/head_package:/opt/ros/humble /usr/bin/cmake /home/vboxuser/OneDrive/UDITO/udito/ros2_ws/src/tutorial_interfaces -DCMAKE_INSTALL_PREFIX=/home/vboxuser/OneDrive/UDITO/udito/ros2_ws/install/tutorial_interfaces
[0.111s] -- The C compiler identification is GNU 11.4.0
[0.192s] -- The CXX compiler identification is GNU 11.4.0
[0.199s] -- Detecting C compiler ABI info
[0.306s] -- Detecting C compiler ABI info - done
[0.319s] -- Check for working C compiler: /usr/bin/cc - skipped
[0.319s] -- Detecting C compile features
[0.319s] -- Detecting C compile features - done
[0.322s] -- Detecting CXX compiler ABI info
[0.436s] -- Detecting CXX compiler ABI info - done
[0.446s] -- Check for working CXX compiler: /usr/bin/c++ - skipped
[0.446s] -- Detecting CXX compile features
[0.446s] -- Detecting CXX compile features - done
[0.449s] -- Found ament_cmake: 1.3.11 (/opt/ros/humble/share/ament_cmake/cmake)
[0.609s] -- Found Python3: /usr/local/bin/python3 (found version "3.9.21") found components: Interpreter 
[0.702s] -- Found geometry_msgs: 4.2.4 (/opt/ros/humble/share/geometry_msgs/cmake)
[0.737s] -- Found rosidl_generator_c: 3.1.6 (/opt/ros/humble/share/rosidl_generator_c/cmake)
[0.743s] -- Found rosidl_adapter: 3.1.6 (/opt/ros/humble/share/rosidl_adapter/cmake)
[0.750s] -- Found rosidl_generator_cpp: 3.1.6 (/opt/ros/humble/share/rosidl_generator_cpp/cmake)
[0.763s] -- Using all available rosidl_typesupport_c: rosidl_typesupport_fastrtps_c;rosidl_typesupport_introspection_c
[0.778s] -- Using all available rosidl_typesupport_cpp: rosidl_typesupport_fastrtps_cpp;rosidl_typesupport_introspection_cpp
[0.809s] -- Found rosidl_default_generators: 1.2.0 (/opt/ros/humble/share/rosidl_default_generators/cmake)
[0.935s] [31mCMake Error at /opt/ros/humble/share/rosidl_adapter/cmake/rosidl_adapt_interfaces.cmake:59 (message):
[0.936s]   execute_process(/usr/local/bin/python3 -m rosidl_adapter --package-name
[0.936s]   tutorial_interfaces --arguments-file
[0.936s]   /home/vboxuser/OneDrive/UDITO/udito/ros2_ws/build/tutorial_interfaces/rosidl_adapter__arguments__tutorial_interfaces.json
[0.936s]   --output-dir
[0.936s]   /home/vboxuser/OneDrive/UDITO/udito/ros2_ws/build/tutorial_interfaces/rosidl_adapter/tutorial_interfaces
[0.936s]   --output-file
[0.936s]   /home/vboxuser/OneDrive/UDITO/udito/ros2_ws/build/tutorial_interfaces/rosidl_adapter/tutorial_interfaces.idls)
[0.936s]   returned error code 1:
[0.936s] 
[0.936s]   Traceback (most recent call last):
[0.936s] 
[0.936s]     File "/usr/local/lib/python3.9/runpy.py", line 197, in _run_module_as_main
[0.936s]       return _run_code(code, main_globals, None,
[0.936s]     File "/usr/local/lib/python3.9/runpy.py", line 87, in _run_code
[0.936s]       exec(code, run_globals)
[0.936s]     File "/opt/ros/humble/local/lib/python3.10/dist-packages/rosidl_adapter/__main__.py", line 19, in <module>
[0.936s]       sys.exit(main())
[0.936s]     File "/opt/ros/humble/local/lib/python3.10/dist-packages/rosidl_adapter/main.py", line 53, in main
[0.936s]       abs_idl_file = convert_to_idl(
[0.936s]     File "/opt/ros/humble/local/lib/python3.10/dist-packages/rosidl_adapter/__init__.py", line 23, in convert_to_idl
[0.936s]       from rosidl_adapter.srv import convert_srv_to_idl
[0.936s]     File "/opt/ros/humble/local/lib/python3.10/dist-packages/rosidl_adapter/srv/__init__.py", line 16, in <module>
[0.937s]       from rosidl_adapter.resource import expand_template
[0.937s]     File "/opt/ros/humble/local/lib/python3.10/dist-packages/rosidl_adapter/resource/__init__.py", line 19, in <module>
[0.937s]       import em
[0.937s] 
[0.937s]   ModuleNotFoundError: No module named 'em'
[0.937s] 
[0.937s] Call Stack (most recent call first):
[0.937s]   /opt/ros/humble/share/rosidl_cmake/cmake/rosidl_generate_interfaces.cmake:130 (rosidl_adapt_interfaces)
[0.937s]   CMakeLists.txt:16 (rosidl_generate_interfaces)
[0.937s] 
[0.939s] [0m
[0.939s] -- Configuring incomplete, errors occurred!
[0.939s] See also "/home/vboxuser/OneDrive/UDITO/udito/ros2_ws/build/tutorial_interfaces/CMakeFiles/CMakeOutput.log".
[0.945s] Invoked command in '/home/vboxuser/OneDrive/UDITO/udito/ros2_ws/build/tutorial_interfaces' returned '1': CMAKE_PREFIX_PATH=${CMAKE_PREFIX_PATH}:/home/vboxuser/OneDrive/UDITO/udito/ros2_ws/install/head_package:/opt/ros/humble /usr/bin/cmake /home/vboxuser/OneDrive/UDITO/udito/ros2_ws/src/tutorial_interfaces -DCMAKE_INSTALL_PREFIX=/home/vboxuser/OneDrive/UDITO/udito/ros2_ws/install/tutorial_interfaces
