[0.007s] Invoking command in '/home/udito/OneDrive/UDITO/udito/ROS/ros2_ws/build/turtlesim': CMAKE_PREFIX_PATH=/opt/ros/humble /usr/bin/cmake /home/udito/OneDrive/UDITO/udito/ROS/ros2_ws/src/ros_tutorials/turtlesim -DCMAKE_INSTALL_PREFIX=/home/udito/OneDrive/UDITO/udito/ROS/ros2_ws/install/turtlesim
[0.081s] -- Found ament_cmake: 1.3.11 (/opt/ros/humble/share/ament_cmake/cmake)
[0.412s] -- Found ament_index_cpp: 1.4.0 (/opt/ros/humble/share/ament_index_cpp/cmake)
[0.413s] -- Found geometry_msgs: 4.2.4 (/opt/ros/humble/share/geometry_msgs/cmake)
[0.443s] -- Found rosidl_generator_c: 3.1.6 (/opt/ros/humble/share/rosidl_generator_c/cmake)
[0.448s] -- Found rosidl_adapter: 3.1.6 (/opt/ros/humble/share/rosidl_adapter/cmake)
[0.464s] -- Found rosidl_generator_cpp: 3.1.6 (/opt/ros/humble/share/rosidl_generator_cpp/cmake)
[0.479s] -- Using all available rosidl_typesupport_c: rosidl_typesupport_fastrtps_c;rosidl_typesupport_introspection_c
[0.499s] -- Using all available rosidl_typesupport_cpp: rosidl_typesupport_fastrtps_cpp;rosidl_typesupport_introspection_cpp
[0.575s] -- Found rclcpp: 16.0.11 (/opt/ros/humble/share/rclcpp/cmake)
[0.614s] -- Found rmw_implementation_cmake: 6.1.2 (/opt/ros/humble/share/rmw_implementation_cmake/cmake)
[0.615s] -- Found rmw_fastrtps_cpp: 6.2.7 (/opt/ros/humble/share/rmw_fastrtps_cpp/cmake)
[0.767s] -- Using RMW implementation 'rmw_fastrtps_cpp' as default
[0.870s] -- Found rclcpp_action: 16.0.11 (/opt/ros/humble/share/rclcpp_action/cmake)
[1.025s] -- Found rosidl_default_generators: 1.2.0 (/opt/ros/humble/share/rosidl_default_generators/cmake)
[1.047s] -- Found std_srvs: 4.2.4 (/opt/ros/humble/share/std_srvs/cmake)
[1.245s] [31mCMake Error at /opt/ros/humble/share/rosidl_adapter/cmake/rosidl_adapt_interfaces.cmake:59 (message):
[1.245s]   execute_process(/usr/local/bin/python3 -m rosidl_adapter --package-name
[1.246s]   turtlesim --arguments-file
[1.246s]   /home/udito/OneDrive/UDITO/udito/ROS/ros2_ws/build/turtlesim/rosidl_adapter__arguments__turtlesim.json
[1.246s]   --output-dir
[1.247s]   /home/udito/OneDrive/UDITO/udito/ROS/ros2_ws/build/turtlesim/rosidl_adapter/turtlesim
[1.247s]   --output-file
[1.247s] -- Configuring incomplete, errors occurred!
[1.247s] See also "/home/udito/OneDrive/UDITO/udito/ROS/ros2_ws/build/turtlesim/CMakeFiles/CMakeOutput.log".
[1.248s]   /home/udito/OneDrive/UDITO/udito/ROS/ros2_ws/build/turtlesim/rosidl_adapter/turtlesim.idls)
[1.248s]   returned error code 1:
[1.248s] 
[1.248s]   Traceback (most recent call last):
[1.248s] 
[1.248s]     File "/usr/local/lib/python3.9/runpy.py", line 197, in _run_module_as_main
[1.249s]       return _run_code(code, main_globals, None,
[1.249s]     File "/usr/local/lib/python3.9/runpy.py", line 87, in _run_code
[1.249s]       exec(code, run_globals)
[1.249s]     File "/opt/ros/humble/local/lib/python3.10/dist-packages/rosidl_adapter/__main__.py", line 19, in <module>
[1.249s]       sys.exit(main())
[1.249s]     File "/opt/ros/humble/local/lib/python3.10/dist-packages/rosidl_adapter/main.py", line 53, in main
[1.251s]       abs_idl_file = convert_to_idl(
[1.251s]     File "/opt/ros/humble/local/lib/python3.10/dist-packages/rosidl_adapter/__init__.py", line 28, in convert_to_idl
[1.251s]       from rosidl_adapter.action import convert_action_to_idl
[1.251s]     File "/opt/ros/humble/local/lib/python3.10/dist-packages/rosidl_adapter/action/__init__.py", line 16, in <module>
[1.251s]       from rosidl_adapter.resource import expand_template
[1.251s]     File "/opt/ros/humble/local/lib/python3.10/dist-packages/rosidl_adapter/resource/__init__.py", line 19, in <module>
[1.252s]       import em
[1.252s] 
[1.252s]   ModuleNotFoundError: No module named 'em'
[1.252s] 
[1.252s] Call Stack (most recent call first):
[1.252s]   /opt/ros/humble/share/rosidl_cmake/cmake/rosidl_generate_interfaces.cmake:130 (rosidl_adapt_interfaces)
[1.252s]   CMakeLists.txt:24 (rosidl_generate_interfaces)
[1.252s] 
[1.252s] [0m
[1.280s] Invoked command in '/home/udito/OneDrive/UDITO/udito/ROS/ros2_ws/build/turtlesim' returned '1': CMAKE_PREFIX_PATH=/opt/ros/humble /usr/bin/cmake /home/udito/OneDrive/UDITO/udito/ROS/ros2_ws/src/ros_tutorials/turtlesim -DCMAKE_INSTALL_PREFIX=/home/udito/OneDrive/UDITO/udito/ROS/ros2_ws/install/turtlesim
