[0.020s] Invoking command in '/home/udito/OneDrive/UDITO/udito/ROS/ros2_ws/build/examples_rclcpp_cbg_executor': CMAKE_PREFIX_PATH=/opt/ros/humble /usr/bin/cmake --build /home/udito/OneDrive/UDITO/udito/ROS/ros2_ws/build/examples_rclcpp_cbg_executor -- -j2 -l2
[0.149s] [ 30%] Built target ping
[0.175s] [ 60%] Built target pong
[0.259s] [100%] Built target ping_pong
[0.325s] Invoked command in '/home/udito/OneDrive/UDITO/udito/ROS/ros2_ws/build/examples_rclcpp_cbg_executor' returned '0': CMAKE_PREFIX_PATH=/opt/ros/humble /usr/bin/cmake --build /home/udito/OneDrive/UDITO/udito/ROS/ros2_ws/build/examples_rclcpp_cbg_executor -- -j2 -l2
[0.334s] Invoking command in '/home/udito/OneDrive/UDITO/udito/ROS/ros2_ws/build/examples_rclcpp_cbg_executor': CMAKE_PREFIX_PATH=/opt/ros/humble /usr/bin/cmake --install /home/udito/OneDrive/UDITO/udito/ROS/ros2_ws/build/examples_rclcpp_cbg_executor
[0.378s] -- Install configuration: ""
[0.378s] -- Execute custom install script
[0.380s] -- Up-to-date symlink: /home/udito/OneDrive/UDITO/udito/ROS/ros2_ws/install/examples_rclcpp_cbg_executor/lib/examples_rclcpp_cbg_executor/ping
[0.384s] -- Up-to-date symlink: /home/udito/OneDrive/UDITO/udito/ROS/ros2_ws/install/examples_rclcpp_cbg_executor/lib/examples_rclcpp_cbg_executor/pong
[0.384s] -- Up-to-date symlink: /home/udito/OneDrive/UDITO/udito/ROS/ros2_ws/install/examples_rclcpp_cbg_executor/lib/examples_rclcpp_cbg_executor/ping_pong
[0.385s] -- Up-to-date symlink: /home/udito/OneDrive/UDITO/udito/ROS/ros2_ws/install/examples_rclcpp_cbg_executor/include/examples_rclcpp_cbg_executor/ping_node.hpp
[0.391s] -- Up-to-date symlink: /home/udito/OneDrive/UDITO/udito/ROS/ros2_ws/install/examples_rclcpp_cbg_executor/include/examples_rclcpp_cbg_executor/pong_node.hpp
[0.391s] -- Up-to-date symlink: /home/udito/OneDrive/UDITO/udito/ROS/ros2_ws/install/examples_rclcpp_cbg_executor/share/ament_index/resource_index/package_run_dependencies/examples_rclcpp_cbg_executor
[0.392s] -- Up-to-date symlink: /home/udito/OneDrive/UDITO/udito/ROS/ros2_ws/install/examples_rclcpp_cbg_executor/share/ament_index/resource_index/parent_prefix_path/examples_rclcpp_cbg_executor
[0.392s] -- Up-to-date symlink: /home/udito/OneDrive/UDITO/udito/ROS/ros2_ws/install/examples_rclcpp_cbg_executor/share/examples_rclcpp_cbg_executor/environment/ament_prefix_path.sh
[0.392s] -- Up-to-date symlink: /home/udito/OneDrive/UDITO/udito/ROS/ros2_ws/install/examples_rclcpp_cbg_executor/share/examples_rclcpp_cbg_executor/environment/ament_prefix_path.dsv
[0.392s] -- Up-to-date symlink: /home/udito/OneDrive/UDITO/udito/ROS/ros2_ws/install/examples_rclcpp_cbg_executor/share/examples_rclcpp_cbg_executor/environment/path.sh
[0.392s] -- Up-to-date symlink: /home/udito/OneDrive/UDITO/udito/ROS/ros2_ws/install/examples_rclcpp_cbg_executor/share/examples_rclcpp_cbg_executor/environment/path.dsv
[0.392s] -- Up-to-date symlink: /home/udito/OneDrive/UDITO/udito/ROS/ros2_ws/install/examples_rclcpp_cbg_executor/share/examples_rclcpp_cbg_executor/local_setup.bash
[0.394s] -- Up-to-date symlink: /home/udito/OneDrive/UDITO/udito/ROS/ros2_ws/install/examples_rclcpp_cbg_executor/share/examples_rclcpp_cbg_executor/local_setup.sh
[0.395s] -- Up-to-date symlink: /home/udito/OneDrive/UDITO/udito/ROS/ros2_ws/install/examples_rclcpp_cbg_executor/share/examples_rclcpp_cbg_executor/local_setup.zsh
[0.400s] -- Up-to-date symlink: /home/udito/OneDrive/UDITO/udito/ROS/ros2_ws/install/examples_rclcpp_cbg_executor/share/examples_rclcpp_cbg_executor/local_setup.dsv
[0.400s] -- Symlinking: /home/udito/OneDrive/UDITO/udito/ROS/ros2_ws/install/examples_rclcpp_cbg_executor/share/examples_rclcpp_cbg_executor/package.dsv
[0.443s] -- Up-to-date symlink: /home/udito/OneDrive/UDITO/udito/ROS/ros2_ws/install/examples_rclcpp_cbg_executor/share/ament_index/resource_index/packages/examples_rclcpp_cbg_executor
[0.443s] -- Up-to-date symlink: /home/udito/OneDrive/UDITO/udito/ROS/ros2_ws/install/examples_rclcpp_cbg_executor/share/examples_rclcpp_cbg_executor/cmake/ament_cmake_export_dependencies-extras.cmake
[0.443s] -- Up-to-date symlink: /home/udito/OneDrive/UDITO/udito/ROS/ros2_ws/install/examples_rclcpp_cbg_executor/share/examples_rclcpp_cbg_executor/cmake/examples_rclcpp_cbg_executorConfig.cmake
[0.444s] -- Up-to-date symlink: /home/udito/OneDrive/UDITO/udito/ROS/ros2_ws/install/examples_rclcpp_cbg_executor/share/examples_rclcpp_cbg_executor/cmake/examples_rclcpp_cbg_executorConfig-version.cmake
[0.444s] -- Up-to-date symlink: /home/udito/OneDrive/UDITO/udito/ROS/ros2_ws/install/examples_rclcpp_cbg_executor/share/examples_rclcpp_cbg_executor/package.xml
[0.450s] Invoked command in '/home/udito/OneDrive/UDITO/udito/ROS/ros2_ws/build/examples_rclcpp_cbg_executor' returned '0': CMAKE_PREFIX_PATH=/opt/ros/humble /usr/bin/cmake --install /home/udito/OneDrive/UDITO/udito/ROS/ros2_ws/build/examples_rclcpp_cbg_executor
