[0.008s] Invoking command in '/home/udito/OneDrive/UDITO/udito/ROS/ros2_ws/build/examples_rclcpp_multithreaded_executor': CMAKE_PREFIX_PATH=/opt/ros/humble /usr/bin/cmake --build /home/udito/OneDrive/UDITO/udito/ROS/ros2_ws/build/examples_rclcpp_multithreaded_executor -- -j2 -l2
[0.113s] [100%] Built target multithreaded_executor
[0.170s] Invoked command in '/home/udito/OneDrive/UDITO/udito/ROS/ros2_ws/build/examples_rclcpp_multithreaded_executor' returned '0': CMAKE_PREFIX_PATH=/opt/ros/humble /usr/bin/cmake --build /home/udito/OneDrive/UDITO/udito/ROS/ros2_ws/build/examples_rclcpp_multithreaded_executor -- -j2 -l2
[0.172s] Invoking command in '/home/udito/OneDrive/UDITO/udito/ROS/ros2_ws/build/examples_rclcpp_multithreaded_executor': CMAKE_PREFIX_PATH=/opt/ros/humble /usr/bin/cmake --install /home/udito/OneDrive/UDITO/udito/ROS/ros2_ws/build/examples_rclcpp_multithreaded_executor
[0.223s] -- Install configuration: ""
[0.224s] -- Execute custom install script
[0.226s] -- Up-to-date symlink: /home/udito/OneDrive/UDITO/udito/ROS/ros2_ws/install/examples_rclcpp_multithreaded_executor/lib/examples_rclcpp_multithreaded_executor/multithreaded_executor
[0.229s] -- Up-to-date symlink: /home/udito/OneDrive/UDITO/udito/ROS/ros2_ws/install/examples_rclcpp_multithreaded_executor/share/ament_index/resource_index/package_run_dependencies/examples_rclcpp_multithreaded_executor
[0.231s] -- Up-to-date symlink: /home/udito/OneDrive/UDITO/udito/ROS/ros2_ws/install/examples_rclcpp_multithreaded_executor/share/ament_index/resource_index/parent_prefix_path/examples_rclcpp_multithreaded_executor
[0.231s] -- Up-to-date symlink: /home/udito/OneDrive/UDITO/udito/ROS/ros2_ws/install/examples_rclcpp_multithreaded_executor/share/examples_rclcpp_multithreaded_executor/environment/ament_prefix_path.sh
[0.237s] -- Up-to-date symlink: /home/udito/OneDrive/UDITO/udito/ROS/ros2_ws/install/examples_rclcpp_multithreaded_executor/share/examples_rclcpp_multithreaded_executor/environment/ament_prefix_path.dsv
[0.245s] -- Up-to-date symlink: /home/udito/OneDrive/UDITO/udito/ROS/ros2_ws/install/examples_rclcpp_multithreaded_executor/share/examples_rclcpp_multithreaded_executor/environment/path.sh
[0.245s] -- Up-to-date symlink: /home/udito/OneDrive/UDITO/udito/ROS/ros2_ws/install/examples_rclcpp_multithreaded_executor/share/examples_rclcpp_multithreaded_executor/environment/path.dsv
[0.245s] -- Up-to-date symlink: /home/udito/OneDrive/UDITO/udito/ROS/ros2_ws/install/examples_rclcpp_multithreaded_executor/share/examples_rclcpp_multithreaded_executor/local_setup.bash
[0.245s] -- Up-to-date symlink: /home/udito/OneDrive/UDITO/udito/ROS/ros2_ws/install/examples_rclcpp_multithreaded_executor/share/examples_rclcpp_multithreaded_executor/local_setup.sh
[0.248s] -- Up-to-date symlink: /home/udito/OneDrive/UDITO/udito/ROS/ros2_ws/install/examples_rclcpp_multithreaded_executor/share/examples_rclcpp_multithreaded_executor/local_setup.zsh
[0.248s] -- Up-to-date symlink: /home/udito/OneDrive/UDITO/udito/ROS/ros2_ws/install/examples_rclcpp_multithreaded_executor/share/examples_rclcpp_multithreaded_executor/local_setup.dsv
[0.251s] -- Symlinking: /home/udito/OneDrive/UDITO/udito/ROS/ros2_ws/install/examples_rclcpp_multithreaded_executor/share/examples_rclcpp_multithreaded_executor/package.dsv
[0.272s] -- Up-to-date symlink: /home/udito/OneDrive/UDITO/udito/ROS/ros2_ws/install/examples_rclcpp_multithreaded_executor/share/ament_index/resource_index/packages/examples_rclcpp_multithreaded_executor
[0.274s] -- Up-to-date symlink: /home/udito/OneDrive/UDITO/udito/ROS/ros2_ws/install/examples_rclcpp_multithreaded_executor/share/examples_rclcpp_multithreaded_executor/cmake/examples_rclcpp_multithreaded_executorConfig.cmake
[0.275s] -- Up-to-date symlink: /home/udito/OneDrive/UDITO/udito/ROS/ros2_ws/install/examples_rclcpp_multithreaded_executor/share/examples_rclcpp_multithreaded_executor/cmake/examples_rclcpp_multithreaded_executorConfig-version.cmake
[0.278s] -- Up-to-date symlink: /home/udito/OneDrive/UDITO/udito/ROS/ros2_ws/install/examples_rclcpp_multithreaded_executor/share/examples_rclcpp_multithreaded_executor/package.xml
[0.285s] Invoked command in '/home/udito/OneDrive/UDITO/udito/ROS/ros2_ws/build/examples_rclcpp_multithreaded_executor' returned '0': CMAKE_PREFIX_PATH=/opt/ros/humble /usr/bin/cmake --install /home/udito/OneDrive/UDITO/udito/ROS/ros2_ws/build/examples_rclcpp_multithreaded_executor
