[0.026s] Invoking command in '/home/udito/OneDrive/UDITO/udito/ROS/ros2_ws/build/turtlesim': CMAKE_PREFIX_PATH=/opt/ros/humble /usr/bin/cmake /home/udito/OneDrive/UDITO/udito/ROS/ros2_ws/src/ros_tutorials/turtlesim -DCMAKE_INSTALL_PREFIX=/home/udito/OneDrive/UDITO/udito/ROS/ros2_ws/install/turtlesim
[1.117s] -- The C compiler identification is GNU 11.4.0
[1.322s] -- The CXX compiler identification is GNU 11.4.0
[1.333s] -- Detecting C compiler ABI info
[1.470s] -- Detecting C compiler ABI info - done
[1.495s] -- Check for working C compiler: /usr/bin/cc - skipped
[1.496s] -- Detecting C compile features
[1.500s] -- Detecting C compile features - done
[1.508s] -- Detecting CXX compiler ABI info
[1.838s] -- Detecting CXX compiler ABI info - done
[1.848s] -- Check for working CXX compiler: /usr/bin/c++ - skipped
[1.848s] -- Detecting CXX compile features
[1.849s] -- Detecting CXX compile features - done
[1.908s] -- Found ament_cmake: 1.3.11 (/opt/ros/humble/share/ament_cmake/cmake)
[3.051s] -- Found Python3: /usr/local/bin/python3 (found version "3.9.21") found components: Interpreter 
[3.212s] -- Found ament_index_cpp: 1.4.0 (/opt/ros/humble/share/ament_index_cpp/cmake)
[3.234s] -- Found geometry_msgs: 4.2.4 (/opt/ros/humble/share/geometry_msgs/cmake)
[3.357s] -- Found rosidl_generator_c: 3.1.6 (/opt/ros/humble/share/rosidl_generator_c/cmake)
[3.367s] -- Found rosidl_adapter: 3.1.6 (/opt/ros/humble/share/rosidl_adapter/cmake)
[3.382s] -- Found rosidl_generator_cpp: 3.1.6 (/opt/ros/humble/share/rosidl_generator_cpp/cmake)
[3.405s] -- Using all available rosidl_typesupport_c: rosidl_typesupport_fastrtps_c;rosidl_typesupport_introspection_c
[3.429s] -- Using all available rosidl_typesupport_cpp: rosidl_typesupport_fastrtps_cpp;rosidl_typesupport_introspection_cpp
[3.724s] -- Found rclcpp: 16.0.11 (/opt/ros/humble/share/rclcpp/cmake)
[3.776s] -- Found rmw_implementation_cmake: 6.1.2 (/opt/ros/humble/share/rmw_implementation_cmake/cmake)
[3.779s] -- Found rmw_fastrtps_cpp: 6.2.7 (/opt/ros/humble/share/rmw_fastrtps_cpp/cmake)
[3.923s] -- Found OpenSSL: /usr/lib/x86_64-linux-gnu/libcrypto.so (found version "3.0.2")  
[3.957s] -- Found FastRTPS: /opt/ros/humble/include  
[4.010s] -- Using RMW implementation 'rmw_fastrtps_cpp' as default
[4.031s] -- Looking for pthread.h
[4.288s] -- Looking for pthread.h - found
[4.288s] -- Performing Test CMAKE_HAVE_LIBC_PTHREAD
[4.416s] -- Performing Test CMAKE_HAVE_LIBC_PTHREAD - Success
[4.416s] -- Found Threads: TRUE  
[4.476s] -- Found rclcpp_action: 16.0.11 (/opt/ros/humble/share/rclcpp_action/cmake)
[4.560s] -- Found rosidl_default_generators: 1.2.0 (/opt/ros/humble/share/rosidl_default_generators/cmake)
[4.610s] -- Found std_srvs: 4.2.4 (/opt/ros/humble/share/std_srvs/cmake)
[5.264s] [31mCMake Error at /opt/ros/humble/share/rosidl_adapter/cmake/rosidl_adapt_interfaces.cmake:59 (message):
[5.264s]   execute_process(/usr/local/bin/python3 -m rosidl_adapter --package-name
[5.264s]   turtlesim --arguments-file
[5.265s]   /home/udito/OneDrive/UDITO/udito/ROS/ros2_ws/build/turtlesim/rosidl_adapter__arguments__turtlesim.json
[5.265s]   --output-dir
[5.265s]   /home/udito/OneDrive/UDITO/udito/ROS/ros2_ws/build/turtlesim/rosidl_adapter/turtlesim
[5.265s]   --output-file
[5.267s]   /home/udito/OneDrive/UDITO/udito/ROS/ros2_ws/build/turtlesim/rosidl_adapter/turtlesim.idls)
[5.269s]   returned error code 1:
[5.270s] 
[5.270s]   Traceback (most recent call last):
[5.270s] 
[5.270s]     File "/usr/local/lib/python3.9/runpy.py", line 197, in _run_module_as_main
[5.270s]       return _run_code(code, main_globals, None,
[5.270s]     File "/usr/local/lib/python3.9/runpy.py", line 87, in _run_code
[5.270s]       exec(code, run_globals)
[5.270s]     File "/opt/ros/humble/local/lib/python3.10/dist-packages/rosidl_adapter/__main__.py", line 19, in <module>
[5.270s]       sys.exit(main())
[5.270s]     File "/opt/ros/humble/local/lib/python3.10/dist-packages/rosidl_adapter/main.py", line 53, in main
[5.270s]       abs_idl_file = convert_to_idl(
[5.270s]     File "/opt/ros/humble/local/lib/python3.10/dist-packages/rosidl_adapter/__init__.py", line 28, in convert_to_idl
[5.270s]       from rosidl_adapter.action import convert_action_to_idl
[5.271s]     File "/opt/ros/humble/local/lib/python3.10/dist-packages/rosidl_adapter/action/__init__.py", line 16, in <module>
[5.271s]       from rosidl_adapter.resource import expand_template
[5.271s]     File "/opt/ros/humble/local/lib/python3.10/dist-packages/rosidl_adapter/resource/__init__.py", line 19, in <module>
[5.271s]       import em
[5.271s] 
[5.271s]   ModuleNotFoundError: No module named 'em'
[5.271s] 
[5.271s] Call Stack (most recent call first):
[5.271s]   /opt/ros/humble/share/rosidl_cmake/cmake/rosidl_generate_interfaces.cmake:130 (rosidl_adapt_interfaces)
[5.271s]   CMakeLists.txt:24 (rosidl_generate_interfaces)
[5.271s] 
[5.271s] [0m
[5.271s] -- Configuring incomplete, errors occurred!
[5.274s] See also "/home/udito/OneDrive/UDITO/udito/ROS/ros2_ws/build/turtlesim/CMakeFiles/CMakeOutput.log".
[5.294s] Invoked command in '/home/udito/OneDrive/UDITO/udito/ROS/ros2_ws/build/turtlesim' returned '1': CMAKE_PREFIX_PATH=/opt/ros/humble /usr/bin/cmake /home/udito/OneDrive/UDITO/udito/ROS/ros2_ws/src/ros_tutorials/turtlesim -DCMAKE_INSTALL_PREFIX=/home/udito/OneDrive/UDITO/udito/ROS/ros2_ws/install/turtlesim
