[0.163s] DEBUG:colcon:Command line arguments: ['/usr/bin/colcon', 'build', '--cmake-clean-cache']
[0.163s] DEBUG:colcon:Parsed command line arguments: Namespace(log_base=None, log_level=None, verb_name='build', build_base='build', install_base='install', merge_install=False, symlink_install=False, test_result_base=None, continue_on_error=False, executor='parallel', parallel_workers=3, event_handlers=None, ignore_user_meta=False, metas=['./colcon.meta'], base_paths=['.'], packages_ignore=None, packages_ignore_regex=None, paths=None, packages_up_to=None, packages_up_to_regex=None, packages_above=None, packages_above_and_dependencies=None, packages_above_depth=None, packages_select_by_dep=None, packages_skip_by_dep=None, packages_skip_up_to=None, packages_select_build_failed=False, packages_skip_build_finished=False, packages_select_test_failures=False, packages_skip_test_passed=False, packages_select=None, packages_skip=None, packages_select_regex=None, packages_skip_regex=None, packages_start=None, packages_end=None, allow_overriding=[], cmake_args=None, cmake_target=None, cmake_target_skip_unavailable=False, cmake_clean_cache=True, cmake_clean_first=False, cmake_force_configure=False, ament_cmake_args=None, catkin_cmake_args=None, catkin_skip_building_tests=False, mixin_files=None, mixin=None, verb_parser=<colcon_mixin.mixin.mixin_argument.MixinArgumentDecorator object at 0x72f3e0b413f0>, verb_extension=<colcon_core.verb.build.BuildVerb object at 0x72f3e0c6a2f0>, main=<bound method BuildVerb.main of <colcon_core.verb.build.BuildVerb object at 0x72f3e0c6a2f0>>, mixin_verb=('build',))
[0.353s] Level 1:colcon.colcon_core.package_discovery:discover_packages(colcon_meta) check parameters
[0.354s] Level 1:colcon.colcon_core.package_discovery:discover_packages(recursive) check parameters
[0.354s] Level 1:colcon.colcon_core.package_discovery:discover_packages(ignore) check parameters
[0.354s] Level 1:colcon.colcon_core.package_discovery:discover_packages(path) check parameters
[0.354s] Level 1:colcon.colcon_core.package_discovery:discover_packages(colcon_meta) discover
[0.354s] Level 1:colcon.colcon_core.package_discovery:discover_packages(recursive) discover
[0.354s] INFO:colcon.colcon_core.package_discovery:Crawling recursively for packages in '/home/vboxuser/OneDrive/UDITO/udito/ros2_ws'
[0.354s] Level 1:colcon.colcon_core.package_identification:_identify(.) by extensions ['ignore', 'ignore_ament_install']
[0.354s] Level 1:colcon.colcon_core.package_identification:_identify(.) by extension 'ignore'
[0.354s] Level 1:colcon.colcon_core.package_identification:_identify(.) by extension 'ignore_ament_install'
[0.354s] Level 1:colcon.colcon_core.package_identification:_identify(.) by extensions ['colcon_pkg']
[0.354s] Level 1:colcon.colcon_core.package_identification:_identify(.) by extension 'colcon_pkg'
[0.354s] Level 1:colcon.colcon_core.package_identification:_identify(.) by extensions ['colcon_meta']
[0.354s] Level 1:colcon.colcon_core.package_identification:_identify(.) by extension 'colcon_meta'
[0.354s] Level 1:colcon.colcon_core.package_identification:_identify(.) by extensions ['ros']
[0.354s] Level 1:colcon.colcon_core.package_identification:_identify(.) by extension 'ros'
[0.365s] Level 1:colcon.colcon_core.package_identification:_identify(.) by extensions ['cmake', 'python']
[0.366s] Level 1:colcon.colcon_core.package_identification:_identify(.) by extension 'cmake'
[0.366s] Level 1:colcon.colcon_core.package_identification:_identify(.) by extension 'python'
[0.366s] Level 1:colcon.colcon_core.package_identification:_identify(.) by extensions ['python_setup_py']
[0.366s] Level 1:colcon.colcon_core.package_identification:_identify(.) by extension 'python_setup_py'
[0.366s] Level 1:colcon.colcon_core.package_identification:_identify(build) by extensions ['ignore', 'ignore_ament_install']
[0.366s] Level 1:colcon.colcon_core.package_identification:_identify(build) by extension 'ignore'
[0.366s] Level 1:colcon.colcon_core.package_identification:_identify(build) ignored
[0.366s] Level 1:colcon.colcon_core.package_identification:_identify(install) by extensions ['ignore', 'ignore_ament_install']
[0.366s] Level 1:colcon.colcon_core.package_identification:_identify(install) by extension 'ignore'
[0.366s] Level 1:colcon.colcon_core.package_identification:_identify(install) ignored
[0.366s] Level 1:colcon.colcon_core.package_identification:_identify(log) by extensions ['ignore', 'ignore_ament_install']
[0.366s] Level 1:colcon.colcon_core.package_identification:_identify(log) by extension 'ignore'
[0.366s] Level 1:colcon.colcon_core.package_identification:_identify(log) ignored
[0.366s] Level 1:colcon.colcon_core.package_identification:_identify(src) by extensions ['ignore', 'ignore_ament_install']
[0.366s] Level 1:colcon.colcon_core.package_identification:_identify(src) by extension 'ignore'
[0.366s] Level 1:colcon.colcon_core.package_identification:_identify(src) by extension 'ignore_ament_install'
[0.366s] Level 1:colcon.colcon_core.package_identification:_identify(src) by extensions ['colcon_pkg']
[0.366s] Level 1:colcon.colcon_core.package_identification:_identify(src) by extension 'colcon_pkg'
[0.366s] Level 1:colcon.colcon_core.package_identification:_identify(src) by extensions ['colcon_meta']
[0.366s] Level 1:colcon.colcon_core.package_identification:_identify(src) by extension 'colcon_meta'
[0.366s] Level 1:colcon.colcon_core.package_identification:_identify(src) by extensions ['ros']
[0.367s] Level 1:colcon.colcon_core.package_identification:_identify(src) by extension 'ros'
[0.367s] Level 1:colcon.colcon_core.package_identification:_identify(src) by extensions ['cmake', 'python']
[0.367s] Level 1:colcon.colcon_core.package_identification:_identify(src) by extension 'cmake'
[0.367s] Level 1:colcon.colcon_core.package_identification:_identify(src) by extension 'python'
[0.367s] Level 1:colcon.colcon_core.package_identification:_identify(src) by extensions ['python_setup_py']
[0.367s] Level 1:colcon.colcon_core.package_identification:_identify(src) by extension 'python_setup_py'
[0.367s] Level 1:colcon.colcon_core.package_identification:_identify(src/head_package) by extensions ['ignore', 'ignore_ament_install']
[0.367s] Level 1:colcon.colcon_core.package_identification:_identify(src/head_package) by extension 'ignore'
[0.367s] Level 1:colcon.colcon_core.package_identification:_identify(src/head_package) by extension 'ignore_ament_install'
[0.367s] Level 1:colcon.colcon_core.package_identification:_identify(src/head_package) by extensions ['colcon_pkg']
[0.367s] Level 1:colcon.colcon_core.package_identification:_identify(src/head_package) by extension 'colcon_pkg'
[0.367s] Level 1:colcon.colcon_core.package_identification:_identify(src/head_package) by extensions ['colcon_meta']
[0.367s] Level 1:colcon.colcon_core.package_identification:_identify(src/head_package) by extension 'colcon_meta'
[0.367s] Level 1:colcon.colcon_core.package_identification:_identify(src/head_package) by extensions ['ros']
[0.367s] Level 1:colcon.colcon_core.package_identification:_identify(src/head_package) by extension 'ros'
[0.370s] DEBUG:colcon.colcon_core.package_identification:Package 'src/head_package' with type 'ros.ament_python' and name 'head_package'
[0.370s] Level 1:colcon.colcon_core.package_identification:_identify(src/ldrobot-lidar-ros2) by extensions ['ignore', 'ignore_ament_install']
[0.370s] Level 1:colcon.colcon_core.package_identification:_identify(src/ldrobot-lidar-ros2) by extension 'ignore'
[0.370s] Level 1:colcon.colcon_core.package_identification:_identify(src/ldrobot-lidar-ros2) ignored
[0.370s] Level 1:colcon.colcon_core.package_identification:_identify(src/respeaker_ros) by extensions ['ignore', 'ignore_ament_install']
[0.370s] Level 1:colcon.colcon_core.package_identification:_identify(src/respeaker_ros) by extension 'ignore'
[0.370s] Level 1:colcon.colcon_core.package_identification:_identify(src/respeaker_ros) ignored
[0.370s] Level 1:colcon.colcon_core.package_identification:_identify(src/tutorial_interfaces) by extensions ['ignore', 'ignore_ament_install']
[0.370s] Level 1:colcon.colcon_core.package_identification:_identify(src/tutorial_interfaces) by extension 'ignore'
[0.370s] Level 1:colcon.colcon_core.package_identification:_identify(src/tutorial_interfaces) by extension 'ignore_ament_install'
[0.370s] Level 1:colcon.colcon_core.package_identification:_identify(src/tutorial_interfaces) by extensions ['colcon_pkg']
[0.370s] Level 1:colcon.colcon_core.package_identification:_identify(src/tutorial_interfaces) by extension 'colcon_pkg'
[0.370s] Level 1:colcon.colcon_core.package_identification:_identify(src/tutorial_interfaces) by extensions ['colcon_meta']
[0.371s] Level 1:colcon.colcon_core.package_identification:_identify(src/tutorial_interfaces) by extension 'colcon_meta'
[0.371s] Level 1:colcon.colcon_core.package_identification:_identify(src/tutorial_interfaces) by extensions ['ros']
[0.371s] Level 1:colcon.colcon_core.package_identification:_identify(src/tutorial_interfaces) by extension 'ros'
[0.371s] DEBUG:colcon.colcon_core.package_identification:Package 'src/tutorial_interfaces' with type 'ros.ament_cmake' and name 'tutorial_interfaces'
[0.371s] Level 1:colcon.colcon_core.package_discovery:discover_packages(recursive) using defaults
[0.371s] Level 1:colcon.colcon_core.package_discovery:discover_packages(ignore) discover
[0.371s] Level 1:colcon.colcon_core.package_discovery:discover_packages(ignore) using defaults
[0.371s] Level 1:colcon.colcon_core.package_discovery:discover_packages(path) discover
[0.371s] Level 1:colcon.colcon_core.package_discovery:discover_packages(path) using defaults
[0.408s] Level 1:colcon.colcon_core.package_discovery:discover_packages(prefix_path) check parameters
[0.408s] Level 1:colcon.colcon_core.package_discovery:discover_packages(prefix_path) discover
[0.409s] WARNING:colcon.colcon_ros.prefix_path.ament:The path '/home/vboxuser/OneDrive/UDITO/udito/ros2_ws/install/head_package' in the environment variable AMENT_PREFIX_PATH doesn't exist
[0.410s] DEBUG:colcon.colcon_installed_package_information.package_discovery:Found 1 installed packages in /home/vboxuser/OneDrive/UDITO/udito/ros2_ws/install
[0.411s] DEBUG:colcon.colcon_installed_package_information.package_discovery:Found 271 installed packages in /opt/ros/humble
[0.412s] Level 1:colcon.colcon_core.package_discovery:discover_packages(prefix_path) using defaults
[0.450s] Level 5:colcon.colcon_core.verb:set package 'tutorial_interfaces' build argument 'cmake_args' from command line to 'None'
[0.451s] Level 5:colcon.colcon_core.verb:set package 'tutorial_interfaces' build argument 'cmake_target' from command line to 'None'
[0.451s] Level 5:colcon.colcon_core.verb:set package 'tutorial_interfaces' build argument 'cmake_target_skip_unavailable' from command line to 'False'
[0.451s] Level 5:colcon.colcon_core.verb:set package 'tutorial_interfaces' build argument 'cmake_clean_cache' from command line to 'True'
[0.451s] Level 5:colcon.colcon_core.verb:set package 'tutorial_interfaces' build argument 'cmake_clean_first' from command line to 'False'
[0.451s] Level 5:colcon.colcon_core.verb:set package 'tutorial_interfaces' build argument 'cmake_force_configure' from command line to 'False'
[0.451s] Level 5:colcon.colcon_core.verb:set package 'tutorial_interfaces' build argument 'ament_cmake_args' from command line to 'None'
[0.451s] Level 5:colcon.colcon_core.verb:set package 'tutorial_interfaces' build argument 'catkin_cmake_args' from command line to 'None'
[0.451s] Level 5:colcon.colcon_core.verb:set package 'tutorial_interfaces' build argument 'catkin_skip_building_tests' from command line to 'False'
[0.451s] DEBUG:colcon.colcon_core.verb:Building package 'tutorial_interfaces' with the following arguments: {'ament_cmake_args': None, 'build_base': '/home/vboxuser/OneDrive/UDITO/udito/ros2_ws/build/tutorial_interfaces', 'catkin_cmake_args': None, 'catkin_skip_building_tests': False, 'cmake_args': None, 'cmake_clean_cache': True, 'cmake_clean_first': False, 'cmake_force_configure': False, 'cmake_target': None, 'cmake_target_skip_unavailable': False, 'install_base': '/home/vboxuser/OneDrive/UDITO/udito/ros2_ws/install/tutorial_interfaces', 'merge_install': False, 'path': '/home/vboxuser/OneDrive/UDITO/udito/ros2_ws/src/tutorial_interfaces', 'symlink_install': False, 'test_result_base': None}
[0.452s] Level 5:colcon.colcon_core.verb:set package 'head_package' build argument 'cmake_args' from command line to 'None'
[0.452s] Level 5:colcon.colcon_core.verb:set package 'head_package' build argument 'cmake_target' from command line to 'None'
[0.452s] Level 5:colcon.colcon_core.verb:set package 'head_package' build argument 'cmake_target_skip_unavailable' from command line to 'False'
[0.452s] Level 5:colcon.colcon_core.verb:set package 'head_package' build argument 'cmake_clean_cache' from command line to 'True'
[0.452s] Level 5:colcon.colcon_core.verb:set package 'head_package' build argument 'cmake_clean_first' from command line to 'False'
[0.452s] Level 5:colcon.colcon_core.verb:set package 'head_package' build argument 'cmake_force_configure' from command line to 'False'
[0.452s] Level 5:colcon.colcon_core.verb:set package 'head_package' build argument 'ament_cmake_args' from command line to 'None'
[0.452s] Level 5:colcon.colcon_core.verb:set package 'head_package' build argument 'catkin_cmake_args' from command line to 'None'
[0.452s] Level 5:colcon.colcon_core.verb:set package 'head_package' build argument 'catkin_skip_building_tests' from command line to 'False'
[0.452s] DEBUG:colcon.colcon_core.verb:Building package 'head_package' with the following arguments: {'ament_cmake_args': None, 'build_base': '/home/vboxuser/OneDrive/UDITO/udito/ros2_ws/build/head_package', 'catkin_cmake_args': None, 'catkin_skip_building_tests': False, 'cmake_args': None, 'cmake_clean_cache': True, 'cmake_clean_first': False, 'cmake_force_configure': False, 'cmake_target': None, 'cmake_target_skip_unavailable': False, 'install_base': '/home/vboxuser/OneDrive/UDITO/udito/ros2_ws/install/head_package', 'merge_install': False, 'path': '/home/vboxuser/OneDrive/UDITO/udito/ros2_ws/src/head_package', 'symlink_install': False, 'test_result_base': None}
[0.452s] INFO:colcon.colcon_core.executor:Executing jobs using 'parallel' executor
[0.453s] DEBUG:colcon.colcon_parallel_executor.executor.parallel:run_until_complete
[0.453s] INFO:colcon.colcon_ros.task.ament_cmake.build:Building ROS package in '/home/vboxuser/OneDrive/UDITO/udito/ros2_ws/src/tutorial_interfaces' with build type 'ament_cmake'
[0.453s] INFO:colcon.colcon_cmake.task.cmake.build:Building CMake package in '/home/vboxuser/OneDrive/UDITO/udito/ros2_ws/src/tutorial_interfaces'
[0.455s] INFO:colcon.colcon_core.plugin_system:Skipping extension 'colcon_core.shell.bat': Not used on non-Windows systems
[0.455s] INFO:colcon.colcon_core.shell:Skip shell extension 'powershell' for command environment: Not usable outside of PowerShell
[0.456s] DEBUG:colcon.colcon_core.shell:Skip shell extension 'dsv' for command environment
[0.467s] DEBUG:colcon.colcon_core.event_handler.log_command:Invoking command in '/home/vboxuser/OneDrive/UDITO/udito/ros2_ws/build/tutorial_interfaces': CMAKE_PREFIX_PATH=${CMAKE_PREFIX_PATH}:/home/vboxuser/OneDrive/UDITO/udito/ros2_ws/install/head_package:/opt/ros/humble /usr/bin/cmake /home/vboxuser/OneDrive/UDITO/udito/ros2_ws/src/tutorial_interfaces -DCMAKE_INSTALL_PREFIX=/home/vboxuser/OneDrive/UDITO/udito/ros2_ws/install/tutorial_interfaces
[2.431s] DEBUG:colcon.colcon_core.event_handler.log_command:Invoked command in '/home/vboxuser/OneDrive/UDITO/udito/ros2_ws/build/tutorial_interfaces' returned '0': CMAKE_PREFIX_PATH=${CMAKE_PREFIX_PATH}:/home/vboxuser/OneDrive/UDITO/udito/ros2_ws/install/head_package:/opt/ros/humble /usr/bin/cmake /home/vboxuser/OneDrive/UDITO/udito/ros2_ws/src/tutorial_interfaces -DCMAKE_INSTALL_PREFIX=/home/vboxuser/OneDrive/UDITO/udito/ros2_ws/install/tutorial_interfaces
[2.434s] DEBUG:colcon.colcon_core.event_handler.log_command:Invoking command in '/home/vboxuser/OneDrive/UDITO/udito/ros2_ws/build/tutorial_interfaces': CMAKE_PREFIX_PATH=${CMAKE_PREFIX_PATH}:/home/vboxuser/OneDrive/UDITO/udito/ros2_ws/install/head_package:/opt/ros/humble /usr/bin/cmake --build /home/vboxuser/OneDrive/UDITO/udito/ros2_ws/build/tutorial_interfaces -- -j3 -l3
[7.618s] DEBUG:colcon.colcon_core.event_handler.log_command:Invoked command in '/home/vboxuser/OneDrive/UDITO/udito/ros2_ws/build/tutorial_interfaces' returned '0': CMAKE_PREFIX_PATH=${CMAKE_PREFIX_PATH}:/home/vboxuser/OneDrive/UDITO/udito/ros2_ws/install/head_package:/opt/ros/humble /usr/bin/cmake --build /home/vboxuser/OneDrive/UDITO/udito/ros2_ws/build/tutorial_interfaces -- -j3 -l3
[7.636s] DEBUG:colcon.colcon_core.event_handler.log_command:Invoking command in '/home/vboxuser/OneDrive/UDITO/udito/ros2_ws/build/tutorial_interfaces': CMAKE_PREFIX_PATH=${CMAKE_PREFIX_PATH}:/home/vboxuser/OneDrive/UDITO/udito/ros2_ws/install/head_package:/opt/ros/humble /usr/bin/cmake --install /home/vboxuser/OneDrive/UDITO/udito/ros2_ws/build/tutorial_interfaces
[7.758s] Level 1:colcon.colcon_core.environment:create_environment_scripts_only(tutorial_interfaces)
[7.759s] DEBUG:colcon.colcon_core.event_handler.log_command:Invoked command in '/home/vboxuser/OneDrive/UDITO/udito/ros2_ws/build/tutorial_interfaces' returned '0': CMAKE_PREFIX_PATH=${CMAKE_PREFIX_PATH}:/home/vboxuser/OneDrive/UDITO/udito/ros2_ws/install/head_package:/opt/ros/humble /usr/bin/cmake --install /home/vboxuser/OneDrive/UDITO/udito/ros2_ws/build/tutorial_interfaces
[7.763s] Level 1:colcon.colcon_core.environment:checking '/home/vboxuser/OneDrive/UDITO/udito/ros2_ws/install/tutorial_interfaces' for CMake module files
[7.763s] Level 1:colcon.colcon_core.environment:checking '/home/vboxuser/OneDrive/UDITO/udito/ros2_ws/install/tutorial_interfaces' for CMake config files
[7.766s] Level 1:colcon.colcon_core.shell:create_environment_hook('tutorial_interfaces', 'cmake_prefix_path')
[7.766s] INFO:colcon.colcon_core.shell:Creating environment hook '/home/vboxuser/OneDrive/UDITO/udito/ros2_ws/install/tutorial_interfaces/share/tutorial_interfaces/hook/cmake_prefix_path.ps1'
[7.767s] INFO:colcon.colcon_core.shell:Creating environment descriptor '/home/vboxuser/OneDrive/UDITO/udito/ros2_ws/install/tutorial_interfaces/share/tutorial_interfaces/hook/cmake_prefix_path.dsv'
[7.767s] INFO:colcon.colcon_core.shell:Creating environment hook '/home/vboxuser/OneDrive/UDITO/udito/ros2_ws/install/tutorial_interfaces/share/tutorial_interfaces/hook/cmake_prefix_path.sh'
[7.768s] Level 1:colcon.colcon_core.environment:checking '/home/vboxuser/OneDrive/UDITO/udito/ros2_ws/install/tutorial_interfaces/lib'
[7.769s] Level 1:colcon.colcon_core.shell:create_environment_hook('tutorial_interfaces', 'ld_library_path_lib')
[7.769s] INFO:colcon.colcon_core.shell:Creating environment hook '/home/vboxuser/OneDrive/UDITO/udito/ros2_ws/install/tutorial_interfaces/share/tutorial_interfaces/hook/ld_library_path_lib.ps1'
[7.769s] INFO:colcon.colcon_core.shell:Creating environment descriptor '/home/vboxuser/OneDrive/UDITO/udito/ros2_ws/install/tutorial_interfaces/share/tutorial_interfaces/hook/ld_library_path_lib.dsv'
[7.770s] INFO:colcon.colcon_core.shell:Creating environment hook '/home/vboxuser/OneDrive/UDITO/udito/ros2_ws/install/tutorial_interfaces/share/tutorial_interfaces/hook/ld_library_path_lib.sh'
[7.770s] Level 1:colcon.colcon_core.environment:checking '/home/vboxuser/OneDrive/UDITO/udito/ros2_ws/install/tutorial_interfaces/bin'
[7.770s] Level 1:colcon.colcon_core.environment:checking '/home/vboxuser/OneDrive/UDITO/udito/ros2_ws/install/tutorial_interfaces/lib/pkgconfig/tutorial_interfaces.pc'
[7.770s] Level 1:colcon.colcon_core.environment:checking '/home/vboxuser/OneDrive/UDITO/udito/ros2_ws/install/tutorial_interfaces/lib/python3.10/site-packages'
[7.770s] Level 1:colcon.colcon_core.environment:checking '/home/vboxuser/OneDrive/UDITO/udito/ros2_ws/install/tutorial_interfaces/bin'
[7.770s] INFO:colcon.colcon_core.shell:Creating package script '/home/vboxuser/OneDrive/UDITO/udito/ros2_ws/install/tutorial_interfaces/share/tutorial_interfaces/package.ps1'
[7.772s] INFO:colcon.colcon_core.shell:Creating package descriptor '/home/vboxuser/OneDrive/UDITO/udito/ros2_ws/install/tutorial_interfaces/share/tutorial_interfaces/package.dsv'
[7.772s] INFO:colcon.colcon_core.shell:Creating package script '/home/vboxuser/OneDrive/UDITO/udito/ros2_ws/install/tutorial_interfaces/share/tutorial_interfaces/package.sh'
[7.775s] INFO:colcon.colcon_core.shell:Creating package script '/home/vboxuser/OneDrive/UDITO/udito/ros2_ws/install/tutorial_interfaces/share/tutorial_interfaces/package.bash'
[7.775s] INFO:colcon.colcon_core.shell:Creating package script '/home/vboxuser/OneDrive/UDITO/udito/ros2_ws/install/tutorial_interfaces/share/tutorial_interfaces/package.zsh'
[7.776s] Level 1:colcon.colcon_core.environment:create_file_with_runtime_dependencies(/home/vboxuser/OneDrive/UDITO/udito/ros2_ws/install/tutorial_interfaces/share/colcon-core/packages/tutorial_interfaces)
[7.777s] Level 1:colcon.colcon_core.environment:create_environment_scripts_only(tutorial_interfaces)
[7.777s] Level 1:colcon.colcon_core.environment:checking '/home/vboxuser/OneDrive/UDITO/udito/ros2_ws/install/tutorial_interfaces' for CMake module files
[7.778s] Level 1:colcon.colcon_core.environment:checking '/home/vboxuser/OneDrive/UDITO/udito/ros2_ws/install/tutorial_interfaces' for CMake config files
[7.778s] Level 1:colcon.colcon_core.shell:create_environment_hook('tutorial_interfaces', 'cmake_prefix_path')
[7.778s] INFO:colcon.colcon_core.shell:Creating environment hook '/home/vboxuser/OneDrive/UDITO/udito/ros2_ws/install/tutorial_interfaces/share/tutorial_interfaces/hook/cmake_prefix_path.ps1'
[7.780s] INFO:colcon.colcon_core.shell:Creating environment descriptor '/home/vboxuser/OneDrive/UDITO/udito/ros2_ws/install/tutorial_interfaces/share/tutorial_interfaces/hook/cmake_prefix_path.dsv'
[7.780s] INFO:colcon.colcon_core.shell:Creating environment hook '/home/vboxuser/OneDrive/UDITO/udito/ros2_ws/install/tutorial_interfaces/share/tutorial_interfaces/hook/cmake_prefix_path.sh'
[7.781s] Level 1:colcon.colcon_core.environment:checking '/home/vboxuser/OneDrive/UDITO/udito/ros2_ws/install/tutorial_interfaces/lib'
[7.781s] Level 1:colcon.colcon_core.shell:create_environment_hook('tutorial_interfaces', 'ld_library_path_lib')
[7.781s] INFO:colcon.colcon_core.shell:Creating environment hook '/home/vboxuser/OneDrive/UDITO/udito/ros2_ws/install/tutorial_interfaces/share/tutorial_interfaces/hook/ld_library_path_lib.ps1'
[7.781s] INFO:colcon.colcon_core.shell:Creating environment descriptor '/home/vboxuser/OneDrive/UDITO/udito/ros2_ws/install/tutorial_interfaces/share/tutorial_interfaces/hook/ld_library_path_lib.dsv'
[7.783s] INFO:colcon.colcon_core.shell:Creating environment hook '/home/vboxuser/OneDrive/UDITO/udito/ros2_ws/install/tutorial_interfaces/share/tutorial_interfaces/hook/ld_library_path_lib.sh'
[7.784s] Level 1:colcon.colcon_core.environment:checking '/home/vboxuser/OneDrive/UDITO/udito/ros2_ws/install/tutorial_interfaces/bin'
[7.784s] Level 1:colcon.colcon_core.environment:checking '/home/vboxuser/OneDrive/UDITO/udito/ros2_ws/install/tutorial_interfaces/lib/pkgconfig/tutorial_interfaces.pc'
[7.784s] Level 1:colcon.colcon_core.environment:checking '/home/vboxuser/OneDrive/UDITO/udito/ros2_ws/install/tutorial_interfaces/lib/python3.10/site-packages'
[7.784s] Level 1:colcon.colcon_core.environment:checking '/home/vboxuser/OneDrive/UDITO/udito/ros2_ws/install/tutorial_interfaces/bin'
[7.784s] INFO:colcon.colcon_core.shell:Creating package script '/home/vboxuser/OneDrive/UDITO/udito/ros2_ws/install/tutorial_interfaces/share/tutorial_interfaces/package.ps1'
[7.787s] INFO:colcon.colcon_core.shell:Creating package descriptor '/home/vboxuser/OneDrive/UDITO/udito/ros2_ws/install/tutorial_interfaces/share/tutorial_interfaces/package.dsv'
[7.787s] INFO:colcon.colcon_core.shell:Creating package script '/home/vboxuser/OneDrive/UDITO/udito/ros2_ws/install/tutorial_interfaces/share/tutorial_interfaces/package.sh'
[7.788s] INFO:colcon.colcon_core.shell:Creating package script '/home/vboxuser/OneDrive/UDITO/udito/ros2_ws/install/tutorial_interfaces/share/tutorial_interfaces/package.bash'
[7.788s] INFO:colcon.colcon_core.shell:Creating package script '/home/vboxuser/OneDrive/UDITO/udito/ros2_ws/install/tutorial_interfaces/share/tutorial_interfaces/package.zsh'
[7.789s] Level 1:colcon.colcon_core.environment:create_file_with_runtime_dependencies(/home/vboxuser/OneDrive/UDITO/udito/ros2_ws/install/tutorial_interfaces/share/colcon-core/packages/tutorial_interfaces)
[7.790s] INFO:colcon.colcon_ros.task.ament_python.build:Building ROS package in '/home/vboxuser/OneDrive/UDITO/udito/ros2_ws/src/head_package' with build type 'ament_python'
[7.790s] Level 1:colcon.colcon_core.shell:create_environment_hook('head_package', 'ament_prefix_path')
[7.790s] INFO:colcon.colcon_core.shell:Creating environment hook '/home/vboxuser/OneDrive/UDITO/udito/ros2_ws/install/head_package/share/head_package/hook/ament_prefix_path.ps1'
[7.791s] INFO:colcon.colcon_core.shell:Creating environment descriptor '/home/vboxuser/OneDrive/UDITO/udito/ros2_ws/install/head_package/share/head_package/hook/ament_prefix_path.dsv'
[7.792s] INFO:colcon.colcon_core.shell:Creating environment hook '/home/vboxuser/OneDrive/UDITO/udito/ros2_ws/install/head_package/share/head_package/hook/ament_prefix_path.sh'
[7.792s] INFO:colcon.colcon_core.shell:Skip shell extension 'powershell' for command environment: Not usable outside of PowerShell
[7.792s] DEBUG:colcon.colcon_core.shell:Skip shell extension 'dsv' for command environment
[8.084s] INFO:colcon.colcon_core.task.python.build:Building Python package in '/home/vboxuser/OneDrive/UDITO/udito/ros2_ws/src/head_package'
[8.084s] INFO:colcon.colcon_core.shell:Skip shell extension 'powershell' for command environment: Not usable outside of PowerShell
[8.084s] DEBUG:colcon.colcon_core.shell:Skip shell extension 'dsv' for command environment
[8.581s] DEBUG:colcon.colcon_core.event_handler.log_command:Invoking command in '/home/vboxuser/OneDrive/UDITO/udito/ros2_ws/src/head_package': PYTHONPATH=/home/vboxuser/OneDrive/UDITO/udito/ros2_ws/build/head_package/prefix_override:/usr/lib/python3/dist-packages/colcon_core/task/python/colcon_distutils_commands:/home/vboxuser/OneDrive/UDITO/udito/ros2_ws/install/head_package/lib/python3.10/site-packages:${PYTHONPATH} /usr/bin/python3 -W ignore:setup.py install is deprecated -W ignore:easy_install command is deprecated setup.py egg_info --egg-base ../../build/head_package build --build-base /home/vboxuser/OneDrive/UDITO/udito/ros2_ws/build/head_package/build install --record /home/vboxuser/OneDrive/UDITO/udito/ros2_ws/build/head_package/install.log --single-version-externally-managed install_data
[8.886s] Level 1:colcon.colcon_core.environment:checking '/home/vboxuser/OneDrive/UDITO/udito/ros2_ws/install/head_package' for CMake module files
[8.886s] DEBUG:colcon.colcon_core.event_handler.log_command:Invoked command in '/home/vboxuser/OneDrive/UDITO/udito/ros2_ws/src/head_package' returned '0': PYTHONPATH=/home/vboxuser/OneDrive/UDITO/udito/ros2_ws/build/head_package/prefix_override:/usr/lib/python3/dist-packages/colcon_core/task/python/colcon_distutils_commands:/home/vboxuser/OneDrive/UDITO/udito/ros2_ws/install/head_package/lib/python3.10/site-packages:${PYTHONPATH} /usr/bin/python3 -W ignore:setup.py install is deprecated -W ignore:easy_install command is deprecated setup.py egg_info --egg-base ../../build/head_package build --build-base /home/vboxuser/OneDrive/UDITO/udito/ros2_ws/build/head_package/build install --record /home/vboxuser/OneDrive/UDITO/udito/ros2_ws/build/head_package/install.log --single-version-externally-managed install_data
[8.887s] Level 1:colcon.colcon_core.environment:checking '/home/vboxuser/OneDrive/UDITO/udito/ros2_ws/install/head_package' for CMake config files
[8.887s] Level 1:colcon.colcon_core.environment:checking '/home/vboxuser/OneDrive/UDITO/udito/ros2_ws/install/head_package/lib'
[8.887s] Level 1:colcon.colcon_core.environment:checking '/home/vboxuser/OneDrive/UDITO/udito/ros2_ws/install/head_package/bin'
[8.887s] Level 1:colcon.colcon_core.environment:checking '/home/vboxuser/OneDrive/UDITO/udito/ros2_ws/install/head_package/lib/pkgconfig/head_package.pc'
[8.888s] Level 1:colcon.colcon_core.environment:checking '/home/vboxuser/OneDrive/UDITO/udito/ros2_ws/install/head_package/lib/python3.10/site-packages'
[8.888s] Level 1:colcon.colcon_core.shell:create_environment_hook('head_package', 'pythonpath')
[8.888s] INFO:colcon.colcon_core.shell:Creating environment hook '/home/vboxuser/OneDrive/UDITO/udito/ros2_ws/install/head_package/share/head_package/hook/pythonpath.ps1'
[8.888s] INFO:colcon.colcon_core.shell:Creating environment descriptor '/home/vboxuser/OneDrive/UDITO/udito/ros2_ws/install/head_package/share/head_package/hook/pythonpath.dsv'
[8.889s] INFO:colcon.colcon_core.shell:Creating environment hook '/home/vboxuser/OneDrive/UDITO/udito/ros2_ws/install/head_package/share/head_package/hook/pythonpath.sh'
[8.889s] Level 1:colcon.colcon_core.environment:checking '/home/vboxuser/OneDrive/UDITO/udito/ros2_ws/install/head_package/bin'
[8.889s] Level 1:colcon.colcon_core.environment:create_environment_scripts_only(head_package)
[8.889s] INFO:colcon.colcon_core.shell:Creating package script '/home/vboxuser/OneDrive/UDITO/udito/ros2_ws/install/head_package/share/head_package/package.ps1'
[8.890s] INFO:colcon.colcon_core.shell:Creating package descriptor '/home/vboxuser/OneDrive/UDITO/udito/ros2_ws/install/head_package/share/head_package/package.dsv'
[8.890s] INFO:colcon.colcon_core.shell:Creating package script '/home/vboxuser/OneDrive/UDITO/udito/ros2_ws/install/head_package/share/head_package/package.sh'
[8.890s] INFO:colcon.colcon_core.shell:Creating package script '/home/vboxuser/OneDrive/UDITO/udito/ros2_ws/install/head_package/share/head_package/package.bash'
[8.890s] INFO:colcon.colcon_core.shell:Creating package script '/home/vboxuser/OneDrive/UDITO/udito/ros2_ws/install/head_package/share/head_package/package.zsh'
[8.891s] Level 1:colcon.colcon_core.environment:create_file_with_runtime_dependencies(/home/vboxuser/OneDrive/UDITO/udito/ros2_ws/install/head_package/share/colcon-core/packages/head_package)
[8.891s] DEBUG:colcon.colcon_parallel_executor.executor.parallel:closing loop
[8.891s] DEBUG:colcon.colcon_parallel_executor.executor.parallel:loop closed
[8.891s] DEBUG:colcon.colcon_parallel_executor.executor.parallel:run_until_complete finished with '0'
[8.892s] DEBUG:colcon.colcon_core.event_reactor:joining thread
[8.908s] INFO:colcon.colcon_core.plugin_system:Skipping extension 'colcon_notification.desktop_notification.terminal_notifier': Not used on non-Darwin systems
[8.908s] INFO:colcon.colcon_core.plugin_system:Skipping extension 'colcon_notification.desktop_notification.win32': Not used on non-Windows systems
[8.908s] INFO:colcon.colcon_notification.desktop_notification:Sending desktop notification using 'notify2'
[8.985s] DEBUG:colcon.colcon_core.event_reactor:joined thread
[8.985s] INFO:colcon.colcon_core.shell:Creating prefix script '/home/vboxuser/OneDrive/UDITO/udito/ros2_ws/install/local_setup.ps1'
[8.986s] INFO:colcon.colcon_core.shell:Creating prefix util module '/home/vboxuser/OneDrive/UDITO/udito/ros2_ws/install/_local_setup_util_ps1.py'
[8.988s] INFO:colcon.colcon_core.shell:Creating prefix chain script '/home/vboxuser/OneDrive/UDITO/udito/ros2_ws/install/setup.ps1'
[8.989s] INFO:colcon.colcon_core.shell:Creating prefix script '/home/vboxuser/OneDrive/UDITO/udito/ros2_ws/install/local_setup.sh'
[8.990s] INFO:colcon.colcon_core.shell:Creating prefix util module '/home/vboxuser/OneDrive/UDITO/udito/ros2_ws/install/_local_setup_util_sh.py'
[8.990s] INFO:colcon.colcon_core.shell:Creating prefix chain script '/home/vboxuser/OneDrive/UDITO/udito/ros2_ws/install/setup.sh'
[8.991s] INFO:colcon.colcon_core.shell:Creating prefix script '/home/vboxuser/OneDrive/UDITO/udito/ros2_ws/install/local_setup.bash'
[8.992s] INFO:colcon.colcon_core.shell:Creating prefix chain script '/home/vboxuser/OneDrive/UDITO/udito/ros2_ws/install/setup.bash'
[8.993s] INFO:colcon.colcon_core.shell:Creating prefix script '/home/vboxuser/OneDrive/UDITO/udito/ros2_ws/install/local_setup.zsh'
[8.994s] INFO:colcon.colcon_core.shell:Creating prefix chain script '/home/vboxuser/OneDrive/UDITO/udito/ros2_ws/install/setup.zsh'
