[0.016s] Invoking command in '/home/udito/OneDrive/UDITO/udito/ros2_ws/build/respeaker_ros': PS1=(python-3.9.21) \[\e]0;\u@\h: \w\a\]${debian_chroot:+($debian_chroot)}\u@\h:\w\$ VIRTUAL_ENV_PROMPT=(python-3.9.21) /usr/bin/cmake /home/udito/OneDrive/UDITO/udito/ros2_ws/src/respeaker_ros -DCATKIN_INSTALL_INTO_PREFIX_ROOT=0 -DCATKIN_SYMLINK_INSTALL=ON -DCMAKE_INSTALL_PREFIX=/home/udito/OneDrive/UDITO/udito/ros2_ws/install/respeaker_ros
[0.024s] [0mCMake Deprecation Warning at CMakeLists.txt:1 (cmake_minimum_required):
[0.024s]   Compatibility with CMake < 2.8.12 will be removed from a future version of
[0.025s]   CMake.
[0.025s] 
[0.025s]   Update the VERSION argument <min> value or use a ...<max> suffix to tell
[0.025s]   CMake that the project does not need compatibility with older versions.
[0.025s] 
[0.025s] [0m
[0.091s] -- The C compiler identification is GNU 11.4.0
[0.175s] -- The CXX compiler identification is GNU 11.4.0
[0.187s] -- Detecting C compiler ABI info
[0.275s] -- Detecting C compiler ABI info - done
[0.287s] -- Check for working C compiler: /usr/bin/cc - skipped
[0.288s] -- Detecting C compile features
[0.288s] -- Detecting C compile features - done
[0.293s] -- Detecting CXX compiler ABI info
[0.393s] -- Detecting CXX compiler ABI info - done
[0.406s] -- Check for working CXX compiler: /usr/bin/c++ - skipped
[0.406s] -- Detecting CXX compile features
[0.407s] -- Detecting CXX compile features - done
[0.419s] [31mCMake Error at CMakeLists.txt:4 (find_package):
[0.419s]   By not providing "Findcatkin.cmake" in CMAKE_MODULE_PATH this project has
[0.419s]   asked CMake to find a package configuration file provided by "catkin", but
[0.419s]   CMake did not find one.
[0.419s] 
[0.419s]   Could not find a package configuration file provided by "catkin" with any
[0.419s]   of the following names:
[0.419s] 
[0.419s]     catkinConfig.cmake
[0.419s]     catkin-config.cmake
[0.419s] 
[0.419s]   Add the installation prefix of "catkin" to CMAKE_PREFIX_PATH or set
[0.419s]   "catkin_DIR" to a directory containing one of the above files.  If "catkin"
[0.420s]   provides a separate development package or SDK, be sure it has been
[0.420s]   installed.
[0.420s] 
[0.420s] [0m
[0.420s] -- Configuring incomplete, errors occurred!
[0.420s] See also "/home/udito/OneDrive/UDITO/udito/ros2_ws/build/respeaker_ros/CMakeFiles/CMakeOutput.log".
