[0.159s] DEBUG:colcon:Command line arguments: ['/usr/bin/colcon', 'build', '--symlink-install']
[0.159s] DEBUG:colcon:Parsed command line arguments: Namespace(log_base=None, log_level=None, verb_name='build', build_base='build', install_base='install', merge_install=False, symlink_install=True, test_result_base=None, continue_on_error=False, executor='parallel', parallel_workers=2, event_handlers=None, ignore_user_meta=False, metas=['./colcon.meta'], base_paths=['.'], packages_ignore=None, packages_ignore_regex=None, paths=None, packages_up_to=None, packages_up_to_regex=None, packages_above=None, packages_above_and_dependencies=None, packages_above_depth=None, packages_select_by_dep=None, packages_skip_by_dep=None, packages_skip_up_to=None, packages_select_build_failed=False, packages_skip_build_finished=False, packages_select_test_failures=False, packages_skip_test_passed=False, packages_select=None, packages_skip=None, packages_select_regex=None, packages_skip_regex=None, packages_start=None, packages_end=None, allow_overriding=[], cmake_args=None, cmake_target=None, cmake_target_skip_unavailable=False, cmake_clean_cache=False, cmake_clean_first=False, cmake_force_configure=False, ament_cmake_args=None, catkin_cmake_args=None, catkin_skip_building_tests=False, mixin_files=None, mixin=None, verb_parser=<colcon_mixin.mixin.mixin_argument.MixinArgumentDecorator object at 0x761857c84fa0>, verb_extension=<colcon_core.verb.build.BuildVerb object at 0x761857daa530>, main=<bound method BuildVerb.main of <colcon_core.verb.build.BuildVerb object at 0x761857daa530>>, mixin_verb=('build',))
[0.429s] Level 1:colcon.colcon_core.package_discovery:discover_packages(colcon_meta) check parameters
[0.430s] Level 1:colcon.colcon_core.package_discovery:discover_packages(recursive) check parameters
[0.430s] Level 1:colcon.colcon_core.package_discovery:discover_packages(ignore) check parameters
[0.430s] Level 1:colcon.colcon_core.package_discovery:discover_packages(path) check parameters
[0.430s] Level 1:colcon.colcon_core.package_discovery:discover_packages(colcon_meta) discover
[0.430s] Level 1:colcon.colcon_core.package_discovery:discover_packages(recursive) discover
[0.430s] INFO:colcon.colcon_core.package_discovery:Crawling recursively for packages in '/home/udito/OneDrive/UDITO/udito/ros2_ws'
[0.430s] Level 1:colcon.colcon_core.package_identification:_identify(.) by extensions ['ignore', 'ignore_ament_install']
[0.430s] Level 1:colcon.colcon_core.package_identification:_identify(.) by extension 'ignore'
[0.430s] Level 1:colcon.colcon_core.package_identification:_identify(.) by extension 'ignore_ament_install'
[0.430s] Level 1:colcon.colcon_core.package_identification:_identify(.) by extensions ['colcon_pkg']
[0.430s] Level 1:colcon.colcon_core.package_identification:_identify(.) by extension 'colcon_pkg'
[0.430s] Level 1:colcon.colcon_core.package_identification:_identify(.) by extensions ['colcon_meta']
[0.430s] Level 1:colcon.colcon_core.package_identification:_identify(.) by extension 'colcon_meta'
[0.430s] Level 1:colcon.colcon_core.package_identification:_identify(.) by extensions ['ros']
[0.431s] Level 1:colcon.colcon_core.package_identification:_identify(.) by extension 'ros'
[0.460s] Level 1:colcon.colcon_core.package_identification:_identify(.) by extensions ['cmake', 'python']
[0.460s] Level 1:colcon.colcon_core.package_identification:_identify(.) by extension 'cmake'
[0.460s] Level 1:colcon.colcon_core.package_identification:_identify(.) by extension 'python'
[0.460s] Level 1:colcon.colcon_core.package_identification:_identify(.) by extensions ['python_setup_py']
[0.460s] Level 1:colcon.colcon_core.package_identification:_identify(.) by extension 'python_setup_py'
[0.461s] Level 1:colcon.colcon_core.package_identification:_identify(build) by extensions ['ignore', 'ignore_ament_install']
[0.461s] Level 1:colcon.colcon_core.package_identification:_identify(build) by extension 'ignore'
[0.461s] Level 1:colcon.colcon_core.package_identification:_identify(build) ignored
[0.461s] Level 1:colcon.colcon_core.package_identification:_identify(install) by extensions ['ignore', 'ignore_ament_install']
[0.461s] Level 1:colcon.colcon_core.package_identification:_identify(install) by extension 'ignore'
[0.461s] Level 1:colcon.colcon_core.package_identification:_identify(install) ignored
[0.461s] Level 1:colcon.colcon_core.package_identification:_identify(log) by extensions ['ignore', 'ignore_ament_install']
[0.461s] Level 1:colcon.colcon_core.package_identification:_identify(log) by extension 'ignore'
[0.461s] Level 1:colcon.colcon_core.package_identification:_identify(log) ignored
[0.462s] Level 1:colcon.colcon_core.package_identification:_identify(src) by extensions ['ignore', 'ignore_ament_install']
[0.462s] Level 1:colcon.colcon_core.package_identification:_identify(src) by extension 'ignore'
[0.462s] Level 1:colcon.colcon_core.package_identification:_identify(src) by extension 'ignore_ament_install'
[0.462s] Level 1:colcon.colcon_core.package_identification:_identify(src) by extensions ['colcon_pkg']
[0.462s] Level 1:colcon.colcon_core.package_identification:_identify(src) by extension 'colcon_pkg'
[0.462s] Level 1:colcon.colcon_core.package_identification:_identify(src) by extensions ['colcon_meta']
[0.462s] Level 1:colcon.colcon_core.package_identification:_identify(src) by extension 'colcon_meta'
[0.462s] Level 1:colcon.colcon_core.package_identification:_identify(src) by extensions ['ros']
[0.462s] Level 1:colcon.colcon_core.package_identification:_identify(src) by extension 'ros'
[0.462s] Level 1:colcon.colcon_core.package_identification:_identify(src) by extensions ['cmake', 'python']
[0.462s] Level 1:colcon.colcon_core.package_identification:_identify(src) by extension 'cmake'
[0.462s] Level 1:colcon.colcon_core.package_identification:_identify(src) by extension 'python'
[0.462s] Level 1:colcon.colcon_core.package_identification:_identify(src) by extensions ['python_setup_py']
[0.462s] Level 1:colcon.colcon_core.package_identification:_identify(src) by extension 'python_setup_py'
[0.463s] Level 1:colcon.colcon_core.package_identification:_identify(src/build) by extensions ['ignore', 'ignore_ament_install']
[0.463s] Level 1:colcon.colcon_core.package_identification:_identify(src/build) by extension 'ignore'
[0.463s] Level 1:colcon.colcon_core.package_identification:_identify(src/build) ignored
[0.463s] Level 1:colcon.colcon_core.package_identification:_identify(src/install) by extensions ['ignore', 'ignore_ament_install']
[0.463s] Level 1:colcon.colcon_core.package_identification:_identify(src/install) by extension 'ignore'
[0.463s] Level 1:colcon.colcon_core.package_identification:_identify(src/install) ignored
[0.463s] Level 1:colcon.colcon_core.package_identification:_identify(src/ldrobot-lidar-ros2) by extensions ['ignore', 'ignore_ament_install']
[0.463s] Level 1:colcon.colcon_core.package_identification:_identify(src/ldrobot-lidar-ros2) by extension 'ignore'
[0.463s] Level 1:colcon.colcon_core.package_identification:_identify(src/ldrobot-lidar-ros2) by extension 'ignore_ament_install'
[0.463s] Level 1:colcon.colcon_core.package_identification:_identify(src/ldrobot-lidar-ros2) by extensions ['colcon_pkg']
[0.463s] Level 1:colcon.colcon_core.package_identification:_identify(src/ldrobot-lidar-ros2) by extension 'colcon_pkg'
[0.463s] Level 1:colcon.colcon_core.package_identification:_identify(src/ldrobot-lidar-ros2) by extensions ['colcon_meta']
[0.464s] Level 1:colcon.colcon_core.package_identification:_identify(src/ldrobot-lidar-ros2) by extension 'colcon_meta'
[0.464s] Level 1:colcon.colcon_core.package_identification:_identify(src/ldrobot-lidar-ros2) by extensions ['ros']
[0.464s] Level 1:colcon.colcon_core.package_identification:_identify(src/ldrobot-lidar-ros2) by extension 'ros'
[0.464s] Level 1:colcon.colcon_core.package_identification:_identify(src/ldrobot-lidar-ros2) by extensions ['cmake', 'python']
[0.464s] Level 1:colcon.colcon_core.package_identification:_identify(src/ldrobot-lidar-ros2) by extension 'cmake'
[0.464s] Level 1:colcon.colcon_core.package_identification:_identify(src/ldrobot-lidar-ros2) by extension 'python'
[0.464s] Level 1:colcon.colcon_core.package_identification:_identify(src/ldrobot-lidar-ros2) by extensions ['python_setup_py']
[0.464s] Level 1:colcon.colcon_core.package_identification:_identify(src/ldrobot-lidar-ros2) by extension 'python_setup_py'
[0.464s] Level 1:colcon.colcon_core.package_identification:_identify(src/ldrobot-lidar-ros2/3d_model) by extensions ['ignore', 'ignore_ament_install']
[0.464s] Level 1:colcon.colcon_core.package_identification:_identify(src/ldrobot-lidar-ros2/3d_model) by extension 'ignore'
[0.464s] Level 1:colcon.colcon_core.package_identification:_identify(src/ldrobot-lidar-ros2/3d_model) by extension 'ignore_ament_install'
[0.464s] Level 1:colcon.colcon_core.package_identification:_identify(src/ldrobot-lidar-ros2/3d_model) by extensions ['colcon_pkg']
[0.464s] Level 1:colcon.colcon_core.package_identification:_identify(src/ldrobot-lidar-ros2/3d_model) by extension 'colcon_pkg'
[0.464s] Level 1:colcon.colcon_core.package_identification:_identify(src/ldrobot-lidar-ros2/3d_model) by extensions ['colcon_meta']
[0.464s] Level 1:colcon.colcon_core.package_identification:_identify(src/ldrobot-lidar-ros2/3d_model) by extension 'colcon_meta'
[0.465s] Level 1:colcon.colcon_core.package_identification:_identify(src/ldrobot-lidar-ros2/3d_model) by extensions ['ros']
[0.465s] Level 1:colcon.colcon_core.package_identification:_identify(src/ldrobot-lidar-ros2/3d_model) by extension 'ros'
[0.465s] Level 1:colcon.colcon_core.package_identification:_identify(src/ldrobot-lidar-ros2/3d_model) by extensions ['cmake', 'python']
[0.465s] Level 1:colcon.colcon_core.package_identification:_identify(src/ldrobot-lidar-ros2/3d_model) by extension 'cmake'
[0.465s] Level 1:colcon.colcon_core.package_identification:_identify(src/ldrobot-lidar-ros2/3d_model) by extension 'python'
[0.465s] Level 1:colcon.colcon_core.package_identification:_identify(src/ldrobot-lidar-ros2/3d_model) by extensions ['python_setup_py']
[0.465s] Level 1:colcon.colcon_core.package_identification:_identify(src/ldrobot-lidar-ros2/3d_model) by extension 'python_setup_py'
[0.465s] Level 1:colcon.colcon_core.package_identification:_identify(src/ldrobot-lidar-ros2/docs) by extensions ['ignore', 'ignore_ament_install']
[0.465s] Level 1:colcon.colcon_core.package_identification:_identify(src/ldrobot-lidar-ros2/docs) by extension 'ignore'
[0.465s] Level 1:colcon.colcon_core.package_identification:_identify(src/ldrobot-lidar-ros2/docs) by extension 'ignore_ament_install'
[0.465s] Level 1:colcon.colcon_core.package_identification:_identify(src/ldrobot-lidar-ros2/docs) by extensions ['colcon_pkg']
[0.465s] Level 1:colcon.colcon_core.package_identification:_identify(src/ldrobot-lidar-ros2/docs) by extension 'colcon_pkg'
[0.465s] Level 1:colcon.colcon_core.package_identification:_identify(src/ldrobot-lidar-ros2/docs) by extensions ['colcon_meta']
[0.465s] Level 1:colcon.colcon_core.package_identification:_identify(src/ldrobot-lidar-ros2/docs) by extension 'colcon_meta'
[0.465s] Level 1:colcon.colcon_core.package_identification:_identify(src/ldrobot-lidar-ros2/docs) by extensions ['ros']
[0.466s] Level 1:colcon.colcon_core.package_identification:_identify(src/ldrobot-lidar-ros2/docs) by extension 'ros'
[0.466s] Level 1:colcon.colcon_core.package_identification:_identify(src/ldrobot-lidar-ros2/docs) by extensions ['cmake', 'python']
[0.466s] Level 1:colcon.colcon_core.package_identification:_identify(src/ldrobot-lidar-ros2/docs) by extension 'cmake'
[0.466s] Level 1:colcon.colcon_core.package_identification:_identify(src/ldrobot-lidar-ros2/docs) by extension 'python'
[0.466s] Level 1:colcon.colcon_core.package_identification:_identify(src/ldrobot-lidar-ros2/docs) by extensions ['python_setup_py']
[0.466s] Level 1:colcon.colcon_core.package_identification:_identify(src/ldrobot-lidar-ros2/docs) by extension 'python_setup_py'
[0.466s] Level 1:colcon.colcon_core.package_identification:_identify(src/ldrobot-lidar-ros2/images) by extensions ['ignore', 'ignore_ament_install']
[0.466s] Level 1:colcon.colcon_core.package_identification:_identify(src/ldrobot-lidar-ros2/images) by extension 'ignore'
[0.466s] Level 1:colcon.colcon_core.package_identification:_identify(src/ldrobot-lidar-ros2/images) by extension 'ignore_ament_install'
[0.466s] Level 1:colcon.colcon_core.package_identification:_identify(src/ldrobot-lidar-ros2/images) by extensions ['colcon_pkg']
[0.466s] Level 1:colcon.colcon_core.package_identification:_identify(src/ldrobot-lidar-ros2/images) by extension 'colcon_pkg'
[0.466s] Level 1:colcon.colcon_core.package_identification:_identify(src/ldrobot-lidar-ros2/images) by extensions ['colcon_meta']
[0.466s] Level 1:colcon.colcon_core.package_identification:_identify(src/ldrobot-lidar-ros2/images) by extension 'colcon_meta'
[0.466s] Level 1:colcon.colcon_core.package_identification:_identify(src/ldrobot-lidar-ros2/images) by extensions ['ros']
[0.466s] Level 1:colcon.colcon_core.package_identification:_identify(src/ldrobot-lidar-ros2/images) by extension 'ros'
[0.467s] Level 1:colcon.colcon_core.package_identification:_identify(src/ldrobot-lidar-ros2/images) by extensions ['cmake', 'python']
[0.467s] Level 1:colcon.colcon_core.package_identification:_identify(src/ldrobot-lidar-ros2/images) by extension 'cmake'
[0.467s] Level 1:colcon.colcon_core.package_identification:_identify(src/ldrobot-lidar-ros2/images) by extension 'python'
[0.467s] Level 1:colcon.colcon_core.package_identification:_identify(src/ldrobot-lidar-ros2/images) by extensions ['python_setup_py']
[0.467s] Level 1:colcon.colcon_core.package_identification:_identify(src/ldrobot-lidar-ros2/images) by extension 'python_setup_py'
[0.467s] Level 1:colcon.colcon_core.package_identification:_identify(src/ldrobot-lidar-ros2/ldlidar) by extensions ['ignore', 'ignore_ament_install']
[0.467s] Level 1:colcon.colcon_core.package_identification:_identify(src/ldrobot-lidar-ros2/ldlidar) by extension 'ignore'
[0.467s] Level 1:colcon.colcon_core.package_identification:_identify(src/ldrobot-lidar-ros2/ldlidar) by extension 'ignore_ament_install'
[0.467s] Level 1:colcon.colcon_core.package_identification:_identify(src/ldrobot-lidar-ros2/ldlidar) by extensions ['colcon_pkg']
[0.467s] Level 1:colcon.colcon_core.package_identification:_identify(src/ldrobot-lidar-ros2/ldlidar) by extension 'colcon_pkg'
[0.467s] Level 1:colcon.colcon_core.package_identification:_identify(src/ldrobot-lidar-ros2/ldlidar) by extensions ['colcon_meta']
[0.467s] Level 1:colcon.colcon_core.package_identification:_identify(src/ldrobot-lidar-ros2/ldlidar) by extension 'colcon_meta'
[0.467s] Level 1:colcon.colcon_core.package_identification:_identify(src/ldrobot-lidar-ros2/ldlidar) by extensions ['ros']
[0.467s] Level 1:colcon.colcon_core.package_identification:_identify(src/ldrobot-lidar-ros2/ldlidar) by extension 'ros'
[0.471s] DEBUG:colcon.colcon_core.package_identification:Package 'src/ldrobot-lidar-ros2/ldlidar' with type 'ros.ament_cmake' and name 'ldlidar'
[0.471s] Level 1:colcon.colcon_core.package_identification:_identify(src/ldrobot-lidar-ros2/ldlidar_component) by extensions ['ignore', 'ignore_ament_install']
[0.471s] Level 1:colcon.colcon_core.package_identification:_identify(src/ldrobot-lidar-ros2/ldlidar_component) by extension 'ignore'
[0.471s] Level 1:colcon.colcon_core.package_identification:_identify(src/ldrobot-lidar-ros2/ldlidar_component) by extension 'ignore_ament_install'
[0.471s] Level 1:colcon.colcon_core.package_identification:_identify(src/ldrobot-lidar-ros2/ldlidar_component) by extensions ['colcon_pkg']
[0.471s] Level 1:colcon.colcon_core.package_identification:_identify(src/ldrobot-lidar-ros2/ldlidar_component) by extension 'colcon_pkg'
[0.471s] Level 1:colcon.colcon_core.package_identification:_identify(src/ldrobot-lidar-ros2/ldlidar_component) by extensions ['colcon_meta']
[0.471s] Level 1:colcon.colcon_core.package_identification:_identify(src/ldrobot-lidar-ros2/ldlidar_component) by extension 'colcon_meta'
[0.471s] Level 1:colcon.colcon_core.package_identification:_identify(src/ldrobot-lidar-ros2/ldlidar_component) by extensions ['ros']
[0.472s] Level 1:colcon.colcon_core.package_identification:_identify(src/ldrobot-lidar-ros2/ldlidar_component) by extension 'ros'
[0.473s] DEBUG:colcon.colcon_core.package_identification:Package 'src/ldrobot-lidar-ros2/ldlidar_component' with type 'ros.ament_cmake' and name 'ldlidar_component'
[0.473s] Level 1:colcon.colcon_core.package_identification:_identify(src/ldrobot-lidar-ros2/ldlidar_node) by extensions ['ignore', 'ignore_ament_install']
[0.474s] Level 1:colcon.colcon_core.package_identification:_identify(src/ldrobot-lidar-ros2/ldlidar_node) by extension 'ignore'
[0.474s] Level 1:colcon.colcon_core.package_identification:_identify(src/ldrobot-lidar-ros2/ldlidar_node) by extension 'ignore_ament_install'
[0.474s] Level 1:colcon.colcon_core.package_identification:_identify(src/ldrobot-lidar-ros2/ldlidar_node) by extensions ['colcon_pkg']
[0.474s] Level 1:colcon.colcon_core.package_identification:_identify(src/ldrobot-lidar-ros2/ldlidar_node) by extension 'colcon_pkg'
[0.474s] Level 1:colcon.colcon_core.package_identification:_identify(src/ldrobot-lidar-ros2/ldlidar_node) by extensions ['colcon_meta']
[0.474s] Level 1:colcon.colcon_core.package_identification:_identify(src/ldrobot-lidar-ros2/ldlidar_node) by extension 'colcon_meta'
[0.474s] Level 1:colcon.colcon_core.package_identification:_identify(src/ldrobot-lidar-ros2/ldlidar_node) by extensions ['ros']
[0.474s] Level 1:colcon.colcon_core.package_identification:_identify(src/ldrobot-lidar-ros2/ldlidar_node) by extension 'ros'
[0.475s] DEBUG:colcon.colcon_core.package_identification:Package 'src/ldrobot-lidar-ros2/ldlidar_node' with type 'ros.ament_cmake' and name 'ldlidar_node'
[0.475s] Level 1:colcon.colcon_core.package_identification:_identify(src/ldrobot-lidar-ros2/rules) by extensions ['ignore', 'ignore_ament_install']
[0.475s] Level 1:colcon.colcon_core.package_identification:_identify(src/ldrobot-lidar-ros2/rules) by extension 'ignore'
[0.475s] Level 1:colcon.colcon_core.package_identification:_identify(src/ldrobot-lidar-ros2/rules) by extension 'ignore_ament_install'
[0.475s] Level 1:colcon.colcon_core.package_identification:_identify(src/ldrobot-lidar-ros2/rules) by extensions ['colcon_pkg']
[0.475s] Level 1:colcon.colcon_core.package_identification:_identify(src/ldrobot-lidar-ros2/rules) by extension 'colcon_pkg'
[0.476s] Level 1:colcon.colcon_core.package_identification:_identify(src/ldrobot-lidar-ros2/rules) by extensions ['colcon_meta']
[0.476s] Level 1:colcon.colcon_core.package_identification:_identify(src/ldrobot-lidar-ros2/rules) by extension 'colcon_meta'
[0.476s] Level 1:colcon.colcon_core.package_identification:_identify(src/ldrobot-lidar-ros2/rules) by extensions ['ros']
[0.476s] Level 1:colcon.colcon_core.package_identification:_identify(src/ldrobot-lidar-ros2/rules) by extension 'ros'
[0.476s] Level 1:colcon.colcon_core.package_identification:_identify(src/ldrobot-lidar-ros2/rules) by extensions ['cmake', 'python']
[0.476s] Level 1:colcon.colcon_core.package_identification:_identify(src/ldrobot-lidar-ros2/rules) by extension 'cmake'
[0.476s] Level 1:colcon.colcon_core.package_identification:_identify(src/ldrobot-lidar-ros2/rules) by extension 'python'
[0.476s] Level 1:colcon.colcon_core.package_identification:_identify(src/ldrobot-lidar-ros2/rules) by extensions ['python_setup_py']
[0.476s] Level 1:colcon.colcon_core.package_identification:_identify(src/ldrobot-lidar-ros2/rules) by extension 'python_setup_py'
[0.476s] Level 1:colcon.colcon_core.package_identification:_identify(src/ldrobot-lidar-ros2/scripts) by extensions ['ignore', 'ignore_ament_install']
[0.476s] Level 1:colcon.colcon_core.package_identification:_identify(src/ldrobot-lidar-ros2/scripts) by extension 'ignore'
[0.476s] Level 1:colcon.colcon_core.package_identification:_identify(src/ldrobot-lidar-ros2/scripts) by extension 'ignore_ament_install'
[0.476s] Level 1:colcon.colcon_core.package_identification:_identify(src/ldrobot-lidar-ros2/scripts) by extensions ['colcon_pkg']
[0.476s] Level 1:colcon.colcon_core.package_identification:_identify(src/ldrobot-lidar-ros2/scripts) by extension 'colcon_pkg'
[0.476s] Level 1:colcon.colcon_core.package_identification:_identify(src/ldrobot-lidar-ros2/scripts) by extensions ['colcon_meta']
[0.477s] Level 1:colcon.colcon_core.package_identification:_identify(src/ldrobot-lidar-ros2/scripts) by extension 'colcon_meta'
[0.477s] Level 1:colcon.colcon_core.package_identification:_identify(src/ldrobot-lidar-ros2/scripts) by extensions ['ros']
[0.477s] Level 1:colcon.colcon_core.package_identification:_identify(src/ldrobot-lidar-ros2/scripts) by extension 'ros'
[0.477s] Level 1:colcon.colcon_core.package_identification:_identify(src/ldrobot-lidar-ros2/scripts) by extensions ['cmake', 'python']
[0.477s] Level 1:colcon.colcon_core.package_identification:_identify(src/ldrobot-lidar-ros2/scripts) by extension 'cmake'
[0.477s] Level 1:colcon.colcon_core.package_identification:_identify(src/ldrobot-lidar-ros2/scripts) by extension 'python'
[0.477s] Level 1:colcon.colcon_core.package_identification:_identify(src/ldrobot-lidar-ros2/scripts) by extensions ['python_setup_py']
[0.477s] Level 1:colcon.colcon_core.package_identification:_identify(src/ldrobot-lidar-ros2/scripts) by extension 'python_setup_py'
[0.477s] Level 1:colcon.colcon_core.package_identification:_identify(src/log) by extensions ['ignore', 'ignore_ament_install']
[0.477s] Level 1:colcon.colcon_core.package_identification:_identify(src/log) by extension 'ignore'
[0.477s] Level 1:colcon.colcon_core.package_identification:_identify(src/log) ignored
[0.477s] Level 1:colcon.colcon_core.package_identification:_identify(src/respeaker_ros) by extensions ['ignore', 'ignore_ament_install']
[0.477s] Level 1:colcon.colcon_core.package_identification:_identify(src/respeaker_ros) by extension 'ignore'
[0.478s] Level 1:colcon.colcon_core.package_identification:_identify(src/respeaker_ros) by extension 'ignore_ament_install'
[0.478s] Level 1:colcon.colcon_core.package_identification:_identify(src/respeaker_ros) by extensions ['colcon_pkg']
[0.478s] Level 1:colcon.colcon_core.package_identification:_identify(src/respeaker_ros) by extension 'colcon_pkg'
[0.478s] Level 1:colcon.colcon_core.package_identification:_identify(src/respeaker_ros) by extensions ['colcon_meta']
[0.478s] Level 1:colcon.colcon_core.package_identification:_identify(src/respeaker_ros) by extension 'colcon_meta'
[0.478s] Level 1:colcon.colcon_core.package_identification:_identify(src/respeaker_ros) by extensions ['ros']
[0.478s] Level 1:colcon.colcon_core.package_identification:_identify(src/respeaker_ros) by extension 'ros'
[0.482s] DEBUG:colcon.colcon_core.package_identification:Package 'src/respeaker_ros' with type 'ros.catkin' and name 'respeaker_ros'
[0.482s] Level 1:colcon.colcon_core.package_discovery:discover_packages(recursive) using defaults
[0.482s] Level 1:colcon.colcon_core.package_discovery:discover_packages(ignore) discover
[0.482s] Level 1:colcon.colcon_core.package_discovery:discover_packages(ignore) using defaults
[0.482s] Level 1:colcon.colcon_core.package_discovery:discover_packages(path) discover
[0.482s] Level 1:colcon.colcon_core.package_discovery:discover_packages(path) using defaults
[0.511s] Level 1:colcon.colcon_core.package_discovery:discover_packages(prefix_path) check parameters
[0.511s] Level 1:colcon.colcon_core.package_discovery:discover_packages(prefix_path) discover
[0.512s] WARNING:colcon.colcon_core.prefix_path.colcon:The path '/home/udito/OneDrive/UDITO/udito/ROS/ros2_ws/install' in the environment variable COLCON_PREFIX_PATH doesn't exist
[0.513s] WARNING:colcon.colcon_ros.prefix_path.ament:The path '/home/udito/OneDrive/UDITO/udito/ROS/ros2_ws/install/py_test_package' in the environment variable AMENT_PREFIX_PATH doesn't exist
[0.513s] WARNING:colcon.colcon_ros.prefix_path.ament:The path '/home/udito/OneDrive/UDITO/udito/ROS/ros2_ws/install/ldlidar' in the environment variable AMENT_PREFIX_PATH doesn't exist
[0.513s] WARNING:colcon.colcon_ros.prefix_path.ament:The path '/home/udito/OneDrive/UDITO/udito/ROS/ros2_ws/install/ldlidar_node' in the environment variable AMENT_PREFIX_PATH doesn't exist
[0.513s] WARNING:colcon.colcon_ros.prefix_path.ament:The path '/home/udito/OneDrive/UDITO/udito/ROS/ros2_ws/install/ldlidar_component' in the environment variable AMENT_PREFIX_PATH doesn't exist
[0.513s] WARNING:colcon.colcon_ros.prefix_path.ament:The path '/home/udito/OneDrive/UDITO/udito/ROS/ros2_ws/install/launch_testing_examples' in the environment variable AMENT_PREFIX_PATH doesn't exist
[0.513s] WARNING:colcon.colcon_ros.prefix_path.ament:The path '/home/udito/OneDrive/UDITO/udito/ROS/ros2_ws/install/examples_rclpy_pointcloud_publisher' in the environment variable AMENT_PREFIX_PATH doesn't exist
[0.513s] WARNING:colcon.colcon_ros.prefix_path.ament:The path '/home/udito/OneDrive/UDITO/udito/ROS/ros2_ws/install/examples_rclpy_minimal_subscriber' in the environment variable AMENT_PREFIX_PATH doesn't exist
[0.513s] WARNING:colcon.colcon_ros.prefix_path.ament:The path '/home/udito/OneDrive/UDITO/udito/ROS/ros2_ws/install/examples_rclpy_minimal_service' in the environment variable AMENT_PREFIX_PATH doesn't exist
[0.513s] WARNING:colcon.colcon_ros.prefix_path.ament:The path '/home/udito/OneDrive/UDITO/udito/ROS/ros2_ws/install/examples_rclpy_minimal_publisher' in the environment variable AMENT_PREFIX_PATH doesn't exist
[0.513s] WARNING:colcon.colcon_ros.prefix_path.ament:The path '/home/udito/OneDrive/UDITO/udito/ROS/ros2_ws/install/examples_rclpy_minimal_client' in the environment variable AMENT_PREFIX_PATH doesn't exist
[0.513s] WARNING:colcon.colcon_ros.prefix_path.ament:The path '/home/udito/OneDrive/UDITO/udito/ROS/ros2_ws/install/examples_rclpy_minimal_action_server' in the environment variable AMENT_PREFIX_PATH doesn't exist
[0.513s] WARNING:colcon.colcon_ros.prefix_path.ament:The path '/home/udito/OneDrive/UDITO/udito/ROS/ros2_ws/install/examples_rclpy_minimal_action_client' in the environment variable AMENT_PREFIX_PATH doesn't exist
[0.513s] WARNING:colcon.colcon_ros.prefix_path.ament:The path '/home/udito/OneDrive/UDITO/udito/ROS/ros2_ws/install/examples_rclpy_guard_conditions' in the environment variable AMENT_PREFIX_PATH doesn't exist
[0.513s] WARNING:colcon.colcon_ros.prefix_path.ament:The path '/home/udito/OneDrive/UDITO/udito/ROS/ros2_ws/install/examples_rclpy_executors' in the environment variable AMENT_PREFIX_PATH doesn't exist
[0.513s] WARNING:colcon.colcon_ros.prefix_path.ament:The path '/home/udito/OneDrive/UDITO/udito/ROS/ros2_ws/install/examples_rclcpp_wait_set' in the environment variable AMENT_PREFIX_PATH doesn't exist
[0.513s] WARNING:colcon.colcon_ros.prefix_path.ament:The path '/home/udito/OneDrive/UDITO/udito/ROS/ros2_ws/install/examples_rclcpp_multithreaded_executor' in the environment variable AMENT_PREFIX_PATH doesn't exist
[0.513s] WARNING:colcon.colcon_ros.prefix_path.ament:The path '/home/udito/OneDrive/UDITO/udito/ROS/ros2_ws/install/examples_rclcpp_minimal_timer' in the environment variable AMENT_PREFIX_PATH doesn't exist
[0.513s] WARNING:colcon.colcon_ros.prefix_path.ament:The path '/home/udito/OneDrive/UDITO/udito/ROS/ros2_ws/install/examples_rclcpp_minimal_subscriber' in the environment variable AMENT_PREFIX_PATH doesn't exist
[0.514s] WARNING:colcon.colcon_ros.prefix_path.ament:The path '/home/udito/OneDrive/UDITO/udito/ROS/ros2_ws/install/examples_rclcpp_minimal_service' in the environment variable AMENT_PREFIX_PATH doesn't exist
[0.514s] WARNING:colcon.colcon_ros.prefix_path.ament:The path '/home/udito/OneDrive/UDITO/udito/ROS/ros2_ws/install/examples_rclcpp_minimal_publisher' in the environment variable AMENT_PREFIX_PATH doesn't exist
[0.514s] WARNING:colcon.colcon_ros.prefix_path.ament:The path '/home/udito/OneDrive/UDITO/udito/ROS/ros2_ws/install/examples_rclcpp_minimal_composition' in the environment variable AMENT_PREFIX_PATH doesn't exist
[0.514s] WARNING:colcon.colcon_ros.prefix_path.ament:The path '/home/udito/OneDrive/UDITO/udito/ROS/ros2_ws/install/examples_rclcpp_minimal_client' in the environment variable AMENT_PREFIX_PATH doesn't exist
[0.514s] WARNING:colcon.colcon_ros.prefix_path.ament:The path '/home/udito/OneDrive/UDITO/udito/ROS/ros2_ws/install/examples_rclcpp_minimal_action_server' in the environment variable AMENT_PREFIX_PATH doesn't exist
[0.514s] WARNING:colcon.colcon_ros.prefix_path.ament:The path '/home/udito/OneDrive/UDITO/udito/ROS/ros2_ws/install/examples_rclcpp_minimal_action_client' in the environment variable AMENT_PREFIX_PATH doesn't exist
[0.514s] WARNING:colcon.colcon_ros.prefix_path.ament:The path '/home/udito/OneDrive/UDITO/udito/ROS/ros2_ws/install/examples_rclcpp_cbg_executor' in the environment variable AMENT_PREFIX_PATH doesn't exist
[0.514s] WARNING:colcon.colcon_ros.prefix_path.ament:The path '/home/udito/OneDrive/UDITO/udito/ROS/ros2_ws/install/examples_rclcpp_async_client' in the environment variable AMENT_PREFIX_PATH doesn't exist
[0.514s] WARNING:colcon.colcon_ros.prefix_path.catkin:The path '/home/udito/OneDrive/UDITO/udito/ROS/ros2_ws/install/ldlidar' in the environment variable CMAKE_PREFIX_PATH doesn't exist
[0.514s] WARNING:colcon.colcon_ros.prefix_path.catkin:The path '/home/udito/OneDrive/UDITO/udito/ROS/ros2_ws/install/ldlidar_node' in the environment variable CMAKE_PREFIX_PATH doesn't exist
[0.514s] WARNING:colcon.colcon_ros.prefix_path.catkin:The path '/home/udito/OneDrive/UDITO/udito/ROS/ros2_ws/install/ldlidar_component' in the environment variable CMAKE_PREFIX_PATH doesn't exist
[0.514s] WARNING:colcon.colcon_ros.prefix_path.catkin:The path '/home/udito/OneDrive/UDITO/udito/ROS/ros2_ws/install/examples_rclcpp_wait_set' in the environment variable CMAKE_PREFIX_PATH doesn't exist
[0.514s] WARNING:colcon.colcon_ros.prefix_path.catkin:The path '/home/udito/OneDrive/UDITO/udito/ROS/ros2_ws/install/examples_rclcpp_multithreaded_executor' in the environment variable CMAKE_PREFIX_PATH doesn't exist
[0.514s] WARNING:colcon.colcon_ros.prefix_path.catkin:The path '/home/udito/OneDrive/UDITO/udito/ROS/ros2_ws/install/examples_rclcpp_minimal_timer' in the environment variable CMAKE_PREFIX_PATH doesn't exist
[0.514s] WARNING:colcon.colcon_ros.prefix_path.catkin:The path '/home/udito/OneDrive/UDITO/udito/ROS/ros2_ws/install/examples_rclcpp_minimal_subscriber' in the environment variable CMAKE_PREFIX_PATH doesn't exist
[0.514s] WARNING:colcon.colcon_ros.prefix_path.catkin:The path '/home/udito/OneDrive/UDITO/udito/ROS/ros2_ws/install/examples_rclcpp_minimal_service' in the environment variable CMAKE_PREFIX_PATH doesn't exist
[0.514s] WARNING:colcon.colcon_ros.prefix_path.catkin:The path '/home/udito/OneDrive/UDITO/udito/ROS/ros2_ws/install/examples_rclcpp_minimal_publisher' in the environment variable CMAKE_PREFIX_PATH doesn't exist
[0.515s] WARNING:colcon.colcon_ros.prefix_path.catkin:The path '/home/udito/OneDrive/UDITO/udito/ROS/ros2_ws/install/examples_rclcpp_minimal_composition' in the environment variable CMAKE_PREFIX_PATH doesn't exist
[0.515s] WARNING:colcon.colcon_ros.prefix_path.catkin:The path '/home/udito/OneDrive/UDITO/udito/ROS/ros2_ws/install/examples_rclcpp_minimal_client' in the environment variable CMAKE_PREFIX_PATH doesn't exist
[0.515s] WARNING:colcon.colcon_ros.prefix_path.catkin:The path '/home/udito/OneDrive/UDITO/udito/ROS/ros2_ws/install/examples_rclcpp_minimal_action_server' in the environment variable CMAKE_PREFIX_PATH doesn't exist
[0.515s] WARNING:colcon.colcon_ros.prefix_path.catkin:The path '/home/udito/OneDrive/UDITO/udito/ROS/ros2_ws/install/examples_rclcpp_minimal_action_client' in the environment variable CMAKE_PREFIX_PATH doesn't exist
[0.515s] WARNING:colcon.colcon_ros.prefix_path.catkin:The path '/home/udito/OneDrive/UDITO/udito/ROS/ros2_ws/install/examples_rclcpp_cbg_executor' in the environment variable CMAKE_PREFIX_PATH doesn't exist
[0.515s] WARNING:colcon.colcon_ros.prefix_path.catkin:The path '/home/udito/OneDrive/UDITO/udito/ROS/ros2_ws/install/examples_rclcpp_async_client' in the environment variable CMAKE_PREFIX_PATH doesn't exist
[0.517s] DEBUG:colcon.colcon_installed_package_information.package_discovery:Found 280 installed packages in /opt/ros/humble
[0.519s] Level 1:colcon.colcon_core.package_discovery:discover_packages(prefix_path) using defaults
[0.574s] Level 5:colcon.colcon_core.verb:set package 'ldlidar_component' build argument 'cmake_args' from command line to 'None'
[0.574s] Level 5:colcon.colcon_core.verb:set package 'ldlidar_component' build argument 'cmake_target' from command line to 'None'
[0.574s] Level 5:colcon.colcon_core.verb:set package 'ldlidar_component' build argument 'cmake_target_skip_unavailable' from command line to 'False'
[0.574s] Level 5:colcon.colcon_core.verb:set package 'ldlidar_component' build argument 'cmake_clean_cache' from command line to 'False'
[0.574s] Level 5:colcon.colcon_core.verb:set package 'ldlidar_component' build argument 'cmake_clean_first' from command line to 'False'
[0.574s] Level 5:colcon.colcon_core.verb:set package 'ldlidar_component' build argument 'cmake_force_configure' from command line to 'False'
[0.574s] Level 5:colcon.colcon_core.verb:set package 'ldlidar_component' build argument 'ament_cmake_args' from command line to 'None'
[0.574s] Level 5:colcon.colcon_core.verb:set package 'ldlidar_component' build argument 'catkin_cmake_args' from command line to 'None'
[0.574s] Level 5:colcon.colcon_core.verb:set package 'ldlidar_component' build argument 'catkin_skip_building_tests' from command line to 'False'
[0.574s] DEBUG:colcon.colcon_core.verb:Building package 'ldlidar_component' with the following arguments: {'ament_cmake_args': None, 'build_base': '/home/udito/OneDrive/UDITO/udito/ros2_ws/build/ldlidar_component', 'catkin_cmake_args': None, 'catkin_skip_building_tests': False, 'cmake_args': None, 'cmake_clean_cache': False, 'cmake_clean_first': False, 'cmake_force_configure': False, 'cmake_target': None, 'cmake_target_skip_unavailable': False, 'install_base': '/home/udito/OneDrive/UDITO/udito/ros2_ws/install/ldlidar_component', 'merge_install': False, 'path': '/home/udito/OneDrive/UDITO/udito/ros2_ws/src/ldrobot-lidar-ros2/ldlidar_component', 'symlink_install': True, 'test_result_base': None}
[0.575s] Level 5:colcon.colcon_core.verb:set package 'respeaker_ros' build argument 'cmake_args' from command line to 'None'
[0.575s] Level 5:colcon.colcon_core.verb:set package 'respeaker_ros' build argument 'cmake_target' from command line to 'None'
[0.575s] Level 5:colcon.colcon_core.verb:set package 'respeaker_ros' build argument 'cmake_target_skip_unavailable' from command line to 'False'
[0.575s] Level 5:colcon.colcon_core.verb:set package 'respeaker_ros' build argument 'cmake_clean_cache' from command line to 'False'
[0.575s] Level 5:colcon.colcon_core.verb:set package 'respeaker_ros' build argument 'cmake_clean_first' from command line to 'False'
[0.575s] Level 5:colcon.colcon_core.verb:set package 'respeaker_ros' build argument 'cmake_force_configure' from command line to 'False'
[0.575s] Level 5:colcon.colcon_core.verb:set package 'respeaker_ros' build argument 'ament_cmake_args' from command line to 'None'
[0.575s] Level 5:colcon.colcon_core.verb:set package 'respeaker_ros' build argument 'catkin_cmake_args' from command line to 'None'
[0.575s] Level 5:colcon.colcon_core.verb:set package 'respeaker_ros' build argument 'catkin_skip_building_tests' from command line to 'False'
[0.575s] DEBUG:colcon.colcon_core.verb:Building package 'respeaker_ros' with the following arguments: {'ament_cmake_args': None, 'build_base': '/home/udito/OneDrive/UDITO/udito/ros2_ws/build/respeaker_ros', 'catkin_cmake_args': None, 'catkin_skip_building_tests': False, 'cmake_args': None, 'cmake_clean_cache': False, 'cmake_clean_first': False, 'cmake_force_configure': False, 'cmake_target': None, 'cmake_target_skip_unavailable': False, 'install_base': '/home/udito/OneDrive/UDITO/udito/ros2_ws/install/respeaker_ros', 'merge_install': False, 'path': '/home/udito/OneDrive/UDITO/udito/ros2_ws/src/respeaker_ros', 'symlink_install': True, 'test_result_base': None}
[0.575s] Level 5:colcon.colcon_core.verb:set package 'ldlidar_node' build argument 'cmake_args' from command line to 'None'
[0.575s] Level 5:colcon.colcon_core.verb:set package 'ldlidar_node' build argument 'cmake_target' from command line to 'None'
[0.576s] Level 5:colcon.colcon_core.verb:set package 'ldlidar_node' build argument 'cmake_target_skip_unavailable' from command line to 'False'
[0.576s] Level 5:colcon.colcon_core.verb:set package 'ldlidar_node' build argument 'cmake_clean_cache' from command line to 'False'
[0.576s] Level 5:colcon.colcon_core.verb:set package 'ldlidar_node' build argument 'cmake_clean_first' from command line to 'False'
[0.576s] Level 5:colcon.colcon_core.verb:set package 'ldlidar_node' build argument 'cmake_force_configure' from command line to 'False'
[0.576s] Level 5:colcon.colcon_core.verb:set package 'ldlidar_node' build argument 'ament_cmake_args' from command line to 'None'
[0.576s] Level 5:colcon.colcon_core.verb:set package 'ldlidar_node' build argument 'catkin_cmake_args' from command line to 'None'
[0.576s] Level 5:colcon.colcon_core.verb:set package 'ldlidar_node' build argument 'catkin_skip_building_tests' from command line to 'False'
[0.576s] DEBUG:colcon.colcon_core.verb:Building package 'ldlidar_node' with the following arguments: {'ament_cmake_args': None, 'build_base': '/home/udito/OneDrive/UDITO/udito/ros2_ws/build/ldlidar_node', 'catkin_cmake_args': None, 'catkin_skip_building_tests': False, 'cmake_args': None, 'cmake_clean_cache': False, 'cmake_clean_first': False, 'cmake_force_configure': False, 'cmake_target': None, 'cmake_target_skip_unavailable': False, 'install_base': '/home/udito/OneDrive/UDITO/udito/ros2_ws/install/ldlidar_node', 'merge_install': False, 'path': '/home/udito/OneDrive/UDITO/udito/ros2_ws/src/ldrobot-lidar-ros2/ldlidar_node', 'symlink_install': True, 'test_result_base': None}
[0.576s] Level 5:colcon.colcon_core.verb:set package 'ldlidar' build argument 'cmake_args' from command line to 'None'
[0.576s] Level 5:colcon.colcon_core.verb:set package 'ldlidar' build argument 'cmake_target' from command line to 'None'
[0.576s] Level 5:colcon.colcon_core.verb:set package 'ldlidar' build argument 'cmake_target_skip_unavailable' from command line to 'False'
[0.576s] Level 5:colcon.colcon_core.verb:set package 'ldlidar' build argument 'cmake_clean_cache' from command line to 'False'
[0.576s] Level 5:colcon.colcon_core.verb:set package 'ldlidar' build argument 'cmake_clean_first' from command line to 'False'
[0.576s] Level 5:colcon.colcon_core.verb:set package 'ldlidar' build argument 'cmake_force_configure' from command line to 'False'
[0.576s] Level 5:colcon.colcon_core.verb:set package 'ldlidar' build argument 'ament_cmake_args' from command line to 'None'
[0.576s] Level 5:colcon.colcon_core.verb:set package 'ldlidar' build argument 'catkin_cmake_args' from command line to 'None'
[0.577s] Level 5:colcon.colcon_core.verb:set package 'ldlidar' build argument 'catkin_skip_building_tests' from command line to 'False'
[0.577s] DEBUG:colcon.colcon_core.verb:Building package 'ldlidar' with the following arguments: {'ament_cmake_args': None, 'build_base': '/home/udito/OneDrive/UDITO/udito/ros2_ws/build/ldlidar', 'catkin_cmake_args': None, 'catkin_skip_building_tests': False, 'cmake_args': None, 'cmake_clean_cache': False, 'cmake_clean_first': False, 'cmake_force_configure': False, 'cmake_target': None, 'cmake_target_skip_unavailable': False, 'install_base': '/home/udito/OneDrive/UDITO/udito/ros2_ws/install/ldlidar', 'merge_install': False, 'path': '/home/udito/OneDrive/UDITO/udito/ros2_ws/src/ldrobot-lidar-ros2/ldlidar', 'symlink_install': True, 'test_result_base': None}
[0.577s] INFO:colcon.colcon_core.executor:Executing jobs using 'parallel' executor
[0.578s] DEBUG:colcon.colcon_parallel_executor.executor.parallel:run_until_complete
[0.578s] INFO:colcon.colcon_ros.task.ament_cmake.build:Building ROS package in '/home/udito/OneDrive/UDITO/udito/ros2_ws/src/ldrobot-lidar-ros2/ldlidar_component' with build type 'ament_cmake'
[0.578s] INFO:colcon.colcon_cmake.task.cmake.build:Building CMake package in '/home/udito/OneDrive/UDITO/udito/ros2_ws/src/ldrobot-lidar-ros2/ldlidar_component'
[0.581s] INFO:colcon.colcon_core.plugin_system:Skipping extension 'colcon_core.shell.bat': Not used on non-Windows systems
[0.581s] INFO:colcon.colcon_core.shell:Skip shell extension 'powershell' for command environment: Not usable outside of PowerShell
[0.582s] DEBUG:colcon.colcon_core.shell:Skip shell extension 'dsv' for command environment
[0.586s] INFO:colcon.colcon_ros.task.catkin.build:Building ROS package in '/home/udito/OneDrive/UDITO/udito/ros2_ws/src/respeaker_ros' with build type 'catkin'
[0.586s] INFO:colcon.colcon_cmake.task.cmake.build:Building CMake package in '/home/udito/OneDrive/UDITO/udito/ros2_ws/src/respeaker_ros'
[0.587s] INFO:colcon.colcon_core.shell:Skip shell extension 'powershell' for command environment: Not usable outside of PowerShell
[0.587s] DEBUG:colcon.colcon_core.shell:Skip shell extension 'dsv' for command environment
[0.596s] DEBUG:colcon.colcon_core.event_handler.log_command:Invoking command in '/home/udito/OneDrive/UDITO/udito/ros2_ws/build/ldlidar_component': CMAKE_PREFIX_PATH=${CMAKE_PREFIX_PATH}:/home/udito/OneDrive/UDITO/udito/ROS/ros2_ws/install/py_test_package:/home/udito/OneDrive/UDITO/udito/ROS/ros2_ws/install/launch_testing_examples:/home/udito/OneDrive/UDITO/udito/ROS/ros2_ws/install/examples_rclpy_pointcloud_publisher:/home/udito/OneDrive/UDITO/udito/ROS/ros2_ws/install/examples_rclpy_minimal_subscriber:/home/udito/OneDrive/UDITO/udito/ROS/ros2_ws/install/examples_rclpy_minimal_service:/home/udito/OneDrive/UDITO/udito/ROS/ros2_ws/install/examples_rclpy_minimal_publisher:/home/udito/OneDrive/UDITO/udito/ROS/ros2_ws/install/examples_rclpy_minimal_client:/home/udito/OneDrive/UDITO/udito/ROS/ros2_ws/install/examples_rclpy_minimal_action_server:/home/udito/OneDrive/UDITO/udito/ROS/ros2_ws/install/examples_rclpy_minimal_action_client:/home/udito/OneDrive/UDITO/udito/ROS/ros2_ws/install/examples_rclpy_guard_conditions:/home/udito/OneDrive/UDITO/udito/ROS/ros2_ws/install/examples_rclpy_executors:/opt/ros/humble PS1=(python-3.9.21) \[\e]0;\u@\h: \w\a\]${debian_chroot:+($debian_chroot)}\u@\h:\w\$ VIRTUAL_ENV_PROMPT=(python-3.9.21) /usr/bin/cmake /home/udito/OneDrive/UDITO/udito/ros2_ws/src/ldrobot-lidar-ros2/ldlidar_component -DAMENT_CMAKE_SYMLINK_INSTALL=1 -DCMAKE_INSTALL_PREFIX=/home/udito/OneDrive/UDITO/udito/ros2_ws/install/ldlidar_component
[0.603s] DEBUG:colcon.colcon_core.event_handler.log_command:Invoking command in '/home/udito/OneDrive/UDITO/udito/ros2_ws/build/respeaker_ros': PS1=(python-3.9.21) \[\e]0;\u@\h: \w\a\]${debian_chroot:+($debian_chroot)}\u@\h:\w\$ VIRTUAL_ENV_PROMPT=(python-3.9.21) /usr/bin/cmake /home/udito/OneDrive/UDITO/udito/ros2_ws/src/respeaker_ros -DCATKIN_INSTALL_INTO_PREFIX_ROOT=0 -DCATKIN_SYMLINK_INSTALL=ON -DCMAKE_INSTALL_PREFIX=/home/udito/OneDrive/UDITO/udito/ros2_ws/install/respeaker_ros
[0.610s] DEBUG:colcon.colcon_core.event_handler.log_command:Invoked command in '/home/udito/OneDrive/UDITO/udito/ros2_ws/build/ldlidar_component' returned '1': CMAKE_PREFIX_PATH=${CMAKE_PREFIX_PATH}:/home/udito/OneDrive/UDITO/udito/ROS/ros2_ws/install/py_test_package:/home/udito/OneDrive/UDITO/udito/ROS/ros2_ws/install/launch_testing_examples:/home/udito/OneDrive/UDITO/udito/ROS/ros2_ws/install/examples_rclpy_pointcloud_publisher:/home/udito/OneDrive/UDITO/udito/ROS/ros2_ws/install/examples_rclpy_minimal_subscriber:/home/udito/OneDrive/UDITO/udito/ROS/ros2_ws/install/examples_rclpy_minimal_service:/home/udito/OneDrive/UDITO/udito/ROS/ros2_ws/install/examples_rclpy_minimal_publisher:/home/udito/OneDrive/UDITO/udito/ROS/ros2_ws/install/examples_rclpy_minimal_client:/home/udito/OneDrive/UDITO/udito/ROS/ros2_ws/install/examples_rclpy_minimal_action_server:/home/udito/OneDrive/UDITO/udito/ROS/ros2_ws/install/examples_rclpy_minimal_action_client:/home/udito/OneDrive/UDITO/udito/ROS/ros2_ws/install/examples_rclpy_guard_conditions:/home/udito/OneDrive/UDITO/udito/ROS/ros2_ws/install/examples_rclpy_executors:/opt/ros/humble PS1=(python-3.9.21) \[\e]0;\u@\h: \w\a\]${debian_chroot:+($debian_chroot)}\u@\h:\w\$ VIRTUAL_ENV_PROMPT=(python-3.9.21) /usr/bin/cmake /home/udito/OneDrive/UDITO/udito/ros2_ws/src/ldrobot-lidar-ros2/ldlidar_component -DAMENT_CMAKE_SYMLINK_INSTALL=1 -DCMAKE_INSTALL_PREFIX=/home/udito/OneDrive/UDITO/udito/ros2_ws/install/ldlidar_component
[0.621s] Level 1:colcon.colcon_core.environment:create_environment_scripts_only(ldlidar_component)
[0.624s] Level 1:colcon.colcon_core.environment:checking '/home/udito/OneDrive/UDITO/udito/ros2_ws/install/ldlidar_component' for CMake module files
[0.624s] Level 1:colcon.colcon_core.environment:checking '/home/udito/OneDrive/UDITO/udito/ros2_ws/install/ldlidar_component' for CMake config files
[0.625s] Level 1:colcon.colcon_core.shell:create_environment_hook('ldlidar_component', 'cmake_prefix_path')
[0.625s] INFO:colcon.colcon_core.shell:Creating environment hook '/home/udito/OneDrive/UDITO/udito/ros2_ws/install/ldlidar_component/share/ldlidar_component/hook/cmake_prefix_path.ps1'
[0.626s] INFO:colcon.colcon_core.shell:Creating environment descriptor '/home/udito/OneDrive/UDITO/udito/ros2_ws/install/ldlidar_component/share/ldlidar_component/hook/cmake_prefix_path.dsv'
[0.636s] INFO:colcon.colcon_core.shell:Creating environment hook '/home/udito/OneDrive/UDITO/udito/ros2_ws/install/ldlidar_component/share/ldlidar_component/hook/cmake_prefix_path.sh'
[0.637s] Level 1:colcon.colcon_core.environment:checking '/home/udito/OneDrive/UDITO/udito/ros2_ws/install/ldlidar_component/lib'
[0.638s] Level 1:colcon.colcon_core.shell:create_environment_hook('ldlidar_component', 'ld_library_path_lib')
[0.638s] INFO:colcon.colcon_core.shell:Creating environment hook '/home/udito/OneDrive/UDITO/udito/ros2_ws/install/ldlidar_component/share/ldlidar_component/hook/ld_library_path_lib.ps1'
[0.639s] INFO:colcon.colcon_core.shell:Creating environment descriptor '/home/udito/OneDrive/UDITO/udito/ros2_ws/install/ldlidar_component/share/ldlidar_component/hook/ld_library_path_lib.dsv'
[0.639s] INFO:colcon.colcon_core.shell:Creating environment hook '/home/udito/OneDrive/UDITO/udito/ros2_ws/install/ldlidar_component/share/ldlidar_component/hook/ld_library_path_lib.sh'
[0.640s] Level 1:colcon.colcon_core.environment:checking '/home/udito/OneDrive/UDITO/udito/ros2_ws/install/ldlidar_component/bin'
[0.640s] Level 1:colcon.colcon_core.environment:checking '/home/udito/OneDrive/UDITO/udito/ros2_ws/install/ldlidar_component/lib/pkgconfig/ldlidar_component.pc'
[0.640s] Level 1:colcon.colcon_core.environment:checking '/home/udito/OneDrive/UDITO/udito/ros2_ws/install/ldlidar_component/lib/python3.10/site-packages'
[0.641s] Level 1:colcon.colcon_core.environment:checking '/home/udito/OneDrive/UDITO/udito/ros2_ws/install/ldlidar_component/bin'
[0.641s] INFO:colcon.colcon_core.shell:Creating package script '/home/udito/OneDrive/UDITO/udito/ros2_ws/install/ldlidar_component/share/ldlidar_component/package.ps1'
[0.642s] INFO:colcon.colcon_core.shell:Creating package descriptor '/home/udito/OneDrive/UDITO/udito/ros2_ws/install/ldlidar_component/share/ldlidar_component/package.dsv'
[0.643s] INFO:colcon.colcon_core.shell:Creating package script '/home/udito/OneDrive/UDITO/udito/ros2_ws/install/ldlidar_component/share/ldlidar_component/package.sh'
[0.644s] INFO:colcon.colcon_core.shell:Creating package script '/home/udito/OneDrive/UDITO/udito/ros2_ws/install/ldlidar_component/share/ldlidar_component/package.bash'
[0.645s] INFO:colcon.colcon_core.shell:Creating package script '/home/udito/OneDrive/UDITO/udito/ros2_ws/install/ldlidar_component/share/ldlidar_component/package.zsh'
[0.647s] Level 1:colcon.colcon_core.environment:create_file_with_runtime_dependencies(/home/udito/OneDrive/UDITO/udito/ros2_ws/install/ldlidar_component/share/colcon-core/packages/ldlidar_component)
[1.021s] DEBUG:colcon.colcon_parallel_executor.executor.parallel:closing loop
[1.021s] DEBUG:colcon.colcon_parallel_executor.executor.parallel:loop closed
[1.021s] DEBUG:colcon.colcon_parallel_executor.executor.parallel:run_until_complete finished with '1'
[1.021s] DEBUG:colcon.colcon_core.event_reactor:joining thread
[1.028s] INFO:colcon.colcon_core.plugin_system:Skipping extension 'colcon_notification.desktop_notification.terminal_notifier': Not used on non-Darwin systems
[1.028s] INFO:colcon.colcon_core.plugin_system:Skipping extension 'colcon_notification.desktop_notification.win32': Not used on non-Windows systems
[1.028s] INFO:colcon.colcon_notification.desktop_notification:Sending desktop notification using 'notify2'
[1.180s] DEBUG:colcon.colcon_core.event_reactor:joined thread
[1.181s] INFO:colcon.colcon_core.shell:Creating prefix script '/home/udito/OneDrive/UDITO/udito/ros2_ws/install/local_setup.ps1'
[1.182s] INFO:colcon.colcon_core.shell:Creating prefix util module '/home/udito/OneDrive/UDITO/udito/ros2_ws/install/_local_setup_util_ps1.py'
[1.184s] INFO:colcon.colcon_core.shell:Creating prefix chain script '/home/udito/OneDrive/UDITO/udito/ros2_ws/install/setup.ps1'
[1.186s] INFO:colcon.colcon_core.shell:Creating prefix script '/home/udito/OneDrive/UDITO/udito/ros2_ws/install/local_setup.sh'
[1.187s] INFO:colcon.colcon_core.shell:Creating prefix util module '/home/udito/OneDrive/UDITO/udito/ros2_ws/install/_local_setup_util_sh.py'
[1.188s] INFO:colcon.colcon_core.shell:Creating prefix chain script '/home/udito/OneDrive/UDITO/udito/ros2_ws/install/setup.sh'
[1.189s] INFO:colcon.colcon_core.shell:Creating prefix script '/home/udito/OneDrive/UDITO/udito/ros2_ws/install/local_setup.bash'
[1.190s] INFO:colcon.colcon_core.shell:Creating prefix chain script '/home/udito/OneDrive/UDITO/udito/ros2_ws/install/setup.bash'
[1.191s] INFO:colcon.colcon_core.shell:Creating prefix script '/home/udito/OneDrive/UDITO/udito/ros2_ws/install/local_setup.zsh'
[1.192s] INFO:colcon.colcon_core.shell:Creating prefix chain script '/home/udito/OneDrive/UDITO/udito/ros2_ws/install/setup.zsh'
