[0.013s] Invoking command in '/home/udito/OneDrive/UDITO/udito/ROS/ros2_ws/build/examples_rclcpp_minimal_client': CMAKE_PREFIX_PATH=/opt/ros/humble /usr/bin/cmake --build /home/udito/OneDrive/UDITO/udito/ROS/ros2_ws/build/examples_rclcpp_minimal_client -- -j2 -l2
[0.182s] [100%] Built target client_main
[0.201s] Invoked command in '/home/udito/OneDrive/UDITO/udito/ROS/ros2_ws/build/examples_rclcpp_minimal_client' returned '0': CMAKE_PREFIX_PATH=/opt/ros/humble /usr/bin/cmake --build /home/udito/OneDrive/UDITO/udito/ROS/ros2_ws/build/examples_rclcpp_minimal_client -- -j2 -l2
[0.201s] Invoking command in '/home/udito/OneDrive/UDITO/udito/ROS/ros2_ws/build/examples_rclcpp_minimal_client': CMAKE_PREFIX_PATH=/opt/ros/humble /usr/bin/cmake --install /home/udito/OneDrive/UDITO/udito/ROS/ros2_ws/build/examples_rclcpp_minimal_client
[0.224s] -- Install configuration: ""
[0.225s] -- Execute custom install script
[0.226s] -- Up-to-date symlink: /home/udito/OneDrive/UDITO/udito/ROS/ros2_ws/install/examples_rclcpp_minimal_client/lib/examples_rclcpp_minimal_client/client_main
[0.227s] -- Up-to-date symlink: /home/udito/OneDrive/UDITO/udito/ROS/ros2_ws/install/examples_rclcpp_minimal_client/share/ament_index/resource_index/package_run_dependencies/examples_rclcpp_minimal_client
[0.228s] -- Up-to-date symlink: /home/udito/OneDrive/UDITO/udito/ROS/ros2_ws/install/examples_rclcpp_minimal_client/share/ament_index/resource_index/parent_prefix_path/examples_rclcpp_minimal_client
[0.229s] -- Up-to-date symlink: /home/udito/OneDrive/UDITO/udito/ROS/ros2_ws/install/examples_rclcpp_minimal_client/share/examples_rclcpp_minimal_client/environment/ament_prefix_path.sh
[0.230s] -- Up-to-date symlink: /home/udito/OneDrive/UDITO/udito/ROS/ros2_ws/install/examples_rclcpp_minimal_client/share/examples_rclcpp_minimal_client/environment/ament_prefix_path.dsv
[0.230s] -- Up-to-date symlink: /home/udito/OneDrive/UDITO/udito/ROS/ros2_ws/install/examples_rclcpp_minimal_client/share/examples_rclcpp_minimal_client/environment/path.sh
[0.231s] -- Up-to-date symlink: /home/udito/OneDrive/UDITO/udito/ROS/ros2_ws/install/examples_rclcpp_minimal_client/share/examples_rclcpp_minimal_client/environment/path.dsv
[0.231s] -- Up-to-date symlink: /home/udito/OneDrive/UDITO/udito/ROS/ros2_ws/install/examples_rclcpp_minimal_client/share/examples_rclcpp_minimal_client/local_setup.bash
[0.231s] -- Up-to-date symlink: /home/udito/OneDrive/UDITO/udito/ROS/ros2_ws/install/examples_rclcpp_minimal_client/share/examples_rclcpp_minimal_client/local_setup.sh
[0.232s] -- Up-to-date symlink: /home/udito/OneDrive/UDITO/udito/ROS/ros2_ws/install/examples_rclcpp_minimal_client/share/examples_rclcpp_minimal_client/local_setup.zsh
[0.233s] -- Up-to-date symlink: /home/udito/OneDrive/UDITO/udito/ROS/ros2_ws/install/examples_rclcpp_minimal_client/share/examples_rclcpp_minimal_client/local_setup.dsv
[0.234s] -- Symlinking: /home/udito/OneDrive/UDITO/udito/ROS/ros2_ws/install/examples_rclcpp_minimal_client/share/examples_rclcpp_minimal_client/package.dsv
[0.258s] -- Up-to-date symlink: /home/udito/OneDrive/UDITO/udito/ROS/ros2_ws/install/examples_rclcpp_minimal_client/share/ament_index/resource_index/packages/examples_rclcpp_minimal_client
[0.265s] -- Up-to-date symlink: /home/udito/OneDrive/UDITO/udito/ROS/ros2_ws/install/examples_rclcpp_minimal_client/share/examples_rclcpp_minimal_client/cmake/examples_rclcpp_minimal_clientConfig.cmake
[0.269s] -- Up-to-date symlink: /home/udito/OneDrive/UDITO/udito/ROS/ros2_ws/install/examples_rclcpp_minimal_client/share/examples_rclcpp_minimal_client/cmake/examples_rclcpp_minimal_clientConfig-version.cmake
[0.272s] -- Up-to-date symlink: /home/udito/OneDrive/UDITO/udito/ROS/ros2_ws/install/examples_rclcpp_minimal_client/share/examples_rclcpp_minimal_client/package.xml
[0.281s] Invoked command in '/home/udito/OneDrive/UDITO/udito/ROS/ros2_ws/build/examples_rclcpp_minimal_client' returned '0': CMAKE_PREFIX_PATH=/opt/ros/humble /usr/bin/cmake --install /home/udito/OneDrive/UDITO/udito/ROS/ros2_ws/build/examples_rclcpp_minimal_client
