[0.000000] (-) TimerEvent: {}
[0.000870] (examples_rclcpp_async_client) JobQueued: {'identifier': 'examples_rclcpp_async_client', 'dependencies': OrderedDict()}
[0.001211] (examples_rclcpp_cbg_executor) JobQueued: {'identifier': 'examples_rclcpp_cbg_executor', 'dependencies': OrderedDict()}
[0.001359] (examples_rclcpp_minimal_action_client) JobQueued: {'identifier': 'examples_rclcpp_minimal_action_client', 'dependencies': OrderedDict()}
[0.001390] (examples_rclcpp_minimal_action_server) JobQueued: {'identifier': 'examples_rclcpp_minimal_action_server', 'dependencies': OrderedDict()}
[0.001419] (examples_rclcpp_minimal_client) JobQueued: {'identifier': 'examples_rclcpp_minimal_client', 'dependencies': OrderedDict()}
[0.001444] (examples_rclcpp_minimal_composition) JobQueued: {'identifier': 'examples_rclcpp_minimal_composition', 'dependencies': OrderedDict()}
[0.001636] (examples_rclcpp_minimal_publisher) JobQueued: {'identifier': 'examples_rclcpp_minimal_publisher', 'dependencies': OrderedDict()}
[0.001707] (examples_rclcpp_minimal_service) JobQueued: {'identifier': 'examples_rclcpp_minimal_service', 'dependencies': OrderedDict()}
[0.001959] (examples_rclcpp_minimal_subscriber) JobQueued: {'identifier': 'examples_rclcpp_minimal_subscriber', 'dependencies': OrderedDict()}
[0.002830] (examples_rclcpp_minimal_timer) JobQueued: {'identifier': 'examples_rclcpp_minimal_timer', 'dependencies': OrderedDict()}
[0.002866] (examples_rclcpp_multithreaded_executor) JobQueued: {'identifier': 'examples_rclcpp_multithreaded_executor', 'dependencies': OrderedDict()}
[0.002890] (examples_rclcpp_wait_set) JobQueued: {'identifier': 'examples_rclcpp_wait_set', 'dependencies': OrderedDict()}
[0.002914] (turtlesim) JobQueued: {'identifier': 'turtlesim', 'dependencies': OrderedDict()}
[0.002938] (examples_rclcpp_async_client) JobStarted: {'identifier': 'examples_rclcpp_async_client'}
[0.081723] (examples_rclcpp_async_client) JobEnded: {'identifier': 'examples_rclcpp_async_client', 'rc': 1}
[0.086075] (examples_rclcpp_cbg_executor) JobStarted: {'identifier': 'examples_rclcpp_cbg_executor'}
[0.099693] (-) TimerEvent: {}
[0.108172] (examples_rclcpp_cbg_executor) JobEnded: {'identifier': 'examples_rclcpp_cbg_executor', 'rc': 1}
[0.123341] (examples_rclcpp_minimal_action_client) JobSkipped: {'identifier': 'examples_rclcpp_minimal_action_client'}
[0.123424] (examples_rclcpp_minimal_action_server) JobSkipped: {'identifier': 'examples_rclcpp_minimal_action_server'}
[0.123455] (examples_rclcpp_minimal_client) JobSkipped: {'identifier': 'examples_rclcpp_minimal_client'}
[0.123479] (examples_rclcpp_minimal_composition) JobSkipped: {'identifier': 'examples_rclcpp_minimal_composition'}
[0.123502] (examples_rclcpp_minimal_publisher) JobSkipped: {'identifier': 'examples_rclcpp_minimal_publisher'}
[0.123524] (examples_rclcpp_minimal_service) JobSkipped: {'identifier': 'examples_rclcpp_minimal_service'}
[0.123544] (examples_rclcpp_minimal_subscriber) JobSkipped: {'identifier': 'examples_rclcpp_minimal_subscriber'}
[0.123565] (examples_rclcpp_minimal_timer) JobSkipped: {'identifier': 'examples_rclcpp_minimal_timer'}
[0.123586] (examples_rclcpp_multithreaded_executor) JobSkipped: {'identifier': 'examples_rclcpp_multithreaded_executor'}
[0.123606] (examples_rclcpp_wait_set) JobSkipped: {'identifier': 'examples_rclcpp_wait_set'}
[0.123626] (turtlesim) JobSkipped: {'identifier': 'turtlesim'}
[0.123648] (-) EventReactorShutdown: {}
