[1.281s] Invoking command in '/home/udito/OneDrive/UDITO/udito/ROS/ros2_ws/src/examples/rclpy/services/minimal_service': PS1=(python-3.9.21) \[\e]0;\u@\h: \w\a\]${debian_chroot:+($debian_chroot)}\[\033[01;32m\]\u@\h\[\033[00m\]:\[\033[01;34m\]\w\[\033[00m\]\$ PYTHONPATH=/home/udito/OneDrive/UDITO/udito/ROS/ros2_ws/build/examples_rclpy_minimal_service/prefix_override:/usr/lib/python3/dist-packages/colcon_core/task/python/colcon_distutils_commands:/home/udito/OneDrive/UDITO/udito/ROS/ros2_ws/install/examples_rclpy_minimal_service/lib/python3.10/site-packages:${PYTHONPATH} VIRTUAL_ENV_PROMPT=(python-3.9.21) /usr/bin/python3 -W ignore:setup.py install is deprecated -W ignore:easy_install command is deprecated setup.py egg_info --egg-base ../../../../../build/examples_rclpy_minimal_service build --build-base /home/udito/OneDrive/UDITO/udito/ROS/ros2_ws/build/examples_rclpy_minimal_service/build install --record /home/udito/OneDrive/UDITO/udito/ROS/ros2_ws/build/examples_rclpy_minimal_service/install.log --single-version-externally-managed install_data
[1.685s] running egg_info
[1.686s] writing ../../../../../build/examples_rclpy_minimal_service/examples_rclpy_minimal_service.egg-info/PKG-INFO
[1.690s] writing dependency_links to ../../../../../build/examples_rclpy_minimal_service/examples_rclpy_minimal_service.egg-info/dependency_links.txt
[1.690s] writing entry points to ../../../../../build/examples_rclpy_minimal_service/examples_rclpy_minimal_service.egg-info/entry_points.txt
[1.690s] writing requirements to ../../../../../build/examples_rclpy_minimal_service/examples_rclpy_minimal_service.egg-info/requires.txt
[1.690s] writing top-level names to ../../../../../build/examples_rclpy_minimal_service/examples_rclpy_minimal_service.egg-info/top_level.txt
[1.696s] reading manifest file '../../../../../build/examples_rclpy_minimal_service/examples_rclpy_minimal_service.egg-info/SOURCES.txt'
[1.697s] writing manifest file '../../../../../build/examples_rclpy_minimal_service/examples_rclpy_minimal_service.egg-info/SOURCES.txt'
[1.698s] running build
[1.698s] running build_py
[1.701s] running install
[1.703s] running install_lib
[1.717s] running install_data
[1.717s] running install_egg_info
[1.722s] removing '/home/udito/OneDrive/UDITO/udito/ROS/ros2_ws/install/examples_rclpy_minimal_service/lib/python3.10/site-packages/examples_rclpy_minimal_service-0.15.3-py3.10.egg-info' (and everything under it)
[1.724s] Copying ../../../../../build/examples_rclpy_minimal_service/examples_rclpy_minimal_service.egg-info to /home/udito/OneDrive/UDITO/udito/ROS/ros2_ws/install/examples_rclpy_minimal_service/lib/python3.10/site-packages/examples_rclpy_minimal_service-0.15.3-py3.10.egg-info
[1.725s] running install_scripts
[1.758s] Installing service script to /home/udito/OneDrive/UDITO/udito/ROS/ros2_ws/install/examples_rclpy_minimal_service/lib/examples_rclpy_minimal_service
[1.760s] Installing service_member_function script to /home/udito/OneDrive/UDITO/udito/ROS/ros2_ws/install/examples_rclpy_minimal_service/lib/examples_rclpy_minimal_service
[1.762s] writing list of installed files to '/home/udito/OneDrive/UDITO/udito/ROS/ros2_ws/build/examples_rclpy_minimal_service/install.log'
[1.828s] Invoked command in '/home/udito/OneDrive/UDITO/udito/ROS/ros2_ws/src/examples/rclpy/services/minimal_service' returned '0': PS1=(python-3.9.21) \[\e]0;\u@\h: \w\a\]${debian_chroot:+($debian_chroot)}\[\033[01;32m\]\u@\h\[\033[00m\]:\[\033[01;34m\]\w\[\033[00m\]\$ PYTHONPATH=/home/udito/OneDrive/UDITO/udito/ROS/ros2_ws/build/examples_rclpy_minimal_service/prefix_override:/usr/lib/python3/dist-packages/colcon_core/task/python/colcon_distutils_commands:/home/udito/OneDrive/UDITO/udito/ROS/ros2_ws/install/examples_rclpy_minimal_service/lib/python3.10/site-packages:${PYTHONPATH} VIRTUAL_ENV_PROMPT=(python-3.9.21) /usr/bin/python3 -W ignore:setup.py install is deprecated -W ignore:easy_install command is deprecated setup.py egg_info --egg-base ../../../../../build/examples_rclpy_minimal_service build --build-base /home/udito/OneDrive/UDITO/udito/ROS/ros2_ws/build/examples_rclpy_minimal_service/build install --record /home/udito/OneDrive/UDITO/udito/ROS/ros2_ws/build/examples_rclpy_minimal_service/install.log --single-version-externally-managed install_data
