[1.251s] Invoking command in '/home/udito/OneDrive/UDITO/udito/ROS/ros2_ws/build/examples_rclpy_minimal_client': PYTHONPATH=/home/udito/OneDrive/UDITO/udito/ROS/ros2_ws/build/examples_rclpy_minimal_client/prefix_override:/usr/lib/python3/dist-packages/colcon_core/task/python/colcon_distutils_commands:/home/udito/OneDrive/UDITO/udito/ROS/ros2_ws/install/examples_rclpy_minimal_client/lib/python3.10/site-packages:${PYTHONPATH} /usr/bin/python3 -W ignore:setup.py install is deprecated -W ignore:easy_install command is deprecated setup.py develop --editable --build-directory /home/udito/OneDrive/UDITO/udito/ROS/ros2_ws/build/examples_rclpy_minimal_client/build --no-deps symlink_data
[1.712s] running develop
[2.169s] running egg_info
[2.169s] creating examples_rclpy_minimal_client.egg-info
[2.170s] writing examples_rclpy_minimal_client.egg-info/PKG-INFO
[2.170s] writing dependency_links to examples_rclpy_minimal_client.egg-info/dependency_links.txt
[2.170s] writing entry points to examples_rclpy_minimal_client.egg-info/entry_points.txt
[2.170s] writing requirements to examples_rclpy_minimal_client.egg-info/requires.txt
[2.170s] writing top-level names to examples_rclpy_minimal_client.egg-info/top_level.txt
[2.170s] writing manifest file 'examples_rclpy_minimal_client.egg-info/SOURCES.txt'
[2.171s] reading manifest file 'examples_rclpy_minimal_client.egg-info/SOURCES.txt'
[2.176s] writing manifest file 'examples_rclpy_minimal_client.egg-info/SOURCES.txt'
[2.251s] running build_ext
[2.251s] Creating /home/udito/OneDrive/UDITO/udito/ROS/ros2_ws/install/examples_rclpy_minimal_client/lib/python3.10/site-packages/examples-rclpy-minimal-client.egg-link (link to .)
[2.253s] Installing client script to /home/udito/OneDrive/UDITO/udito/ROS/ros2_ws/install/examples_rclpy_minimal_client/lib/examples_rclpy_minimal_client
[2.253s] Installing client_async script to /home/udito/OneDrive/UDITO/udito/ROS/ros2_ws/install/examples_rclpy_minimal_client/lib/examples_rclpy_minimal_client
[2.255s] Installing client_async_callback script to /home/udito/OneDrive/UDITO/udito/ROS/ros2_ws/install/examples_rclpy_minimal_client/lib/examples_rclpy_minimal_client
[2.255s] Installing client_async_member_function script to /home/udito/OneDrive/UDITO/udito/ROS/ros2_ws/install/examples_rclpy_minimal_client/lib/examples_rclpy_minimal_client
[2.255s] 
[2.256s] Installed /home/udito/OneDrive/UDITO/udito/ROS/ros2_ws/build/examples_rclpy_minimal_client
[2.256s] running symlink_data
[2.256s] creating /home/udito/OneDrive/UDITO/udito/ROS/ros2_ws/install/examples_rclpy_minimal_client/share/ament_index
[2.256s] creating /home/udito/OneDrive/UDITO/udito/ROS/ros2_ws/install/examples_rclpy_minimal_client/share/ament_index/resource_index
[2.256s] creating /home/udito/OneDrive/UDITO/udito/ROS/ros2_ws/install/examples_rclpy_minimal_client/share/ament_index/resource_index/packages
[2.256s] symbolically linking /home/udito/OneDrive/UDITO/udito/ROS/ros2_ws/build/examples_rclpy_minimal_client/resource/examples_rclpy_minimal_client -> /home/udito/OneDrive/UDITO/udito/ROS/ros2_ws/install/examples_rclpy_minimal_client/share/ament_index/resource_index/packages
[2.256s] symbolically linking /home/udito/OneDrive/UDITO/udito/ROS/ros2_ws/build/examples_rclpy_minimal_client/package.xml -> /home/udito/OneDrive/UDITO/udito/ROS/ros2_ws/install/examples_rclpy_minimal_client/share/examples_rclpy_minimal_client
[2.333s] Invoked command in '/home/udito/OneDrive/UDITO/udito/ROS/ros2_ws/build/examples_rclpy_minimal_client' returned '0': PYTHONPATH=/home/udito/OneDrive/UDITO/udito/ROS/ros2_ws/build/examples_rclpy_minimal_client/prefix_override:/usr/lib/python3/dist-packages/colcon_core/task/python/colcon_distutils_commands:/home/udito/OneDrive/UDITO/udito/ROS/ros2_ws/install/examples_rclpy_minimal_client/lib/python3.10/site-packages:${PYTHONPATH} /usr/bin/python3 -W ignore:setup.py install is deprecated -W ignore:easy_install command is deprecated setup.py develop --editable --build-directory /home/udito/OneDrive/UDITO/udito/ROS/ros2_ws/build/examples_rclpy_minimal_client/build --no-deps symlink_data
