[0.291s] Invoking command in '/home/vboxuser/OneDrive/UDITO/udito/ros2_ws/build/respeaker_ros': /usr/bin/cmake /home/vboxuser/OneDrive/UDITO/udito/ros2_ws/src/respeaker_ros -DCATKIN_INSTALL_INTO_PREFIX_ROOT=0 -DCMAKE_INSTALL_PREFIX=/home/vboxuser/OneDrive/UDITO/udito/ros2_ws/install/respeaker_ros
[0.300s] [0mCMake Deprecation Warning at CMakeLists.txt:1 (cmake_minimum_required):
[0.301s]   Compatibility with CMake < 2.8.12 will be removed from a future version of
[0.301s]   CMake.
[0.301s] 
[0.301s]   Update the VERSION argument <min> value or use a ...<max> suffix to tell
[0.301s]   CMake that the project does not need compatibility with older versions.
[0.301s] 
[0.301s] [0m
[0.302s] [33mCMake Warning at CMakeLists.txt:10 (message):
[0.302s]   catkin_virtualenv does not currently support python3you need to install
[0.302s]   python dependencies manually by running:
[0.302s] 
[0.302s]   roscd respeaker_ros && pip install -r requirements.txt
[0.302s] 
[0.302s] [0m
[0.302s] [31mCMake Error at CMakeLists.txt:15 (generate_dynamic_reconfigure_options):
[0.302s]   Unknown CMake command "generate_dynamic_reconfigure_options".
[0.302s] 
[0.302s] [0m
[0.305s] -- Configuring incomplete, errors occurred!
[0.305s] See also "/home/vboxuser/OneDrive/UDITO/udito/ros2_ws/build/respeaker_ros/CMakeFiles/CMakeOutput.log".
[0.325s] Invoked command in '/home/vboxuser/OneDrive/UDITO/udito/ros2_ws/build/respeaker_ros' returned '1': /usr/bin/cmake /home/vboxuser/OneDrive/UDITO/udito/ros2_ws/src/respeaker_ros -DCATKIN_INSTALL_INTO_PREFIX_ROOT=0 -DCMAKE_INSTALL_PREFIX=/home/vboxuser/OneDrive/UDITO/udito/ros2_ws/install/respeaker_ros
