[0.020s] Invoking command in '/home/udito/OneDrive/UDITO/udito/ROS/ros2_ws/build/ldlidar_component': CMAKE_PREFIX_PATH=${CMAKE_PREFIX_PATH}:/home/udito/OneDrive/UDITO/udito/ROS/ros2_ws/install/py_test_package:/home/udito/OneDrive/UDITO/udito/ROS/ros2_ws/install/launch_testing_examples:/home/udito/OneDrive/UDITO/udito/ROS/ros2_ws/install/examples_rclpy_pointcloud_publisher:/home/udito/OneDrive/UDITO/udito/ROS/ros2_ws/install/examples_rclpy_minimal_subscriber:/home/udito/OneDrive/UDITO/udito/ROS/ros2_ws/install/examples_rclpy_minimal_service:/home/udito/OneDrive/UDITO/udito/ROS/ros2_ws/install/examples_rclpy_minimal_publisher:/home/udito/OneDrive/UDITO/udito/ROS/ros2_ws/install/examples_rclpy_minimal_client:/home/udito/OneDrive/UDITO/udito/ROS/ros2_ws/install/examples_rclpy_minimal_action_server:/home/udito/OneDrive/UDITO/udito/ROS/ros2_ws/install/examples_rclpy_minimal_action_client:/home/udito/OneDrive/UDITO/udito/ROS/ros2_ws/install/examples_rclpy_guard_conditions:/home/udito/OneDrive/UDITO/udito/ROS/ros2_ws/install/examples_rclpy_executors:/opt/ros/humble PS1=(python-3.9.21) \[\e]0;\u@\h: \w\a\]${debian_chroot:+($debian_chroot)}\u@\h:\w\$ VIRTUAL_ENV_PROMPT=(python-3.9.21) /usr/bin/cmake /home/udito/OneDrive/UDITO/udito/ROS/ros2_ws/src/ldrobot-lidar-ros2/ldlidar_component -DAMENT_CMAKE_SYMLINK_INSTALL=1 -DCMAKE_INSTALL_PREFIX=/home/udito/OneDrive/UDITO/udito/ROS/ros2_ws/install/ldlidar_component
[0.043s] --  * Release Mode
[0.043s] -- * Found ROS2 humble
[0.043s] -- * ROS2 humble is officially supported by this package.
[0.044s] -- Found ament_cmake: 1.3.11 (/opt/ros/humble/share/ament_cmake/cmake)
[0.225s] -- Override CMake install command with custom implementation using symlinks instead of copying resources
[0.321s] -- Found rclcpp_lifecycle: 16.0.11 (/opt/ros/humble/share/rclcpp_lifecycle/cmake)
[0.393s] -- Found rosidl_generator_c: 3.1.6 (/opt/ros/humble/share/rosidl_generator_c/cmake)
[0.397s] -- Found rosidl_adapter: 3.1.6 (/opt/ros/humble/share/rosidl_adapter/cmake)
[0.406s] -- Found rosidl_generator_cpp: 3.1.6 (/opt/ros/humble/share/rosidl_generator_cpp/cmake)
[0.420s] -- Using all available rosidl_typesupport_c: rosidl_typesupport_fastrtps_c;rosidl_typesupport_introspection_c
[0.439s] -- Using all available rosidl_typesupport_cpp: rosidl_typesupport_fastrtps_cpp;rosidl_typesupport_introspection_cpp
[0.486s] -- Found rmw_implementation_cmake: 6.1.2 (/opt/ros/humble/share/rmw_implementation_cmake/cmake)
[0.489s] -- Found rmw_fastrtps_cpp: 6.2.7 (/opt/ros/humble/share/rmw_fastrtps_cpp/cmake)
[0.628s] -- Using RMW implementation 'rmw_fastrtps_cpp' as default
[0.718s] -- Found rclcpp_components: 16.0.11 (/opt/ros/humble/share/rclcpp_components/cmake)
[0.744s] -- Found nav2_util: 1.1.17 (/opt/ros/humble/share/nav2_util/cmake)
[0.918s] -- Found eigen3_cmake_module: 0.1.1 (/opt/ros/humble/share/eigen3_cmake_module/cmake)
[0.920s] -- Ensuring Eigen3 include directory is part of orocos-kdl CMake target
[0.960s] -- Found sensor_msgs: 4.2.4 (/opt/ros/humble/share/sensor_msgs/cmake)
[0.984s] -- Found diagnostic_msgs: 4.2.4 (/opt/ros/humble/share/diagnostic_msgs/cmake)
[1.002s] -- Found diagnostic_updater: 4.0.0 (/opt/ros/humble/share/diagnostic_updater/cmake)
[1.061s] -- Found ament_lint_auto: 0.12.11 (/opt/ros/humble/share/ament_lint_auto/cmake)
[1.201s] -- Added test 'copyright' to check source files copyright and LICENSE
[1.205s] -- Added test 'cppcheck' to perform static code analysis on C / C++ code
[1.207s] -- Configured cppcheck include dirs: /home/udito/OneDrive/UDITO/udito/ROS/ros2_ws/src/ldrobot-lidar-ros2/ldlidar_component/include;/home/udito/OneDrive/UDITO/udito/ROS/ros2_ws/src/ldrobot-lidar-ros2/ldlidar_component/tools/include;/home/udito/OneDrive/UDITO/udito/ROS/ros2_ws/src/ldrobot-lidar-ros2/ldlidar_component/component/include;/home/udito/OneDrive/UDITO/udito/ROS/ros2_ws/src/ldrobot-lidar-ros2/ldlidar_component/ldlidar_driver/include/core;/home/udito/OneDrive/UDITO/udito/ROS/ros2_ws/src/ldrobot-lidar-ros2/ldlidar_component/ldlidar_driver/include/dataprocess;/home/udito/OneDrive/UDITO/udito/ROS/ros2_ws/src/ldrobot-lidar-ros2/ldlidar_component/ldlidar_driver/include/filter;/home/udito/OneDrive/UDITO/udito/ROS/ros2_ws/src/ldrobot-lidar-ros2/ldlidar_component/ldlidar_driver/include/logger;/home/udito/OneDrive/UDITO/udito/ROS/ros2_ws/src/ldrobot-lidar-ros2/ldlidar_component/ldlidar_driver/include/networkcom;/home/udito/OneDrive/UDITO/udito/ROS/ros2_ws/src/ldrobot-lidar-ros2/ldlidar_component/ldlidar_driver/include/serialcom
[1.207s] -- Configured cppcheck exclude dirs and/or files: 
[1.210s] -- Added test 'cpplint' to check C / C++ code against the Google style
[1.210s] -- Configured cpplint exclude dirs and/or files: 
[1.212s] -- Added test 'lint_cmake' to check CMake code style
[1.216s] -- Added test 'uncrustify' to check C / C++ code style
[1.216s] -- Configured uncrustify additional arguments: 
[1.217s] -- Added test 'xmllint' to check XML markup files
[1.220s] -- Added test 'clang_format' to check C / C++ code style
[1.224s] -- Configuring done
[1.285s] -- Generating done
[1.294s] -- Build files have been written to: /home/udito/OneDrive/UDITO/udito/ROS/ros2_ws/build/ldlidar_component
