[1.650s] Invoking command in '/home/udito/OneDrive/UDITO/udito/ROS/ros2_ws/build/examples_rclpy_guard_conditions': PYTHONPATH=/home/udito/OneDrive/UDITO/udito/ROS/ros2_ws/build/examples_rclpy_guard_conditions/prefix_override:/usr/lib/python3/dist-packages/colcon_core/task/python/colcon_distutils_commands:/home/udito/OneDrive/UDITO/udito/ROS/ros2_ws/install/examples_rclpy_guard_conditions/lib/python3.10/site-packages:${PYTHONPATH} /usr/bin/python3 -W ignore:setup.py install is deprecated -W ignore:easy_install command is deprecated setup.py develop --editable --build-directory /home/udito/OneDrive/UDITO/udito/ROS/ros2_ws/build/examples_rclpy_guard_conditions/build --no-deps symlink_data
[2.124s] running develop
[2.514s] running egg_info
[2.519s] creating examples_rclpy_guard_conditions.egg-info
[2.524s] writing examples_rclpy_guard_conditions.egg-info/PKG-INFO
[2.524s] writing dependency_links to examples_rclpy_guard_conditions.egg-info/dependency_links.txt
[2.525s] writing entry points to examples_rclpy_guard_conditions.egg-info/entry_points.txt
[2.525s] writing requirements to examples_rclpy_guard_conditions.egg-info/requires.txt
[2.525s] writing top-level names to examples_rclpy_guard_conditions.egg-info/top_level.txt
[2.525s] writing manifest file 'examples_rclpy_guard_conditions.egg-info/SOURCES.txt'
[2.529s] reading manifest file 'examples_rclpy_guard_conditions.egg-info/SOURCES.txt'
[2.530s] writing manifest file 'examples_rclpy_guard_conditions.egg-info/SOURCES.txt'
[2.607s] running build_ext
[2.608s] Creating /home/udito/OneDrive/UDITO/udito/ROS/ros2_ws/install/examples_rclpy_guard_conditions/lib/python3.10/site-packages/examples-rclpy-guard-conditions.egg-link (link to .)
[2.611s] Installing trigger_guard_condition script to /home/udito/OneDrive/UDITO/udito/ROS/ros2_ws/install/examples_rclpy_guard_conditions/lib/examples_rclpy_guard_conditions
[2.613s] 
[2.613s] Installed /home/udito/OneDrive/UDITO/udito/ROS/ros2_ws/build/examples_rclpy_guard_conditions
[2.613s] running symlink_data
[2.613s] creating /home/udito/OneDrive/UDITO/udito/ROS/ros2_ws/install/examples_rclpy_guard_conditions/share/ament_index
[2.613s] creating /home/udito/OneDrive/UDITO/udito/ROS/ros2_ws/install/examples_rclpy_guard_conditions/share/ament_index/resource_index
[2.613s] creating /home/udito/OneDrive/UDITO/udito/ROS/ros2_ws/install/examples_rclpy_guard_conditions/share/ament_index/resource_index/packages
[2.615s] symbolically linking /home/udito/OneDrive/UDITO/udito/ROS/ros2_ws/build/examples_rclpy_guard_conditions/resource/examples_rclpy_guard_conditions -> /home/udito/OneDrive/UDITO/udito/ROS/ros2_ws/install/examples_rclpy_guard_conditions/share/ament_index/resource_index/packages
[2.615s] symbolically linking /home/udito/OneDrive/UDITO/udito/ROS/ros2_ws/build/examples_rclpy_guard_conditions/package.xml -> /home/udito/OneDrive/UDITO/udito/ROS/ros2_ws/install/examples_rclpy_guard_conditions/share/examples_rclpy_guard_conditions
[2.692s] Invoked command in '/home/udito/OneDrive/UDITO/udito/ROS/ros2_ws/build/examples_rclpy_guard_conditions' returned '0': PYTHONPATH=/home/udito/OneDrive/UDITO/udito/ROS/ros2_ws/build/examples_rclpy_guard_conditions/prefix_override:/usr/lib/python3/dist-packages/colcon_core/task/python/colcon_distutils_commands:/home/udito/OneDrive/UDITO/udito/ROS/ros2_ws/install/examples_rclpy_guard_conditions/lib/python3.10/site-packages:${PYTHONPATH} /usr/bin/python3 -W ignore:setup.py install is deprecated -W ignore:easy_install command is deprecated setup.py develop --editable --build-directory /home/udito/OneDrive/UDITO/udito/ROS/ros2_ws/build/examples_rclpy_guard_conditions/build --no-deps symlink_data
