[0.790s] Invoking command in '/home/vboxuser/OneDrive/UDITO/udito/ros2_ws/src/head_package': PYTHONPATH=/home/vboxuser/OneDrive/UDITO/udito/ros2_ws/build/head_package/prefix_override:/usr/lib/python3/dist-packages/colcon_core/task/python/colcon_distutils_commands:/home/vboxuser/OneDrive/UDITO/udito/ros2_ws/install/head_package/lib/python3.10/site-packages:${PYTHONPATH} /usr/bin/python3 -W ignore:setup.py install is deprecated -W ignore:easy_install command is deprecated setup.py egg_info --egg-base ../../build/head_package build --build-base /home/vboxuser/OneDrive/UDITO/udito/ros2_ws/build/head_package/build install --record /home/vboxuser/OneDrive/UDITO/udito/ros2_ws/build/head_package/install.log --single-version-externally-managed install_data
[1.007s] running egg_info
[1.007s] creating ../../build/head_package/head_package.egg-info
[1.008s] writing ../../build/head_package/head_package.egg-info/PKG-INFO
[1.009s] writing dependency_links to ../../build/head_package/head_package.egg-info/dependency_links.txt
[1.009s] writing entry points to ../../build/head_package/head_package.egg-info/entry_points.txt
[1.009s] writing requirements to ../../build/head_package/head_package.egg-info/requires.txt
[1.009s] writing top-level names to ../../build/head_package/head_package.egg-info/top_level.txt
[1.009s] writing manifest file '../../build/head_package/head_package.egg-info/SOURCES.txt'
[1.009s] reading manifest file '../../build/head_package/head_package.egg-info/SOURCES.txt'
[1.009s] adding license file 'LICENSE'
[1.010s] writing manifest file '../../build/head_package/head_package.egg-info/SOURCES.txt'
[1.010s] running build
[1.010s] running build_py
[1.010s] creating /home/vboxuser/OneDrive/UDITO/udito/ros2_ws/build/head_package/build
[1.010s] creating /home/vboxuser/OneDrive/UDITO/udito/ros2_ws/build/head_package/build/lib
[1.011s] creating /home/vboxuser/OneDrive/UDITO/udito/ros2_ws/build/head_package/build/lib/head_package
[1.012s] copying head_package/minimal_service.py -> /home/vboxuser/OneDrive/UDITO/udito/ros2_ws/build/head_package/build/lib/head_package
[1.028s] copying head_package/__init__.py -> /home/vboxuser/OneDrive/UDITO/udito/ros2_ws/build/head_package/build/lib/head_package
[1.028s] copying head_package/publisher_member_function.py -> /home/vboxuser/OneDrive/UDITO/udito/ros2_ws/build/head_package/build/lib/head_package
[1.028s] copying head_package/head_node.py -> /home/vboxuser/OneDrive/UDITO/udito/ros2_ws/build/head_package/build/lib/head_package
[1.028s] copying head_package/minimal_client.py -> /home/vboxuser/OneDrive/UDITO/udito/ros2_ws/build/head_package/build/lib/head_package
[1.038s] copying head_package/subscriber_member_function.py -> /home/vboxuser/OneDrive/UDITO/udito/ros2_ws/build/head_package/build/lib/head_package
[1.039s] running install
[1.039s] running install_lib
[1.039s] creating /home/vboxuser/OneDrive/UDITO/udito/ros2_ws/install/head_package/lib/python3.10/site-packages/head_package
[1.039s] copying /home/vboxuser/OneDrive/UDITO/udito/ros2_ws/build/head_package/build/lib/head_package/minimal_service.py -> /home/vboxuser/OneDrive/UDITO/udito/ros2_ws/install/head_package/lib/python3.10/site-packages/head_package
[1.040s] copying /home/vboxuser/OneDrive/UDITO/udito/ros2_ws/build/head_package/build/lib/head_package/__init__.py -> /home/vboxuser/OneDrive/UDITO/udito/ros2_ws/install/head_package/lib/python3.10/site-packages/head_package
[1.040s] copying /home/vboxuser/OneDrive/UDITO/udito/ros2_ws/build/head_package/build/lib/head_package/publisher_member_function.py -> /home/vboxuser/OneDrive/UDITO/udito/ros2_ws/install/head_package/lib/python3.10/site-packages/head_package
[1.040s] copying /home/vboxuser/OneDrive/UDITO/udito/ros2_ws/build/head_package/build/lib/head_package/head_node.py -> /home/vboxuser/OneDrive/UDITO/udito/ros2_ws/install/head_package/lib/python3.10/site-packages/head_package
[1.040s] copying /home/vboxuser/OneDrive/UDITO/udito/ros2_ws/build/head_package/build/lib/head_package/minimal_client.py -> /home/vboxuser/OneDrive/UDITO/udito/ros2_ws/install/head_package/lib/python3.10/site-packages/head_package
[1.040s] copying /home/vboxuser/OneDrive/UDITO/udito/ros2_ws/build/head_package/build/lib/head_package/subscriber_member_function.py -> /home/vboxuser/OneDrive/UDITO/udito/ros2_ws/install/head_package/lib/python3.10/site-packages/head_package
[1.040s] byte-compiling /home/vboxuser/OneDrive/UDITO/udito/ros2_ws/install/head_package/lib/python3.10/site-packages/head_package/minimal_service.py to minimal_service.cpython-310.pyc
[1.041s] byte-compiling /home/vboxuser/OneDrive/UDITO/udito/ros2_ws/install/head_package/lib/python3.10/site-packages/head_package/__init__.py to __init__.cpython-310.pyc
[1.041s] byte-compiling /home/vboxuser/OneDrive/UDITO/udito/ros2_ws/install/head_package/lib/python3.10/site-packages/head_package/publisher_member_function.py to publisher_member_function.cpython-310.pyc
[1.041s] byte-compiling /home/vboxuser/OneDrive/UDITO/udito/ros2_ws/install/head_package/lib/python3.10/site-packages/head_package/head_node.py to head_node.cpython-310.pyc
[1.042s] byte-compiling /home/vboxuser/OneDrive/UDITO/udito/ros2_ws/install/head_package/lib/python3.10/site-packages/head_package/minimal_client.py to minimal_client.cpython-310.pyc
[1.042s] byte-compiling /home/vboxuser/OneDrive/UDITO/udito/ros2_ws/install/head_package/lib/python3.10/site-packages/head_package/subscriber_member_function.py to subscriber_member_function.cpython-310.pyc
[1.043s] running install_data
[1.043s] creating /home/vboxuser/OneDrive/UDITO/udito/ros2_ws/install/head_package/share/ament_index
[1.043s] creating /home/vboxuser/OneDrive/UDITO/udito/ros2_ws/install/head_package/share/ament_index/resource_index
[1.043s] creating /home/vboxuser/OneDrive/UDITO/udito/ros2_ws/install/head_package/share/ament_index/resource_index/packages
[1.043s] copying resource/head_package -> /home/vboxuser/OneDrive/UDITO/udito/ros2_ws/install/head_package/share/ament_index/resource_index/packages
[1.045s] copying package.xml -> /home/vboxuser/OneDrive/UDITO/udito/ros2_ws/install/head_package/share/head_package
[1.045s] running install_egg_info
[1.046s] Copying ../../build/head_package/head_package.egg-info to /home/vboxuser/OneDrive/UDITO/udito/ros2_ws/install/head_package/lib/python3.10/site-packages/head_package-0.0.0-py3.10.egg-info
[1.048s] running install_scripts
[1.069s] Installing client script to /home/vboxuser/OneDrive/UDITO/udito/ros2_ws/install/head_package/lib/head_package
[1.069s] Installing head_node script to /home/vboxuser/OneDrive/UDITO/udito/ros2_ws/install/head_package/lib/head_package
[1.070s] Installing listener script to /home/vboxuser/OneDrive/UDITO/udito/ros2_ws/install/head_package/lib/head_package
[1.070s] Installing service script to /home/vboxuser/OneDrive/UDITO/udito/ros2_ws/install/head_package/lib/head_package
[1.070s] Installing talker script to /home/vboxuser/OneDrive/UDITO/udito/ros2_ws/install/head_package/lib/head_package
[1.070s] writing list of installed files to '/home/vboxuser/OneDrive/UDITO/udito/ros2_ws/build/head_package/install.log'
[1.095s] Invoked command in '/home/vboxuser/OneDrive/UDITO/udito/ros2_ws/src/head_package' returned '0': PYTHONPATH=/home/vboxuser/OneDrive/UDITO/udito/ros2_ws/build/head_package/prefix_override:/usr/lib/python3/dist-packages/colcon_core/task/python/colcon_distutils_commands:/home/vboxuser/OneDrive/UDITO/udito/ros2_ws/install/head_package/lib/python3.10/site-packages:${PYTHONPATH} /usr/bin/python3 -W ignore:setup.py install is deprecated -W ignore:easy_install command is deprecated setup.py egg_info --egg-base ../../build/head_package build --build-base /home/vboxuser/OneDrive/UDITO/udito/ros2_ws/build/head_package/build install --record /home/vboxuser/OneDrive/UDITO/udito/ros2_ws/build/head_package/install.log --single-version-externally-managed install_data
