[1.323s] Invoking command in '/home/udito/OneDrive/UDITO/udito/ROS/ros2_ws/build/examples_rclpy_minimal_service': PYTHONPATH=/home/udito/OneDrive/UDITO/udito/ROS/ros2_ws/build/examples_rclpy_minimal_service/prefix_override:/usr/lib/python3/dist-packages/colcon_core/task/python/colcon_distutils_commands:/home/udito/OneDrive/UDITO/udito/ROS/ros2_ws/install/examples_rclpy_minimal_service/lib/python3.10/site-packages:${PYTHONPATH} /usr/bin/python3 -W ignore:setup.py install is deprecated -W ignore:easy_install command is deprecated setup.py develop --editable --build-directory /home/udito/OneDrive/UDITO/udito/ROS/ros2_ws/build/examples_rclpy_minimal_service/build --no-deps symlink_data
[1.859s] running develop
[2.260s] running egg_info
[2.260s] creating examples_rclpy_minimal_service.egg-info
[2.261s] writing examples_rclpy_minimal_service.egg-info/PKG-INFO
[2.264s] writing dependency_links to examples_rclpy_minimal_service.egg-info/dependency_links.txt
[2.265s] writing entry points to examples_rclpy_minimal_service.egg-info/entry_points.txt
[2.265s] writing requirements to examples_rclpy_minimal_service.egg-info/requires.txt
[2.265s] writing top-level names to examples_rclpy_minimal_service.egg-info/top_level.txt
[2.265s] writing manifest file 'examples_rclpy_minimal_service.egg-info/SOURCES.txt'
[2.272s] reading manifest file 'examples_rclpy_minimal_service.egg-info/SOURCES.txt'
[2.274s] writing manifest file 'examples_rclpy_minimal_service.egg-info/SOURCES.txt'
[2.342s] running build_ext
[2.344s] Creating /home/udito/OneDrive/UDITO/udito/ROS/ros2_ws/install/examples_rclpy_minimal_service/lib/python3.10/site-packages/examples-rclpy-minimal-service.egg-link (link to .)
[2.344s] Installing service script to /home/udito/OneDrive/UDITO/udito/ROS/ros2_ws/install/examples_rclpy_minimal_service/lib/examples_rclpy_minimal_service
[2.346s] Installing service_member_function script to /home/udito/OneDrive/UDITO/udito/ROS/ros2_ws/install/examples_rclpy_minimal_service/lib/examples_rclpy_minimal_service
[2.347s] 
[2.347s] Installed /home/udito/OneDrive/UDITO/udito/ROS/ros2_ws/build/examples_rclpy_minimal_service
[2.347s] running symlink_data
[2.348s] creating /home/udito/OneDrive/UDITO/udito/ROS/ros2_ws/install/examples_rclpy_minimal_service/share/ament_index
[2.348s] creating /home/udito/OneDrive/UDITO/udito/ROS/ros2_ws/install/examples_rclpy_minimal_service/share/ament_index/resource_index
[2.349s] creating /home/udito/OneDrive/UDITO/udito/ROS/ros2_ws/install/examples_rclpy_minimal_service/share/ament_index/resource_index/packages
[2.349s] symbolically linking /home/udito/OneDrive/UDITO/udito/ROS/ros2_ws/build/examples_rclpy_minimal_service/resource/examples_rclpy_minimal_service -> /home/udito/OneDrive/UDITO/udito/ROS/ros2_ws/install/examples_rclpy_minimal_service/share/ament_index/resource_index/packages
[2.349s] symbolically linking /home/udito/OneDrive/UDITO/udito/ROS/ros2_ws/build/examples_rclpy_minimal_service/package.xml -> /home/udito/OneDrive/UDITO/udito/ROS/ros2_ws/install/examples_rclpy_minimal_service/share/examples_rclpy_minimal_service
[2.425s] Invoked command in '/home/udito/OneDrive/UDITO/udito/ROS/ros2_ws/build/examples_rclpy_minimal_service' returned '0': PYTHONPATH=/home/udito/OneDrive/UDITO/udito/ROS/ros2_ws/build/examples_rclpy_minimal_service/prefix_override:/usr/lib/python3/dist-packages/colcon_core/task/python/colcon_distutils_commands:/home/udito/OneDrive/UDITO/udito/ROS/ros2_ws/install/examples_rclpy_minimal_service/lib/python3.10/site-packages:${PYTHONPATH} /usr/bin/python3 -W ignore:setup.py install is deprecated -W ignore:easy_install command is deprecated setup.py develop --editable --build-directory /home/udito/OneDrive/UDITO/udito/ROS/ros2_ws/build/examples_rclpy_minimal_service/build --no-deps symlink_data
