[0.000000] (-) TimerEvent: {}
[0.000511] (examples_rclcpp_async_client) JobQueued: {'identifier': 'examples_rclcpp_async_client', 'dependencies': OrderedDict()}
[0.000565] (examples_rclcpp_cbg_executor) JobQueued: {'identifier': 'examples_rclcpp_cbg_executor', 'dependencies': OrderedDict()}
[0.000595] (examples_rclcpp_minimal_action_client) JobQueued: {'identifier': 'examples_rclcpp_minimal_action_client', 'dependencies': OrderedDict()}
[0.000620] (examples_rclcpp_minimal_action_server) JobQueued: {'identifier': 'examples_rclcpp_minimal_action_server', 'dependencies': OrderedDict()}
[0.000641] (examples_rclcpp_minimal_client) JobQueued: {'identifier': 'examples_rclcpp_minimal_client', 'dependencies': OrderedDict()}
[0.000663] (examples_rclcpp_minimal_composition) JobQueued: {'identifier': 'examples_rclcpp_minimal_composition', 'dependencies': OrderedDict()}
[0.000684] (examples_rclcpp_minimal_publisher) JobQueued: {'identifier': 'examples_rclcpp_minimal_publisher', 'dependencies': OrderedDict()}
[0.000704] (examples_rclcpp_minimal_service) JobQueued: {'identifier': 'examples_rclcpp_minimal_service', 'dependencies': OrderedDict()}
[0.000724] (examples_rclcpp_minimal_subscriber) JobQueued: {'identifier': 'examples_rclcpp_minimal_subscriber', 'dependencies': OrderedDict()}
[0.000744] (examples_rclcpp_minimal_timer) JobQueued: {'identifier': 'examples_rclcpp_minimal_timer', 'dependencies': OrderedDict()}
[0.000763] (examples_rclcpp_multithreaded_executor) JobQueued: {'identifier': 'examples_rclcpp_multithreaded_executor', 'dependencies': OrderedDict()}
[0.000783] (examples_rclcpp_wait_set) JobQueued: {'identifier': 'examples_rclcpp_wait_set', 'dependencies': OrderedDict()}
[0.000802] (turtlesim) JobQueued: {'identifier': 'turtlesim', 'dependencies': OrderedDict()}
[0.000823] (examples_rclcpp_async_client) JobStarted: {'identifier': 'examples_rclcpp_async_client'}
[0.033953] (examples_rclcpp_async_client) JobEnded: {'identifier': 'examples_rclcpp_async_client', 'rc': 1}
[0.035479] (examples_rclcpp_cbg_executor) JobStarted: {'identifier': 'examples_rclcpp_cbg_executor'}
[0.055251] (examples_rclcpp_cbg_executor) JobEnded: {'identifier': 'examples_rclcpp_cbg_executor', 'rc': 1}
[0.070255] (examples_rclcpp_minimal_action_client) JobSkipped: {'identifier': 'examples_rclcpp_minimal_action_client'}
[0.070324] (examples_rclcpp_minimal_action_server) JobSkipped: {'identifier': 'examples_rclcpp_minimal_action_server'}
[0.070351] (examples_rclcpp_minimal_client) JobSkipped: {'identifier': 'examples_rclcpp_minimal_client'}
[0.070374] (examples_rclcpp_minimal_composition) JobSkipped: {'identifier': 'examples_rclcpp_minimal_composition'}
[0.070394] (examples_rclcpp_minimal_publisher) JobSkipped: {'identifier': 'examples_rclcpp_minimal_publisher'}
[0.070414] (examples_rclcpp_minimal_service) JobSkipped: {'identifier': 'examples_rclcpp_minimal_service'}
[0.070433] (examples_rclcpp_minimal_subscriber) JobSkipped: {'identifier': 'examples_rclcpp_minimal_subscriber'}
[0.070451] (examples_rclcpp_minimal_timer) JobSkipped: {'identifier': 'examples_rclcpp_minimal_timer'}
[0.070471] (examples_rclcpp_multithreaded_executor) JobSkipped: {'identifier': 'examples_rclcpp_multithreaded_executor'}
[0.070490] (examples_rclcpp_wait_set) JobSkipped: {'identifier': 'examples_rclcpp_wait_set'}
[0.070510] (turtlesim) JobSkipped: {'identifier': 'turtlesim'}
[0.070530] (-) EventReactorShutdown: {}
