[0.012s] Invoking command in '/home/vboxuser/OneDrive/UDITO/udito/ros2_ws/build/tutorial_interfaces': CMAKE_PREFIX_PATH=${CMAKE_PREFIX_PATH}:/home/vboxuser/OneDrive/UDITO/udito/ros2_ws/install/head_package:/opt/ros/humble /usr/bin/cmake /home/vboxuser/OneDrive/UDITO/udito/ros2_ws/src/tutorial_interfaces -DCMAKE_INSTALL_PREFIX=/home/vboxuser/OneDrive/UDITO/udito/ros2_ws/install/tutorial_interfaces
[0.096s] -- The C compiler identification is GNU 11.4.0
[0.157s] -- The CXX compiler identification is GNU 11.4.0
[0.161s] -- Detecting C compiler ABI info
[0.240s] -- Detecting C compiler ABI info - done
[0.256s] -- Check for working C compiler: /usr/bin/cc - skipped
[0.256s] -- Detecting C compile features
[0.256s] -- Detecting C compile features - done
[0.256s] -- Detecting CXX compiler ABI info
[0.376s] -- Detecting CXX compiler ABI info - done
[0.392s] -- Check for working CXX compiler: /usr/bin/c++ - skipped
[0.392s] -- Detecting CXX compile features
[0.393s] -- Detecting CXX compile features - done
[0.394s] -- Found ament_cmake: 1.3.11 (/opt/ros/humble/share/ament_cmake/cmake)
[0.543s] -- Found Python3: /usr/local/bin/python3 (found version "3.9.21") found components: Interpreter 
[0.654s] -- Found geometry_msgs: 4.2.4 (/opt/ros/humble/share/geometry_msgs/cmake)
[0.691s] -- Found rosidl_generator_c: 3.1.6 (/opt/ros/humble/share/rosidl_generator_c/cmake)
[0.696s] -- Found rosidl_adapter: 3.1.6 (/opt/ros/humble/share/rosidl_adapter/cmake)
[0.703s] -- Found rosidl_generator_cpp: 3.1.6 (/opt/ros/humble/share/rosidl_generator_cpp/cmake)
[0.714s] -- Using all available rosidl_typesupport_c: rosidl_typesupport_fastrtps_c;rosidl_typesupport_introspection_c
[0.727s] -- Using all available rosidl_typesupport_cpp: rosidl_typesupport_fastrtps_cpp;rosidl_typesupport_introspection_cpp
[0.757s] -- Found rosidl_default_generators: 1.2.0 (/opt/ros/humble/share/rosidl_default_generators/cmake)
[1.120s] -- Found ament_cmake_ros: 0.10.0 (/opt/ros/humble/share/ament_cmake_ros/cmake)
[1.484s] -- Using all available rosidl_typesupport_c: rosidl_typesupport_fastrtps_c;rosidl_typesupport_introspection_c
[1.619s] -- Using all available rosidl_typesupport_cpp: rosidl_typesupport_fastrtps_cpp;rosidl_typesupport_introspection_cpp
[1.637s] -- Found PythonInterp: /usr/local/bin/python3 (found suitable version "3.9.21", minimum required is "3.6") 
[1.639s] -- Found python_cmake_module: 0.10.0 (/opt/ros/humble/share/python_cmake_module/cmake)
[1.656s] -- Found PythonLibs: /usr/local/lib/libpython3.9.so (found suitable version "3.9.21", minimum required is "3.5") 
[1.656s] -- Using PYTHON_EXECUTABLE: /usr/local/bin/python3
[1.656s] -- Using PYTHON_INCLUDE_DIRS: /usr/local/include/python3.9
[1.656s] -- Using PYTHON_LIBRARIES: /usr/local/lib/libpython3.9.so
[1.673s] -- Found PythonExtra: .so  
[1.859s] -- Using numpy include directory: /home/vboxuser/.local/lib/python3.9/site-packages/numpy/_core/include
[1.873s] -- Found ament_lint_auto: 0.12.11 (/opt/ros/humble/share/ament_lint_auto/cmake)
[1.902s] -- Added test 'lint_cmake' to check CMake code style
[1.905s] -- Added test 'xmllint' to check XML markup files
[1.909s] -- Configuring done
[1.952s] -- Generating done
[1.963s] -- Build files have been written to: /home/vboxuser/OneDrive/UDITO/udito/ros2_ws/build/tutorial_interfaces
[1.976s] Invoked command in '/home/vboxuser/OneDrive/UDITO/udito/ros2_ws/build/tutorial_interfaces' returned '0': CMAKE_PREFIX_PATH=${CMAKE_PREFIX_PATH}:/home/vboxuser/OneDrive/UDITO/udito/ros2_ws/install/head_package:/opt/ros/humble /usr/bin/cmake /home/vboxuser/OneDrive/UDITO/udito/ros2_ws/src/tutorial_interfaces -DCMAKE_INSTALL_PREFIX=/home/vboxuser/OneDrive/UDITO/udito/ros2_ws/install/tutorial_interfaces
[1.979s] Invoking command in '/home/vboxuser/OneDrive/UDITO/udito/ros2_ws/build/tutorial_interfaces': CMAKE_PREFIX_PATH=${CMAKE_PREFIX_PATH}:/home/vboxuser/OneDrive/UDITO/udito/ros2_ws/install/head_package:/opt/ros/humble /usr/bin/cmake --build /home/vboxuser/OneDrive/UDITO/udito/ros2_ws/build/tutorial_interfaces -- -j3 -l3
[2.069s] [  3%] [34m[1mGenerating C code for ROS interfaces[0m
[2.107s] [  6%] [34m[1mGenerating C++ code for ROS interfaces[0m
[2.121s] [  6%] Built target ament_cmake_python_copy_tutorial_interfaces
[2.794s] [  9%] [32mBuilding C object CMakeFiles/tutorial_interfaces__rosidl_generator_c.dir/rosidl_generator_c/tutorial_interfaces/srv/detail/command__functions.c.o[0m
[2.808s] running egg_info
[2.811s] creating tutorial_interfaces.egg-info
[2.812s] writing tutorial_interfaces.egg-info/PKG-INFO
[2.813s] writing dependency_links to tutorial_interfaces.egg-info/dependency_links.txt
[2.813s] writing top-level names to tutorial_interfaces.egg-info/top_level.txt
[2.814s] writing manifest file 'tutorial_interfaces.egg-info/SOURCES.txt'
[2.826s] reading manifest file 'tutorial_interfaces.egg-info/SOURCES.txt'
[2.831s] writing manifest file 'tutorial_interfaces.egg-info/SOURCES.txt'
[2.888s] [  9%] Built target ament_cmake_python_build_tutorial_interfaces_egg
[2.964s] [ 12%] [32m[1mLinking C shared library libtutorial_interfaces__rosidl_generator_c.so[0m
[2.997s] [ 12%] Built target tutorial_interfaces__cpp
[3.020s] [ 16%] [34m[1mGenerating C++ type support for eProsima Fast-RTPS[0m
[3.030s] [ 19%] [34m[1mGenerating C++ type support dispatch for ROS interfaces[0m
[3.067s] [ 19%] Built target tutorial_interfaces__rosidl_generator_c
[3.085s] [ 22%] [34m[1mGenerating C++ introspection for ROS interfaces[0m
[3.511s] [ 25%] [32mBuilding CXX object CMakeFiles/tutorial_interfaces__rosidl_typesupport_cpp.dir/rosidl_typesupport_cpp/tutorial_interfaces/srv/command__type_support.cpp.o[0m
[3.557s] [ 29%] [32mBuilding CXX object CMakeFiles/tutorial_interfaces__rosidl_typesupport_introspection_cpp.dir/rosidl_typesupport_introspection_cpp/tutorial_interfaces/srv/detail/command__type_support.cpp.o[0m
[3.622s] [ 32%] [32mBuilding CXX object CMakeFiles/tutorial_interfaces__rosidl_typesupport_fastrtps_cpp.dir/rosidl_typesupport_fastrtps_cpp/tutorial_interfaces/srv/detail/dds_fastrtps/command__type_support.cpp.o[0m
[4.720s] [ 35%] [32m[1mLinking CXX shared library libtutorial_interfaces__rosidl_typesupport_cpp.so[0m
[4.787s] [ 35%] Built target tutorial_interfaces__rosidl_typesupport_cpp
[4.809s] [ 38%] [34m[1mGenerating C type support for eProsima Fast-RTPS[0m
[4.915s] [ 41%] [32m[1mLinking CXX shared library libtutorial_interfaces__rosidl_typesupport_introspection_cpp.so[0m
[5.054s] [ 41%] Built target tutorial_interfaces__rosidl_typesupport_introspection_cpp
[5.068s] [ 45%] [34m[1mGenerating C introspection for ROS interfaces[0m
[5.075s] [ 48%] [32m[1mLinking CXX shared library libtutorial_interfaces__rosidl_typesupport_fastrtps_cpp.so[0m
[5.236s] [ 48%] Built target tutorial_interfaces__rosidl_typesupport_fastrtps_cpp
[5.252s] [ 51%] [34m[1mGenerating C type support dispatch for ROS interfaces[0m
[5.258s] [ 54%] [32mBuilding CXX object CMakeFiles/tutorial_interfaces__rosidl_typesupport_fastrtps_c.dir/rosidl_typesupport_fastrtps_c/tutorial_interfaces/srv/detail/command__type_support_c.cpp.o[0m
[5.605s] [ 58%] [32mBuilding C object CMakeFiles/tutorial_interfaces__rosidl_typesupport_introspection_c.dir/rosidl_typesupport_introspection_c/tutorial_interfaces/srv/detail/command__type_support.c.o[0m
[5.657s] [ 61%] [32mBuilding CXX object CMakeFiles/tutorial_interfaces__rosidl_typesupport_c.dir/rosidl_typesupport_c/tutorial_interfaces/srv/command__type_support.cpp.o[0m
[5.678s] [ 64%] [32m[1mLinking C shared library libtutorial_interfaces__rosidl_typesupport_introspection_c.so[0m
[5.712s] [ 67%] [32m[1mLinking CXX shared library libtutorial_interfaces__rosidl_typesupport_c.so[0m
[5.750s] [ 67%] Built target tutorial_interfaces__rosidl_typesupport_introspection_c
[5.772s] [ 67%] Built target tutorial_interfaces__rosidl_typesupport_c
[5.867s] [ 70%] [32m[1mLinking CXX shared library libtutorial_interfaces__rosidl_typesupport_fastrtps_c.so[0m
[5.955s] [ 70%] Built target tutorial_interfaces__rosidl_typesupport_fastrtps_c
[5.978s] [ 70%] Built target tutorial_interfaces
[5.998s] [ 74%] [34m[1mGenerating Python code for ROS interfaces[0m
[6.459s] [ 74%] Built target tutorial_interfaces__py
[6.487s] [ 77%] [32mBuilding C object CMakeFiles/tutorial_interfaces__rosidl_generator_py.dir/rosidl_generator_py/tutorial_interfaces/srv/_command_s.c.o[0m
[6.674s] [ 80%] [32m[1mLinking C shared library rosidl_generator_py/tutorial_interfaces/libtutorial_interfaces__rosidl_generator_py.so[0m
[6.748s] [ 80%] Built target tutorial_interfaces__rosidl_generator_py
[6.790s] [ 83%] [32mBuilding C object CMakeFiles/tutorial_interfaces__rosidl_typesupport_introspection_c__pyext.dir/rosidl_generator_py/tutorial_interfaces/_tutorial_interfaces_s.ep.rosidl_typesupport_introspection_c.c.o[0m
[6.798s] [ 87%] [32mBuilding C object CMakeFiles/tutorial_interfaces__rosidl_typesupport_fastrtps_c__pyext.dir/rosidl_generator_py/tutorial_interfaces/_tutorial_interfaces_s.ep.rosidl_typesupport_fastrtps_c.c.o[0m
[6.815s] [ 90%] [32mBuilding C object CMakeFiles/tutorial_interfaces__rosidl_typesupport_c__pyext.dir/rosidl_generator_py/tutorial_interfaces/_tutorial_interfaces_s.ep.rosidl_typesupport_c.c.o[0m
[6.951s] [ 93%] [32m[1mLinking C shared library rosidl_generator_py/tutorial_interfaces/tutorial_interfaces_s__rosidl_typesupport_introspection_c.cpython-39-x86_64-linux-gnu.so[0m
[7.031s] [ 93%] Built target tutorial_interfaces__rosidl_typesupport_introspection_c__pyext
[7.041s] [ 96%] [32m[1mLinking C shared library rosidl_generator_py/tutorial_interfaces/tutorial_interfaces_s__rosidl_typesupport_fastrtps_c.cpython-39-x86_64-linux-gnu.so[0m
[7.071s] [100%] [32m[1mLinking C shared library rosidl_generator_py/tutorial_interfaces/tutorial_interfaces_s__rosidl_typesupport_c.cpython-39-x86_64-linux-gnu.so[0m
[7.121s] [100%] Built target tutorial_interfaces__rosidl_typesupport_fastrtps_c__pyext
[7.141s] [100%] Built target tutorial_interfaces__rosidl_typesupport_c__pyext
[7.163s] Invoked command in '/home/vboxuser/OneDrive/UDITO/udito/ros2_ws/build/tutorial_interfaces' returned '0': CMAKE_PREFIX_PATH=${CMAKE_PREFIX_PATH}:/home/vboxuser/OneDrive/UDITO/udito/ros2_ws/install/head_package:/opt/ros/humble /usr/bin/cmake --build /home/vboxuser/OneDrive/UDITO/udito/ros2_ws/build/tutorial_interfaces -- -j3 -l3
[7.181s] Invoking command in '/home/vboxuser/OneDrive/UDITO/udito/ros2_ws/build/tutorial_interfaces': CMAKE_PREFIX_PATH=${CMAKE_PREFIX_PATH}:/home/vboxuser/OneDrive/UDITO/udito/ros2_ws/install/head_package:/opt/ros/humble /usr/bin/cmake --install /home/vboxuser/OneDrive/UDITO/udito/ros2_ws/build/tutorial_interfaces
[7.200s] -- Install configuration: ""
[7.200s] -- Installing: /home/vboxuser/OneDrive/UDITO/udito/ros2_ws/install/tutorial_interfaces/share/ament_index/resource_index/rosidl_interfaces/tutorial_interfaces
[7.201s] -- Installing: /home/vboxuser/OneDrive/UDITO/udito/ros2_ws/install/tutorial_interfaces/include/tutorial_interfaces/tutorial_interfaces
[7.201s] -- Installing: /home/vboxuser/OneDrive/UDITO/udito/ros2_ws/install/tutorial_interfaces/include/tutorial_interfaces/tutorial_interfaces/msg
[7.201s] -- Installing: /home/vboxuser/OneDrive/UDITO/udito/ros2_ws/install/tutorial_interfaces/include/tutorial_interfaces/tutorial_interfaces/msg/rosidl_generator_c__visibility_control.h
[7.201s] -- Installing: /home/vboxuser/OneDrive/UDITO/udito/ros2_ws/install/tutorial_interfaces/include/tutorial_interfaces/tutorial_interfaces/srv
[7.201s] -- Installing: /home/vboxuser/OneDrive/UDITO/udito/ros2_ws/install/tutorial_interfaces/include/tutorial_interfaces/tutorial_interfaces/srv/detail
[7.201s] -- Installing: /home/vboxuser/OneDrive/UDITO/udito/ros2_ws/install/tutorial_interfaces/include/tutorial_interfaces/tutorial_interfaces/srv/detail/command__type_support.h
[7.201s] -- Installing: /home/vboxuser/OneDrive/UDITO/udito/ros2_ws/install/tutorial_interfaces/include/tutorial_interfaces/tutorial_interfaces/srv/detail/command__functions.c
[7.201s] -- Installing: /home/vboxuser/OneDrive/UDITO/udito/ros2_ws/install/tutorial_interfaces/include/tutorial_interfaces/tutorial_interfaces/srv/detail/command__struct.h
[7.201s] -- Installing: /home/vboxuser/OneDrive/UDITO/udito/ros2_ws/install/tutorial_interfaces/include/tutorial_interfaces/tutorial_interfaces/srv/detail/command__functions.h
[7.201s] -- Installing: /home/vboxuser/OneDrive/UDITO/udito/ros2_ws/install/tutorial_interfaces/include/tutorial_interfaces/tutorial_interfaces/srv/command.h
[7.201s] -- Installing: /home/vboxuser/OneDrive/UDITO/udito/ros2_ws/install/tutorial_interfaces/share/tutorial_interfaces/environment/library_path.sh
[7.201s] -- Installing: /home/vboxuser/OneDrive/UDITO/udito/ros2_ws/install/tutorial_interfaces/share/tutorial_interfaces/environment/library_path.dsv
[7.202s] -- Installing: /home/vboxuser/OneDrive/UDITO/udito/ros2_ws/install/tutorial_interfaces/lib/libtutorial_interfaces__rosidl_generator_c.so
[7.202s] -- Set runtime path of "/home/vboxuser/OneDrive/UDITO/udito/ros2_ws/install/tutorial_interfaces/lib/libtutorial_interfaces__rosidl_generator_c.so" to ""
[7.202s] -- Up-to-date: /home/vboxuser/OneDrive/UDITO/udito/ros2_ws/install/tutorial_interfaces/include/tutorial_interfaces/tutorial_interfaces
[7.202s] -- Up-to-date: /home/vboxuser/OneDrive/UDITO/udito/ros2_ws/install/tutorial_interfaces/include/tutorial_interfaces/tutorial_interfaces/msg
[7.202s] -- Installing: /home/vboxuser/OneDrive/UDITO/udito/ros2_ws/install/tutorial_interfaces/include/tutorial_interfaces/tutorial_interfaces/msg/rosidl_typesupport_fastrtps_c__visibility_control.h
[7.202s] -- Up-to-date: /home/vboxuser/OneDrive/UDITO/udito/ros2_ws/install/tutorial_interfaces/include/tutorial_interfaces/tutorial_interfaces/srv
[7.202s] -- Up-to-date: /home/vboxuser/OneDrive/UDITO/udito/ros2_ws/install/tutorial_interfaces/include/tutorial_interfaces/tutorial_interfaces/srv/detail
[7.202s] -- Installing: /home/vboxuser/OneDrive/UDITO/udito/ros2_ws/install/tutorial_interfaces/include/tutorial_interfaces/tutorial_interfaces/srv/detail/command__rosidl_typesupport_fastrtps_c.h
[7.202s] -- Installing: /home/vboxuser/OneDrive/UDITO/udito/ros2_ws/install/tutorial_interfaces/lib/libtutorial_interfaces__rosidl_typesupport_fastrtps_c.so
[7.203s] -- Set runtime path of "/home/vboxuser/OneDrive/UDITO/udito/ros2_ws/install/tutorial_interfaces/lib/libtutorial_interfaces__rosidl_typesupport_fastrtps_c.so" to ""
[7.203s] -- Up-to-date: /home/vboxuser/OneDrive/UDITO/udito/ros2_ws/install/tutorial_interfaces/include/tutorial_interfaces/tutorial_interfaces
[7.203s] -- Up-to-date: /home/vboxuser/OneDrive/UDITO/udito/ros2_ws/install/tutorial_interfaces/include/tutorial_interfaces/tutorial_interfaces/msg
[7.203s] -- Installing: /home/vboxuser/OneDrive/UDITO/udito/ros2_ws/install/tutorial_interfaces/include/tutorial_interfaces/tutorial_interfaces/msg/rosidl_generator_cpp__visibility_control.hpp
[7.203s] -- Up-to-date: /home/vboxuser/OneDrive/UDITO/udito/ros2_ws/install/tutorial_interfaces/include/tutorial_interfaces/tutorial_interfaces/srv
[7.203s] -- Installing: /home/vboxuser/OneDrive/UDITO/udito/ros2_ws/install/tutorial_interfaces/include/tutorial_interfaces/tutorial_interfaces/srv/command.hpp
[7.203s] -- Up-to-date: /home/vboxuser/OneDrive/UDITO/udito/ros2_ws/install/tutorial_interfaces/include/tutorial_interfaces/tutorial_interfaces/srv/detail
[7.204s] -- Installing: /home/vboxuser/OneDrive/UDITO/udito/ros2_ws/install/tutorial_interfaces/include/tutorial_interfaces/tutorial_interfaces/srv/detail/command__type_support.hpp
[7.204s] -- Installing: /home/vboxuser/OneDrive/UDITO/udito/ros2_ws/install/tutorial_interfaces/include/tutorial_interfaces/tutorial_interfaces/srv/detail/command__builder.hpp
[7.204s] -- Installing: /home/vboxuser/OneDrive/UDITO/udito/ros2_ws/install/tutorial_interfaces/include/tutorial_interfaces/tutorial_interfaces/srv/detail/command__traits.hpp
[7.204s] -- Installing: /home/vboxuser/OneDrive/UDITO/udito/ros2_ws/install/tutorial_interfaces/include/tutorial_interfaces/tutorial_interfaces/srv/detail/command__struct.hpp
[7.204s] -- Up-to-date: /home/vboxuser/OneDrive/UDITO/udito/ros2_ws/install/tutorial_interfaces/include/tutorial_interfaces/tutorial_interfaces
[7.204s] -- Up-to-date: /home/vboxuser/OneDrive/UDITO/udito/ros2_ws/install/tutorial_interfaces/include/tutorial_interfaces/tutorial_interfaces/msg
[7.204s] -- Installing: /home/vboxuser/OneDrive/UDITO/udito/ros2_ws/install/tutorial_interfaces/include/tutorial_interfaces/tutorial_interfaces/msg/rosidl_typesupport_fastrtps_cpp__visibility_control.h
[7.204s] -- Up-to-date: /home/vboxuser/OneDrive/UDITO/udito/ros2_ws/install/tutorial_interfaces/include/tutorial_interfaces/tutorial_interfaces/srv
[7.204s] -- Up-to-date: /home/vboxuser/OneDrive/UDITO/udito/ros2_ws/install/tutorial_interfaces/include/tutorial_interfaces/tutorial_interfaces/srv/detail
[7.204s] -- Installing: /home/vboxuser/OneDrive/UDITO/udito/ros2_ws/install/tutorial_interfaces/include/tutorial_interfaces/tutorial_interfaces/srv/detail/dds_fastrtps
[7.204s] -- Installing: /home/vboxuser/OneDrive/UDITO/udito/ros2_ws/install/tutorial_interfaces/include/tutorial_interfaces/tutorial_interfaces/srv/detail/command__rosidl_typesupport_fastrtps_cpp.hpp
[7.204s] -- Installing: /home/vboxuser/OneDrive/UDITO/udito/ros2_ws/install/tutorial_interfaces/lib/libtutorial_interfaces__rosidl_typesupport_fastrtps_cpp.so
[7.207s] -- Set runtime path of "/home/vboxuser/OneDrive/UDITO/udito/ros2_ws/install/tutorial_interfaces/lib/libtutorial_interfaces__rosidl_typesupport_fastrtps_cpp.so" to ""
[7.207s] -- Up-to-date: /home/vboxuser/OneDrive/UDITO/udito/ros2_ws/install/tutorial_interfaces/include/tutorial_interfaces/tutorial_interfaces
[7.207s] -- Up-to-date: /home/vboxuser/OneDrive/UDITO/udito/ros2_ws/install/tutorial_interfaces/include/tutorial_interfaces/tutorial_interfaces/msg
[7.207s] -- Installing: /home/vboxuser/OneDrive/UDITO/udito/ros2_ws/install/tutorial_interfaces/include/tutorial_interfaces/tutorial_interfaces/msg/rosidl_typesupport_introspection_c__visibility_control.h
[7.207s] -- Up-to-date: /home/vboxuser/OneDrive/UDITO/udito/ros2_ws/install/tutorial_interfaces/include/tutorial_interfaces/tutorial_interfaces/srv
[7.207s] -- Up-to-date: /home/vboxuser/OneDrive/UDITO/udito/ros2_ws/install/tutorial_interfaces/include/tutorial_interfaces/tutorial_interfaces/srv/detail
[7.207s] -- Installing: /home/vboxuser/OneDrive/UDITO/udito/ros2_ws/install/tutorial_interfaces/include/tutorial_interfaces/tutorial_interfaces/srv/detail/command__rosidl_typesupport_introspection_c.h
[7.207s] -- Installing: /home/vboxuser/OneDrive/UDITO/udito/ros2_ws/install/tutorial_interfaces/include/tutorial_interfaces/tutorial_interfaces/srv/detail/command__type_support.c
[7.207s] -- Installing: /home/vboxuser/OneDrive/UDITO/udito/ros2_ws/install/tutorial_interfaces/lib/libtutorial_interfaces__rosidl_typesupport_introspection_c.so
[7.207s] -- Set runtime path of "/home/vboxuser/OneDrive/UDITO/udito/ros2_ws/install/tutorial_interfaces/lib/libtutorial_interfaces__rosidl_typesupport_introspection_c.so" to ""
[7.208s] -- Installing: /home/vboxuser/OneDrive/UDITO/udito/ros2_ws/install/tutorial_interfaces/lib/libtutorial_interfaces__rosidl_typesupport_c.so
[7.208s] -- Set runtime path of "/home/vboxuser/OneDrive/UDITO/udito/ros2_ws/install/tutorial_interfaces/lib/libtutorial_interfaces__rosidl_typesupport_c.so" to ""
[7.208s] -- Up-to-date: /home/vboxuser/OneDrive/UDITO/udito/ros2_ws/install/tutorial_interfaces/include/tutorial_interfaces/tutorial_interfaces
[7.210s] -- Up-to-date: /home/vboxuser/OneDrive/UDITO/udito/ros2_ws/install/tutorial_interfaces/include/tutorial_interfaces/tutorial_interfaces/srv
[7.210s] -- Up-to-date: /home/vboxuser/OneDrive/UDITO/udito/ros2_ws/install/tutorial_interfaces/include/tutorial_interfaces/tutorial_interfaces/srv/detail
[7.210s] -- Installing: /home/vboxuser/OneDrive/UDITO/udito/ros2_ws/install/tutorial_interfaces/include/tutorial_interfaces/tutorial_interfaces/srv/detail/command__type_support.cpp
[7.210s] -- Installing: /home/vboxuser/OneDrive/UDITO/udito/ros2_ws/install/tutorial_interfaces/include/tutorial_interfaces/tutorial_interfaces/srv/detail/command__rosidl_typesupport_introspection_cpp.hpp
[7.210s] -- Installing: /home/vboxuser/OneDrive/UDITO/udito/ros2_ws/install/tutorial_interfaces/lib/libtutorial_interfaces__rosidl_typesupport_introspection_cpp.so
[7.210s] -- Set runtime path of "/home/vboxuser/OneDrive/UDITO/udito/ros2_ws/install/tutorial_interfaces/lib/libtutorial_interfaces__rosidl_typesupport_introspection_cpp.so" to ""
[7.210s] -- Installing: /home/vboxuser/OneDrive/UDITO/udito/ros2_ws/install/tutorial_interfaces/lib/libtutorial_interfaces__rosidl_typesupport_cpp.so
[7.211s] -- Set runtime path of "/home/vboxuser/OneDrive/UDITO/udito/ros2_ws/install/tutorial_interfaces/lib/libtutorial_interfaces__rosidl_typesupport_cpp.so" to ""
[7.211s] -- Installing: /home/vboxuser/OneDrive/UDITO/udito/ros2_ws/install/tutorial_interfaces/share/tutorial_interfaces/environment/pythonpath.sh
[7.211s] -- Installing: /home/vboxuser/OneDrive/UDITO/udito/ros2_ws/install/tutorial_interfaces/share/tutorial_interfaces/environment/pythonpath.dsv
[7.211s] -- Installing: /home/vboxuser/OneDrive/UDITO/udito/ros2_ws/install/tutorial_interfaces/lib/python3.9/site-packages/tutorial_interfaces-0.0.0-py3.9.egg-info
[7.211s] -- Installing: /home/vboxuser/OneDrive/UDITO/udito/ros2_ws/install/tutorial_interfaces/lib/python3.9/site-packages/tutorial_interfaces-0.0.0-py3.9.egg-info/top_level.txt
[7.211s] -- Installing: /home/vboxuser/OneDrive/UDITO/udito/ros2_ws/install/tutorial_interfaces/lib/python3.9/site-packages/tutorial_interfaces-0.0.0-py3.9.egg-info/PKG-INFO
[7.211s] -- Installing: /home/vboxuser/OneDrive/UDITO/udito/ros2_ws/install/tutorial_interfaces/lib/python3.9/site-packages/tutorial_interfaces-0.0.0-py3.9.egg-info/SOURCES.txt
[7.211s] -- Installing: /home/vboxuser/OneDrive/UDITO/udito/ros2_ws/install/tutorial_interfaces/lib/python3.9/site-packages/tutorial_interfaces-0.0.0-py3.9.egg-info/dependency_links.txt
[7.211s] -- Installing: /home/vboxuser/OneDrive/UDITO/udito/ros2_ws/install/tutorial_interfaces/lib/python3.9/site-packages/tutorial_interfaces
[7.211s] -- Installing: /home/vboxuser/OneDrive/UDITO/udito/ros2_ws/install/tutorial_interfaces/lib/python3.9/site-packages/tutorial_interfaces/_tutorial_interfaces_s.ep.rosidl_typesupport_introspection_c.c
[7.211s] -- Installing: /home/vboxuser/OneDrive/UDITO/udito/ros2_ws/install/tutorial_interfaces/lib/python3.9/site-packages/tutorial_interfaces/_tutorial_interfaces_s.ep.rosidl_typesupport_fastrtps_c.c
[7.211s] -- Installing: /home/vboxuser/OneDrive/UDITO/udito/ros2_ws/install/tutorial_interfaces/lib/python3.9/site-packages/tutorial_interfaces/__init__.py
[7.211s] -- Installing: /home/vboxuser/OneDrive/UDITO/udito/ros2_ws/install/tutorial_interfaces/lib/python3.9/site-packages/tutorial_interfaces/tutorial_interfaces_s__rosidl_typesupport_c.cpython-39-x86_64-linux-gnu.so
[7.212s] -- Installing: /home/vboxuser/OneDrive/UDITO/udito/ros2_ws/install/tutorial_interfaces/lib/python3.9/site-packages/tutorial_interfaces/libtutorial_interfaces__rosidl_generator_py.so
[7.214s] -- Installing: /home/vboxuser/OneDrive/UDITO/udito/ros2_ws/install/tutorial_interfaces/lib/python3.9/site-packages/tutorial_interfaces/tutorial_interfaces_s__rosidl_typesupport_fastrtps_c.cpython-39-x86_64-linux-gnu.so
[7.214s] -- Installing: /home/vboxuser/OneDrive/UDITO/udito/ros2_ws/install/tutorial_interfaces/lib/python3.9/site-packages/tutorial_interfaces/srv
[7.214s] -- Installing: /home/vboxuser/OneDrive/UDITO/udito/ros2_ws/install/tutorial_interfaces/lib/python3.9/site-packages/tutorial_interfaces/srv/__init__.py
[7.214s] -- Installing: /home/vboxuser/OneDrive/UDITO/udito/ros2_ws/install/tutorial_interfaces/lib/python3.9/site-packages/tutorial_interfaces/srv/_command.py
[7.214s] -- Installing: /home/vboxuser/OneDrive/UDITO/udito/ros2_ws/install/tutorial_interfaces/lib/python3.9/site-packages/tutorial_interfaces/srv/_command_s.c
[7.214s] -- Installing: /home/vboxuser/OneDrive/UDITO/udito/ros2_ws/install/tutorial_interfaces/lib/python3.9/site-packages/tutorial_interfaces/tutorial_interfaces_s__rosidl_typesupport_introspection_c.cpython-39-x86_64-linux-gnu.so
[7.214s] -- Installing: /home/vboxuser/OneDrive/UDITO/udito/ros2_ws/install/tutorial_interfaces/lib/python3.9/site-packages/tutorial_interfaces/_tutorial_interfaces_s.ep.rosidl_typesupport_c.c
[7.286s] Listing '/home/vboxuser/OneDrive/UDITO/udito/ros2_ws/install/tutorial_interfaces/lib/python3.9/site-packages/tutorial_interfaces'...
[7.286s] Compiling '/home/vboxuser/OneDrive/UDITO/udito/ros2_ws/install/tutorial_interfaces/lib/python3.9/site-packages/tutorial_interfaces/__init__.py'...
[7.286s] Listing '/home/vboxuser/OneDrive/UDITO/udito/ros2_ws/install/tutorial_interfaces/lib/python3.9/site-packages/tutorial_interfaces/srv'...
[7.286s] Compiling '/home/vboxuser/OneDrive/UDITO/udito/ros2_ws/install/tutorial_interfaces/lib/python3.9/site-packages/tutorial_interfaces/srv/__init__.py'...
[7.286s] Compiling '/home/vboxuser/OneDrive/UDITO/udito/ros2_ws/install/tutorial_interfaces/lib/python3.9/site-packages/tutorial_interfaces/srv/_command.py'...
[7.287s] -- Installing: /home/vboxuser/OneDrive/UDITO/udito/ros2_ws/install/tutorial_interfaces/lib/python3.9/site-packages/tutorial_interfaces/tutorial_interfaces_s__rosidl_typesupport_fastrtps_c.cpython-39-x86_64-linux-gnu.so
[7.287s] -- Set runtime path of "/home/vboxuser/OneDrive/UDITO/udito/ros2_ws/install/tutorial_interfaces/lib/python3.9/site-packages/tutorial_interfaces/tutorial_interfaces_s__rosidl_typesupport_fastrtps_c.cpython-39-x86_64-linux-gnu.so" to ""
[7.287s] -- Installing: /home/vboxuser/OneDrive/UDITO/udito/ros2_ws/install/tutorial_interfaces/lib/python3.9/site-packages/tutorial_interfaces/tutorial_interfaces_s__rosidl_typesupport_introspection_c.cpython-39-x86_64-linux-gnu.so
[7.287s] -- Set runtime path of "/home/vboxuser/OneDrive/UDITO/udito/ros2_ws/install/tutorial_interfaces/lib/python3.9/site-packages/tutorial_interfaces/tutorial_interfaces_s__rosidl_typesupport_introspection_c.cpython-39-x86_64-linux-gnu.so" to ""
[7.287s] -- Installing: /home/vboxuser/OneDrive/UDITO/udito/ros2_ws/install/tutorial_interfaces/lib/python3.9/site-packages/tutorial_interfaces/tutorial_interfaces_s__rosidl_typesupport_c.cpython-39-x86_64-linux-gnu.so
[7.289s] -- Set runtime path of "/home/vboxuser/OneDrive/UDITO/udito/ros2_ws/install/tutorial_interfaces/lib/python3.9/site-packages/tutorial_interfaces/tutorial_interfaces_s__rosidl_typesupport_c.cpython-39-x86_64-linux-gnu.so" to ""
[7.289s] -- Installing: /home/vboxuser/OneDrive/UDITO/udito/ros2_ws/install/tutorial_interfaces/lib/libtutorial_interfaces__rosidl_generator_py.so
[7.289s] -- Set runtime path of "/home/vboxuser/OneDrive/UDITO/udito/ros2_ws/install/tutorial_interfaces/lib/libtutorial_interfaces__rosidl_generator_py.so" to ""
[7.289s] -- Installing: /home/vboxuser/OneDrive/UDITO/udito/ros2_ws/install/tutorial_interfaces/share/tutorial_interfaces/srv/Command.idl
[7.289s] -- Installing: /home/vboxuser/OneDrive/UDITO/udito/ros2_ws/install/tutorial_interfaces/share/tutorial_interfaces/srv/Command.srv
[7.289s] -- Installing: /home/vboxuser/OneDrive/UDITO/udito/ros2_ws/install/tutorial_interfaces/share/tutorial_interfaces/srv/Command_Request.msg
[7.289s] -- Installing: /home/vboxuser/OneDrive/UDITO/udito/ros2_ws/install/tutorial_interfaces/share/tutorial_interfaces/srv/Command_Response.msg
[7.289s] -- Installing: /home/vboxuser/OneDrive/UDITO/udito/ros2_ws/install/tutorial_interfaces/share/ament_index/resource_index/package_run_dependencies/tutorial_interfaces
[7.289s] -- Installing: /home/vboxuser/OneDrive/UDITO/udito/ros2_ws/install/tutorial_interfaces/share/ament_index/resource_index/parent_prefix_path/tutorial_interfaces
[7.289s] -- Installing: /home/vboxuser/OneDrive/UDITO/udito/ros2_ws/install/tutorial_interfaces/share/tutorial_interfaces/environment/ament_prefix_path.sh
[7.297s] -- Installing: /home/vboxuser/OneDrive/UDITO/udito/ros2_ws/install/tutorial_interfaces/share/tutorial_interfaces/environment/ament_prefix_path.dsv
[7.297s] -- Installing: /home/vboxuser/OneDrive/UDITO/udito/ros2_ws/install/tutorial_interfaces/share/tutorial_interfaces/environment/path.sh
[7.297s] -- Installing: /home/vboxuser/OneDrive/UDITO/udito/ros2_ws/install/tutorial_interfaces/share/tutorial_interfaces/environment/path.dsv
[7.297s] -- Installing: /home/vboxuser/OneDrive/UDITO/udito/ros2_ws/install/tutorial_interfaces/share/tutorial_interfaces/local_setup.bash
[7.297s] -- Installing: /home/vboxuser/OneDrive/UDITO/udito/ros2_ws/install/tutorial_interfaces/share/tutorial_interfaces/local_setup.sh
[7.297s] -- Installing: /home/vboxuser/OneDrive/UDITO/udito/ros2_ws/install/tutorial_interfaces/share/tutorial_interfaces/local_setup.zsh
[7.297s] -- Installing: /home/vboxuser/OneDrive/UDITO/udito/ros2_ws/install/tutorial_interfaces/share/tutorial_interfaces/local_setup.dsv
[7.298s] -- Installing: /home/vboxuser/OneDrive/UDITO/udito/ros2_ws/install/tutorial_interfaces/share/tutorial_interfaces/package.dsv
[7.298s] -- Installing: /home/vboxuser/OneDrive/UDITO/udito/ros2_ws/install/tutorial_interfaces/share/ament_index/resource_index/packages/tutorial_interfaces
[7.298s] -- Installing: /home/vboxuser/OneDrive/UDITO/udito/ros2_ws/install/tutorial_interfaces/share/tutorial_interfaces/cmake/export_tutorial_interfaces__rosidl_generator_cExport.cmake
[7.298s] -- Installing: /home/vboxuser/OneDrive/UDITO/udito/ros2_ws/install/tutorial_interfaces/share/tutorial_interfaces/cmake/export_tutorial_interfaces__rosidl_generator_cExport-noconfig.cmake
[7.298s] -- Installing: /home/vboxuser/OneDrive/UDITO/udito/ros2_ws/install/tutorial_interfaces/share/tutorial_interfaces/cmake/export_tutorial_interfaces__rosidl_typesupport_fastrtps_cExport.cmake
[7.298s] -- Installing: /home/vboxuser/OneDrive/UDITO/udito/ros2_ws/install/tutorial_interfaces/share/tutorial_interfaces/cmake/export_tutorial_interfaces__rosidl_typesupport_fastrtps_cExport-noconfig.cmake
[7.298s] -- Installing: /home/vboxuser/OneDrive/UDITO/udito/ros2_ws/install/tutorial_interfaces/share/tutorial_interfaces/cmake/export_tutorial_interfaces__rosidl_generator_cppExport.cmake
[7.299s] -- Installing: /home/vboxuser/OneDrive/UDITO/udito/ros2_ws/install/tutorial_interfaces/share/tutorial_interfaces/cmake/export_tutorial_interfaces__rosidl_typesupport_fastrtps_cppExport.cmake
[7.299s] -- Installing: /home/vboxuser/OneDrive/UDITO/udito/ros2_ws/install/tutorial_interfaces/share/tutorial_interfaces/cmake/export_tutorial_interfaces__rosidl_typesupport_fastrtps_cppExport-noconfig.cmake
[7.299s] -- Installing: /home/vboxuser/OneDrive/UDITO/udito/ros2_ws/install/tutorial_interfaces/share/tutorial_interfaces/cmake/tutorial_interfaces__rosidl_typesupport_introspection_cExport.cmake
[7.299s] -- Installing: /home/vboxuser/OneDrive/UDITO/udito/ros2_ws/install/tutorial_interfaces/share/tutorial_interfaces/cmake/tutorial_interfaces__rosidl_typesupport_introspection_cExport-noconfig.cmake
[7.299s] -- Installing: /home/vboxuser/OneDrive/UDITO/udito/ros2_ws/install/tutorial_interfaces/share/tutorial_interfaces/cmake/tutorial_interfaces__rosidl_typesupport_cExport.cmake
[7.299s] -- Installing: /home/vboxuser/OneDrive/UDITO/udito/ros2_ws/install/tutorial_interfaces/share/tutorial_interfaces/cmake/tutorial_interfaces__rosidl_typesupport_cExport-noconfig.cmake
[7.299s] -- Installing: /home/vboxuser/OneDrive/UDITO/udito/ros2_ws/install/tutorial_interfaces/share/tutorial_interfaces/cmake/tutorial_interfaces__rosidl_typesupport_introspection_cppExport.cmake
[7.300s] -- Installing: /home/vboxuser/OneDrive/UDITO/udito/ros2_ws/install/tutorial_interfaces/share/tutorial_interfaces/cmake/tutorial_interfaces__rosidl_typesupport_introspection_cppExport-noconfig.cmake
[7.300s] -- Installing: /home/vboxuser/OneDrive/UDITO/udito/ros2_ws/install/tutorial_interfaces/share/tutorial_interfaces/cmake/tutorial_interfaces__rosidl_typesupport_cppExport.cmake
[7.300s] -- Installing: /home/vboxuser/OneDrive/UDITO/udito/ros2_ws/install/tutorial_interfaces/share/tutorial_interfaces/cmake/tutorial_interfaces__rosidl_typesupport_cppExport-noconfig.cmake
[7.300s] -- Installing: /home/vboxuser/OneDrive/UDITO/udito/ros2_ws/install/tutorial_interfaces/share/tutorial_interfaces/cmake/export_tutorial_interfaces__rosidl_generator_pyExport.cmake
[7.300s] -- Installing: /home/vboxuser/OneDrive/UDITO/udito/ros2_ws/install/tutorial_interfaces/share/tutorial_interfaces/cmake/export_tutorial_interfaces__rosidl_generator_pyExport-noconfig.cmake
[7.300s] -- Installing: /home/vboxuser/OneDrive/UDITO/udito/ros2_ws/install/tutorial_interfaces/share/tutorial_interfaces/cmake/rosidl_cmake-extras.cmake
[7.300s] -- Installing: /home/vboxuser/OneDrive/UDITO/udito/ros2_ws/install/tutorial_interfaces/share/tutorial_interfaces/cmake/ament_cmake_export_dependencies-extras.cmake
[7.300s] -- Installing: /home/vboxuser/OneDrive/UDITO/udito/ros2_ws/install/tutorial_interfaces/share/tutorial_interfaces/cmake/ament_cmake_export_include_directories-extras.cmake
[7.301s] -- Installing: /home/vboxuser/OneDrive/UDITO/udito/ros2_ws/install/tutorial_interfaces/share/tutorial_interfaces/cmake/ament_cmake_export_libraries-extras.cmake
[7.301s] -- Installing: /home/vboxuser/OneDrive/UDITO/udito/ros2_ws/install/tutorial_interfaces/share/tutorial_interfaces/cmake/ament_cmake_export_targets-extras.cmake
[7.301s] -- Installing: /home/vboxuser/OneDrive/UDITO/udito/ros2_ws/install/tutorial_interfaces/share/tutorial_interfaces/cmake/rosidl_cmake_export_typesupport_targets-extras.cmake
[7.301s] -- Installing: /home/vboxuser/OneDrive/UDITO/udito/ros2_ws/install/tutorial_interfaces/share/tutorial_interfaces/cmake/rosidl_cmake_export_typesupport_libraries-extras.cmake
[7.301s] -- Installing: /home/vboxuser/OneDrive/UDITO/udito/ros2_ws/install/tutorial_interfaces/share/tutorial_interfaces/cmake/tutorial_interfacesConfig.cmake
[7.301s] -- Installing: /home/vboxuser/OneDrive/UDITO/udito/ros2_ws/install/tutorial_interfaces/share/tutorial_interfaces/cmake/tutorial_interfacesConfig-version.cmake
[7.301s] -- Installing: /home/vboxuser/OneDrive/UDITO/udito/ros2_ws/install/tutorial_interfaces/share/tutorial_interfaces/package.xml
[7.304s] Invoked command in '/home/vboxuser/OneDrive/UDITO/udito/ros2_ws/build/tutorial_interfaces' returned '0': CMAKE_PREFIX_PATH=${CMAKE_PREFIX_PATH}:/home/vboxuser/OneDrive/UDITO/udito/ros2_ws/install/head_package:/opt/ros/humble /usr/bin/cmake --install /home/vboxuser/OneDrive/UDITO/udito/ros2_ws/build/tutorial_interfaces
