[0.010s] Invoking command in '/home/udito/OneDrive/UDITO/udito/ROS/ros2_ws/build/examples_rclcpp_minimal_composition': CMAKE_PREFIX_PATH=/opt/ros/humble /usr/bin/cmake /home/udito/OneDrive/UDITO/udito/ROS/ros2_ws/src/examples/rclcpp/composition/minimal_composition -DCMAKE_INSTALL_PREFIX=/home/udito/OneDrive/UDITO/udito/ROS/ros2_ws/install/examples_rclcpp_minimal_composition
[0.087s] -- Found ament_cmake: 1.3.11 (/opt/ros/humble/share/ament_cmake/cmake)
[0.370s] -- Override CMake install command with custom implementation using symlinks instead of copying resources
[0.397s] -- Found rclcpp: 16.0.11 (/opt/ros/humble/share/rclcpp/cmake)
[0.458s] -- Found rosidl_generator_c: 3.1.6 (/opt/ros/humble/share/rosidl_generator_c/cmake)
[0.470s] -- Found rosidl_adapter: 3.1.6 (/opt/ros/humble/share/rosidl_adapter/cmake)
[0.478s] -- Found rosidl_generator_cpp: 3.1.6 (/opt/ros/humble/share/rosidl_generator_cpp/cmake)
[0.492s] -- Using all available rosidl_typesupport_c: rosidl_typesupport_fastrtps_c;rosidl_typesupport_introspection_c
[0.510s] -- Using all available rosidl_typesupport_cpp: rosidl_typesupport_fastrtps_cpp;rosidl_typesupport_introspection_cpp
[0.557s] -- Found rmw_implementation_cmake: 6.1.2 (/opt/ros/humble/share/rmw_implementation_cmake/cmake)
[0.565s] -- Found rmw_fastrtps_cpp: 6.2.7 (/opt/ros/humble/share/rmw_fastrtps_cpp/cmake)
[0.693s] -- Using RMW implementation 'rmw_fastrtps_cpp' as default
[0.770s] -- Found rclcpp_components: 16.0.11 (/opt/ros/humble/share/rclcpp_components/cmake)
[0.888s] -- Found ament_lint_auto: 0.12.11 (/opt/ros/humble/share/ament_lint_auto/cmake)
[1.207s] -- Added test 'copyright' to check source files copyright and LICENSE
[1.219s] -- Added test 'cppcheck' to perform static code analysis on C / C++ code
[1.222s] -- Configured cppcheck include dirs: /home/udito/OneDrive/UDITO/udito/ROS/ros2_ws/src/examples/rclcpp/composition/minimal_composition/include
[1.222s] -- Configured cppcheck exclude dirs and/or files: 
[1.226s] -- Added test 'cpplint' to check C / C++ code against the Google style
[1.226s] -- Configured cpplint exclude dirs and/or files: 
[1.233s] -- Added test 'lint_cmake' to check CMake code style
[1.243s] -- Added test 'uncrustify' to check C / C++ code style
[1.243s] -- Configured uncrustify additional arguments: 
[1.245s] -- Added test 'xmllint' to check XML markup files
[1.257s] -- Configuring done
[1.417s] -- Generating done
[1.437s] -- Build files have been written to: /home/udito/OneDrive/UDITO/udito/ROS/ros2_ws/build/examples_rclcpp_minimal_composition
[1.460s] Invoked command in '/home/udito/OneDrive/UDITO/udito/ROS/ros2_ws/build/examples_rclcpp_minimal_composition' returned '0': CMAKE_PREFIX_PATH=/opt/ros/humble /usr/bin/cmake /home/udito/OneDrive/UDITO/udito/ROS/ros2_ws/src/examples/rclcpp/composition/minimal_composition -DCMAKE_INSTALL_PREFIX=/home/udito/OneDrive/UDITO/udito/ROS/ros2_ws/install/examples_rclcpp_minimal_composition
[1.462s] Invoking command in '/home/udito/OneDrive/UDITO/udito/ROS/ros2_ws/build/examples_rclcpp_minimal_composition': CMAKE_PREFIX_PATH=/opt/ros/humble /usr/bin/cmake --build /home/udito/OneDrive/UDITO/udito/ROS/ros2_ws/build/examples_rclcpp_minimal_composition -- -j2 -l2
[1.524s] [35m[1mConsolidate compiler generated dependencies of target composition_nodes[0m
[1.553s] [ 33%] Built target composition_nodes
[1.584s] [35m[1mConsolidate compiler generated dependencies of target composition_publisher[0m
[1.617s] [ 55%] Built target composition_publisher
[1.631s] [35m[1mConsolidate compiler generated dependencies of target composition_subscriber[0m
[1.673s] [ 77%] Built target composition_subscriber
[1.696s] [35m[1mConsolidate compiler generated dependencies of target composition_composed[0m
[1.720s] [100%] Built target composition_composed
[1.742s] Invoked command in '/home/udito/OneDrive/UDITO/udito/ROS/ros2_ws/build/examples_rclcpp_minimal_composition' returned '0': CMAKE_PREFIX_PATH=/opt/ros/humble /usr/bin/cmake --build /home/udito/OneDrive/UDITO/udito/ROS/ros2_ws/build/examples_rclcpp_minimal_composition -- -j2 -l2
[1.746s] Invoking command in '/home/udito/OneDrive/UDITO/udito/ROS/ros2_ws/build/examples_rclcpp_minimal_composition': CMAKE_PREFIX_PATH=/opt/ros/humble /usr/bin/cmake --install /home/udito/OneDrive/UDITO/udito/ROS/ros2_ws/build/examples_rclcpp_minimal_composition
[1.758s] -- Install configuration: ""
[1.759s] -- Execute custom install script
[1.760s] -- Up-to-date symlink: /home/udito/OneDrive/UDITO/udito/ROS/ros2_ws/install/examples_rclcpp_minimal_composition/share/examples_rclcpp_minimal_composition/environment/library_path.sh
[1.761s] -- Up-to-date symlink: /home/udito/OneDrive/UDITO/udito/ROS/ros2_ws/install/examples_rclcpp_minimal_composition/share/examples_rclcpp_minimal_composition/environment/library_path.dsv
[1.763s] -- Up-to-date symlink: /home/udito/OneDrive/UDITO/udito/ROS/ros2_ws/install/examples_rclcpp_minimal_composition/lib/libcomposition_nodes.so
[1.766s] -- Up-to-date symlink: /home/udito/OneDrive/UDITO/udito/ROS/ros2_ws/install/examples_rclcpp_minimal_composition/lib/examples_rclcpp_minimal_composition/composition_publisher
[1.767s] -- Up-to-date symlink: /home/udito/OneDrive/UDITO/udito/ROS/ros2_ws/install/examples_rclcpp_minimal_composition/lib/examples_rclcpp_minimal_composition/composition_subscriber
[1.768s] -- Up-to-date symlink: /home/udito/OneDrive/UDITO/udito/ROS/ros2_ws/install/examples_rclcpp_minimal_composition/lib/examples_rclcpp_minimal_composition/composition_composed
[1.768s] -- Up-to-date symlink: /home/udito/OneDrive/UDITO/udito/ROS/ros2_ws/install/examples_rclcpp_minimal_composition/share/ament_index/resource_index/package_run_dependencies/examples_rclcpp_minimal_composition
[1.769s] -- Up-to-date symlink: /home/udito/OneDrive/UDITO/udito/ROS/ros2_ws/install/examples_rclcpp_minimal_composition/share/ament_index/resource_index/parent_prefix_path/examples_rclcpp_minimal_composition
[1.769s] -- Up-to-date symlink: /home/udito/OneDrive/UDITO/udito/ROS/ros2_ws/install/examples_rclcpp_minimal_composition/share/examples_rclcpp_minimal_composition/environment/ament_prefix_path.sh
[1.769s] -- Up-to-date symlink: /home/udito/OneDrive/UDITO/udito/ROS/ros2_ws/install/examples_rclcpp_minimal_composition/share/examples_rclcpp_minimal_composition/environment/ament_prefix_path.dsv
[1.772s] -- Up-to-date symlink: /home/udito/OneDrive/UDITO/udito/ROS/ros2_ws/install/examples_rclcpp_minimal_composition/share/examples_rclcpp_minimal_composition/environment/path.sh
[1.772s] -- Up-to-date symlink: /home/udito/OneDrive/UDITO/udito/ROS/ros2_ws/install/examples_rclcpp_minimal_composition/share/examples_rclcpp_minimal_composition/environment/path.dsv
[1.772s] -- Up-to-date symlink: /home/udito/OneDrive/UDITO/udito/ROS/ros2_ws/install/examples_rclcpp_minimal_composition/share/examples_rclcpp_minimal_composition/local_setup.bash
[1.776s] -- Up-to-date symlink: /home/udito/OneDrive/UDITO/udito/ROS/ros2_ws/install/examples_rclcpp_minimal_composition/share/examples_rclcpp_minimal_composition/local_setup.sh
[1.779s] -- Up-to-date symlink: /home/udito/OneDrive/UDITO/udito/ROS/ros2_ws/install/examples_rclcpp_minimal_composition/share/examples_rclcpp_minimal_composition/local_setup.zsh
[1.780s] -- Up-to-date symlink: /home/udito/OneDrive/UDITO/udito/ROS/ros2_ws/install/examples_rclcpp_minimal_composition/share/examples_rclcpp_minimal_composition/local_setup.dsv
[1.780s] -- Symlinking: /home/udito/OneDrive/UDITO/udito/ROS/ros2_ws/install/examples_rclcpp_minimal_composition/share/examples_rclcpp_minimal_composition/package.dsv
[1.799s] -- Up-to-date symlink: /home/udito/OneDrive/UDITO/udito/ROS/ros2_ws/install/examples_rclcpp_minimal_composition/share/ament_index/resource_index/packages/examples_rclcpp_minimal_composition
[1.800s] -- Up-to-date symlink: /home/udito/OneDrive/UDITO/udito/ROS/ros2_ws/install/examples_rclcpp_minimal_composition/share/examples_rclcpp_minimal_composition/cmake/examples_rclcpp_minimal_compositionConfig.cmake
[1.800s] -- Up-to-date symlink: /home/udito/OneDrive/UDITO/udito/ROS/ros2_ws/install/examples_rclcpp_minimal_composition/share/examples_rclcpp_minimal_composition/cmake/examples_rclcpp_minimal_compositionConfig-version.cmake
[1.805s] -- Up-to-date symlink: /home/udito/OneDrive/UDITO/udito/ROS/ros2_ws/install/examples_rclcpp_minimal_composition/share/examples_rclcpp_minimal_composition/package.xml
[1.807s] Invoked command in '/home/udito/OneDrive/UDITO/udito/ROS/ros2_ws/build/examples_rclcpp_minimal_composition' returned '0': CMAKE_PREFIX_PATH=/opt/ros/humble /usr/bin/cmake --install /home/udito/OneDrive/UDITO/udito/ROS/ros2_ws/build/examples_rclcpp_minimal_composition
