[1.358s] Invoking command in '/home/udito/OneDrive/UDITO/udito/ROS/ros2_ws/build/examples_rclpy_pointcloud_publisher': PYTHONPATH=/home/udito/OneDrive/UDITO/udito/ROS/ros2_ws/build/examples_rclpy_pointcloud_publisher/prefix_override:/usr/lib/python3/dist-packages/colcon_core/task/python/colcon_distutils_commands:/home/udito/OneDrive/UDITO/udito/ROS/ros2_ws/install/examples_rclpy_pointcloud_publisher/lib/python3.10/site-packages:${PYTHONPATH} /usr/bin/python3 -W ignore:setup.py install is deprecated -W ignore:easy_install command is deprecated setup.py develop --editable --build-directory /home/udito/OneDrive/UDITO/udito/ROS/ros2_ws/build/examples_rclpy_pointcloud_publisher/build --no-deps symlink_data
[2.005s] running develop
[2.439s] running egg_info
[2.439s] creating examples_rclpy_pointcloud_publisher.egg-info
[2.439s] writing examples_rclpy_pointcloud_publisher.egg-info/PKG-INFO
[2.442s] writing dependency_links to examples_rclpy_pointcloud_publisher.egg-info/dependency_links.txt
[2.442s] writing entry points to examples_rclpy_pointcloud_publisher.egg-info/entry_points.txt
[2.442s] writing requirements to examples_rclpy_pointcloud_publisher.egg-info/requires.txt
[2.443s] writing top-level names to examples_rclpy_pointcloud_publisher.egg-info/top_level.txt
[2.443s] writing manifest file 'examples_rclpy_pointcloud_publisher.egg-info/SOURCES.txt'
[2.443s] reading manifest file 'examples_rclpy_pointcloud_publisher.egg-info/SOURCES.txt'
[2.443s] writing manifest file 'examples_rclpy_pointcloud_publisher.egg-info/SOURCES.txt'
[2.511s] running build_ext
[2.511s] Creating /home/udito/OneDrive/UDITO/udito/ROS/ros2_ws/install/examples_rclpy_pointcloud_publisher/lib/python3.10/site-packages/examples-rclpy-pointcloud-publisher.egg-link (link to .)
[2.511s] Installing pointcloud_publisher script to /home/udito/OneDrive/UDITO/udito/ROS/ros2_ws/install/examples_rclpy_pointcloud_publisher/lib/examples_rclpy_pointcloud_publisher
[2.512s] 
[2.512s] Installed /home/udito/OneDrive/UDITO/udito/ROS/ros2_ws/build/examples_rclpy_pointcloud_publisher
[2.512s] running symlink_data
[2.512s] creating /home/udito/OneDrive/UDITO/udito/ROS/ros2_ws/install/examples_rclpy_pointcloud_publisher/share/ament_index
[2.512s] creating /home/udito/OneDrive/UDITO/udito/ROS/ros2_ws/install/examples_rclpy_pointcloud_publisher/share/ament_index/resource_index
[2.512s] creating /home/udito/OneDrive/UDITO/udito/ROS/ros2_ws/install/examples_rclpy_pointcloud_publisher/share/ament_index/resource_index/packages
[2.513s] symbolically linking /home/udito/OneDrive/UDITO/udito/ROS/ros2_ws/build/examples_rclpy_pointcloud_publisher/resource/examples_rclpy_pointcloud_publisher -> /home/udito/OneDrive/UDITO/udito/ROS/ros2_ws/install/examples_rclpy_pointcloud_publisher/share/ament_index/resource_index/packages
[2.513s] symbolically linking /home/udito/OneDrive/UDITO/udito/ROS/ros2_ws/build/examples_rclpy_pointcloud_publisher/package.xml -> /home/udito/OneDrive/UDITO/udito/ROS/ros2_ws/install/examples_rclpy_pointcloud_publisher/share/examples_rclpy_pointcloud_publisher
[2.594s] Invoked command in '/home/udito/OneDrive/UDITO/udito/ROS/ros2_ws/build/examples_rclpy_pointcloud_publisher' returned '0': PYTHONPATH=/home/udito/OneDrive/UDITO/udito/ROS/ros2_ws/build/examples_rclpy_pointcloud_publisher/prefix_override:/usr/lib/python3/dist-packages/colcon_core/task/python/colcon_distutils_commands:/home/udito/OneDrive/UDITO/udito/ROS/ros2_ws/install/examples_rclpy_pointcloud_publisher/lib/python3.10/site-packages:${PYTHONPATH} /usr/bin/python3 -W ignore:setup.py install is deprecated -W ignore:easy_install command is deprecated setup.py develop --editable --build-directory /home/udito/OneDrive/UDITO/udito/ROS/ros2_ws/build/examples_rclpy_pointcloud_publisher/build --no-deps symlink_data
