running egg_info
creating ../../build/head_package/head_package.egg-info
writing ../../build/head_package/head_package.egg-info/PKG-INFO
writing dependency_links to ../../build/head_package/head_package.egg-info/dependency_links.txt
writing entry points to ../../build/head_package/head_package.egg-info/entry_points.txt
writing requirements to ../../build/head_package/head_package.egg-info/requires.txt
writing top-level names to ../../build/head_package/head_package.egg-info/top_level.txt
writing manifest file '../../build/head_package/head_package.egg-info/SOURCES.txt'
reading manifest file '../../build/head_package/head_package.egg-info/SOURCES.txt'
adding license file 'LICENSE'
writing manifest file '../../build/head_package/head_package.egg-info/SOURCES.txt'
running build
running build_py
creating /home/vboxuser/OneDrive/UDITO/udito/ros2_ws/build/head_package/build
creating /home/vboxuser/OneDrive/UDITO/udito/ros2_ws/build/head_package/build/lib
creating /home/vboxuser/OneDrive/UDITO/udito/ros2_ws/build/head_package/build/lib/head_package
copying head_package/__init__.py -> /home/vboxuser/OneDrive/UDITO/udito/ros2_ws/build/head_package/build/lib/head_package
copying head_package/publisher_member_function.py -> /home/vboxuser/OneDrive/UDITO/udito/ros2_ws/build/head_package/build/lib/head_package
copying head_package/head_node.py -> /home/vboxuser/OneDrive/UDITO/udito/ros2_ws/build/head_package/build/lib/head_package
copying head_package/subscriber_member_function.py -> /home/vboxuser/OneDrive/UDITO/udito/ros2_ws/build/head_package/build/lib/head_package
running install
running install_lib
creating /home/vboxuser/OneDrive/UDITO/udito/ros2_ws/install/head_package/lib/python3.10/site-packages/head_package
copying /home/vboxuser/OneDrive/UDITO/udito/ros2_ws/build/head_package/build/lib/head_package/__init__.py -> /home/vboxuser/OneDrive/UDITO/udito/ros2_ws/install/head_package/lib/python3.10/site-packages/head_package
copying /home/vboxuser/OneDrive/UDITO/udito/ros2_ws/build/head_package/build/lib/head_package/publisher_member_function.py -> /home/vboxuser/OneDrive/UDITO/udito/ros2_ws/install/head_package/lib/python3.10/site-packages/head_package
copying /home/vboxuser/OneDrive/UDITO/udito/ros2_ws/build/head_package/build/lib/head_package/head_node.py -> /home/vboxuser/OneDrive/UDITO/udito/ros2_ws/install/head_package/lib/python3.10/site-packages/head_package
copying /home/vboxuser/OneDrive/UDITO/udito/ros2_ws/build/head_package/build/lib/head_package/subscriber_member_function.py -> /home/vboxuser/OneDrive/UDITO/udito/ros2_ws/install/head_package/lib/python3.10/site-packages/head_package
byte-compiling /home/vboxuser/OneDrive/UDITO/udito/ros2_ws/install/head_package/lib/python3.10/site-packages/head_package/__init__.py to __init__.cpython-310.pyc
byte-compiling /home/vboxuser/OneDrive/UDITO/udito/ros2_ws/install/head_package/lib/python3.10/site-packages/head_package/publisher_member_function.py to publisher_member_function.cpython-310.pyc
byte-compiling /home/vboxuser/OneDrive/UDITO/udito/ros2_ws/install/head_package/lib/python3.10/site-packages/head_package/head_node.py to head_node.cpython-310.pyc
byte-compiling /home/vboxuser/OneDrive/UDITO/udito/ros2_ws/install/head_package/lib/python3.10/site-packages/head_package/subscriber_member_function.py to subscriber_member_function.cpython-310.pyc
running install_data
creating /home/vboxuser/OneDrive/UDITO/udito/ros2_ws/install/head_package/share/ament_index
creating /home/vboxuser/OneDrive/UDITO/udito/ros2_ws/install/head_package/share/ament_index/resource_index
creating /home/vboxuser/OneDrive/UDITO/udito/ros2_ws/install/head_package/share/ament_index/resource_index/packages
copying resource/head_package -> /home/vboxuser/OneDrive/UDITO/udito/ros2_ws/install/head_package/share/ament_index/resource_index/packages
copying package.xml -> /home/vboxuser/OneDrive/UDITO/udito/ros2_ws/install/head_package/share/head_package
running install_egg_info
Copying ../../build/head_package/head_package.egg-info to /home/vboxuser/OneDrive/UDITO/udito/ros2_ws/install/head_package/lib/python3.10/site-packages/head_package-0.0.0-py3.10.egg-info
running install_scripts
Installing head_node script to /home/vboxuser/OneDrive/UDITO/udito/ros2_ws/install/head_package/lib/head_package
Installing listener script to /home/vboxuser/OneDrive/UDITO/udito/ros2_ws/install/head_package/lib/head_package
Installing talker script to /home/vboxuser/OneDrive/UDITO/udito/ros2_ws/install/head_package/lib/head_package
writing list of installed files to '/home/vboxuser/OneDrive/UDITO/udito/ros2_ws/build/head_package/install.log'
