[0.438s] Invoking command in '/home/vboxuser/OneDrive/UDITO/udito/ros2_ws/src/head_package': PYTHONPATH=/home/vboxuser/OneDrive/UDITO/udito/ros2_ws/build/head_package/prefix_override:/usr/lib/python3/dist-packages/colcon_core/task/python/colcon_distutils_commands:/home/vboxuser/OneDrive/UDITO/udito/ros2_ws/install/head_package/lib/python3.10/site-packages:${PYTHONPATH} /usr/bin/python3 -W ignore:setup.py install is deprecated -W ignore:easy_install command is deprecated setup.py egg_info --egg-base ../../build/head_package build --build-base /home/vboxuser/OneDrive/UDITO/udito/ros2_ws/build/head_package/build install --record /home/vboxuser/OneDrive/UDITO/udito/ros2_ws/build/head_package/install.log --single-version-externally-managed install_data
[0.622s] running egg_info
[0.622s] creating ../../build/head_package/head_package.egg-info
[0.622s] writing ../../build/head_package/head_package.egg-info/PKG-INFO
[0.622s] writing dependency_links to ../../build/head_package/head_package.egg-info/dependency_links.txt
[0.623s] writing entry points to ../../build/head_package/head_package.egg-info/entry_points.txt
[0.623s] writing requirements to ../../build/head_package/head_package.egg-info/requires.txt
[0.623s] writing top-level names to ../../build/head_package/head_package.egg-info/top_level.txt
[0.623s] writing manifest file '../../build/head_package/head_package.egg-info/SOURCES.txt'
[0.624s] reading manifest file '../../build/head_package/head_package.egg-info/SOURCES.txt'
[0.626s] adding license file 'LICENSE'
[0.626s] writing manifest file '../../build/head_package/head_package.egg-info/SOURCES.txt'
[0.627s] running build
[0.627s] running build_py
[0.627s] creating /home/vboxuser/OneDrive/UDITO/udito/ros2_ws/build/head_package/build
[0.628s] creating /home/vboxuser/OneDrive/UDITO/udito/ros2_ws/build/head_package/build/lib
[0.628s] creating /home/vboxuser/OneDrive/UDITO/udito/ros2_ws/build/head_package/build/lib/head_package
[0.628s] copying head_package/__init__.py -> /home/vboxuser/OneDrive/UDITO/udito/ros2_ws/build/head_package/build/lib/head_package
[0.628s] copying head_package/publisher_member_function.py -> /home/vboxuser/OneDrive/UDITO/udito/ros2_ws/build/head_package/build/lib/head_package
[0.628s] copying head_package/head_node.py -> /home/vboxuser/OneDrive/UDITO/udito/ros2_ws/build/head_package/build/lib/head_package
[0.628s] copying head_package/subscriber_member_function.py -> /home/vboxuser/OneDrive/UDITO/udito/ros2_ws/build/head_package/build/lib/head_package
[0.630s] running install
[0.630s] running install_lib
[0.632s] creating /home/vboxuser/OneDrive/UDITO/udito/ros2_ws/install/head_package/lib/python3.10/site-packages/head_package
[0.632s] copying /home/vboxuser/OneDrive/UDITO/udito/ros2_ws/build/head_package/build/lib/head_package/__init__.py -> /home/vboxuser/OneDrive/UDITO/udito/ros2_ws/install/head_package/lib/python3.10/site-packages/head_package
[0.632s] copying /home/vboxuser/OneDrive/UDITO/udito/ros2_ws/build/head_package/build/lib/head_package/publisher_member_function.py -> /home/vboxuser/OneDrive/UDITO/udito/ros2_ws/install/head_package/lib/python3.10/site-packages/head_package
[0.632s] copying /home/vboxuser/OneDrive/UDITO/udito/ros2_ws/build/head_package/build/lib/head_package/head_node.py -> /home/vboxuser/OneDrive/UDITO/udito/ros2_ws/install/head_package/lib/python3.10/site-packages/head_package
[0.633s] copying /home/vboxuser/OneDrive/UDITO/udito/ros2_ws/build/head_package/build/lib/head_package/subscriber_member_function.py -> /home/vboxuser/OneDrive/UDITO/udito/ros2_ws/install/head_package/lib/python3.10/site-packages/head_package
[0.633s] byte-compiling /home/vboxuser/OneDrive/UDITO/udito/ros2_ws/install/head_package/lib/python3.10/site-packages/head_package/__init__.py to __init__.cpython-310.pyc
[0.634s] byte-compiling /home/vboxuser/OneDrive/UDITO/udito/ros2_ws/install/head_package/lib/python3.10/site-packages/head_package/publisher_member_function.py to publisher_member_function.cpython-310.pyc
[0.635s] byte-compiling /home/vboxuser/OneDrive/UDITO/udito/ros2_ws/install/head_package/lib/python3.10/site-packages/head_package/head_node.py to head_node.cpython-310.pyc
[0.635s] byte-compiling /home/vboxuser/OneDrive/UDITO/udito/ros2_ws/install/head_package/lib/python3.10/site-packages/head_package/subscriber_member_function.py to subscriber_member_function.cpython-310.pyc
[0.635s] running install_data
[0.636s] creating /home/vboxuser/OneDrive/UDITO/udito/ros2_ws/install/head_package/share/ament_index
[0.636s] creating /home/vboxuser/OneDrive/UDITO/udito/ros2_ws/install/head_package/share/ament_index/resource_index
[0.636s] creating /home/vboxuser/OneDrive/UDITO/udito/ros2_ws/install/head_package/share/ament_index/resource_index/packages
[0.636s] copying resource/head_package -> /home/vboxuser/OneDrive/UDITO/udito/ros2_ws/install/head_package/share/ament_index/resource_index/packages
[0.636s] copying package.xml -> /home/vboxuser/OneDrive/UDITO/udito/ros2_ws/install/head_package/share/head_package
[0.637s] running install_egg_info
[0.639s] Copying ../../build/head_package/head_package.egg-info to /home/vboxuser/OneDrive/UDITO/udito/ros2_ws/install/head_package/lib/python3.10/site-packages/head_package-0.0.0-py3.10.egg-info
[0.639s] running install_scripts
[0.658s] Installing head_node script to /home/vboxuser/OneDrive/UDITO/udito/ros2_ws/install/head_package/lib/head_package
[0.659s] Installing listener script to /home/vboxuser/OneDrive/UDITO/udito/ros2_ws/install/head_package/lib/head_package
[0.660s] Installing talker script to /home/vboxuser/OneDrive/UDITO/udito/ros2_ws/install/head_package/lib/head_package
[0.660s] writing list of installed files to '/home/vboxuser/OneDrive/UDITO/udito/ros2_ws/build/head_package/install.log'
[0.688s] Invoked command in '/home/vboxuser/OneDrive/UDITO/udito/ros2_ws/src/head_package' returned '0': PYTHONPATH=/home/vboxuser/OneDrive/UDITO/udito/ros2_ws/build/head_package/prefix_override:/usr/lib/python3/dist-packages/colcon_core/task/python/colcon_distutils_commands:/home/vboxuser/OneDrive/UDITO/udito/ros2_ws/install/head_package/lib/python3.10/site-packages:${PYTHONPATH} /usr/bin/python3 -W ignore:setup.py install is deprecated -W ignore:easy_install command is deprecated setup.py egg_info --egg-base ../../build/head_package build --build-base /home/vboxuser/OneDrive/UDITO/udito/ros2_ws/build/head_package/build install --record /home/vboxuser/OneDrive/UDITO/udito/ros2_ws/build/head_package/install.log --single-version-externally-managed install_data
