[1.422s] Invoking command in '/home/udito/OneDrive/UDITO/udito/ROS/ros2_ws/src/examples/rclpy/executors': PYTHONPATH=/home/udito/OneDrive/UDITO/udito/ROS/ros2_ws/build/examples_rclpy_executors/prefix_override:/usr/lib/python3/dist-packages/colcon_core/task/python/colcon_distutils_commands:/home/udito/OneDrive/UDITO/udito/ROS/ros2_ws/install/examples_rclpy_executors/lib/python3.10/site-packages:${PYTHONPATH} /usr/bin/python3 -W ignore:setup.py install is deprecated -W ignore:easy_install command is deprecated setup.py egg_info --egg-base ../../../../build/examples_rclpy_executors build --build-base /home/udito/OneDrive/UDITO/udito/ROS/ros2_ws/build/examples_rclpy_executors/build install --record /home/udito/OneDrive/UDITO/udito/ROS/ros2_ws/build/examples_rclpy_executors/install.log --single-version-externally-managed install_data
[1.848s] running egg_info
[1.859s] writing ../../../../build/examples_rclpy_executors/examples_rclpy_executors.egg-info/PKG-INFO
[1.860s] writing dependency_links to ../../../../build/examples_rclpy_executors/examples_rclpy_executors.egg-info/dependency_links.txt
[1.860s] writing entry points to ../../../../build/examples_rclpy_executors/examples_rclpy_executors.egg-info/entry_points.txt
[1.860s] writing requirements to ../../../../build/examples_rclpy_executors/examples_rclpy_executors.egg-info/requires.txt
[1.860s] writing top-level names to ../../../../build/examples_rclpy_executors/examples_rclpy_executors.egg-info/top_level.txt
[1.865s] reading manifest file '../../../../build/examples_rclpy_executors/examples_rclpy_executors.egg-info/SOURCES.txt'
[1.865s] writing manifest file '../../../../build/examples_rclpy_executors/examples_rclpy_executors.egg-info/SOURCES.txt'
[1.866s] running build
[1.867s] running build_py
[1.867s] running install
[1.867s] running install_lib
[1.867s] running install_data
[1.867s] running install_egg_info
[1.872s] removing '/home/udito/OneDrive/UDITO/udito/ROS/ros2_ws/install/examples_rclpy_executors/lib/python3.10/site-packages/examples_rclpy_executors-0.15.3-py3.10.egg-info' (and everything under it)
[1.872s] Copying ../../../../build/examples_rclpy_executors/examples_rclpy_executors.egg-info to /home/udito/OneDrive/UDITO/udito/ROS/ros2_ws/install/examples_rclpy_executors/lib/python3.10/site-packages/examples_rclpy_executors-0.15.3-py3.10.egg-info
[1.872s] running install_scripts
[1.906s] Installing callback_group script to /home/udito/OneDrive/UDITO/udito/ROS/ros2_ws/install/examples_rclpy_executors/lib/examples_rclpy_executors
[1.908s] Installing composed script to /home/udito/OneDrive/UDITO/udito/ROS/ros2_ws/install/examples_rclpy_executors/lib/examples_rclpy_executors
[1.908s] Installing custom_callback_group script to /home/udito/OneDrive/UDITO/udito/ROS/ros2_ws/install/examples_rclpy_executors/lib/examples_rclpy_executors
[1.908s] Installing custom_executor script to /home/udito/OneDrive/UDITO/udito/ROS/ros2_ws/install/examples_rclpy_executors/lib/examples_rclpy_executors
[1.908s] Installing listener script to /home/udito/OneDrive/UDITO/udito/ROS/ros2_ws/install/examples_rclpy_executors/lib/examples_rclpy_executors
[1.908s] Installing talker script to /home/udito/OneDrive/UDITO/udito/ROS/ros2_ws/install/examples_rclpy_executors/lib/examples_rclpy_executors
[1.912s] writing list of installed files to '/home/udito/OneDrive/UDITO/udito/ROS/ros2_ws/build/examples_rclpy_executors/install.log'
[1.976s] Invoked command in '/home/udito/OneDrive/UDITO/udito/ROS/ros2_ws/src/examples/rclpy/executors' returned '0': PYTHONPATH=/home/udito/OneDrive/UDITO/udito/ROS/ros2_ws/build/examples_rclpy_executors/prefix_override:/usr/lib/python3/dist-packages/colcon_core/task/python/colcon_distutils_commands:/home/udito/OneDrive/UDITO/udito/ROS/ros2_ws/install/examples_rclpy_executors/lib/python3.10/site-packages:${PYTHONPATH} /usr/bin/python3 -W ignore:setup.py install is deprecated -W ignore:easy_install command is deprecated setup.py egg_info --egg-base ../../../../build/examples_rclpy_executors build --build-base /home/udito/OneDrive/UDITO/udito/ROS/ros2_ws/build/examples_rclpy_executors/build install --record /home/udito/OneDrive/UDITO/udito/ROS/ros2_ws/build/examples_rclpy_executors/install.log --single-version-externally-managed install_data
