[0.013s] Invoking command in '/home/vboxuser/OneDrive/UDITO/udito/ros2_ws/build/tutorial_interfaces': CMAKE_PREFIX_PATH=${CMAKE_PREFIX_PATH}:/home/vboxuser/OneDrive/UDITO/udito/ros2_ws/install/head_package:/opt/ros/humble /usr/bin/cmake /home/vboxuser/OneDrive/UDITO/udito/ros2_ws/src/tutorial_interfaces -DCMAKE_INSTALL_PREFIX=/home/vboxuser/OneDrive/UDITO/udito/ros2_ws/install/tutorial_interfaces
[0.261s] -- The C compiler identification is GNU 11.4.0
[0.426s] -- The CXX compiler identification is GNU 11.4.0
[0.434s] -- Detecting C compiler ABI info
[0.538s] -- Detecting C compiler ABI info - done
[0.545s] -- Check for working C compiler: /usr/bin/cc - skipped
[0.545s] -- Detecting C compile features
[0.549s] -- Detecting C compile features - done
[0.550s] -- Detecting CXX compiler ABI info
[0.714s] -- Detecting CXX compiler ABI info - done
[0.722s] -- Check for working CXX compiler: /usr/bin/c++ - skipped
[0.722s] -- Detecting CXX compile features
[0.722s] -- Detecting CXX compile features - done
[0.741s] -- Found ament_cmake: 1.3.11 (/opt/ros/humble/share/ament_cmake/cmake)
[0.907s] -- Found Python3: /usr/local/bin/python3 (found version "3.9.21") found components: Interpreter 
[1.025s] -- Found geometry_msgs: 4.2.4 (/opt/ros/humble/share/geometry_msgs/cmake)
[1.065s] -- Found rosidl_generator_c: 3.1.6 (/opt/ros/humble/share/rosidl_generator_c/cmake)
[1.071s] -- Found rosidl_adapter: 3.1.6 (/opt/ros/humble/share/rosidl_adapter/cmake)
[1.077s] -- Found rosidl_generator_cpp: 3.1.6 (/opt/ros/humble/share/rosidl_generator_cpp/cmake)
[1.094s] -- Using all available rosidl_typesupport_c: rosidl_typesupport_fastrtps_c;rosidl_typesupport_introspection_c
[1.111s] -- Using all available rosidl_typesupport_cpp: rosidl_typesupport_fastrtps_cpp;rosidl_typesupport_introspection_cpp
[1.152s] -- Found rosidl_default_generators: 1.2.0 (/opt/ros/humble/share/rosidl_default_generators/cmake)
[1.274s] [31mCMake Error at /opt/ros/humble/share/rosidl_adapter/cmake/rosidl_adapt_interfaces.cmake:59 (message):
[1.275s]   execute_process(/usr/local/bin/python3 -m rosidl_adapter --package-name
[1.275s]   tutorial_interfaces --arguments-file
[1.275s]   /home/vboxuser/OneDrive/UDITO/udito/ros2_ws/build/tutorial_interfaces/rosidl_adapter__arguments__tutorial_interfaces.json
[1.275s]   --output-dir
[1.275s]   /home/vboxuser/OneDrive/UDITO/udito/ros2_ws/build/tutorial_interfaces/rosidl_adapter/tutorial_interfaces
[1.275s]   --output-file
[1.275s]   /home/vboxuser/OneDrive/UDITO/udito/ros2_ws/build/tutorial_interfaces/rosidl_adapter/tutorial_interfaces.idls)
[1.275s]   returned error code 1:
[1.275s] 
[1.275s]   Traceback (most recent call last):
[1.275s] 
[1.275s]     File "/usr/local/lib/python3.9/runpy.py", line 197, in _run_module_as_main
[1.276s]       return _run_code(code, main_globals, None,
[1.276s]     File "/usr/local/lib/python3.9/runpy.py", line 87, in _run_code
[1.276s]       exec(code, run_globals)
[1.276s]     File "/opt/ros/humble/local/lib/python3.10/dist-packages/rosidl_adapter/__main__.py", line 19, in <module>
[1.276s]       sys.exit(main())
[1.276s]     File "/opt/ros/humble/local/lib/python3.10/dist-packages/rosidl_adapter/main.py", line 53, in main
[1.276s]       abs_idl_file = convert_to_idl(
[1.276s]     File "/opt/ros/humble/local/lib/python3.10/dist-packages/rosidl_adapter/__init__.py", line 23, in convert_to_idl
[1.276s]       from rosidl_adapter.srv import convert_srv_to_idl
[1.276s]     File "/opt/ros/humble/local/lib/python3.10/dist-packages/rosidl_adapter/srv/__init__.py", line 16, in <module>
[1.276s]       from rosidl_adapter.resource import expand_template
[1.276s]     File "/opt/ros/humble/local/lib/python3.10/dist-packages/rosidl_adapter/resource/__init__.py", line 19, in <module>
[1.276s]       import em
[1.276s] 
[1.276s]   ModuleNotFoundError: No module named 'em'
[1.276s] 
[1.277s] Call Stack (most recent call first):
[1.277s]   /opt/ros/humble/share/rosidl_cmake/cmake/rosidl_generate_interfaces.cmake:130 (rosidl_adapt_interfaces)
[1.277s]   CMakeLists.txt:16 (rosidl_generate_interfaces)
[1.277s] 
[1.277s] [0m
[1.277s] -- Configuring incomplete, errors occurred!
[1.277s] See also "/home/vboxuser/OneDrive/UDITO/udito/ros2_ws/build/tutorial_interfaces/CMakeFiles/CMakeOutput.log".
[1.283s] Invoked command in '/home/vboxuser/OneDrive/UDITO/udito/ros2_ws/build/tutorial_interfaces' returned '1': CMAKE_PREFIX_PATH=${CMAKE_PREFIX_PATH}:/home/vboxuser/OneDrive/UDITO/udito/ros2_ws/install/head_package:/opt/ros/humble /usr/bin/cmake /home/vboxuser/OneDrive/UDITO/udito/ros2_ws/src/tutorial_interfaces -DCMAKE_INSTALL_PREFIX=/home/vboxuser/OneDrive/UDITO/udito/ros2_ws/install/tutorial_interfaces
