/home/vboxuser/OneDrive/UDITO/udito/ros2_ws/install/head_package/lib/python3.10/site-packages/head_package/__init__.py
/home/vboxuser/OneDrive/UDITO/udito/ros2_ws/install/head_package/lib/python3.10/site-packages/head_package/publisher_member_function.py
/home/vboxuser/OneDrive/UDITO/udito/ros2_ws/install/head_package/lib/python3.10/site-packages/head_package/head_node.py
/home/vboxuser/OneDrive/UDITO/udito/ros2_ws/install/head_package/lib/python3.10/site-packages/head_package/subscriber_member_function.py
/home/vboxuser/OneDrive/UDITO/udito/ros2_ws/install/head_package/lib/python3.10/site-packages/head_package/__pycache__/__init__.cpython-310.pyc
/home/vboxuser/OneDrive/UDITO/udito/ros2_ws/install/head_package/lib/python3.10/site-packages/head_package/__pycache__/publisher_member_function.cpython-310.pyc
/home/vboxuser/OneDrive/UDITO/udito/ros2_ws/install/head_package/lib/python3.10/site-packages/head_package/__pycache__/head_node.cpython-310.pyc
/home/vboxuser/OneDrive/UDITO/udito/ros2_ws/install/head_package/lib/python3.10/site-packages/head_package/__pycache__/subscriber_member_function.cpython-310.pyc
/home/vboxuser/OneDrive/UDITO/udito/ros2_ws/install/head_package/share/ament_index/resource_index/packages/head_package
/home/vboxuser/OneDrive/UDITO/udito/ros2_ws/install/head_package/share/head_package/package.xml
/home/vboxuser/OneDrive/UDITO/udito/ros2_ws/install/head_package/lib/python3.10/site-packages/head_package-0.0.0-py3.10.egg-info/requires.txt
/home/vboxuser/OneDrive/UDITO/udito/ros2_ws/install/head_package/lib/python3.10/site-packages/head_package-0.0.0-py3.10.egg-info/top_level.txt
/home/vboxuser/OneDrive/UDITO/udito/ros2_ws/install/head_package/lib/python3.10/site-packages/head_package-0.0.0-py3.10.egg-info/PKG-INFO
/home/vboxuser/OneDrive/UDITO/udito/ros2_ws/install/head_package/lib/python3.10/site-packages/head_package-0.0.0-py3.10.egg-info/zip-safe
/home/vboxuser/OneDrive/UDITO/udito/ros2_ws/install/head_package/lib/python3.10/site-packages/head_package-0.0.0-py3.10.egg-info/SOURCES.txt
/home/vboxuser/OneDrive/UDITO/udito/ros2_ws/install/head_package/lib/python3.10/site-packages/head_package-0.0.0-py3.10.egg-info/entry_points.txt
/home/vboxuser/OneDrive/UDITO/udito/ros2_ws/install/head_package/lib/python3.10/site-packages/head_package-0.0.0-py3.10.egg-info/dependency_links.txt
/home/vboxuser/OneDrive/UDITO/udito/ros2_ws/install/head_package/lib/head_package/head_node
/home/vboxuser/OneDrive/UDITO/udito/ros2_ws/install/head_package/lib/head_package/listener
/home/vboxuser/OneDrive/UDITO/udito/ros2_ws/install/head_package/lib/head_package/talker
