[0.159s] DEBUG:colcon:Command line arguments: ['/usr/bin/colcon', 'build', '--symlink-install', '--cmake-args=-DCMAKE_BUILD_TYPE=Release']
[0.159s] DEBUG:colcon:Parsed command line arguments: Namespace(log_base=None, log_level=None, verb_name='build', build_base='build', install_base='install', merge_install=False, symlink_install=True, test_result_base=None, continue_on_error=False, executor='parallel', parallel_workers=2, event_handlers=None, ignore_user_meta=False, metas=['./colcon.meta'], base_paths=['.'], packages_ignore=None, packages_ignore_regex=None, paths=None, packages_up_to=None, packages_up_to_regex=None, packages_above=None, packages_above_and_dependencies=None, packages_above_depth=None, packages_select_by_dep=None, packages_skip_by_dep=None, packages_skip_up_to=None, packages_select_build_failed=False, packages_skip_build_finished=False, packages_select_test_failures=False, packages_skip_test_passed=False, packages_select=None, packages_skip=None, packages_select_regex=None, packages_skip_regex=None, packages_start=None, packages_end=None, allow_overriding=[], cmake_args=['-DCMAKE_BUILD_TYPE=Release'], cmake_target=None, cmake_target_skip_unavailable=False, cmake_clean_cache=False, cmake_clean_first=False, cmake_force_configure=False, ament_cmake_args=None, catkin_cmake_args=None, catkin_skip_building_tests=False, mixin_files=None, mixin=None, verb_parser=<colcon_mixin.mixin.mixin_argument.MixinArgumentDecorator object at 0x70bae5580220>, verb_extension=<colcon_core.verb.build.BuildVerb object at 0x70bae56897b0>, main=<bound method BuildVerb.main of <colcon_core.verb.build.BuildVerb object at 0x70bae56897b0>>, mixin_verb=('build',))
[0.428s] Level 1:colcon.colcon_core.package_discovery:discover_packages(colcon_meta) check parameters
[0.428s] Level 1:colcon.colcon_core.package_discovery:discover_packages(recursive) check parameters
[0.428s] Level 1:colcon.colcon_core.package_discovery:discover_packages(ignore) check parameters
[0.428s] Level 1:colcon.colcon_core.package_discovery:discover_packages(path) check parameters
[0.428s] Level 1:colcon.colcon_core.package_discovery:discover_packages(colcon_meta) discover
[0.428s] Level 1:colcon.colcon_core.package_discovery:discover_packages(recursive) discover
[0.428s] INFO:colcon.colcon_core.package_discovery:Crawling recursively for packages in '/home/udito/OneDrive/UDITO/udito/ROS/ros2_ws'
[0.428s] Level 1:colcon.colcon_core.package_identification:_identify(.) by extensions ['ignore', 'ignore_ament_install']
[0.428s] Level 1:colcon.colcon_core.package_identification:_identify(.) by extension 'ignore'
[0.428s] Level 1:colcon.colcon_core.package_identification:_identify(.) by extension 'ignore_ament_install'
[0.429s] Level 1:colcon.colcon_core.package_identification:_identify(.) by extensions ['colcon_pkg']
[0.429s] Level 1:colcon.colcon_core.package_identification:_identify(.) by extension 'colcon_pkg'
[0.429s] Level 1:colcon.colcon_core.package_identification:_identify(.) by extensions ['colcon_meta']
[0.429s] Level 1:colcon.colcon_core.package_identification:_identify(.) by extension 'colcon_meta'
[0.429s] Level 1:colcon.colcon_core.package_identification:_identify(.) by extensions ['ros']
[0.429s] Level 1:colcon.colcon_core.package_identification:_identify(.) by extension 'ros'
[0.460s] Level 1:colcon.colcon_core.package_identification:_identify(.) by extensions ['cmake', 'python']
[0.460s] Level 1:colcon.colcon_core.package_identification:_identify(.) by extension 'cmake'
[0.461s] Level 1:colcon.colcon_core.package_identification:_identify(.) by extension 'python'
[0.461s] Level 1:colcon.colcon_core.package_identification:_identify(.) by extensions ['python_setup_py']
[0.461s] Level 1:colcon.colcon_core.package_identification:_identify(.) by extension 'python_setup_py'
[0.461s] Level 1:colcon.colcon_core.package_identification:_identify(build) by extensions ['ignore', 'ignore_ament_install']
[0.461s] Level 1:colcon.colcon_core.package_identification:_identify(build) by extension 'ignore'
[0.461s] Level 1:colcon.colcon_core.package_identification:_identify(build) ignored
[0.461s] Level 1:colcon.colcon_core.package_identification:_identify(install) by extensions ['ignore', 'ignore_ament_install']
[0.461s] Level 1:colcon.colcon_core.package_identification:_identify(install) by extension 'ignore'
[0.461s] Level 1:colcon.colcon_core.package_identification:_identify(install) ignored
[0.462s] Level 1:colcon.colcon_core.package_identification:_identify(log) by extensions ['ignore', 'ignore_ament_install']
[0.462s] Level 1:colcon.colcon_core.package_identification:_identify(log) by extension 'ignore'
[0.462s] Level 1:colcon.colcon_core.package_identification:_identify(log) ignored
[0.462s] Level 1:colcon.colcon_core.package_identification:_identify(src) by extensions ['ignore', 'ignore_ament_install']
[0.462s] Level 1:colcon.colcon_core.package_identification:_identify(src) by extension 'ignore'
[0.462s] Level 1:colcon.colcon_core.package_identification:_identify(src) by extension 'ignore_ament_install'
[0.462s] Level 1:colcon.colcon_core.package_identification:_identify(src) by extensions ['colcon_pkg']
[0.462s] Level 1:colcon.colcon_core.package_identification:_identify(src) by extension 'colcon_pkg'
[0.462s] Level 1:colcon.colcon_core.package_identification:_identify(src) by extensions ['colcon_meta']
[0.462s] Level 1:colcon.colcon_core.package_identification:_identify(src) by extension 'colcon_meta'
[0.462s] Level 1:colcon.colcon_core.package_identification:_identify(src) by extensions ['ros']
[0.462s] Level 1:colcon.colcon_core.package_identification:_identify(src) by extension 'ros'
[0.462s] Level 1:colcon.colcon_core.package_identification:_identify(src) by extensions ['cmake', 'python']
[0.463s] Level 1:colcon.colcon_core.package_identification:_identify(src) by extension 'cmake'
[0.463s] Level 1:colcon.colcon_core.package_identification:_identify(src) by extension 'python'
[0.463s] Level 1:colcon.colcon_core.package_identification:_identify(src) by extensions ['python_setup_py']
[0.463s] Level 1:colcon.colcon_core.package_identification:_identify(src) by extension 'python_setup_py'
[0.463s] Level 1:colcon.colcon_core.package_identification:_identify(src/ldrobot-lidar-ros2) by extensions ['ignore', 'ignore_ament_install']
[0.463s] Level 1:colcon.colcon_core.package_identification:_identify(src/ldrobot-lidar-ros2) by extension 'ignore'
[0.463s] Level 1:colcon.colcon_core.package_identification:_identify(src/ldrobot-lidar-ros2) by extension 'ignore_ament_install'
[0.463s] Level 1:colcon.colcon_core.package_identification:_identify(src/ldrobot-lidar-ros2) by extensions ['colcon_pkg']
[0.463s] Level 1:colcon.colcon_core.package_identification:_identify(src/ldrobot-lidar-ros2) by extension 'colcon_pkg'
[0.463s] Level 1:colcon.colcon_core.package_identification:_identify(src/ldrobot-lidar-ros2) by extensions ['colcon_meta']
[0.463s] Level 1:colcon.colcon_core.package_identification:_identify(src/ldrobot-lidar-ros2) by extension 'colcon_meta'
[0.463s] Level 1:colcon.colcon_core.package_identification:_identify(src/ldrobot-lidar-ros2) by extensions ['ros']
[0.463s] Level 1:colcon.colcon_core.package_identification:_identify(src/ldrobot-lidar-ros2) by extension 'ros'
[0.463s] Level 1:colcon.colcon_core.package_identification:_identify(src/ldrobot-lidar-ros2) by extensions ['cmake', 'python']
[0.463s] Level 1:colcon.colcon_core.package_identification:_identify(src/ldrobot-lidar-ros2) by extension 'cmake'
[0.464s] Level 1:colcon.colcon_core.package_identification:_identify(src/ldrobot-lidar-ros2) by extension 'python'
[0.464s] Level 1:colcon.colcon_core.package_identification:_identify(src/ldrobot-lidar-ros2) by extensions ['python_setup_py']
[0.464s] Level 1:colcon.colcon_core.package_identification:_identify(src/ldrobot-lidar-ros2) by extension 'python_setup_py'
[0.464s] Level 1:colcon.colcon_core.package_identification:_identify(src/ldrobot-lidar-ros2/3d_model) by extensions ['ignore', 'ignore_ament_install']
[0.464s] Level 1:colcon.colcon_core.package_identification:_identify(src/ldrobot-lidar-ros2/3d_model) by extension 'ignore'
[0.464s] Level 1:colcon.colcon_core.package_identification:_identify(src/ldrobot-lidar-ros2/3d_model) by extension 'ignore_ament_install'
[0.464s] Level 1:colcon.colcon_core.package_identification:_identify(src/ldrobot-lidar-ros2/3d_model) by extensions ['colcon_pkg']
[0.464s] Level 1:colcon.colcon_core.package_identification:_identify(src/ldrobot-lidar-ros2/3d_model) by extension 'colcon_pkg'
[0.464s] Level 1:colcon.colcon_core.package_identification:_identify(src/ldrobot-lidar-ros2/3d_model) by extensions ['colcon_meta']
[0.464s] Level 1:colcon.colcon_core.package_identification:_identify(src/ldrobot-lidar-ros2/3d_model) by extension 'colcon_meta'
[0.464s] Level 1:colcon.colcon_core.package_identification:_identify(src/ldrobot-lidar-ros2/3d_model) by extensions ['ros']
[0.464s] Level 1:colcon.colcon_core.package_identification:_identify(src/ldrobot-lidar-ros2/3d_model) by extension 'ros'
[0.464s] Level 1:colcon.colcon_core.package_identification:_identify(src/ldrobot-lidar-ros2/3d_model) by extensions ['cmake', 'python']
[0.464s] Level 1:colcon.colcon_core.package_identification:_identify(src/ldrobot-lidar-ros2/3d_model) by extension 'cmake'
[0.464s] Level 1:colcon.colcon_core.package_identification:_identify(src/ldrobot-lidar-ros2/3d_model) by extension 'python'
[0.465s] Level 1:colcon.colcon_core.package_identification:_identify(src/ldrobot-lidar-ros2/3d_model) by extensions ['python_setup_py']
[0.465s] Level 1:colcon.colcon_core.package_identification:_identify(src/ldrobot-lidar-ros2/3d_model) by extension 'python_setup_py'
[0.465s] Level 1:colcon.colcon_core.package_identification:_identify(src/ldrobot-lidar-ros2/docs) by extensions ['ignore', 'ignore_ament_install']
[0.465s] Level 1:colcon.colcon_core.package_identification:_identify(src/ldrobot-lidar-ros2/docs) by extension 'ignore'
[0.465s] Level 1:colcon.colcon_core.package_identification:_identify(src/ldrobot-lidar-ros2/docs) by extension 'ignore_ament_install'
[0.465s] Level 1:colcon.colcon_core.package_identification:_identify(src/ldrobot-lidar-ros2/docs) by extensions ['colcon_pkg']
[0.465s] Level 1:colcon.colcon_core.package_identification:_identify(src/ldrobot-lidar-ros2/docs) by extension 'colcon_pkg'
[0.465s] Level 1:colcon.colcon_core.package_identification:_identify(src/ldrobot-lidar-ros2/docs) by extensions ['colcon_meta']
[0.465s] Level 1:colcon.colcon_core.package_identification:_identify(src/ldrobot-lidar-ros2/docs) by extension 'colcon_meta'
[0.465s] Level 1:colcon.colcon_core.package_identification:_identify(src/ldrobot-lidar-ros2/docs) by extensions ['ros']
[0.465s] Level 1:colcon.colcon_core.package_identification:_identify(src/ldrobot-lidar-ros2/docs) by extension 'ros'
[0.465s] Level 1:colcon.colcon_core.package_identification:_identify(src/ldrobot-lidar-ros2/docs) by extensions ['cmake', 'python']
[0.465s] Level 1:colcon.colcon_core.package_identification:_identify(src/ldrobot-lidar-ros2/docs) by extension 'cmake'
[0.465s] Level 1:colcon.colcon_core.package_identification:_identify(src/ldrobot-lidar-ros2/docs) by extension 'python'
[0.465s] Level 1:colcon.colcon_core.package_identification:_identify(src/ldrobot-lidar-ros2/docs) by extensions ['python_setup_py']
[0.465s] Level 1:colcon.colcon_core.package_identification:_identify(src/ldrobot-lidar-ros2/docs) by extension 'python_setup_py'
[0.466s] Level 1:colcon.colcon_core.package_identification:_identify(src/ldrobot-lidar-ros2/images) by extensions ['ignore', 'ignore_ament_install']
[0.466s] Level 1:colcon.colcon_core.package_identification:_identify(src/ldrobot-lidar-ros2/images) by extension 'ignore'
[0.466s] Level 1:colcon.colcon_core.package_identification:_identify(src/ldrobot-lidar-ros2/images) by extension 'ignore_ament_install'
[0.466s] Level 1:colcon.colcon_core.package_identification:_identify(src/ldrobot-lidar-ros2/images) by extensions ['colcon_pkg']
[0.466s] Level 1:colcon.colcon_core.package_identification:_identify(src/ldrobot-lidar-ros2/images) by extension 'colcon_pkg'
[0.466s] Level 1:colcon.colcon_core.package_identification:_identify(src/ldrobot-lidar-ros2/images) by extensions ['colcon_meta']
[0.466s] Level 1:colcon.colcon_core.package_identification:_identify(src/ldrobot-lidar-ros2/images) by extension 'colcon_meta'
[0.466s] Level 1:colcon.colcon_core.package_identification:_identify(src/ldrobot-lidar-ros2/images) by extensions ['ros']
[0.466s] Level 1:colcon.colcon_core.package_identification:_identify(src/ldrobot-lidar-ros2/images) by extension 'ros'
[0.466s] Level 1:colcon.colcon_core.package_identification:_identify(src/ldrobot-lidar-ros2/images) by extensions ['cmake', 'python']
[0.466s] Level 1:colcon.colcon_core.package_identification:_identify(src/ldrobot-lidar-ros2/images) by extension 'cmake'
[0.466s] Level 1:colcon.colcon_core.package_identification:_identify(src/ldrobot-lidar-ros2/images) by extension 'python'
[0.466s] Level 1:colcon.colcon_core.package_identification:_identify(src/ldrobot-lidar-ros2/images) by extensions ['python_setup_py']
[0.466s] Level 1:colcon.colcon_core.package_identification:_identify(src/ldrobot-lidar-ros2/images) by extension 'python_setup_py'
[0.467s] Level 1:colcon.colcon_core.package_identification:_identify(src/ldrobot-lidar-ros2/ldlidar) by extensions ['ignore', 'ignore_ament_install']
[0.467s] Level 1:colcon.colcon_core.package_identification:_identify(src/ldrobot-lidar-ros2/ldlidar) by extension 'ignore'
[0.467s] Level 1:colcon.colcon_core.package_identification:_identify(src/ldrobot-lidar-ros2/ldlidar) by extension 'ignore_ament_install'
[0.467s] Level 1:colcon.colcon_core.package_identification:_identify(src/ldrobot-lidar-ros2/ldlidar) by extensions ['colcon_pkg']
[0.467s] Level 1:colcon.colcon_core.package_identification:_identify(src/ldrobot-lidar-ros2/ldlidar) by extension 'colcon_pkg'
[0.467s] Level 1:colcon.colcon_core.package_identification:_identify(src/ldrobot-lidar-ros2/ldlidar) by extensions ['colcon_meta']
[0.467s] Level 1:colcon.colcon_core.package_identification:_identify(src/ldrobot-lidar-ros2/ldlidar) by extension 'colcon_meta'
[0.467s] Level 1:colcon.colcon_core.package_identification:_identify(src/ldrobot-lidar-ros2/ldlidar) by extensions ['ros']
[0.467s] Level 1:colcon.colcon_core.package_identification:_identify(src/ldrobot-lidar-ros2/ldlidar) by extension 'ros'
[0.470s] DEBUG:colcon.colcon_core.package_identification:Package 'src/ldrobot-lidar-ros2/ldlidar' with type 'ros.ament_cmake' and name 'ldlidar'
[0.470s] Level 1:colcon.colcon_core.package_identification:_identify(src/ldrobot-lidar-ros2/ldlidar_component) by extensions ['ignore', 'ignore_ament_install']
[0.471s] Level 1:colcon.colcon_core.package_identification:_identify(src/ldrobot-lidar-ros2/ldlidar_component) by extension 'ignore'
[0.471s] Level 1:colcon.colcon_core.package_identification:_identify(src/ldrobot-lidar-ros2/ldlidar_component) by extension 'ignore_ament_install'
[0.471s] Level 1:colcon.colcon_core.package_identification:_identify(src/ldrobot-lidar-ros2/ldlidar_component) by extensions ['colcon_pkg']
[0.471s] Level 1:colcon.colcon_core.package_identification:_identify(src/ldrobot-lidar-ros2/ldlidar_component) by extension 'colcon_pkg'
[0.471s] Level 1:colcon.colcon_core.package_identification:_identify(src/ldrobot-lidar-ros2/ldlidar_component) by extensions ['colcon_meta']
[0.471s] Level 1:colcon.colcon_core.package_identification:_identify(src/ldrobot-lidar-ros2/ldlidar_component) by extension 'colcon_meta'
[0.471s] Level 1:colcon.colcon_core.package_identification:_identify(src/ldrobot-lidar-ros2/ldlidar_component) by extensions ['ros']
[0.471s] Level 1:colcon.colcon_core.package_identification:_identify(src/ldrobot-lidar-ros2/ldlidar_component) by extension 'ros'
[0.473s] DEBUG:colcon.colcon_core.package_identification:Package 'src/ldrobot-lidar-ros2/ldlidar_component' with type 'ros.ament_cmake' and name 'ldlidar_component'
[0.473s] Level 1:colcon.colcon_core.package_identification:_identify(src/ldrobot-lidar-ros2/ldlidar_node) by extensions ['ignore', 'ignore_ament_install']
[0.473s] Level 1:colcon.colcon_core.package_identification:_identify(src/ldrobot-lidar-ros2/ldlidar_node) by extension 'ignore'
[0.473s] Level 1:colcon.colcon_core.package_identification:_identify(src/ldrobot-lidar-ros2/ldlidar_node) by extension 'ignore_ament_install'
[0.473s] Level 1:colcon.colcon_core.package_identification:_identify(src/ldrobot-lidar-ros2/ldlidar_node) by extensions ['colcon_pkg']
[0.473s] Level 1:colcon.colcon_core.package_identification:_identify(src/ldrobot-lidar-ros2/ldlidar_node) by extension 'colcon_pkg'
[0.473s] Level 1:colcon.colcon_core.package_identification:_identify(src/ldrobot-lidar-ros2/ldlidar_node) by extensions ['colcon_meta']
[0.473s] Level 1:colcon.colcon_core.package_identification:_identify(src/ldrobot-lidar-ros2/ldlidar_node) by extension 'colcon_meta'
[0.473s] Level 1:colcon.colcon_core.package_identification:_identify(src/ldrobot-lidar-ros2/ldlidar_node) by extensions ['ros']
[0.474s] Level 1:colcon.colcon_core.package_identification:_identify(src/ldrobot-lidar-ros2/ldlidar_node) by extension 'ros'
[0.474s] DEBUG:colcon.colcon_core.package_identification:Package 'src/ldrobot-lidar-ros2/ldlidar_node' with type 'ros.ament_cmake' and name 'ldlidar_node'
[0.475s] Level 1:colcon.colcon_core.package_identification:_identify(src/ldrobot-lidar-ros2/rules) by extensions ['ignore', 'ignore_ament_install']
[0.475s] Level 1:colcon.colcon_core.package_identification:_identify(src/ldrobot-lidar-ros2/rules) by extension 'ignore'
[0.475s] Level 1:colcon.colcon_core.package_identification:_identify(src/ldrobot-lidar-ros2/rules) by extension 'ignore_ament_install'
[0.475s] Level 1:colcon.colcon_core.package_identification:_identify(src/ldrobot-lidar-ros2/rules) by extensions ['colcon_pkg']
[0.475s] Level 1:colcon.colcon_core.package_identification:_identify(src/ldrobot-lidar-ros2/rules) by extension 'colcon_pkg'
[0.475s] Level 1:colcon.colcon_core.package_identification:_identify(src/ldrobot-lidar-ros2/rules) by extensions ['colcon_meta']
[0.475s] Level 1:colcon.colcon_core.package_identification:_identify(src/ldrobot-lidar-ros2/rules) by extension 'colcon_meta'
[0.475s] Level 1:colcon.colcon_core.package_identification:_identify(src/ldrobot-lidar-ros2/rules) by extensions ['ros']
[0.475s] Level 1:colcon.colcon_core.package_identification:_identify(src/ldrobot-lidar-ros2/rules) by extension 'ros'
[0.475s] Level 1:colcon.colcon_core.package_identification:_identify(src/ldrobot-lidar-ros2/rules) by extensions ['cmake', 'python']
[0.475s] Level 1:colcon.colcon_core.package_identification:_identify(src/ldrobot-lidar-ros2/rules) by extension 'cmake'
[0.475s] Level 1:colcon.colcon_core.package_identification:_identify(src/ldrobot-lidar-ros2/rules) by extension 'python'
[0.475s] Level 1:colcon.colcon_core.package_identification:_identify(src/ldrobot-lidar-ros2/rules) by extensions ['python_setup_py']
[0.475s] Level 1:colcon.colcon_core.package_identification:_identify(src/ldrobot-lidar-ros2/rules) by extension 'python_setup_py'
[0.476s] Level 1:colcon.colcon_core.package_identification:_identify(src/ldrobot-lidar-ros2/scripts) by extensions ['ignore', 'ignore_ament_install']
[0.476s] Level 1:colcon.colcon_core.package_identification:_identify(src/ldrobot-lidar-ros2/scripts) by extension 'ignore'
[0.476s] Level 1:colcon.colcon_core.package_identification:_identify(src/ldrobot-lidar-ros2/scripts) by extension 'ignore_ament_install'
[0.476s] Level 1:colcon.colcon_core.package_identification:_identify(src/ldrobot-lidar-ros2/scripts) by extensions ['colcon_pkg']
[0.476s] Level 1:colcon.colcon_core.package_identification:_identify(src/ldrobot-lidar-ros2/scripts) by extension 'colcon_pkg'
[0.476s] Level 1:colcon.colcon_core.package_identification:_identify(src/ldrobot-lidar-ros2/scripts) by extensions ['colcon_meta']
[0.476s] Level 1:colcon.colcon_core.package_identification:_identify(src/ldrobot-lidar-ros2/scripts) by extension 'colcon_meta'
[0.476s] Level 1:colcon.colcon_core.package_identification:_identify(src/ldrobot-lidar-ros2/scripts) by extensions ['ros']
[0.476s] Level 1:colcon.colcon_core.package_identification:_identify(src/ldrobot-lidar-ros2/scripts) by extension 'ros'
[0.476s] Level 1:colcon.colcon_core.package_identification:_identify(src/ldrobot-lidar-ros2/scripts) by extensions ['cmake', 'python']
[0.476s] Level 1:colcon.colcon_core.package_identification:_identify(src/ldrobot-lidar-ros2/scripts) by extension 'cmake'
[0.476s] Level 1:colcon.colcon_core.package_identification:_identify(src/ldrobot-lidar-ros2/scripts) by extension 'python'
[0.476s] Level 1:colcon.colcon_core.package_identification:_identify(src/ldrobot-lidar-ros2/scripts) by extensions ['python_setup_py']
[0.476s] Level 1:colcon.colcon_core.package_identification:_identify(src/ldrobot-lidar-ros2/scripts) by extension 'python_setup_py'
[0.476s] Level 1:colcon.colcon_core.package_discovery:discover_packages(recursive) using defaults
[0.477s] Level 1:colcon.colcon_core.package_discovery:discover_packages(ignore) discover
[0.477s] Level 1:colcon.colcon_core.package_discovery:discover_packages(ignore) using defaults
[0.477s] Level 1:colcon.colcon_core.package_discovery:discover_packages(path) discover
[0.477s] Level 1:colcon.colcon_core.package_discovery:discover_packages(path) using defaults
[0.504s] Level 1:colcon.colcon_core.package_discovery:discover_packages(prefix_path) check parameters
[0.504s] Level 1:colcon.colcon_core.package_discovery:discover_packages(prefix_path) discover
[0.507s] DEBUG:colcon.colcon_installed_package_information.package_discovery:Found 280 installed packages in /opt/ros/humble
[0.510s] Level 1:colcon.colcon_core.package_discovery:discover_packages(prefix_path) using defaults
[0.564s] Level 5:colcon.colcon_core.verb:set package 'ldlidar_component' build argument 'cmake_args' from command line to '['-DCMAKE_BUILD_TYPE=Release']'
[0.564s] Level 5:colcon.colcon_core.verb:set package 'ldlidar_component' build argument 'cmake_target' from command line to 'None'
[0.564s] Level 5:colcon.colcon_core.verb:set package 'ldlidar_component' build argument 'cmake_target_skip_unavailable' from command line to 'False'
[0.564s] Level 5:colcon.colcon_core.verb:set package 'ldlidar_component' build argument 'cmake_clean_cache' from command line to 'False'
[0.564s] Level 5:colcon.colcon_core.verb:set package 'ldlidar_component' build argument 'cmake_clean_first' from command line to 'False'
[0.564s] Level 5:colcon.colcon_core.verb:set package 'ldlidar_component' build argument 'cmake_force_configure' from command line to 'False'
[0.564s] Level 5:colcon.colcon_core.verb:set package 'ldlidar_component' build argument 'ament_cmake_args' from command line to 'None'
[0.564s] Level 5:colcon.colcon_core.verb:set package 'ldlidar_component' build argument 'catkin_cmake_args' from command line to 'None'
[0.564s] Level 5:colcon.colcon_core.verb:set package 'ldlidar_component' build argument 'catkin_skip_building_tests' from command line to 'False'
[0.564s] DEBUG:colcon.colcon_core.verb:Building package 'ldlidar_component' with the following arguments: {'ament_cmake_args': None, 'build_base': '/home/udito/OneDrive/UDITO/udito/ROS/ros2_ws/build/ldlidar_component', 'catkin_cmake_args': None, 'catkin_skip_building_tests': False, 'cmake_args': ['-DCMAKE_BUILD_TYPE=Release'], 'cmake_clean_cache': False, 'cmake_clean_first': False, 'cmake_force_configure': False, 'cmake_target': None, 'cmake_target_skip_unavailable': False, 'install_base': '/home/udito/OneDrive/UDITO/udito/ROS/ros2_ws/install/ldlidar_component', 'merge_install': False, 'path': '/home/udito/OneDrive/UDITO/udito/ROS/ros2_ws/src/ldrobot-lidar-ros2/ldlidar_component', 'symlink_install': True, 'test_result_base': None}
[0.565s] Level 5:colcon.colcon_core.verb:set package 'ldlidar_node' build argument 'cmake_args' from command line to '['-DCMAKE_BUILD_TYPE=Release']'
[0.565s] Level 5:colcon.colcon_core.verb:set package 'ldlidar_node' build argument 'cmake_target' from command line to 'None'
[0.565s] Level 5:colcon.colcon_core.verb:set package 'ldlidar_node' build argument 'cmake_target_skip_unavailable' from command line to 'False'
[0.565s] Level 5:colcon.colcon_core.verb:set package 'ldlidar_node' build argument 'cmake_clean_cache' from command line to 'False'
[0.565s] Level 5:colcon.colcon_core.verb:set package 'ldlidar_node' build argument 'cmake_clean_first' from command line to 'False'
[0.565s] Level 5:colcon.colcon_core.verb:set package 'ldlidar_node' build argument 'cmake_force_configure' from command line to 'False'
[0.565s] Level 5:colcon.colcon_core.verb:set package 'ldlidar_node' build argument 'ament_cmake_args' from command line to 'None'
[0.565s] Level 5:colcon.colcon_core.verb:set package 'ldlidar_node' build argument 'catkin_cmake_args' from command line to 'None'
[0.565s] Level 5:colcon.colcon_core.verb:set package 'ldlidar_node' build argument 'catkin_skip_building_tests' from command line to 'False'
[0.565s] DEBUG:colcon.colcon_core.verb:Building package 'ldlidar_node' with the following arguments: {'ament_cmake_args': None, 'build_base': '/home/udito/OneDrive/UDITO/udito/ROS/ros2_ws/build/ldlidar_node', 'catkin_cmake_args': None, 'catkin_skip_building_tests': False, 'cmake_args': ['-DCMAKE_BUILD_TYPE=Release'], 'cmake_clean_cache': False, 'cmake_clean_first': False, 'cmake_force_configure': False, 'cmake_target': None, 'cmake_target_skip_unavailable': False, 'install_base': '/home/udito/OneDrive/UDITO/udito/ROS/ros2_ws/install/ldlidar_node', 'merge_install': False, 'path': '/home/udito/OneDrive/UDITO/udito/ROS/ros2_ws/src/ldrobot-lidar-ros2/ldlidar_node', 'symlink_install': True, 'test_result_base': None}
[0.566s] Level 5:colcon.colcon_core.verb:set package 'ldlidar' build argument 'cmake_args' from command line to '['-DCMAKE_BUILD_TYPE=Release']'
[0.566s] Level 5:colcon.colcon_core.verb:set package 'ldlidar' build argument 'cmake_target' from command line to 'None'
[0.566s] Level 5:colcon.colcon_core.verb:set package 'ldlidar' build argument 'cmake_target_skip_unavailable' from command line to 'False'
[0.566s] Level 5:colcon.colcon_core.verb:set package 'ldlidar' build argument 'cmake_clean_cache' from command line to 'False'
[0.566s] Level 5:colcon.colcon_core.verb:set package 'ldlidar' build argument 'cmake_clean_first' from command line to 'False'
[0.566s] Level 5:colcon.colcon_core.verb:set package 'ldlidar' build argument 'cmake_force_configure' from command line to 'False'
[0.566s] Level 5:colcon.colcon_core.verb:set package 'ldlidar' build argument 'ament_cmake_args' from command line to 'None'
[0.566s] Level 5:colcon.colcon_core.verb:set package 'ldlidar' build argument 'catkin_cmake_args' from command line to 'None'
[0.566s] Level 5:colcon.colcon_core.verb:set package 'ldlidar' build argument 'catkin_skip_building_tests' from command line to 'False'
[0.566s] DEBUG:colcon.colcon_core.verb:Building package 'ldlidar' with the following arguments: {'ament_cmake_args': None, 'build_base': '/home/udito/OneDrive/UDITO/udito/ROS/ros2_ws/build/ldlidar', 'catkin_cmake_args': None, 'catkin_skip_building_tests': False, 'cmake_args': ['-DCMAKE_BUILD_TYPE=Release'], 'cmake_clean_cache': False, 'cmake_clean_first': False, 'cmake_force_configure': False, 'cmake_target': None, 'cmake_target_skip_unavailable': False, 'install_base': '/home/udito/OneDrive/UDITO/udito/ROS/ros2_ws/install/ldlidar', 'merge_install': False, 'path': '/home/udito/OneDrive/UDITO/udito/ROS/ros2_ws/src/ldrobot-lidar-ros2/ldlidar', 'symlink_install': True, 'test_result_base': None}
[0.566s] INFO:colcon.colcon_core.executor:Executing jobs using 'parallel' executor
[0.568s] DEBUG:colcon.colcon_parallel_executor.executor.parallel:run_until_complete
[0.568s] INFO:colcon.colcon_ros.task.ament_cmake.build:Building ROS package in '/home/udito/OneDrive/UDITO/udito/ROS/ros2_ws/src/ldrobot-lidar-ros2/ldlidar_component' with build type 'ament_cmake'
[0.568s] INFO:colcon.colcon_cmake.task.cmake.build:Building CMake package in '/home/udito/OneDrive/UDITO/udito/ROS/ros2_ws/src/ldrobot-lidar-ros2/ldlidar_component'
[0.571s] INFO:colcon.colcon_core.plugin_system:Skipping extension 'colcon_core.shell.bat': Not used on non-Windows systems
[0.571s] INFO:colcon.colcon_core.shell:Skip shell extension 'powershell' for command environment: Not usable outside of PowerShell
[0.571s] DEBUG:colcon.colcon_core.shell:Skip shell extension 'dsv' for command environment
[0.582s] DEBUG:colcon.colcon_core.event_handler.log_command:Invoking command in '/home/udito/OneDrive/UDITO/udito/ROS/ros2_ws/build/ldlidar_component': CMAKE_PREFIX_PATH=/opt/ros/humble PS1=(python-3.9.21) \[\e]0;\u@\h: \w\a\]${debian_chroot:+($debian_chroot)}\[\033[01;32m\]\u@\h\[\033[00m\]:\[\033[01;34m\]\w\[\033[00m\]\$ VIRTUAL_ENV_PROMPT=(python-3.9.21) /usr/bin/cmake /home/udito/OneDrive/UDITO/udito/ROS/ros2_ws/src/ldrobot-lidar-ros2/ldlidar_component -DCMAKE_BUILD_TYPE=Release -DAMENT_CMAKE_SYMLINK_INSTALL=1 -DCMAKE_INSTALL_PREFIX=/home/udito/OneDrive/UDITO/udito/ROS/ros2_ws/install/ldlidar_component
[2.627s] DEBUG:colcon.colcon_core.event_handler.log_command:Invoked command in '/home/udito/OneDrive/UDITO/udito/ROS/ros2_ws/build/ldlidar_component' returned '0': CMAKE_PREFIX_PATH=/opt/ros/humble PS1=(python-3.9.21) \[\e]0;\u@\h: \w\a\]${debian_chroot:+($debian_chroot)}\[\033[01;32m\]\u@\h\[\033[00m\]:\[\033[01;34m\]\w\[\033[00m\]\$ VIRTUAL_ENV_PROMPT=(python-3.9.21) /usr/bin/cmake /home/udito/OneDrive/UDITO/udito/ROS/ros2_ws/src/ldrobot-lidar-ros2/ldlidar_component -DCMAKE_BUILD_TYPE=Release -DAMENT_CMAKE_SYMLINK_INSTALL=1 -DCMAKE_INSTALL_PREFIX=/home/udito/OneDrive/UDITO/udito/ROS/ros2_ws/install/ldlidar_component
[2.630s] DEBUG:colcon.colcon_core.event_handler.log_command:Invoking command in '/home/udito/OneDrive/UDITO/udito/ROS/ros2_ws/build/ldlidar_component': CMAKE_PREFIX_PATH=/opt/ros/humble PS1=(python-3.9.21) \[\e]0;\u@\h: \w\a\]${debian_chroot:+($debian_chroot)}\[\033[01;32m\]\u@\h\[\033[00m\]:\[\033[01;34m\]\w\[\033[00m\]\$ VIRTUAL_ENV_PROMPT=(python-3.9.21) /usr/bin/cmake --build /home/udito/OneDrive/UDITO/udito/ROS/ros2_ws/build/ldlidar_component -- -j2 -l2
[20.746s] DEBUG:colcon.colcon_core.event_handler.log_command:Invoked command in '/home/udito/OneDrive/UDITO/udito/ROS/ros2_ws/build/ldlidar_component' returned '0': CMAKE_PREFIX_PATH=/opt/ros/humble PS1=(python-3.9.21) \[\e]0;\u@\h: \w\a\]${debian_chroot:+($debian_chroot)}\[\033[01;32m\]\u@\h\[\033[00m\]:\[\033[01;34m\]\w\[\033[00m\]\$ VIRTUAL_ENV_PROMPT=(python-3.9.21) /usr/bin/cmake --build /home/udito/OneDrive/UDITO/udito/ROS/ros2_ws/build/ldlidar_component -- -j2 -l2
[20.760s] DEBUG:colcon.colcon_core.event_handler.log_command:Invoking command in '/home/udito/OneDrive/UDITO/udito/ROS/ros2_ws/build/ldlidar_component': CMAKE_PREFIX_PATH=/opt/ros/humble PS1=(python-3.9.21) \[\e]0;\u@\h: \w\a\]${debian_chroot:+($debian_chroot)}\[\033[01;32m\]\u@\h\[\033[00m\]:\[\033[01;34m\]\w\[\033[00m\]\$ VIRTUAL_ENV_PROMPT=(python-3.9.21) /usr/bin/cmake --install /home/udito/OneDrive/UDITO/udito/ROS/ros2_ws/build/ldlidar_component
[21.133s] Level 1:colcon.colcon_core.environment:create_environment_scripts_only(ldlidar_component)
[21.134s] DEBUG:colcon.colcon_core.event_handler.log_command:Invoked command in '/home/udito/OneDrive/UDITO/udito/ROS/ros2_ws/build/ldlidar_component' returned '0': CMAKE_PREFIX_PATH=/opt/ros/humble PS1=(python-3.9.21) \[\e]0;\u@\h: \w\a\]${debian_chroot:+($debian_chroot)}\[\033[01;32m\]\u@\h\[\033[00m\]:\[\033[01;34m\]\w\[\033[00m\]\$ VIRTUAL_ENV_PROMPT=(python-3.9.21) /usr/bin/cmake --install /home/udito/OneDrive/UDITO/udito/ROS/ros2_ws/build/ldlidar_component
[21.136s] Level 1:colcon.colcon_core.environment:checking '/home/udito/OneDrive/UDITO/udito/ROS/ros2_ws/install/ldlidar_component' for CMake module files
[21.137s] Level 1:colcon.colcon_core.environment:checking '/home/udito/OneDrive/UDITO/udito/ROS/ros2_ws/install/ldlidar_component' for CMake config files
[21.138s] Level 1:colcon.colcon_core.shell:create_environment_hook('ldlidar_component', 'cmake_prefix_path')
[21.138s] INFO:colcon.colcon_core.shell:Creating environment hook '/home/udito/OneDrive/UDITO/udito/ROS/ros2_ws/install/ldlidar_component/share/ldlidar_component/hook/cmake_prefix_path.ps1'
[21.147s] INFO:colcon.colcon_core.shell:Creating environment descriptor '/home/udito/OneDrive/UDITO/udito/ROS/ros2_ws/install/ldlidar_component/share/ldlidar_component/hook/cmake_prefix_path.dsv'
[21.166s] INFO:colcon.colcon_core.shell:Creating environment hook '/home/udito/OneDrive/UDITO/udito/ROS/ros2_ws/install/ldlidar_component/share/ldlidar_component/hook/cmake_prefix_path.sh'
[21.170s] Level 1:colcon.colcon_core.environment:checking '/home/udito/OneDrive/UDITO/udito/ROS/ros2_ws/install/ldlidar_component/lib'
[21.171s] Level 1:colcon.colcon_core.shell:create_environment_hook('ldlidar_component', 'ld_library_path_lib')
[21.172s] INFO:colcon.colcon_core.shell:Creating environment hook '/home/udito/OneDrive/UDITO/udito/ROS/ros2_ws/install/ldlidar_component/share/ldlidar_component/hook/ld_library_path_lib.ps1'
[21.173s] INFO:colcon.colcon_core.shell:Creating environment descriptor '/home/udito/OneDrive/UDITO/udito/ROS/ros2_ws/install/ldlidar_component/share/ldlidar_component/hook/ld_library_path_lib.dsv'
[21.174s] INFO:colcon.colcon_core.shell:Creating environment hook '/home/udito/OneDrive/UDITO/udito/ROS/ros2_ws/install/ldlidar_component/share/ldlidar_component/hook/ld_library_path_lib.sh'
[21.176s] Level 1:colcon.colcon_core.environment:checking '/home/udito/OneDrive/UDITO/udito/ROS/ros2_ws/install/ldlidar_component/bin'
[21.176s] Level 1:colcon.colcon_core.environment:checking '/home/udito/OneDrive/UDITO/udito/ROS/ros2_ws/install/ldlidar_component/lib/pkgconfig/ldlidar_component.pc'
[21.177s] Level 1:colcon.colcon_core.environment:checking '/home/udito/OneDrive/UDITO/udito/ROS/ros2_ws/install/ldlidar_component/lib/python3.10/site-packages'
[21.178s] Level 1:colcon.colcon_core.environment:checking '/home/udito/OneDrive/UDITO/udito/ROS/ros2_ws/install/ldlidar_component/bin'
[21.180s] INFO:colcon.colcon_core.shell:Creating package script '/home/udito/OneDrive/UDITO/udito/ROS/ros2_ws/install/ldlidar_component/share/ldlidar_component/package.ps1'
[21.183s] INFO:colcon.colcon_core.shell:Creating package descriptor '/home/udito/OneDrive/UDITO/udito/ROS/ros2_ws/install/ldlidar_component/share/ldlidar_component/package.dsv'
[21.186s] INFO:colcon.colcon_core.shell:Creating package script '/home/udito/OneDrive/UDITO/udito/ROS/ros2_ws/install/ldlidar_component/share/ldlidar_component/package.sh'
[21.187s] INFO:colcon.colcon_core.shell:Creating package script '/home/udito/OneDrive/UDITO/udito/ROS/ros2_ws/install/ldlidar_component/share/ldlidar_component/package.bash'
[21.188s] INFO:colcon.colcon_core.shell:Creating package script '/home/udito/OneDrive/UDITO/udito/ROS/ros2_ws/install/ldlidar_component/share/ldlidar_component/package.zsh'
[21.189s] Level 1:colcon.colcon_core.environment:create_file_with_runtime_dependencies(/home/udito/OneDrive/UDITO/udito/ROS/ros2_ws/install/ldlidar_component/share/colcon-core/packages/ldlidar_component)
[21.190s] Level 1:colcon.colcon_core.environment:create_environment_scripts_only(ldlidar_component)
[21.190s] Level 1:colcon.colcon_core.environment:checking '/home/udito/OneDrive/UDITO/udito/ROS/ros2_ws/install/ldlidar_component' for CMake module files
[21.191s] Level 1:colcon.colcon_core.environment:checking '/home/udito/OneDrive/UDITO/udito/ROS/ros2_ws/install/ldlidar_component' for CMake config files
[21.191s] Level 1:colcon.colcon_core.shell:create_environment_hook('ldlidar_component', 'cmake_prefix_path')
[21.191s] INFO:colcon.colcon_core.shell:Creating environment hook '/home/udito/OneDrive/UDITO/udito/ROS/ros2_ws/install/ldlidar_component/share/ldlidar_component/hook/cmake_prefix_path.ps1'
[21.192s] INFO:colcon.colcon_core.shell:Creating environment descriptor '/home/udito/OneDrive/UDITO/udito/ROS/ros2_ws/install/ldlidar_component/share/ldlidar_component/hook/cmake_prefix_path.dsv'
[21.192s] INFO:colcon.colcon_core.shell:Creating environment hook '/home/udito/OneDrive/UDITO/udito/ROS/ros2_ws/install/ldlidar_component/share/ldlidar_component/hook/cmake_prefix_path.sh'
[21.193s] Level 1:colcon.colcon_core.environment:checking '/home/udito/OneDrive/UDITO/udito/ROS/ros2_ws/install/ldlidar_component/lib'
[21.193s] Level 1:colcon.colcon_core.shell:create_environment_hook('ldlidar_component', 'ld_library_path_lib')
[21.194s] INFO:colcon.colcon_core.shell:Creating environment hook '/home/udito/OneDrive/UDITO/udito/ROS/ros2_ws/install/ldlidar_component/share/ldlidar_component/hook/ld_library_path_lib.ps1'
[21.194s] INFO:colcon.colcon_core.shell:Creating environment descriptor '/home/udito/OneDrive/UDITO/udito/ROS/ros2_ws/install/ldlidar_component/share/ldlidar_component/hook/ld_library_path_lib.dsv'
[21.194s] INFO:colcon.colcon_core.shell:Creating environment hook '/home/udito/OneDrive/UDITO/udito/ROS/ros2_ws/install/ldlidar_component/share/ldlidar_component/hook/ld_library_path_lib.sh'
[21.195s] Level 1:colcon.colcon_core.environment:checking '/home/udito/OneDrive/UDITO/udito/ROS/ros2_ws/install/ldlidar_component/bin'
[21.195s] Level 1:colcon.colcon_core.environment:checking '/home/udito/OneDrive/UDITO/udito/ROS/ros2_ws/install/ldlidar_component/lib/pkgconfig/ldlidar_component.pc'
[21.196s] Level 1:colcon.colcon_core.environment:checking '/home/udito/OneDrive/UDITO/udito/ROS/ros2_ws/install/ldlidar_component/lib/python3.10/site-packages'
[21.196s] Level 1:colcon.colcon_core.environment:checking '/home/udito/OneDrive/UDITO/udito/ROS/ros2_ws/install/ldlidar_component/bin'
[21.197s] INFO:colcon.colcon_core.shell:Creating package script '/home/udito/OneDrive/UDITO/udito/ROS/ros2_ws/install/ldlidar_component/share/ldlidar_component/package.ps1'
[21.197s] INFO:colcon.colcon_core.shell:Creating package descriptor '/home/udito/OneDrive/UDITO/udito/ROS/ros2_ws/install/ldlidar_component/share/ldlidar_component/package.dsv'
[21.198s] INFO:colcon.colcon_core.shell:Creating package script '/home/udito/OneDrive/UDITO/udito/ROS/ros2_ws/install/ldlidar_component/share/ldlidar_component/package.sh'
[21.199s] INFO:colcon.colcon_core.shell:Creating package script '/home/udito/OneDrive/UDITO/udito/ROS/ros2_ws/install/ldlidar_component/share/ldlidar_component/package.bash'
[21.199s] INFO:colcon.colcon_core.shell:Creating package script '/home/udito/OneDrive/UDITO/udito/ROS/ros2_ws/install/ldlidar_component/share/ldlidar_component/package.zsh'
[21.200s] Level 1:colcon.colcon_core.environment:create_file_with_runtime_dependencies(/home/udito/OneDrive/UDITO/udito/ROS/ros2_ws/install/ldlidar_component/share/colcon-core/packages/ldlidar_component)
[21.200s] INFO:colcon.colcon_ros.task.ament_cmake.build:Building ROS package in '/home/udito/OneDrive/UDITO/udito/ROS/ros2_ws/src/ldrobot-lidar-ros2/ldlidar_node' with build type 'ament_cmake'
[21.200s] INFO:colcon.colcon_cmake.task.cmake.build:Building CMake package in '/home/udito/OneDrive/UDITO/udito/ROS/ros2_ws/src/ldrobot-lidar-ros2/ldlidar_node'
[21.200s] INFO:colcon.colcon_core.shell:Skip shell extension 'powershell' for command environment: Not usable outside of PowerShell
[21.201s] DEBUG:colcon.colcon_core.shell:Skip shell extension 'dsv' for command environment
[21.212s] DEBUG:colcon.colcon_core.event_handler.log_command:Invoking command in '/home/udito/OneDrive/UDITO/udito/ROS/ros2_ws/build/ldlidar_node': AMENT_PREFIX_PATH=/home/udito/OneDrive/UDITO/udito/ROS/ros2_ws/install/ldlidar_component:${AMENT_PREFIX_PATH} CMAKE_PREFIX_PATH=/home/udito/OneDrive/UDITO/udito/ROS/ros2_ws/install/ldlidar_component:/opt/ros/humble LD_LIBRARY_PATH=/home/udito/OneDrive/UDITO/udito/ROS/ros2_ws/install/ldlidar_component/lib:${LD_LIBRARY_PATH} PS1=(python-3.9.21) \[\e]0;\u@\h: \w\a\]${debian_chroot:+($debian_chroot)}\[\033[01;32m\]\u@\h\[\033[00m\]:\[\033[01;34m\]\w\[\033[00m\]\$ VIRTUAL_ENV_PROMPT=(python-3.9.21) /usr/bin/cmake /home/udito/OneDrive/UDITO/udito/ROS/ros2_ws/src/ldrobot-lidar-ros2/ldlidar_node -DCMAKE_BUILD_TYPE=Release -DAMENT_CMAKE_SYMLINK_INSTALL=1 -DCMAKE_INSTALL_PREFIX=/home/udito/OneDrive/UDITO/udito/ROS/ros2_ws/install/ldlidar_node
[23.725s] DEBUG:colcon.colcon_core.event_handler.log_command:Invoked command in '/home/udito/OneDrive/UDITO/udito/ROS/ros2_ws/build/ldlidar_node' returned '0': AMENT_PREFIX_PATH=/home/udito/OneDrive/UDITO/udito/ROS/ros2_ws/install/ldlidar_component:${AMENT_PREFIX_PATH} CMAKE_PREFIX_PATH=/home/udito/OneDrive/UDITO/udito/ROS/ros2_ws/install/ldlidar_component:/opt/ros/humble LD_LIBRARY_PATH=/home/udito/OneDrive/UDITO/udito/ROS/ros2_ws/install/ldlidar_component/lib:${LD_LIBRARY_PATH} PS1=(python-3.9.21) \[\e]0;\u@\h: \w\a\]${debian_chroot:+($debian_chroot)}\[\033[01;32m\]\u@\h\[\033[00m\]:\[\033[01;34m\]\w\[\033[00m\]\$ VIRTUAL_ENV_PROMPT=(python-3.9.21) /usr/bin/cmake /home/udito/OneDrive/UDITO/udito/ROS/ros2_ws/src/ldrobot-lidar-ros2/ldlidar_node -DCMAKE_BUILD_TYPE=Release -DAMENT_CMAKE_SYMLINK_INSTALL=1 -DCMAKE_INSTALL_PREFIX=/home/udito/OneDrive/UDITO/udito/ROS/ros2_ws/install/ldlidar_node
[23.726s] DEBUG:colcon.colcon_core.event_handler.log_command:Invoking command in '/home/udito/OneDrive/UDITO/udito/ROS/ros2_ws/build/ldlidar_node': AMENT_PREFIX_PATH=/home/udito/OneDrive/UDITO/udito/ROS/ros2_ws/install/ldlidar_component:${AMENT_PREFIX_PATH} CMAKE_PREFIX_PATH=/home/udito/OneDrive/UDITO/udito/ROS/ros2_ws/install/ldlidar_component:/opt/ros/humble LD_LIBRARY_PATH=/home/udito/OneDrive/UDITO/udito/ROS/ros2_ws/install/ldlidar_component/lib:${LD_LIBRARY_PATH} PS1=(python-3.9.21) \[\e]0;\u@\h: \w\a\]${debian_chroot:+($debian_chroot)}\[\033[01;32m\]\u@\h\[\033[00m\]:\[\033[01;34m\]\w\[\033[00m\]\$ VIRTUAL_ENV_PROMPT=(python-3.9.21) /usr/bin/cmake --build /home/udito/OneDrive/UDITO/udito/ROS/ros2_ws/build/ldlidar_node -- -j2 -l2
[29.324s] DEBUG:colcon.colcon_core.event_handler.log_command:Invoked command in '/home/udito/OneDrive/UDITO/udito/ROS/ros2_ws/build/ldlidar_node' returned '0': AMENT_PREFIX_PATH=/home/udito/OneDrive/UDITO/udito/ROS/ros2_ws/install/ldlidar_component:${AMENT_PREFIX_PATH} CMAKE_PREFIX_PATH=/home/udito/OneDrive/UDITO/udito/ROS/ros2_ws/install/ldlidar_component:/opt/ros/humble LD_LIBRARY_PATH=/home/udito/OneDrive/UDITO/udito/ROS/ros2_ws/install/ldlidar_component/lib:${LD_LIBRARY_PATH} PS1=(python-3.9.21) \[\e]0;\u@\h: \w\a\]${debian_chroot:+($debian_chroot)}\[\033[01;32m\]\u@\h\[\033[00m\]:\[\033[01;34m\]\w\[\033[00m\]\$ VIRTUAL_ENV_PROMPT=(python-3.9.21) /usr/bin/cmake --build /home/udito/OneDrive/UDITO/udito/ROS/ros2_ws/build/ldlidar_node -- -j2 -l2
[29.326s] DEBUG:colcon.colcon_core.event_handler.log_command:Invoking command in '/home/udito/OneDrive/UDITO/udito/ROS/ros2_ws/build/ldlidar_node': AMENT_PREFIX_PATH=/home/udito/OneDrive/UDITO/udito/ROS/ros2_ws/install/ldlidar_component:${AMENT_PREFIX_PATH} CMAKE_PREFIX_PATH=/home/udito/OneDrive/UDITO/udito/ROS/ros2_ws/install/ldlidar_component:/opt/ros/humble LD_LIBRARY_PATH=/home/udito/OneDrive/UDITO/udito/ROS/ros2_ws/install/ldlidar_component/lib:${LD_LIBRARY_PATH} PS1=(python-3.9.21) \[\e]0;\u@\h: \w\a\]${debian_chroot:+($debian_chroot)}\[\033[01;32m\]\u@\h\[\033[00m\]:\[\033[01;34m\]\w\[\033[00m\]\$ VIRTUAL_ENV_PROMPT=(python-3.9.21) /usr/bin/cmake --install /home/udito/OneDrive/UDITO/udito/ROS/ros2_ws/build/ldlidar_node
[29.669s] Level 1:colcon.colcon_core.environment:create_environment_scripts_only(ldlidar_node)
[29.669s] DEBUG:colcon.colcon_core.event_handler.log_command:Invoked command in '/home/udito/OneDrive/UDITO/udito/ROS/ros2_ws/build/ldlidar_node' returned '0': AMENT_PREFIX_PATH=/home/udito/OneDrive/UDITO/udito/ROS/ros2_ws/install/ldlidar_component:${AMENT_PREFIX_PATH} CMAKE_PREFIX_PATH=/home/udito/OneDrive/UDITO/udito/ROS/ros2_ws/install/ldlidar_component:/opt/ros/humble LD_LIBRARY_PATH=/home/udito/OneDrive/UDITO/udito/ROS/ros2_ws/install/ldlidar_component/lib:${LD_LIBRARY_PATH} PS1=(python-3.9.21) \[\e]0;\u@\h: \w\a\]${debian_chroot:+($debian_chroot)}\[\033[01;32m\]\u@\h\[\033[00m\]:\[\033[01;34m\]\w\[\033[00m\]\$ VIRTUAL_ENV_PROMPT=(python-3.9.21) /usr/bin/cmake --install /home/udito/OneDrive/UDITO/udito/ROS/ros2_ws/build/ldlidar_node
[29.670s] Level 1:colcon.colcon_core.environment:checking '/home/udito/OneDrive/UDITO/udito/ROS/ros2_ws/install/ldlidar_node' for CMake module files
[29.671s] Level 1:colcon.colcon_core.environment:checking '/home/udito/OneDrive/UDITO/udito/ROS/ros2_ws/install/ldlidar_node' for CMake config files
[29.671s] Level 1:colcon.colcon_core.shell:create_environment_hook('ldlidar_node', 'cmake_prefix_path')
[29.671s] INFO:colcon.colcon_core.shell:Creating environment hook '/home/udito/OneDrive/UDITO/udito/ROS/ros2_ws/install/ldlidar_node/share/ldlidar_node/hook/cmake_prefix_path.ps1'
[29.672s] INFO:colcon.colcon_core.shell:Creating environment descriptor '/home/udito/OneDrive/UDITO/udito/ROS/ros2_ws/install/ldlidar_node/share/ldlidar_node/hook/cmake_prefix_path.dsv'
[29.672s] INFO:colcon.colcon_core.shell:Creating environment hook '/home/udito/OneDrive/UDITO/udito/ROS/ros2_ws/install/ldlidar_node/share/ldlidar_node/hook/cmake_prefix_path.sh'
[29.673s] Level 1:colcon.colcon_core.environment:checking '/home/udito/OneDrive/UDITO/udito/ROS/ros2_ws/install/ldlidar_node/lib'
[29.673s] Level 1:colcon.colcon_core.environment:checking '/home/udito/OneDrive/UDITO/udito/ROS/ros2_ws/install/ldlidar_node/bin'
[29.673s] Level 1:colcon.colcon_core.environment:checking '/home/udito/OneDrive/UDITO/udito/ROS/ros2_ws/install/ldlidar_node/lib/pkgconfig/ldlidar_node.pc'
[29.673s] Level 1:colcon.colcon_core.environment:checking '/home/udito/OneDrive/UDITO/udito/ROS/ros2_ws/install/ldlidar_node/lib/python3.10/site-packages'
[29.674s] Level 1:colcon.colcon_core.environment:checking '/home/udito/OneDrive/UDITO/udito/ROS/ros2_ws/install/ldlidar_node/bin'
[29.674s] INFO:colcon.colcon_core.shell:Creating package script '/home/udito/OneDrive/UDITO/udito/ROS/ros2_ws/install/ldlidar_node/share/ldlidar_node/package.ps1'
[29.675s] INFO:colcon.colcon_core.shell:Creating package descriptor '/home/udito/OneDrive/UDITO/udito/ROS/ros2_ws/install/ldlidar_node/share/ldlidar_node/package.dsv'
[29.675s] INFO:colcon.colcon_core.shell:Creating package script '/home/udito/OneDrive/UDITO/udito/ROS/ros2_ws/install/ldlidar_node/share/ldlidar_node/package.sh'
[29.676s] INFO:colcon.colcon_core.shell:Creating package script '/home/udito/OneDrive/UDITO/udito/ROS/ros2_ws/install/ldlidar_node/share/ldlidar_node/package.bash'
[29.676s] INFO:colcon.colcon_core.shell:Creating package script '/home/udito/OneDrive/UDITO/udito/ROS/ros2_ws/install/ldlidar_node/share/ldlidar_node/package.zsh'
[29.677s] Level 1:colcon.colcon_core.environment:create_file_with_runtime_dependencies(/home/udito/OneDrive/UDITO/udito/ROS/ros2_ws/install/ldlidar_node/share/colcon-core/packages/ldlidar_node)
[29.677s] Level 1:colcon.colcon_core.environment:create_environment_scripts_only(ldlidar_node)
[29.678s] Level 1:colcon.colcon_core.environment:checking '/home/udito/OneDrive/UDITO/udito/ROS/ros2_ws/install/ldlidar_node' for CMake module files
[29.678s] Level 1:colcon.colcon_core.environment:checking '/home/udito/OneDrive/UDITO/udito/ROS/ros2_ws/install/ldlidar_node' for CMake config files
[29.679s] Level 1:colcon.colcon_core.shell:create_environment_hook('ldlidar_node', 'cmake_prefix_path')
[29.679s] INFO:colcon.colcon_core.shell:Creating environment hook '/home/udito/OneDrive/UDITO/udito/ROS/ros2_ws/install/ldlidar_node/share/ldlidar_node/hook/cmake_prefix_path.ps1'
[29.679s] INFO:colcon.colcon_core.shell:Creating environment descriptor '/home/udito/OneDrive/UDITO/udito/ROS/ros2_ws/install/ldlidar_node/share/ldlidar_node/hook/cmake_prefix_path.dsv'
[29.680s] INFO:colcon.colcon_core.shell:Creating environment hook '/home/udito/OneDrive/UDITO/udito/ROS/ros2_ws/install/ldlidar_node/share/ldlidar_node/hook/cmake_prefix_path.sh'
[29.680s] Level 1:colcon.colcon_core.environment:checking '/home/udito/OneDrive/UDITO/udito/ROS/ros2_ws/install/ldlidar_node/lib'
[29.681s] Level 1:colcon.colcon_core.environment:checking '/home/udito/OneDrive/UDITO/udito/ROS/ros2_ws/install/ldlidar_node/bin'
[29.681s] Level 1:colcon.colcon_core.environment:checking '/home/udito/OneDrive/UDITO/udito/ROS/ros2_ws/install/ldlidar_node/lib/pkgconfig/ldlidar_node.pc'
[29.681s] Level 1:colcon.colcon_core.environment:checking '/home/udito/OneDrive/UDITO/udito/ROS/ros2_ws/install/ldlidar_node/lib/python3.10/site-packages'
[29.681s] Level 1:colcon.colcon_core.environment:checking '/home/udito/OneDrive/UDITO/udito/ROS/ros2_ws/install/ldlidar_node/bin'
[29.682s] INFO:colcon.colcon_core.shell:Creating package script '/home/udito/OneDrive/UDITO/udito/ROS/ros2_ws/install/ldlidar_node/share/ldlidar_node/package.ps1'
[29.682s] INFO:colcon.colcon_core.shell:Creating package descriptor '/home/udito/OneDrive/UDITO/udito/ROS/ros2_ws/install/ldlidar_node/share/ldlidar_node/package.dsv'
[29.683s] INFO:colcon.colcon_core.shell:Creating package script '/home/udito/OneDrive/UDITO/udito/ROS/ros2_ws/install/ldlidar_node/share/ldlidar_node/package.sh'
[29.683s] INFO:colcon.colcon_core.shell:Creating package script '/home/udito/OneDrive/UDITO/udito/ROS/ros2_ws/install/ldlidar_node/share/ldlidar_node/package.bash'
[29.684s] INFO:colcon.colcon_core.shell:Creating package script '/home/udito/OneDrive/UDITO/udito/ROS/ros2_ws/install/ldlidar_node/share/ldlidar_node/package.zsh'
[29.685s] Level 1:colcon.colcon_core.environment:create_file_with_runtime_dependencies(/home/udito/OneDrive/UDITO/udito/ROS/ros2_ws/install/ldlidar_node/share/colcon-core/packages/ldlidar_node)
[29.685s] INFO:colcon.colcon_ros.task.ament_cmake.build:Building ROS package in '/home/udito/OneDrive/UDITO/udito/ROS/ros2_ws/src/ldrobot-lidar-ros2/ldlidar' with build type 'ament_cmake'
[29.685s] INFO:colcon.colcon_cmake.task.cmake.build:Building CMake package in '/home/udito/OneDrive/UDITO/udito/ROS/ros2_ws/src/ldrobot-lidar-ros2/ldlidar'
[29.685s] INFO:colcon.colcon_core.shell:Skip shell extension 'powershell' for command environment: Not usable outside of PowerShell
[29.686s] DEBUG:colcon.colcon_core.shell:Skip shell extension 'dsv' for command environment
[29.697s] DEBUG:colcon.colcon_core.event_handler.log_command:Invoking command in '/home/udito/OneDrive/UDITO/udito/ROS/ros2_ws/build/ldlidar': AMENT_PREFIX_PATH=/home/udito/OneDrive/UDITO/udito/ROS/ros2_ws/install/ldlidar_node:/home/udito/OneDrive/UDITO/udito/ROS/ros2_ws/install/ldlidar_component:${AMENT_PREFIX_PATH} CMAKE_PREFIX_PATH=/home/udito/OneDrive/UDITO/udito/ROS/ros2_ws/install/ldlidar_node:/home/udito/OneDrive/UDITO/udito/ROS/ros2_ws/install/ldlidar_component:/opt/ros/humble LD_LIBRARY_PATH=/home/udito/OneDrive/UDITO/udito/ROS/ros2_ws/install/ldlidar_component/lib:${LD_LIBRARY_PATH} PS1=(python-3.9.21) \[\e]0;\u@\h: \w\a\]${debian_chroot:+($debian_chroot)}\[\033[01;32m\]\u@\h\[\033[00m\]:\[\033[01;34m\]\w\[\033[00m\]\$ VIRTUAL_ENV_PROMPT=(python-3.9.21) /usr/bin/cmake /home/udito/OneDrive/UDITO/udito/ROS/ros2_ws/src/ldrobot-lidar-ros2/ldlidar -DCMAKE_BUILD_TYPE=Release -DAMENT_CMAKE_SYMLINK_INSTALL=1 -DCMAKE_INSTALL_PREFIX=/home/udito/OneDrive/UDITO/udito/ROS/ros2_ws/install/ldlidar
[30.471s] DEBUG:colcon.colcon_core.event_handler.log_command:Invoked command in '/home/udito/OneDrive/UDITO/udito/ROS/ros2_ws/build/ldlidar' returned '0': AMENT_PREFIX_PATH=/home/udito/OneDrive/UDITO/udito/ROS/ros2_ws/install/ldlidar_node:/home/udito/OneDrive/UDITO/udito/ROS/ros2_ws/install/ldlidar_component:${AMENT_PREFIX_PATH} CMAKE_PREFIX_PATH=/home/udito/OneDrive/UDITO/udito/ROS/ros2_ws/install/ldlidar_node:/home/udito/OneDrive/UDITO/udito/ROS/ros2_ws/install/ldlidar_component:/opt/ros/humble LD_LIBRARY_PATH=/home/udito/OneDrive/UDITO/udito/ROS/ros2_ws/install/ldlidar_component/lib:${LD_LIBRARY_PATH} PS1=(python-3.9.21) \[\e]0;\u@\h: \w\a\]${debian_chroot:+($debian_chroot)}\[\033[01;32m\]\u@\h\[\033[00m\]:\[\033[01;34m\]\w\[\033[00m\]\$ VIRTUAL_ENV_PROMPT=(python-3.9.21) /usr/bin/cmake /home/udito/OneDrive/UDITO/udito/ROS/ros2_ws/src/ldrobot-lidar-ros2/ldlidar -DCMAKE_BUILD_TYPE=Release -DAMENT_CMAKE_SYMLINK_INSTALL=1 -DCMAKE_INSTALL_PREFIX=/home/udito/OneDrive/UDITO/udito/ROS/ros2_ws/install/ldlidar
[30.472s] DEBUG:colcon.colcon_core.event_handler.log_command:Invoking command in '/home/udito/OneDrive/UDITO/udito/ROS/ros2_ws/build/ldlidar': AMENT_PREFIX_PATH=/home/udito/OneDrive/UDITO/udito/ROS/ros2_ws/install/ldlidar_node:/home/udito/OneDrive/UDITO/udito/ROS/ros2_ws/install/ldlidar_component:${AMENT_PREFIX_PATH} CMAKE_PREFIX_PATH=/home/udito/OneDrive/UDITO/udito/ROS/ros2_ws/install/ldlidar_node:/home/udito/OneDrive/UDITO/udito/ROS/ros2_ws/install/ldlidar_component:/opt/ros/humble LD_LIBRARY_PATH=/home/udito/OneDrive/UDITO/udito/ROS/ros2_ws/install/ldlidar_component/lib:${LD_LIBRARY_PATH} PS1=(python-3.9.21) \[\e]0;\u@\h: \w\a\]${debian_chroot:+($debian_chroot)}\[\033[01;32m\]\u@\h\[\033[00m\]:\[\033[01;34m\]\w\[\033[00m\]\$ VIRTUAL_ENV_PROMPT=(python-3.9.21) /usr/bin/cmake --build /home/udito/OneDrive/UDITO/udito/ROS/ros2_ws/build/ldlidar -- -j2 -l2
[30.521s] DEBUG:colcon.colcon_core.event_handler.log_command:Invoked command in '/home/udito/OneDrive/UDITO/udito/ROS/ros2_ws/build/ldlidar' returned '0': AMENT_PREFIX_PATH=/home/udito/OneDrive/UDITO/udito/ROS/ros2_ws/install/ldlidar_node:/home/udito/OneDrive/UDITO/udito/ROS/ros2_ws/install/ldlidar_component:${AMENT_PREFIX_PATH} CMAKE_PREFIX_PATH=/home/udito/OneDrive/UDITO/udito/ROS/ros2_ws/install/ldlidar_node:/home/udito/OneDrive/UDITO/udito/ROS/ros2_ws/install/ldlidar_component:/opt/ros/humble LD_LIBRARY_PATH=/home/udito/OneDrive/UDITO/udito/ROS/ros2_ws/install/ldlidar_component/lib:${LD_LIBRARY_PATH} PS1=(python-3.9.21) \[\e]0;\u@\h: \w\a\]${debian_chroot:+($debian_chroot)}\[\033[01;32m\]\u@\h\[\033[00m\]:\[\033[01;34m\]\w\[\033[00m\]\$ VIRTUAL_ENV_PROMPT=(python-3.9.21) /usr/bin/cmake --build /home/udito/OneDrive/UDITO/udito/ROS/ros2_ws/build/ldlidar -- -j2 -l2
[30.522s] DEBUG:colcon.colcon_core.event_handler.log_command:Invoking command in '/home/udito/OneDrive/UDITO/udito/ROS/ros2_ws/build/ldlidar': AMENT_PREFIX_PATH=/home/udito/OneDrive/UDITO/udito/ROS/ros2_ws/install/ldlidar_node:/home/udito/OneDrive/UDITO/udito/ROS/ros2_ws/install/ldlidar_component:${AMENT_PREFIX_PATH} CMAKE_PREFIX_PATH=/home/udito/OneDrive/UDITO/udito/ROS/ros2_ws/install/ldlidar_node:/home/udito/OneDrive/UDITO/udito/ROS/ros2_ws/install/ldlidar_component:/opt/ros/humble LD_LIBRARY_PATH=/home/udito/OneDrive/UDITO/udito/ROS/ros2_ws/install/ldlidar_component/lib:${LD_LIBRARY_PATH} PS1=(python-3.9.21) \[\e]0;\u@\h: \w\a\]${debian_chroot:+($debian_chroot)}\[\033[01;32m\]\u@\h\[\033[00m\]:\[\033[01;34m\]\w\[\033[00m\]\$ VIRTUAL_ENV_PROMPT=(python-3.9.21) /usr/bin/cmake --install /home/udito/OneDrive/UDITO/udito/ROS/ros2_ws/build/ldlidar
[30.703s] Level 1:colcon.colcon_core.environment:create_environment_scripts_only(ldlidar)
[30.703s] Level 1:colcon.colcon_core.environment:checking '/home/udito/OneDrive/UDITO/udito/ROS/ros2_ws/install/ldlidar' for CMake module files
[30.704s] DEBUG:colcon.colcon_core.event_handler.log_command:Invoked command in '/home/udito/OneDrive/UDITO/udito/ROS/ros2_ws/build/ldlidar' returned '0': AMENT_PREFIX_PATH=/home/udito/OneDrive/UDITO/udito/ROS/ros2_ws/install/ldlidar_node:/home/udito/OneDrive/UDITO/udito/ROS/ros2_ws/install/ldlidar_component:${AMENT_PREFIX_PATH} CMAKE_PREFIX_PATH=/home/udito/OneDrive/UDITO/udito/ROS/ros2_ws/install/ldlidar_node:/home/udito/OneDrive/UDITO/udito/ROS/ros2_ws/install/ldlidar_component:/opt/ros/humble LD_LIBRARY_PATH=/home/udito/OneDrive/UDITO/udito/ROS/ros2_ws/install/ldlidar_component/lib:${LD_LIBRARY_PATH} PS1=(python-3.9.21) \[\e]0;\u@\h: \w\a\]${debian_chroot:+($debian_chroot)}\[\033[01;32m\]\u@\h\[\033[00m\]:\[\033[01;34m\]\w\[\033[00m\]\$ VIRTUAL_ENV_PROMPT=(python-3.9.21) /usr/bin/cmake --install /home/udito/OneDrive/UDITO/udito/ROS/ros2_ws/build/ldlidar
[30.704s] Level 1:colcon.colcon_core.environment:checking '/home/udito/OneDrive/UDITO/udito/ROS/ros2_ws/install/ldlidar' for CMake config files
[30.705s] Level 1:colcon.colcon_core.shell:create_environment_hook('ldlidar', 'cmake_prefix_path')
[30.705s] INFO:colcon.colcon_core.shell:Creating environment hook '/home/udito/OneDrive/UDITO/udito/ROS/ros2_ws/install/ldlidar/share/ldlidar/hook/cmake_prefix_path.ps1'
[30.706s] INFO:colcon.colcon_core.shell:Creating environment descriptor '/home/udito/OneDrive/UDITO/udito/ROS/ros2_ws/install/ldlidar/share/ldlidar/hook/cmake_prefix_path.dsv'
[30.706s] INFO:colcon.colcon_core.shell:Creating environment hook '/home/udito/OneDrive/UDITO/udito/ROS/ros2_ws/install/ldlidar/share/ldlidar/hook/cmake_prefix_path.sh'
[30.707s] Level 1:colcon.colcon_core.environment:checking '/home/udito/OneDrive/UDITO/udito/ROS/ros2_ws/install/ldlidar/bin'
[30.707s] Level 1:colcon.colcon_core.environment:checking '/home/udito/OneDrive/UDITO/udito/ROS/ros2_ws/install/ldlidar/lib/pkgconfig/ldlidar.pc'
[30.707s] Level 1:colcon.colcon_core.environment:checking '/home/udito/OneDrive/UDITO/udito/ROS/ros2_ws/install/ldlidar/lib/python3.10/site-packages'
[30.707s] Level 1:colcon.colcon_core.environment:checking '/home/udito/OneDrive/UDITO/udito/ROS/ros2_ws/install/ldlidar/bin'
[30.708s] INFO:colcon.colcon_core.shell:Creating package script '/home/udito/OneDrive/UDITO/udito/ROS/ros2_ws/install/ldlidar/share/ldlidar/package.ps1'
[30.708s] INFO:colcon.colcon_core.shell:Creating package descriptor '/home/udito/OneDrive/UDITO/udito/ROS/ros2_ws/install/ldlidar/share/ldlidar/package.dsv'
[30.709s] INFO:colcon.colcon_core.shell:Creating package script '/home/udito/OneDrive/UDITO/udito/ROS/ros2_ws/install/ldlidar/share/ldlidar/package.sh'
[30.709s] INFO:colcon.colcon_core.shell:Creating package script '/home/udito/OneDrive/UDITO/udito/ROS/ros2_ws/install/ldlidar/share/ldlidar/package.bash'
[30.710s] INFO:colcon.colcon_core.shell:Creating package script '/home/udito/OneDrive/UDITO/udito/ROS/ros2_ws/install/ldlidar/share/ldlidar/package.zsh'
[30.710s] Level 1:colcon.colcon_core.environment:create_file_with_runtime_dependencies(/home/udito/OneDrive/UDITO/udito/ROS/ros2_ws/install/ldlidar/share/colcon-core/packages/ldlidar)
[30.711s] Level 1:colcon.colcon_core.environment:create_environment_scripts_only(ldlidar)
[30.711s] Level 1:colcon.colcon_core.environment:checking '/home/udito/OneDrive/UDITO/udito/ROS/ros2_ws/install/ldlidar' for CMake module files
[30.712s] Level 1:colcon.colcon_core.environment:checking '/home/udito/OneDrive/UDITO/udito/ROS/ros2_ws/install/ldlidar' for CMake config files
[30.712s] Level 1:colcon.colcon_core.shell:create_environment_hook('ldlidar', 'cmake_prefix_path')
[30.713s] INFO:colcon.colcon_core.shell:Creating environment hook '/home/udito/OneDrive/UDITO/udito/ROS/ros2_ws/install/ldlidar/share/ldlidar/hook/cmake_prefix_path.ps1'
[30.713s] INFO:colcon.colcon_core.shell:Creating environment descriptor '/home/udito/OneDrive/UDITO/udito/ROS/ros2_ws/install/ldlidar/share/ldlidar/hook/cmake_prefix_path.dsv'
[30.714s] INFO:colcon.colcon_core.shell:Creating environment hook '/home/udito/OneDrive/UDITO/udito/ROS/ros2_ws/install/ldlidar/share/ldlidar/hook/cmake_prefix_path.sh'
[30.714s] Level 1:colcon.colcon_core.environment:checking '/home/udito/OneDrive/UDITO/udito/ROS/ros2_ws/install/ldlidar/bin'
[30.714s] Level 1:colcon.colcon_core.environment:checking '/home/udito/OneDrive/UDITO/udito/ROS/ros2_ws/install/ldlidar/lib/pkgconfig/ldlidar.pc'
[30.715s] Level 1:colcon.colcon_core.environment:checking '/home/udito/OneDrive/UDITO/udito/ROS/ros2_ws/install/ldlidar/lib/python3.10/site-packages'
[30.715s] Level 1:colcon.colcon_core.environment:checking '/home/udito/OneDrive/UDITO/udito/ROS/ros2_ws/install/ldlidar/bin'
[30.715s] INFO:colcon.colcon_core.shell:Creating package script '/home/udito/OneDrive/UDITO/udito/ROS/ros2_ws/install/ldlidar/share/ldlidar/package.ps1'
[30.716s] INFO:colcon.colcon_core.shell:Creating package descriptor '/home/udito/OneDrive/UDITO/udito/ROS/ros2_ws/install/ldlidar/share/ldlidar/package.dsv'
[30.717s] INFO:colcon.colcon_core.shell:Creating package script '/home/udito/OneDrive/UDITO/udito/ROS/ros2_ws/install/ldlidar/share/ldlidar/package.sh'
[30.718s] INFO:colcon.colcon_core.shell:Creating package script '/home/udito/OneDrive/UDITO/udito/ROS/ros2_ws/install/ldlidar/share/ldlidar/package.bash'
[30.719s] INFO:colcon.colcon_core.shell:Creating package script '/home/udito/OneDrive/UDITO/udito/ROS/ros2_ws/install/ldlidar/share/ldlidar/package.zsh'
[30.721s] Level 1:colcon.colcon_core.environment:create_file_with_runtime_dependencies(/home/udito/OneDrive/UDITO/udito/ROS/ros2_ws/install/ldlidar/share/colcon-core/packages/ldlidar)
[30.721s] DEBUG:colcon.colcon_parallel_executor.executor.parallel:closing loop
[30.722s] DEBUG:colcon.colcon_parallel_executor.executor.parallel:loop closed
[30.723s] DEBUG:colcon.colcon_parallel_executor.executor.parallel:run_until_complete finished with '0'
[30.723s] DEBUG:colcon.colcon_core.event_reactor:joining thread
[30.730s] INFO:colcon.colcon_core.plugin_system:Skipping extension 'colcon_notification.desktop_notification.terminal_notifier': Not used on non-Darwin systems
[30.730s] INFO:colcon.colcon_core.plugin_system:Skipping extension 'colcon_notification.desktop_notification.win32': Not used on non-Windows systems
[30.730s] INFO:colcon.colcon_notification.desktop_notification:Sending desktop notification using 'notify2'
[30.887s] DEBUG:colcon.colcon_core.event_reactor:joined thread
[30.887s] INFO:colcon.colcon_core.shell:Creating prefix script '/home/udito/OneDrive/UDITO/udito/ROS/ros2_ws/install/local_setup.ps1'
[30.889s] INFO:colcon.colcon_core.shell:Creating prefix util module '/home/udito/OneDrive/UDITO/udito/ROS/ros2_ws/install/_local_setup_util_ps1.py'
[30.891s] INFO:colcon.colcon_core.shell:Creating prefix chain script '/home/udito/OneDrive/UDITO/udito/ROS/ros2_ws/install/setup.ps1'
[30.892s] INFO:colcon.colcon_core.shell:Creating prefix script '/home/udito/OneDrive/UDITO/udito/ROS/ros2_ws/install/local_setup.sh'
[30.893s] INFO:colcon.colcon_core.shell:Creating prefix util module '/home/udito/OneDrive/UDITO/udito/ROS/ros2_ws/install/_local_setup_util_sh.py'
[30.894s] INFO:colcon.colcon_core.shell:Creating prefix chain script '/home/udito/OneDrive/UDITO/udito/ROS/ros2_ws/install/setup.sh'
[30.895s] INFO:colcon.colcon_core.shell:Creating prefix script '/home/udito/OneDrive/UDITO/udito/ROS/ros2_ws/install/local_setup.bash'
[30.896s] INFO:colcon.colcon_core.shell:Creating prefix chain script '/home/udito/OneDrive/UDITO/udito/ROS/ros2_ws/install/setup.bash'
[30.897s] INFO:colcon.colcon_core.shell:Creating prefix script '/home/udito/OneDrive/UDITO/udito/ROS/ros2_ws/install/local_setup.zsh'
[30.898s] INFO:colcon.colcon_core.shell:Creating prefix chain script '/home/udito/OneDrive/UDITO/udito/ROS/ros2_ws/install/setup.zsh'
