[0.010s] Invoking command in '/home/udito/OneDrive/UDITO/udito/ROS/ros2_ws/build/ldlidar_node': AMENT_PREFIX_PATH=/home/udito/OneDrive/UDITO/udito/ROS/ros2_ws/install/ldlidar_component:${AMENT_PREFIX_PATH} CMAKE_PREFIX_PATH=/home/udito/OneDrive/UDITO/udito/ROS/ros2_ws/install/ldlidar_component:/opt/ros/humble LD_LIBRARY_PATH=/home/udito/OneDrive/UDITO/udito/ROS/ros2_ws/install/ldlidar_component/lib:${LD_LIBRARY_PATH} PS1=(python-3.9.21) \[\e]0;\u@\h: \w\a\]${debian_chroot:+($debian_chroot)}\[\033[01;32m\]\u@\h\[\033[00m\]:\[\033[01;34m\]\w\[\033[00m\]\$ VIRTUAL_ENV_PROMPT=(python-3.9.21) /usr/bin/cmake /home/udito/OneDrive/UDITO/udito/ROS/ros2_ws/src/ldrobot-lidar-ros2/ldlidar_node -DCMAKE_BUILD_TYPE=Release -DAMENT_CMAKE_SYMLINK_INSTALL=1 -DCMAKE_INSTALL_PREFIX=/home/udito/OneDrive/UDITO/udito/ROS/ros2_ws/install/ldlidar_node
[0.078s] -- The C compiler identification is GNU 11.4.0
[0.154s] -- The CXX compiler identification is GNU 11.4.0
[0.164s] -- Detecting C compiler ABI info
[0.254s] -- Detecting C compiler ABI info - done
[0.265s] -- Check for working C compiler: /usr/bin/cc - skipped
[0.265s] -- Detecting C compile features
[0.266s] -- Detecting C compile features - done
[0.270s] -- Detecting CXX compiler ABI info
[0.370s] -- Detecting CXX compiler ABI info - done
[0.381s] -- Check for working CXX compiler: /usr/bin/c++ - skipped
[0.382s] -- Detecting CXX compile features
[0.382s] -- Detecting CXX compile features - done
[0.383s] --  * Release Mode
[0.384s] -- * Found ROS2 humble
[0.384s] -- * ROS2 humble is officially supported by this package.
[0.385s] -- Found ament_cmake: 1.3.11 (/opt/ros/humble/share/ament_cmake/cmake)
[0.868s] -- Found Python3: /usr/local/bin/python3 (found version "3.9.21") found components: Interpreter 
[0.963s] -- Override CMake install command with custom implementation using symlinks instead of copying resources
[1.008s] -- Found rclcpp: 16.0.11 (/opt/ros/humble/share/rclcpp/cmake)
[1.068s] -- Found rosidl_generator_c: 3.1.6 (/opt/ros/humble/share/rosidl_generator_c/cmake)
[1.074s] -- Found rosidl_adapter: 3.1.6 (/opt/ros/humble/share/rosidl_adapter/cmake)
[1.084s] -- Found rosidl_generator_cpp: 3.1.6 (/opt/ros/humble/share/rosidl_generator_cpp/cmake)
[1.100s] -- Using all available rosidl_typesupport_c: rosidl_typesupport_fastrtps_c;rosidl_typesupport_introspection_c
[1.122s] -- Using all available rosidl_typesupport_cpp: rosidl_typesupport_fastrtps_cpp;rosidl_typesupport_introspection_cpp
[1.180s] -- Found rmw_implementation_cmake: 6.1.2 (/opt/ros/humble/share/rmw_implementation_cmake/cmake)
[1.183s] -- Found rmw_fastrtps_cpp: 6.2.7 (/opt/ros/humble/share/rmw_fastrtps_cpp/cmake)
[1.287s] -- Found OpenSSL: /usr/lib/x86_64-linux-gnu/libcrypto.so (found version "3.0.2")  
[1.321s] -- Found FastRTPS: /opt/ros/humble/include  
[1.371s] -- Using RMW implementation 'rmw_fastrtps_cpp' as default
[1.381s] -- Looking for pthread.h
[1.472s] -- Looking for pthread.h - found
[1.472s] -- Performing Test CMAKE_HAVE_LIBC_PTHREAD
[1.564s] -- Performing Test CMAKE_HAVE_LIBC_PTHREAD - Success
[1.566s] -- Found Threads: TRUE  
[1.638s] -- Found rclcpp_components: 16.0.11 (/opt/ros/humble/share/rclcpp_components/cmake)
[1.674s] -- Found rclcpp_lifecycle: 16.0.11 (/opt/ros/humble/share/rclcpp_lifecycle/cmake)
[1.701s] -- Found ldlidar_component: 0.2.0 (/home/udito/OneDrive/UDITO/udito/ROS/ros2_ws/install/ldlidar_component/share/ldlidar_component/cmake)
[1.966s] -- Found eigen3_cmake_module: 0.1.1 (/opt/ros/humble/share/eigen3_cmake_module/cmake)
[1.967s] -- Found Eigen3: TRUE (found version "3.4.0") 
[1.968s] -- Ensuring Eigen3 include directory is part of orocos-kdl CMake target
[2.041s] -- Found ament_lint_auto: 0.12.11 (/opt/ros/humble/share/ament_lint_auto/cmake)
[2.306s] -- Found python_cmake_module: 0.10.0 (/opt/ros/humble/share/python_cmake_module/cmake)
[2.349s] -- Found PythonInterp: /usr/local/bin/python3 (found suitable version "3.9.21", minimum required is "3.6") 
[2.387s] -- Found PythonLibs: /usr/local/lib/libpython3.9.a (found suitable version "3.9.21", minimum required is "3.5") 
[2.388s] -- Using PYTHON_EXECUTABLE: /usr/local/bin/python3
[2.389s] -- Using PYTHON_INCLUDE_DIRS: /usr/local/include/python3.9
[2.389s] -- Using PYTHON_LIBRARIES: /usr/local/lib/libpython3.9.a
[2.414s] -- Found PythonExtra: .so  
[2.432s] -- Added test 'copyright' to check source files copyright and LICENSE
[2.435s] -- Added test 'cppcheck' to perform static code analysis on C / C++ code
[2.435s] -- Configured cppcheck include dirs: 
[2.435s] -- Configured cppcheck exclude dirs and/or files: 
[2.437s] -- Added test 'cpplint' to check C / C++ code against the Google style
[2.437s] -- Configured cpplint exclude dirs and/or files: 
[2.438s] -- Added test 'flake8' to check Python code syntax and style conventions
[2.439s] -- Added test 'lint_cmake' to check CMake code style
[2.440s] -- Added test 'pep257' to check Python code against some of the docstring style conventions in PEP 257
[2.442s] -- Added test 'uncrustify' to check C / C++ code style
[2.442s] -- Configured uncrustify additional arguments: 
[2.442s] -- Added test 'xmllint' to check XML markup files
[2.444s] -- Configuring done
[2.497s] -- Generating done
[2.505s] -- Build files have been written to: /home/udito/OneDrive/UDITO/udito/ROS/ros2_ws/build/ldlidar_node
[2.522s] Invoked command in '/home/udito/OneDrive/UDITO/udito/ROS/ros2_ws/build/ldlidar_node' returned '0': AMENT_PREFIX_PATH=/home/udito/OneDrive/UDITO/udito/ROS/ros2_ws/install/ldlidar_component:${AMENT_PREFIX_PATH} CMAKE_PREFIX_PATH=/home/udito/OneDrive/UDITO/udito/ROS/ros2_ws/install/ldlidar_component:/opt/ros/humble LD_LIBRARY_PATH=/home/udito/OneDrive/UDITO/udito/ROS/ros2_ws/install/ldlidar_component/lib:${LD_LIBRARY_PATH} PS1=(python-3.9.21) \[\e]0;\u@\h: \w\a\]${debian_chroot:+($debian_chroot)}\[\033[01;32m\]\u@\h\[\033[00m\]:\[\033[01;34m\]\w\[\033[00m\]\$ VIRTUAL_ENV_PROMPT=(python-3.9.21) /usr/bin/cmake /home/udito/OneDrive/UDITO/udito/ROS/ros2_ws/src/ldrobot-lidar-ros2/ldlidar_node -DCMAKE_BUILD_TYPE=Release -DAMENT_CMAKE_SYMLINK_INSTALL=1 -DCMAKE_INSTALL_PREFIX=/home/udito/OneDrive/UDITO/udito/ROS/ros2_ws/install/ldlidar_node
[2.524s] Invoking command in '/home/udito/OneDrive/UDITO/udito/ROS/ros2_ws/build/ldlidar_node': AMENT_PREFIX_PATH=/home/udito/OneDrive/UDITO/udito/ROS/ros2_ws/install/ldlidar_component:${AMENT_PREFIX_PATH} CMAKE_PREFIX_PATH=/home/udito/OneDrive/UDITO/udito/ROS/ros2_ws/install/ldlidar_component:/opt/ros/humble LD_LIBRARY_PATH=/home/udito/OneDrive/UDITO/udito/ROS/ros2_ws/install/ldlidar_component/lib:${LD_LIBRARY_PATH} PS1=(python-3.9.21) \[\e]0;\u@\h: \w\a\]${debian_chroot:+($debian_chroot)}\[\033[01;32m\]\u@\h\[\033[00m\]:\[\033[01;34m\]\w\[\033[00m\]\$ VIRTUAL_ENV_PROMPT=(python-3.9.21) /usr/bin/cmake --build /home/udito/OneDrive/UDITO/udito/ROS/ros2_ws/build/ldlidar_node -- -j2 -l2
[2.591s] [ 50%] [32mBuilding CXX object CMakeFiles/ldlidar_node.dir/src/ldlidar_container_node.cpp.o[0m
[7.826s] [100%] [32m[1mLinking CXX executable ldlidar_node[0m
[8.107s] [100%] Built target ldlidar_node
[8.121s] Invoked command in '/home/udito/OneDrive/UDITO/udito/ROS/ros2_ws/build/ldlidar_node' returned '0': AMENT_PREFIX_PATH=/home/udito/OneDrive/UDITO/udito/ROS/ros2_ws/install/ldlidar_component:${AMENT_PREFIX_PATH} CMAKE_PREFIX_PATH=/home/udito/OneDrive/UDITO/udito/ROS/ros2_ws/install/ldlidar_component:/opt/ros/humble LD_LIBRARY_PATH=/home/udito/OneDrive/UDITO/udito/ROS/ros2_ws/install/ldlidar_component/lib:${LD_LIBRARY_PATH} PS1=(python-3.9.21) \[\e]0;\u@\h: \w\a\]${debian_chroot:+($debian_chroot)}\[\033[01;32m\]\u@\h\[\033[00m\]:\[\033[01;34m\]\w\[\033[00m\]\$ VIRTUAL_ENV_PROMPT=(python-3.9.21) /usr/bin/cmake --build /home/udito/OneDrive/UDITO/udito/ROS/ros2_ws/build/ldlidar_node -- -j2 -l2
[8.123s] Invoking command in '/home/udito/OneDrive/UDITO/udito/ROS/ros2_ws/build/ldlidar_node': AMENT_PREFIX_PATH=/home/udito/OneDrive/UDITO/udito/ROS/ros2_ws/install/ldlidar_component:${AMENT_PREFIX_PATH} CMAKE_PREFIX_PATH=/home/udito/OneDrive/UDITO/udito/ROS/ros2_ws/install/ldlidar_component:/opt/ros/humble LD_LIBRARY_PATH=/home/udito/OneDrive/UDITO/udito/ROS/ros2_ws/install/ldlidar_component/lib:${LD_LIBRARY_PATH} PS1=(python-3.9.21) \[\e]0;\u@\h: \w\a\]${debian_chroot:+($debian_chroot)}\[\033[01;32m\]\u@\h\[\033[00m\]:\[\033[01;34m\]\w\[\033[00m\]\$ VIRTUAL_ENV_PROMPT=(python-3.9.21) /usr/bin/cmake --install /home/udito/OneDrive/UDITO/udito/ROS/ros2_ws/build/ldlidar_node
[8.133s] -- Install configuration: "Release"
[8.134s] -- Execute custom install script
[8.135s] -- Symlinking: /home/udito/OneDrive/UDITO/udito/ROS/ros2_ws/install/ldlidar_node/lib/ldlidar_node/ldlidar_node
[8.147s] -- Symlinking: /home/udito/OneDrive/UDITO/udito/ROS/ros2_ws/install/ldlidar_node/share/ldlidar_node/params/ldlidar.yaml
[8.157s] -- Symlinking: /home/udito/OneDrive/UDITO/udito/ROS/ros2_ws/install/ldlidar_node/share/ldlidar_node/params/lifecycle_mgr.yaml
[8.168s] -- Symlinking: /home/udito/OneDrive/UDITO/udito/ROS/ros2_ws/install/ldlidar_node/share/ldlidar_node/params/lifecycle_mgr_slam.yaml
[8.179s] -- Symlinking: /home/udito/OneDrive/UDITO/udito/ROS/ros2_ws/install/ldlidar_node/share/ldlidar_node/params/slam_toolbox.yaml
[8.190s] -- Symlinking: /home/udito/OneDrive/UDITO/udito/ROS/ros2_ws/install/ldlidar_node/share/ldlidar_node/config/ldlidar.rviz
[8.201s] -- Symlinking: /home/udito/OneDrive/UDITO/udito/ROS/ros2_ws/install/ldlidar_node/share/ldlidar_node/config/ldlidar_slam.rviz
[8.213s] -- Symlinking: /home/udito/OneDrive/UDITO/udito/ROS/ros2_ws/install/ldlidar_node/share/ldlidar_node/urdf/ldlidar_descr.urdf.xml
[8.224s] -- Symlinking: /home/udito/OneDrive/UDITO/udito/ROS/ros2_ws/install/ldlidar_node/share/ldlidar_node/urdf/model/LD19.stl
[8.235s] -- Symlinking: /home/udito/OneDrive/UDITO/udito/ROS/ros2_ws/install/ldlidar_node/share/ldlidar_node/launch/ldlidar.launch.py
[8.246s] -- Symlinking: /home/udito/OneDrive/UDITO/udito/ROS/ros2_ws/install/ldlidar_node/share/ldlidar_node/launch/ldlidar_rviz2.launch.py
[8.257s] -- Symlinking: /home/udito/OneDrive/UDITO/udito/ROS/ros2_ws/install/ldlidar_node/share/ldlidar_node/launch/ldlidar_slam.launch.py
[8.268s] -- Symlinking: /home/udito/OneDrive/UDITO/udito/ROS/ros2_ws/install/ldlidar_node/share/ldlidar_node/launch/ldlidar_with_mgr.launch.py
[8.279s] -- Symlinking: /home/udito/OneDrive/UDITO/udito/ROS/ros2_ws/install/ldlidar_node/share/ament_index/resource_index/package_run_dependencies/ldlidar_node
[8.290s] -- Symlinking: /home/udito/OneDrive/UDITO/udito/ROS/ros2_ws/install/ldlidar_node/share/ament_index/resource_index/parent_prefix_path/ldlidar_node
[8.301s] -- Symlinking: /home/udito/OneDrive/UDITO/udito/ROS/ros2_ws/install/ldlidar_node/share/ldlidar_node/environment/ament_prefix_path.sh
[8.312s] -- Symlinking: /home/udito/OneDrive/UDITO/udito/ROS/ros2_ws/install/ldlidar_node/share/ldlidar_node/environment/ament_prefix_path.dsv
[8.323s] -- Symlinking: /home/udito/OneDrive/UDITO/udito/ROS/ros2_ws/install/ldlidar_node/share/ldlidar_node/environment/path.sh
[8.337s] -- Symlinking: /home/udito/OneDrive/UDITO/udito/ROS/ros2_ws/install/ldlidar_node/share/ldlidar_node/environment/path.dsv
[8.350s] -- Symlinking: /home/udito/OneDrive/UDITO/udito/ROS/ros2_ws/install/ldlidar_node/share/ldlidar_node/local_setup.bash
[8.363s] -- Symlinking: /home/udito/OneDrive/UDITO/udito/ROS/ros2_ws/install/ldlidar_node/share/ldlidar_node/local_setup.sh
[8.375s] -- Symlinking: /home/udito/OneDrive/UDITO/udito/ROS/ros2_ws/install/ldlidar_node/share/ldlidar_node/local_setup.zsh
[8.388s] -- Symlinking: /home/udito/OneDrive/UDITO/udito/ROS/ros2_ws/install/ldlidar_node/share/ldlidar_node/local_setup.dsv
[8.401s] -- Symlinking: /home/udito/OneDrive/UDITO/udito/ROS/ros2_ws/install/ldlidar_node/share/ldlidar_node/package.dsv
[8.414s] -- Symlinking: /home/udito/OneDrive/UDITO/udito/ROS/ros2_ws/install/ldlidar_node/share/ament_index/resource_index/packages/ldlidar_node
[8.426s] -- Symlinking: /home/udito/OneDrive/UDITO/udito/ROS/ros2_ws/install/ldlidar_node/share/ldlidar_node/cmake/ldlidar_nodeConfig.cmake
[8.439s] -- Symlinking: /home/udito/OneDrive/UDITO/udito/ROS/ros2_ws/install/ldlidar_node/share/ldlidar_node/cmake/ldlidar_nodeConfig-version.cmake
[8.452s] -- Symlinking: /home/udito/OneDrive/UDITO/udito/ROS/ros2_ws/install/ldlidar_node/share/ldlidar_node/package.xml
[8.467s] Invoked command in '/home/udito/OneDrive/UDITO/udito/ROS/ros2_ws/build/ldlidar_node' returned '0': AMENT_PREFIX_PATH=/home/udito/OneDrive/UDITO/udito/ROS/ros2_ws/install/ldlidar_component:${AMENT_PREFIX_PATH} CMAKE_PREFIX_PATH=/home/udito/OneDrive/UDITO/udito/ROS/ros2_ws/install/ldlidar_component:/opt/ros/humble LD_LIBRARY_PATH=/home/udito/OneDrive/UDITO/udito/ROS/ros2_ws/install/ldlidar_component/lib:${LD_LIBRARY_PATH} PS1=(python-3.9.21) \[\e]0;\u@\h: \w\a\]${debian_chroot:+($debian_chroot)}\[\033[01;32m\]\u@\h\[\033[00m\]:\[\033[01;34m\]\w\[\033[00m\]\$ VIRTUAL_ENV_PROMPT=(python-3.9.21) /usr/bin/cmake --install /home/udito/OneDrive/UDITO/udito/ROS/ros2_ws/build/ldlidar_node
